SF:/home/rute/projgit/ssh-manager/sshm/src/app.rs
FN:75,_RNvMNtCs7iOwz2wQlie_4sshm3appNtB2_11InputBuffer15from_connection
FN:66,_RNvMNtCs7iOwz2wQlie_4sshm3appNtB2_11InputBuffer5clear
FN:976,_RNvMs0_NtCs7iOwz2wQlie_4sshm3appNtB5_3App11render_help
FN:691,_RNvMs0_NtCs7iOwz2wQlie_4sshm3appNtB5_3App11render_list
FN:785,_RNvMs0_NtCs7iOwz2wQlie_4sshm3appNtB5_3App12render_input
FN:194,_RNvMs0_NtCs7iOwz2wQlie_4sshm3appNtB5_3App12render_popup
FN:142,_RNvMs0_NtCs7iOwz2wQlie_4sshm3appNtB5_3App12show_message
FN:174,_RNvMs0_NtCs7iOwz2wQlie_4sshm3appNtB5_3App13centered_rect
FN:763,_RNvMs0_NtCs7iOwz2wQlie_4sshm3appNtB5_3App13render_footer
FN:662,_RNvMs0_NtCs7iOwz2wQlie_4sshm3appNtB5_3App13render_header
FN:865,_RNvMs0_NtCs7iOwz2wQlie_4sshm3appNtB5_3App13render_search
FN:607,_RNvMs0_NtCs7iOwz2wQlie_4sshm3appNtB5_3App13update_filter
FN:503,_RNvMs0_NtCs7iOwz2wQlie_4sshm3appNtB5_3App15save_connection
FN:587,_RNvMs0_NtCs7iOwz2wQlie_4sshm3appNtB5_3App16check_for_update
FN:424,_RNvMs0_NtCs7iOwz2wQlie_4sshm3appNtB5_3App16handle_help_mode
FN:443,_RNvMs0_NtCs7iOwz2wQlie_4sshm3appNtB5_3App17append_input_char
FN:548,_RNvMs0_NtCs7iOwz2wQlie_4sshm3appNtB5_3App17delete_connection
FN:465,_RNvMs0_NtCs7iOwz2wQlie_4sshm3appNtB5_3App17delete_input_char
FN:340,_RNvMs0_NtCs7iOwz2wQlie_4sshm3appNtB5_3App17handle_input_mode
FN:884,_RNvMs0_NtCs7iOwz2wQlie_4sshm3appNtB5_3App17render_search_bar
FN:208,_RNvMs0_NtCs7iOwz2wQlie_4sshm3appNtB5_3App18handle_normal_mode
FN:391,_RNvMs0_NtCs7iOwz2wQlie_4sshm3appNtB5_3App18handle_search_mode
FN:952,_RNvMs0_NtCs7iOwz2wQlie_4sshm3appNtB5_3App18handle_update_mode
FN:569,_RNvMs0_NtCs7iOwz2wQlie_4sshm3appNtB5_3App18import_connections
FN:459,_RNvMs0_NtCs7iOwz2wQlie_4sshm3appNtB5_3App19advance_input_field
FN:915,_RNvMs0_NtCs7iOwz2wQlie_4sshm3appNtB5_3App19render_update_popup
FN:491,_RNvMs0_NtCs7iOwz2wQlie_4sshm3appNtB5_3App23get_current_input_field
FN:110,_RNvMs0_NtCs7iOwz2wQlie_4sshm3appNtB5_3App3new
FN:114,_RNvMs0_NtCs7iOwz2wQlie_4sshm3appNtB5_3App3run
FN:635,_RNvMs0_NtCs7iOwz2wQlie_4sshm3appNtB5_3App6render
FN:579,_RNvMs0_NtCs7iOwz2wQlie_4sshm3appNtB5_3App7connect
FN:88,_RNvXs_NtCs7iOwz2wQlie_4sshm3appNtB4_3AppNtNtCs4kUJL3MZFFz_4core7default7Default7default
FN:720,_RNCNvMs0_NtCs7iOwz2wQlie_4sshm3appNtB7_3App11render_list0B9_
FN:144,_RNCNvMs0_NtCs7iOwz2wQlie_4sshm3appNtB7_3App12show_message0B9_
FN:616,_RNCNvMs0_NtCs7iOwz2wQlie_4sshm3appNtB7_3App13update_filter0B9_
FN:510,_RNCNvMs0_NtCs7iOwz2wQlie_4sshm3appNtB7_3App15save_connection0B9_
FN:511,_RNCNvMs0_NtCs7iOwz2wQlie_4sshm3appNtB7_3App15save_connections_0B9_
FN:426,_RNCNvMs0_NtCs7iOwz2wQlie_4sshm3appNtB7_3App16handle_help_mode0B9_
FN:552,_RNCNvMs0_NtCs7iOwz2wQlie_4sshm3appNtB7_3App17delete_connection0B9_
FN:553,_RNCNvMs0_NtCs7iOwz2wQlie_4sshm3appNtB7_3App17delete_connections_0B9_
FN:342,_RNCNvMs0_NtCs7iOwz2wQlie_4sshm3appNtB7_3App17handle_input_mode0B9_
FN:393,_RNCNvMs0_NtCs7iOwz2wQlie_4sshm3appNtB7_3App18handle_search_mode0B9_
FN:954,_RNCNvMs0_NtCs7iOwz2wQlie_4sshm3appNtB7_3App18handle_update_mode0B9_
FN:119,_RNCNvMs0_NtCs7iOwz2wQlie_4sshm3appNtB7_3App3run0B9_
FN:720,_RNCNvMs0_NtCs34u63mcChjb_4sshm3appNtB7_3App11render_list0B9_
FN:144,_RNCNvMs0_NtCs34u63mcChjb_4sshm3appNtB7_3App12show_message0B9_
FN:616,_RNCNvMs0_NtCs34u63mcChjb_4sshm3appNtB7_3App13update_filter0B9_
FN:510,_RNCNvMs0_NtCs34u63mcChjb_4sshm3appNtB7_3App15save_connection0B9_
FN:511,_RNCNvMs0_NtCs34u63mcChjb_4sshm3appNtB7_3App15save_connections_0B9_
FN:426,_RNCNvMs0_NtCs34u63mcChjb_4sshm3appNtB7_3App16handle_help_mode0B9_
FN:552,_RNCNvMs0_NtCs34u63mcChjb_4sshm3appNtB7_3App17delete_connection0B9_
FN:553,_RNCNvMs0_NtCs34u63mcChjb_4sshm3appNtB7_3App17delete_connections_0B9_
FN:342,_RNCNvMs0_NtCs34u63mcChjb_4sshm3appNtB7_3App17handle_input_mode0B9_
FN:393,_RNCNvMs0_NtCs34u63mcChjb_4sshm3appNtB7_3App18handle_search_mode0B9_
FN:954,_RNCNvMs0_NtCs34u63mcChjb_4sshm3appNtB7_3App18handle_update_mode0B9_
FN:119,_RNCNvMs0_NtCs34u63mcChjb_4sshm3appNtB7_3App3run0B9_
FN:75,_RNvMNtCs34u63mcChjb_4sshm3appNtB2_11InputBuffer15from_connection
FN:66,_RNvMNtCs34u63mcChjb_4sshm3appNtB2_11InputBuffer5clear
FN:976,_RNvMs0_NtCs34u63mcChjb_4sshm3appNtB5_3App11render_help
FN:691,_RNvMs0_NtCs34u63mcChjb_4sshm3appNtB5_3App11render_list
FN:785,_RNvMs0_NtCs34u63mcChjb_4sshm3appNtB5_3App12render_input
FN:194,_RNvMs0_NtCs34u63mcChjb_4sshm3appNtB5_3App12render_popup
FN:142,_RNvMs0_NtCs34u63mcChjb_4sshm3appNtB5_3App12show_message
FN:174,_RNvMs0_NtCs34u63mcChjb_4sshm3appNtB5_3App13centered_rect
FN:763,_RNvMs0_NtCs34u63mcChjb_4sshm3appNtB5_3App13render_footer
FN:662,_RNvMs0_NtCs34u63mcChjb_4sshm3appNtB5_3App13render_header
FN:865,_RNvMs0_NtCs34u63mcChjb_4sshm3appNtB5_3App13render_search
FN:607,_RNvMs0_NtCs34u63mcChjb_4sshm3appNtB5_3App13update_filter
FN:503,_RNvMs0_NtCs34u63mcChjb_4sshm3appNtB5_3App15save_connection
FN:587,_RNvMs0_NtCs34u63mcChjb_4sshm3appNtB5_3App16check_for_update
FN:424,_RNvMs0_NtCs34u63mcChjb_4sshm3appNtB5_3App16handle_help_mode
FN:443,_RNvMs0_NtCs34u63mcChjb_4sshm3appNtB5_3App17append_input_char
FN:548,_RNvMs0_NtCs34u63mcChjb_4sshm3appNtB5_3App17delete_connection
FN:465,_RNvMs0_NtCs34u63mcChjb_4sshm3appNtB5_3App17delete_input_char
FN:340,_RNvMs0_NtCs34u63mcChjb_4sshm3appNtB5_3App17handle_input_mode
FN:884,_RNvMs0_NtCs34u63mcChjb_4sshm3appNtB5_3App17render_search_bar
FN:208,_RNvMs0_NtCs34u63mcChjb_4sshm3appNtB5_3App18handle_normal_mode
FN:391,_RNvMs0_NtCs34u63mcChjb_4sshm3appNtB5_3App18handle_search_mode
FN:952,_RNvMs0_NtCs34u63mcChjb_4sshm3appNtB5_3App18handle_update_mode
FN:569,_RNvMs0_NtCs34u63mcChjb_4sshm3appNtB5_3App18import_connections
FN:459,_RNvMs0_NtCs34u63mcChjb_4sshm3appNtB5_3App19advance_input_field
FN:915,_RNvMs0_NtCs34u63mcChjb_4sshm3appNtB5_3App19render_update_popup
FN:491,_RNvMs0_NtCs34u63mcChjb_4sshm3appNtB5_3App23get_current_input_field
FN:110,_RNvMs0_NtCs34u63mcChjb_4sshm3appNtB5_3App3new
FN:114,_RNvMs0_NtCs34u63mcChjb_4sshm3appNtB5_3App3run
FN:635,_RNvMs0_NtCs34u63mcChjb_4sshm3appNtB5_3App6render
FN:579,_RNvMs0_NtCs34u63mcChjb_4sshm3appNtB5_3App7connect
FN:88,_RNvXs_NtCs34u63mcChjb_4sshm3appNtB4_3AppNtNtCs4kUJL3MZFFz_4core7default7Default7default
FN:144,_RNCNvMs0_NtCs4Zf4ycwcOGj_4sshm3appNtB7_3App12show_message0B9_
FN:426,_RNCNvMs0_NtCs4Zf4ycwcOGj_4sshm3appNtB7_3App16handle_help_mode0B9_
FN:342,_RNCNvMs0_NtCs4Zf4ycwcOGj_4sshm3appNtB7_3App17handle_input_mode0B9_
FN:393,_RNCNvMs0_NtCs4Zf4ycwcOGj_4sshm3appNtB7_3App18handle_search_mode0B9_
FN:954,_RNCNvMs0_NtCs4Zf4ycwcOGj_4sshm3appNtB7_3App18handle_update_mode0B9_
FN:119,_RNCNvMs0_NtCs4Zf4ycwcOGj_4sshm3appNtB7_3App3run0B9_
FN:142,_RNvMs0_NtCs4Zf4ycwcOGj_4sshm3appNtB5_3App12show_message
FN:587,_RNvMs0_NtCs4Zf4ycwcOGj_4sshm3appNtB5_3App16check_for_update
FN:424,_RNvMs0_NtCs4Zf4ycwcOGj_4sshm3appNtB5_3App16handle_help_mode
FN:340,_RNvMs0_NtCs4Zf4ycwcOGj_4sshm3appNtB5_3App17handle_input_mode
FN:208,_RNvMs0_NtCs4Zf4ycwcOGj_4sshm3appNtB5_3App18handle_normal_mode
FN:391,_RNvMs0_NtCs4Zf4ycwcOGj_4sshm3appNtB5_3App18handle_search_mode
FN:952,_RNvMs0_NtCs4Zf4ycwcOGj_4sshm3appNtB5_3App18handle_update_mode
FN:569,_RNvMs0_NtCs4Zf4ycwcOGj_4sshm3appNtB5_3App18import_connections
FN:114,_RNvMs0_NtCs4Zf4ycwcOGj_4sshm3appNtB5_3App3run
FN:579,_RNvMs0_NtCs4Zf4ycwcOGj_4sshm3appNtB5_3App7connect
FN:720,_RNCNvMs0_NtCs4Zf4ycwcOGj_4sshm3appNtB7_3App11render_list0B9_
FN:616,_RNCNvMs0_NtCs4Zf4ycwcOGj_4sshm3appNtB7_3App13update_filter0B9_
FN:510,_RNCNvMs0_NtCs4Zf4ycwcOGj_4sshm3appNtB7_3App15save_connection0B9_
FN:511,_RNCNvMs0_NtCs4Zf4ycwcOGj_4sshm3appNtB7_3App15save_connections_0B9_
FN:552,_RNCNvMs0_NtCs4Zf4ycwcOGj_4sshm3appNtB7_3App17delete_connection0B9_
FN:553,_RNCNvMs0_NtCs4Zf4ycwcOGj_4sshm3appNtB7_3App17delete_connections_0B9_
FN:2563,_RNCNvNtNtCs4Zf4ycwcOGj_4sshm3app5testss_17test_render_modes0B7_
FN:2577,_RNCNvNtNtCs4Zf4ycwcOGj_4sshm3app5testss_17test_render_modess0_0B7_
FN:2570,_RNCNvNtNtCs4Zf4ycwcOGj_4sshm3app5testss_17test_render_modess_0B7_
FN:2234,_RNCNvNtNtCs4Zf4ycwcOGj_4sshm3app5testss_18test_centered_rect0B7_
FN:2787,_RNCNvNtNtCs4Zf4ycwcOGj_4sshm3app5testss_22test_render_list_empty0B7_
FN:2831,_RNCNvNtNtCs4Zf4ycwcOGj_4sshm3app5testss_27test_render_footer_add_mode0B7_
FN:2863,_RNCNvNtNtCs4Zf4ycwcOGj_4sshm3app5testss_28test_render_footer_help_mode0B7_
FN:2688,_RNCNvNtNtCs4Zf4ycwcOGj_4sshm3app5testss_29test_render_with_search_query0B7_
FN:2092,_RNCNvNtNtCs4Zf4ycwcOGj_4sshm3app5testss_29test_render_with_test_backend0B7_
FN:2815,_RNCNvNtNtCs4Zf4ycwcOGj_4sshm3app5testss_30test_render_footer_normal_mode0B7_
FN:2847,_RNCNvNtNtCs4Zf4ycwcOGj_4sshm3app5testss_30test_render_footer_search_mode0B7_
FN:2801,_RNCNvNtNtCs4Zf4ycwcOGj_4sshm3app5testss_33test_render_list_with_connections0B7_
FN:2770,_RNCNvNtNtCs4Zf4ycwcOGj_4sshm3app5testss_33test_render_search_bar_with_query0B7_
FN:2190,_RNCNvNtNtCs4Zf4ycwcOGj_4sshm3app5testss_34test_render_help_with_test_backend0B7_
FN:2119,_RNCNvNtNtCs4Zf4ycwcOGj_4sshm3app5testss_34test_render_list_with_test_backend0B7_
FN:2754,_RNCNvNtNtCs4Zf4ycwcOGj_4sshm3app5testss_34test_render_search_bar_empty_query0B7_
FN:2672,_RNCNvNtNtCs4Zf4ycwcOGj_4sshm3app5testss_34test_render_with_empty_connections0B7_
FN:2176,_RNCNvNtNtCs4Zf4ycwcOGj_4sshm3app5testss_35test_render_input_with_test_backend0B7_
FN:2203,_RNCNvNtNtCs4Zf4ycwcOGj_4sshm3app5testss_35test_render_popup_with_test_backend0B7_
FN:2133,_RNCNvNtNtCs4Zf4ycwcOGj_4sshm3app5testss_36test_render_footer_with_test_backend0B7_
FN:2105,_RNCNvNtNtCs4Zf4ycwcOGj_4sshm3app5testss_36test_render_header_with_test_backend0B7_
FN:2161,_RNCNvNtNtCs4Zf4ycwcOGj_4sshm3app5testss_36test_render_search_with_test_backend0B7_
FN:2548,_RNCNvNtNtCs4Zf4ycwcOGj_4sshm3app5testss_38test_app_with_test_backend_full_render0B7_
FN:2147,_RNCNvNtNtCs4Zf4ycwcOGj_4sshm3app5testss_40test_render_search_bar_with_test_backend0B7_
FN:2221,_RNCNvNtNtCs4Zf4ycwcOGj_4sshm3app5testss_42test_render_update_popup_with_test_backend0B7_
FN:1033,_RNvNtNtCs4Zf4ycwcOGj_4sshm3app5tests15create_test_app
FN:1080,_RNvNtNtCs4Zf4ycwcOGj_4sshm3app5testss_12test_app_new
FN:2695,_RNvNtNtCs4Zf4ycwcOGj_4sshm3app5testss_16test_app_mode_eq
FN:2705,_RNvNtNtCs4Zf4ycwcOGj_4sshm3app5testss_16test_app_mode_ne
FN:2555,_RNvNtNtCs4Zf4ycwcOGj_4sshm3app5testss_17test_render_modes
FN:2228,_RNvNtNtCs4Zf4ycwcOGj_4sshm3app5testss_18test_centered_rect
FN:1329,_RNvNtNtCs4Zf4ycwcOGj_4sshm3app5testss_19test_add_connection
FN:1924,_RNvNtNtCs4Zf4ycwcOGj_4sshm3app5testss_21test_app_mode_is_copy
FN:2646,_RNvNtNtCs4Zf4ycwcOGj_4sshm3app5testss_21test_connect_function
FN:1999,_RNvNtNtCs4Zf4ycwcOGj_4sshm3app5testss_21test_matcher_creation
FN:1609,_RNvNtNtCs4Zf4ycwcOGj_4sshm3app5testss_21test_message_handling
FN:2494,_RNvNtNtCs4Zf4ycwcOGj_4sshm3app5testss_21test_mode_transitions
FN:1961,_RNvNtNtCs4Zf4ycwcOGj_4sshm3app5testss_21test_search_query_pop
FN:1369,_RNvNtNtCs4Zf4ycwcOGj_4sshm3app5testss_22test_app_mode_variants
FN:1154,_RNvNtNtCs4Zf4ycwcOGj_4sshm3app5testss_22test_append_input_char
FN:1346,_RNvNtNtCs4Zf4ycwcOGj_4sshm3app5testss_22test_delete_connection
FN:1197,_RNvNtNtCs4Zf4ycwcOGj_4sshm3app5testss_22test_delete_input_char
FN:2778,_RNvNtNtCs4Zf4ycwcOGj_4sshm3app5testss_22test_render_list_empty
FN:1660,_RNvNtNtCs4Zf4ycwcOGj_4sshm3app5testss_23test_app_initialization
FN:1089,_RNvNtNtCs4Zf4ycwcOGj_4sshm3app5testss_23test_input_buffer_clear
FN:1669,_RNvNtNtCs4Zf4ycwcOGj_4sshm3app5testss_23test_input_buffer_clone
FN:1413,_RNvNtNtCs4Zf4ycwcOGj_4sshm3app5testss_23test_input_field_bounds
FN:1989,_RNvNtNtCs4Zf4ycwcOGj_4sshm3app5testss_23test_search_query_clear
FN:1210,_RNvNtNtCs4Zf4ycwcOGj_4sshm3app5testss_24test_advance_input_field
FN:1498,_RNvNtNtCs4Zf4ycwcOGj_4sshm3app5testss_25test_app_mode_transitions
FN:1912,_RNvNtNtCs4Zf4ycwcOGj_4sshm3app5testss_25test_input_buffer_default
FN:1520,_RNvNtNtCs4Zf4ycwcOGj_4sshm3app5testss_25test_search_query_default
FN:1681,_RNvNtNtCs4Zf4ycwcOGj_4sshm3app5testss_26test_app_with_empty_config
FN:2044,_RNvNtNtCs4Zf4ycwcOGj_4sshm3app5testss_26test_matcher_empty_pattern
FN:2026,_RNvNtNtCs4Zf4ycwcOGj_4sshm3app5testss_26test_matcher_partial_match
FN:1391,_RNvNtNtCs4Zf4ycwcOGj_4sshm3app5testss_26test_multiple_input_fields
FN:1526,_RNvNtNtCs4Zf4ycwcOGj_4sshm3app5testss_26test_selected_index_bounds
FN:1278,_RNvNtNtCs4Zf4ycwcOGj_4sshm3app5testss_26test_update_filter_by_host
FN:1288,_RNvNtNtCs4Zf4ycwcOGj_4sshm3app5testss_26test_update_filter_by_user
FN:1433,_RNvNtNtCs4Zf4ycwcOGj_4sshm3app5testss_27test_delete_char_from_field
FN:1589,_RNvNtNtCs4Zf4ycwcOGj_4sshm3app5testss_27test_delete_connection_last
FN:2823,_RNvNtNtCs4Zf4ycwcOGj_4sshm3app5testss_27test_render_footer_add_mode
FN:1951,_RNvNtNtCs4Zf4ycwcOGj_4sshm3app5testss_27test_search_query_appending
FN:1268,_RNvNtNtCs4Zf4ycwcOGj_4sshm3app5testss_27test_update_filter_by_alias
FN:1308,_RNvNtNtCs4Zf4ycwcOGj_4sshm3app5testss_27test_update_filter_no_match
FN:1578,_RNvNtNtCs4Zf4ycwcOGj_4sshm3app5testss_28test_delete_connection_first
FN:1235,_RNvNtNtCs4Zf4ycwcOGj_4sshm3app5testss_28test_get_current_input_field
FN:1620,_RNvNtNtCs4Zf4ycwcOGj_4sshm3app5testss_28test_input_buffer_all_fields
FN:2855,_RNvNtNtCs4Zf4ycwcOGj_4sshm3app5testss_28test_render_footer_help_mode
FN:1980,_RNvNtNtCs4Zf4ycwcOGj_4sshm3app5testss_28test_search_query_assignment
FN:1650,_RNvNtNtCs4Zf4ycwcOGj_4sshm3app5testss_28test_update_filter_all_match
FN:1706,_RNvNtNtCs4Zf4ycwcOGj_4sshm3app5testss_29test_delete_connection_middle
FN:1837,_RNvNtNtCs4Zf4ycwcOGj_4sshm3app5testss_29test_filtered_indices_cloning
FN:1971,_RNvNtNtCs4Zf4ycwcOGj_4sshm3app5testss_29test_filtered_indices_sorting
FN:2679,_RNvNtNtCs4Zf4ycwcOGj_4sshm3app5testss_29test_render_with_search_query
FN:2086,_RNvNtNtCs4Zf4ycwcOGj_4sshm3app5testss_29test_render_with_test_backend
FN:1537,_RNvNtNtCs4Zf4ycwcOGj_4sshm3app5testss_29test_save_connection_add_mode
FN:1860,_RNvNtNtCs4Zf4ycwcOGj_4sshm3app5testss_29test_search_query_with_spaces
FN:2244,_RNvNtNtCs4Zf4ycwcOGj_4sshm3app5testss_30test_handle_normal_mode_up_key
FN:2035,_RNvNtNtCs4Zf4ycwcOGj_4sshm3app5testss_30test_matcher_different_strings
FN:2017,_RNvNtNtCs4Zf4ycwcOGj_4sshm3app5testss_30test_matcher_none_for_no_match
FN:2809,_RNvNtNtCs4Zf4ycwcOGj_4sshm3app5testss_30test_render_footer_normal_mode
FN:2839,_RNvNtNtCs4Zf4ycwcOGj_4sshm3app5testss_30test_render_footer_search_mode
FN:1557,_RNvNtNtCs4Zf4ycwcOGj_4sshm3app5testss_30test_save_connection_edit_mode
FN:1258,_RNvNtNtCs4Zf4ycwcOGj_4sshm3app5testss_30test_update_filter_empty_query
FN:1941,_RNvNtNtCs4Zf4ycwcOGj_4sshm3app5testss_30test_update_filter_exact_match
FN:2733,_RNvNtNtCs4Zf4ycwcOGj_4sshm3app5testss_31test_app_fields_are_initialized
FN:2062,_RNvNtNtCs4Zf4ycwcOGj_4sshm3app5testss_31test_app_new_with_mock_terminal
FN:2605,_RNvNtNtCs4Zf4ycwcOGj_4sshm3app5testss_31test_handle_normal_mode_end_key
FN:2363,_RNvNtNtCs4Zf4ycwcOGj_4sshm3app5testss_31test_import_connections_message
FN:2053,_RNvNtNtCs4Zf4ycwcOGj_4sshm3app5testss_31test_matcher_whole_string_match
FN:2482,_RNvNtNtCs4Zf4ycwcOGj_4sshm3app5testss_31test_message_handling_with_some
FN:2070,_RNvNtNtCs4Zf4ycwcOGj_4sshm3app5testss_31test_terminal_with_test_backend
FN:1318,_RNvNtNtCs4Zf4ycwcOGj_4sshm3app5testss_31test_update_filter_bounds_check
FN:1696,_RNvNtNtCs4Zf4ycwcOGj_4sshm3app5testss_31test_update_filter_with_numbers
FN:2372,_RNvNtNtCs4Zf4ycwcOGj_4sshm3app5testss_32test_connect_sets_should_connect
FN:2008,_RNvNtNtCs4Zf4ycwcOGj_4sshm3app5testss_32test_fuzzy_matcher_returns_score
FN:2253,_RNvNtNtCs4Zf4ycwcOGj_4sshm3app5testss_32test_handle_normal_mode_down_key
FN:2596,_RNvNtNtCs4Zf4ycwcOGj_4sshm3app5testss_32test_handle_normal_mode_home_key
FN:1298,_RNvNtNtCs4Zf4ycwcOGj_4sshm3app5testss_32test_update_filter_partial_match
FN:1868,_RNvNtNtCs4Zf4ycwcOGj_4sshm3app5testss_32test_update_filter_unicode_chars
FN:2441,_RNvNtNtCs4Zf4ycwcOGj_4sshm3app5testss_32test_update_filter_with_no_match
FN:1783,_RNvNtNtCs4Zf4ycwcOGj_4sshm3app5testss_33test_append_char_different_fields
FN:1845,_RNvNtNtCs4Zf4ycwcOGj_4sshm3app5testss_33test_config_connections_reference
FN:1802,_RNvNtNtCs4Zf4ycwcOGj_4sshm3app5testss_33test_delete_char_different_fields
FN:1423,_RNvNtNtCs4Zf4ycwcOGj_4sshm3app5testss_33test_delete_char_from_empty_field
FN:1600,_RNvNtNtCs4Zf4ycwcOGj_4sshm3app5testss_33test_delete_connection_empty_list
FN:2614,_RNvNtNtCs4Zf4ycwcOGj_4sshm3app5testss_33test_handle_search_mode_backspace
FN:2318,_RNvNtNtCs4Zf4ycwcOGj_4sshm3app5testss_33test_handle_search_mode_query_pop
FN:2353,_RNvNtNtCs4Zf4ycwcOGj_4sshm3app5testss_33test_import_connections_with_mock
FN:1110,_RNvNtNtCs4Zf4ycwcOGj_4sshm3app5testss_33test_input_buffer_from_connection
FN:2795,_RNvNtNtCs4Zf4ycwcOGj_4sshm3app5testss_33test_render_list_with_connections
FN:2762,_RNvNtNtCs4Zf4ycwcOGj_4sshm3app5testss_33test_render_search_bar_with_query
FN:1486,_RNvNtNtCs4Zf4ycwcOGj_4sshm3app5testss_33test_search_query_clear_on_escape
FN:2626,_RNvNtNtCs4Zf4ycwcOGj_4sshm3app5testss_34test_handle_help_mode_key_handling
FN:2183,_RNvNtNtCs4Zf4ycwcOGj_4sshm3app5testss_34test_render_help_with_test_backend
FN:2113,_RNvNtNtCs4Zf4ycwcOGj_4sshm3app5testss_34test_render_list_with_test_backend
FN:2748,_RNvNtNtCs4Zf4ycwcOGj_4sshm3app5testss_34test_render_search_bar_empty_query
FN:2663,_RNvNtNtCs4Zf4ycwcOGj_4sshm3app5testss_34test_render_with_empty_connections
FN:1639,_RNvNtNtCs4Zf4ycwcOGj_4sshm3app5testss_34test_update_filter_preserves_order
FN:1825,_RNvNtNtCs4Zf4ycwcOGj_4sshm3app5testss_35test_delete_connection_after_filter
FN:1932,_RNvNtNtCs4Zf4ycwcOGj_4sshm3app5testss_35test_delete_connection_index_bounds
FN:2472,_RNvNtNtCs4Zf4ycwcOGj_4sshm3app5testss_35test_delete_connection_with_message
FN:1899,_RNvNtNtCs4Zf4ycwcOGj_4sshm3app5testss_35test_delete_input_char_folder_field
FN:1514,_RNvNtNtCs4Zf4ycwcOGj_4sshm3app5testss_35test_filtered_indices_initial_state
FN:2635,_RNvNtNtCs4Zf4ycwcOGj_4sshm3app5testss_35test_import_connections_integration
FN:2714,_RNvNtNtCs4Zf4ycwcOGj_4sshm3app5testss_35test_input_buffer_fields_are_string
FN:2169,_RNvNtNtCs4Zf4ycwcOGj_4sshm3app5testss_35test_render_input_with_test_backend
FN:2197,_RNvNtNtCs4Zf4ycwcOGj_4sshm3app5testss_35test_render_popup_with_test_backend
FN:2431,_RNvNtNtCs4Zf4ycwcOGj_4sshm3app5testss_35test_update_filter_with_fuzzy_match
FN:2415,_RNvNtNtCs4Zf4ycwcOGj_4sshm3app5testss_36test_check_for_update_skipped_in_dev
FN:2285,_RNvNtNtCs4Zf4ycwcOGj_4sshm3app5testss_36test_handle_normal_mode_ctrl_c_count
FN:2297,_RNvNtNtCs4Zf4ycwcOGj_4sshm3app5testss_36test_handle_normal_mode_reset_ctrl_c
FN:2127,_RNvNtNtCs4Zf4ycwcOGj_4sshm3app5testss_36test_render_footer_with_test_backend
FN:2099,_RNvNtNtCs4Zf4ycwcOGj_4sshm3app5testss_36test_render_header_with_test_backend
FN:2155,_RNvNtNtCs4Zf4ycwcOGj_4sshm3app5testss_36test_render_search_with_test_backend
FN:1717,_RNvNtNtCs4Zf4ycwcOGj_4sshm3app5testss_36test_save_connection_with_all_fields
FN:2401,_RNvNtNtCs4Zf4ycwcOGj_4sshm3app5testss_37test_connect_with_out_of_bounds_index
FN:1356,_RNvNtNtCs4Zf4ycwcOGj_4sshm3app5testss_37test_delete_connection_updates_filter
FN:1886,_RNvNtNtCs4Zf4ycwcOGj_4sshm3app5testss_37test_delete_input_char_key_path_field
FN:2342,_RNvNtNtCs4Zf4ycwcOGj_4sshm3app5testss_37test_handle_help_mode_mode_transition
FN:2451,_RNvNtNtCs4Zf4ycwcOGj_4sshm3app5testss_37test_save_connection_add_with_message
FN:1688,_RNvNtNtCs4Zf4ycwcOGj_4sshm3app5testss_37test_update_filter_with_special_chars
FN:2542,_RNvNtNtCs4Zf4ycwcOGj_4sshm3app5testss_38test_app_with_test_backend_full_render
FN:2262,_RNvNtNtCs4Zf4ycwcOGj_4sshm3app5testss_38test_handle_normal_mode_up_at_boundary
FN:1174,_RNvNtNtCs4Zf4ycwcOGj_4sshm3app5testss_39test_append_input_char_port_only_digits
FN:1876,_RNvNtNtCs4Zf4ycwcOGj_4sshm3app5testss_39test_get_current_input_field_all_fields
FN:2584,_RNvNtNtCs4Zf4ycwcOGj_4sshm3app5testss_39test_handle_normal_mode_navigation_keys
FN:2330,_RNvNtNtCs4Zf4ycwcOGj_4sshm3app5testss_39test_handle_search_mode_clear_on_escape
FN:2305,_RNvNtNtCs4Zf4ycwcOGj_4sshm3app5testss_39test_handle_search_mode_query_appending
FN:2386,_RNvNtNtCs4Zf4ycwcOGj_4sshm3app5testss_40test_connect_with_empty_filtered_indices
FN:2273,_RNvNtNtCs4Zf4ycwcOGj_4sshm3app5testss_40test_handle_normal_mode_down_at_boundary
FN:2141,_RNvNtNtCs4Zf4ycwcOGj_4sshm3app5testss_40test_render_search_bar_with_test_backend
FN:1455,_RNvNtNtCs4Zf4ycwcOGj_4sshm3app5testss_40test_update_filter_with_case_insensitive
FN:2517,_RNvNtNtCs4Zf4ycwcOGj_4sshm3app5testss_41test_input_buffer_clear_with_test_backend
FN:1132,_RNvNtNtCs4Zf4ycwcOGj_4sshm3app5testss_42test_input_buffer_from_connection_defaults
FN:2210,_RNvNtNtCs4Zf4ycwcOGj_4sshm3app5testss_42test_render_update_popup_with_test_backend
FN:2077,_RNvNtNtCs4Zf4ycwcOGj_4sshm3app5testss_42test_terminal_with_test_backend_dimensions
FN:1475,_RNvNtNtCs4Zf4ycwcOGj_4sshm3app5testss_42test_update_filter_resets_index_when_empty
FN:1444,_RNvNtNtCs4Zf4ycwcOGj_4sshm3app5testss_43test_delete_char_advances_to_previous_field
FN:2421,_RNvNtNtCs4Zf4ycwcOGj_4sshm3app5testss_43test_update_filter_empty_query_collects_all
FN:1465,_RNvNtNtCs4Zf4ycwcOGj_4sshm3app5testss_43test_update_filter_with_folder_not_searched
FN:1772,_RNvNtNtCs4Zf4ycwcOGj_4sshm3app5testss_44test_advance_input_field_does_not_exceed_max
FN:1377,_RNvNtNtCs4Zf4ycwcOGj_4sshm3app5testss_45test_filtered_indices_maintained_after_search
FN:1742,_RNvNtNtCs4Zf4ycwcOGj_4sshm3app5testss_49test_save_connection_with_empty_port_uses_default
FN:1762,_RNvNtNtCs4Zf4ycwcOGj_4sshm3app5testss_50test_delete_connection_updates_filter_after_delete
FN:75,_RNvMNtCs4Zf4ycwcOGj_4sshm3appNtB2_11InputBuffer15from_connection
FN:66,_RNvMNtCs4Zf4ycwcOGj_4sshm3appNtB2_11InputBuffer5clear
FN:976,_RNvMs0_NtCs4Zf4ycwcOGj_4sshm3appNtB5_3App11render_help
FN:691,_RNvMs0_NtCs4Zf4ycwcOGj_4sshm3appNtB5_3App11render_list
FN:785,_RNvMs0_NtCs4Zf4ycwcOGj_4sshm3appNtB5_3App12render_input
FN:194,_RNvMs0_NtCs4Zf4ycwcOGj_4sshm3appNtB5_3App12render_popup
FN:174,_RNvMs0_NtCs4Zf4ycwcOGj_4sshm3appNtB5_3App13centered_rect
FN:763,_RNvMs0_NtCs4Zf4ycwcOGj_4sshm3appNtB5_3App13render_footer
FN:662,_RNvMs0_NtCs4Zf4ycwcOGj_4sshm3appNtB5_3App13render_header
FN:865,_RNvMs0_NtCs4Zf4ycwcOGj_4sshm3appNtB5_3App13render_search
FN:607,_RNvMs0_NtCs4Zf4ycwcOGj_4sshm3appNtB5_3App13update_filter
FN:503,_RNvMs0_NtCs4Zf4ycwcOGj_4sshm3appNtB5_3App15save_connection
FN:443,_RNvMs0_NtCs4Zf4ycwcOGj_4sshm3appNtB5_3App17append_input_char
FN:548,_RNvMs0_NtCs4Zf4ycwcOGj_4sshm3appNtB5_3App17delete_connection
FN:465,_RNvMs0_NtCs4Zf4ycwcOGj_4sshm3appNtB5_3App17delete_input_char
FN:884,_RNvMs0_NtCs4Zf4ycwcOGj_4sshm3appNtB5_3App17render_search_bar
FN:459,_RNvMs0_NtCs4Zf4ycwcOGj_4sshm3appNtB5_3App19advance_input_field
FN:915,_RNvMs0_NtCs4Zf4ycwcOGj_4sshm3appNtB5_3App19render_update_popup
FN:491,_RNvMs0_NtCs4Zf4ycwcOGj_4sshm3appNtB5_3App23get_current_input_field
FN:110,_RNvMs0_NtCs4Zf4ycwcOGj_4sshm3appNtB5_3App3new
FN:635,_RNvMs0_NtCs4Zf4ycwcOGj_4sshm3appNtB5_3App6render
FN:88,_RNvXs_NtCs4Zf4ycwcOGj_4sshm3appNtB4_3AppNtNtCs4kUJL3MZFFz_4core7default7Default7default
FN:2563,_RNCNvNtNtCs8jSAcYvyeoG_4sshm3app5testss_17test_render_modes0B7_
FN:2577,_RNCNvNtNtCs8jSAcYvyeoG_4sshm3app5testss_17test_render_modess0_0B7_
FN:2570,_RNCNvNtNtCs8jSAcYvyeoG_4sshm3app5testss_17test_render_modess_0B7_
FN:2234,_RNCNvNtNtCs8jSAcYvyeoG_4sshm3app5testss_18test_centered_rect0B7_
FN:2787,_RNCNvNtNtCs8jSAcYvyeoG_4sshm3app5testss_22test_render_list_empty0B7_
FN:2831,_RNCNvNtNtCs8jSAcYvyeoG_4sshm3app5testss_27test_render_footer_add_mode0B7_
FN:2863,_RNCNvNtNtCs8jSAcYvyeoG_4sshm3app5testss_28test_render_footer_help_mode0B7_
FN:2688,_RNCNvNtNtCs8jSAcYvyeoG_4sshm3app5testss_29test_render_with_search_query0B7_
FN:2092,_RNCNvNtNtCs8jSAcYvyeoG_4sshm3app5testss_29test_render_with_test_backend0B7_
FN:2815,_RNCNvNtNtCs8jSAcYvyeoG_4sshm3app5testss_30test_render_footer_normal_mode0B7_
FN:2847,_RNCNvNtNtCs8jSAcYvyeoG_4sshm3app5testss_30test_render_footer_search_mode0B7_
FN:2801,_RNCNvNtNtCs8jSAcYvyeoG_4sshm3app5testss_33test_render_list_with_connections0B7_
FN:2770,_RNCNvNtNtCs8jSAcYvyeoG_4sshm3app5testss_33test_render_search_bar_with_query0B7_
FN:2190,_RNCNvNtNtCs8jSAcYvyeoG_4sshm3app5testss_34test_render_help_with_test_backend0B7_
FN:2119,_RNCNvNtNtCs8jSAcYvyeoG_4sshm3app5testss_34test_render_list_with_test_backend0B7_
FN:2754,_RNCNvNtNtCs8jSAcYvyeoG_4sshm3app5testss_34test_render_search_bar_empty_query0B7_
FN:2672,_RNCNvNtNtCs8jSAcYvyeoG_4sshm3app5testss_34test_render_with_empty_connections0B7_
FN:2176,_RNCNvNtNtCs8jSAcYvyeoG_4sshm3app5testss_35test_render_input_with_test_backend0B7_
FN:2203,_RNCNvNtNtCs8jSAcYvyeoG_4sshm3app5testss_35test_render_popup_with_test_backend0B7_
FN:2133,_RNCNvNtNtCs8jSAcYvyeoG_4sshm3app5testss_36test_render_footer_with_test_backend0B7_
FN:2105,_RNCNvNtNtCs8jSAcYvyeoG_4sshm3app5testss_36test_render_header_with_test_backend0B7_
FN:2161,_RNCNvNtNtCs8jSAcYvyeoG_4sshm3app5testss_36test_render_search_with_test_backend0B7_
FN:2548,_RNCNvNtNtCs8jSAcYvyeoG_4sshm3app5testss_38test_app_with_test_backend_full_render0B7_
FN:2147,_RNCNvNtNtCs8jSAcYvyeoG_4sshm3app5testss_40test_render_search_bar_with_test_backend0B7_
FN:2221,_RNCNvNtNtCs8jSAcYvyeoG_4sshm3app5testss_42test_render_update_popup_with_test_backend0B7_
FN:75,_RNvMNtCs8jSAcYvyeoG_4sshm3appNtB2_11InputBuffer15from_connection
FN:66,_RNvMNtCs8jSAcYvyeoG_4sshm3appNtB2_11InputBuffer5clear
FN:976,_RNvMs0_NtCs8jSAcYvyeoG_4sshm3appNtB5_3App11render_help
FN:691,_RNvMs0_NtCs8jSAcYvyeoG_4sshm3appNtB5_3App11render_list
FN:785,_RNvMs0_NtCs8jSAcYvyeoG_4sshm3appNtB5_3App12render_input
FN:194,_RNvMs0_NtCs8jSAcYvyeoG_4sshm3appNtB5_3App12render_popup
FN:142,_RNvMs0_NtCs8jSAcYvyeoG_4sshm3appNtB5_3App12show_message
FN:174,_RNvMs0_NtCs8jSAcYvyeoG_4sshm3appNtB5_3App13centered_rect
FN:763,_RNvMs0_NtCs8jSAcYvyeoG_4sshm3appNtB5_3App13render_footer
FN:662,_RNvMs0_NtCs8jSAcYvyeoG_4sshm3appNtB5_3App13render_header
FN:865,_RNvMs0_NtCs8jSAcYvyeoG_4sshm3appNtB5_3App13render_search
FN:607,_RNvMs0_NtCs8jSAcYvyeoG_4sshm3appNtB5_3App13update_filter
FN:503,_RNvMs0_NtCs8jSAcYvyeoG_4sshm3appNtB5_3App15save_connection
FN:587,_RNvMs0_NtCs8jSAcYvyeoG_4sshm3appNtB5_3App16check_for_update
FN:424,_RNvMs0_NtCs8jSAcYvyeoG_4sshm3appNtB5_3App16handle_help_mode
FN:443,_RNvMs0_NtCs8jSAcYvyeoG_4sshm3appNtB5_3App17append_input_char
FN:548,_RNvMs0_NtCs8jSAcYvyeoG_4sshm3appNtB5_3App17delete_connection
FN:465,_RNvMs0_NtCs8jSAcYvyeoG_4sshm3appNtB5_3App17delete_input_char
FN:340,_RNvMs0_NtCs8jSAcYvyeoG_4sshm3appNtB5_3App17handle_input_mode
FN:884,_RNvMs0_NtCs8jSAcYvyeoG_4sshm3appNtB5_3App17render_search_bar
FN:208,_RNvMs0_NtCs8jSAcYvyeoG_4sshm3appNtB5_3App18handle_normal_mode
FN:391,_RNvMs0_NtCs8jSAcYvyeoG_4sshm3appNtB5_3App18handle_search_mode
FN:952,_RNvMs0_NtCs8jSAcYvyeoG_4sshm3appNtB5_3App18handle_update_mode
FN:569,_RNvMs0_NtCs8jSAcYvyeoG_4sshm3appNtB5_3App18import_connections
FN:459,_RNvMs0_NtCs8jSAcYvyeoG_4sshm3appNtB5_3App19advance_input_field
FN:915,_RNvMs0_NtCs8jSAcYvyeoG_4sshm3appNtB5_3App19render_update_popup
FN:491,_RNvMs0_NtCs8jSAcYvyeoG_4sshm3appNtB5_3App23get_current_input_field
FN:110,_RNvMs0_NtCs8jSAcYvyeoG_4sshm3appNtB5_3App3new
FN:114,_RNvMs0_NtCs8jSAcYvyeoG_4sshm3appNtB5_3App3run
FN:635,_RNvMs0_NtCs8jSAcYvyeoG_4sshm3appNtB5_3App6render
FN:579,_RNvMs0_NtCs8jSAcYvyeoG_4sshm3appNtB5_3App7connect
FN:88,_RNvXs_NtCs8jSAcYvyeoG_4sshm3appNtB4_3AppNtNtCs4kUJL3MZFFz_4core7default7Default7default
FN:720,_RNCNvMs0_NtCs8jSAcYvyeoG_4sshm3appNtB7_3App11render_list0B9_
FN:144,_RNCNvMs0_NtCs8jSAcYvyeoG_4sshm3appNtB7_3App12show_message0B9_
FN:616,_RNCNvMs0_NtCs8jSAcYvyeoG_4sshm3appNtB7_3App13update_filter0B9_
FN:510,_RNCNvMs0_NtCs8jSAcYvyeoG_4sshm3appNtB7_3App15save_connection0B9_
FN:511,_RNCNvMs0_NtCs8jSAcYvyeoG_4sshm3appNtB7_3App15save_connections_0B9_
FN:426,_RNCNvMs0_NtCs8jSAcYvyeoG_4sshm3appNtB7_3App16handle_help_mode0B9_
FN:552,_RNCNvMs0_NtCs8jSAcYvyeoG_4sshm3appNtB7_3App17delete_connection0B9_
FN:553,_RNCNvMs0_NtCs8jSAcYvyeoG_4sshm3appNtB7_3App17delete_connections_0B9_
FN:342,_RNCNvMs0_NtCs8jSAcYvyeoG_4sshm3appNtB7_3App17handle_input_mode0B9_
FN:393,_RNCNvMs0_NtCs8jSAcYvyeoG_4sshm3appNtB7_3App18handle_search_mode0B9_
FN:954,_RNCNvMs0_NtCs8jSAcYvyeoG_4sshm3appNtB7_3App18handle_update_mode0B9_
FN:119,_RNCNvMs0_NtCs8jSAcYvyeoG_4sshm3appNtB7_3App3run0B9_
FN:1033,_RNvNtNtCs8jSAcYvyeoG_4sshm3app5tests15create_test_app
FN:1080,_RNvNtNtCs8jSAcYvyeoG_4sshm3app5testss_12test_app_new
FN:2695,_RNvNtNtCs8jSAcYvyeoG_4sshm3app5testss_16test_app_mode_eq
FN:2705,_RNvNtNtCs8jSAcYvyeoG_4sshm3app5testss_16test_app_mode_ne
FN:2555,_RNvNtNtCs8jSAcYvyeoG_4sshm3app5testss_17test_render_modes
FN:2228,_RNvNtNtCs8jSAcYvyeoG_4sshm3app5testss_18test_centered_rect
FN:1329,_RNvNtNtCs8jSAcYvyeoG_4sshm3app5testss_19test_add_connection
FN:1924,_RNvNtNtCs8jSAcYvyeoG_4sshm3app5testss_21test_app_mode_is_copy
FN:2646,_RNvNtNtCs8jSAcYvyeoG_4sshm3app5testss_21test_connect_function
FN:1999,_RNvNtNtCs8jSAcYvyeoG_4sshm3app5testss_21test_matcher_creation
FN:1609,_RNvNtNtCs8jSAcYvyeoG_4sshm3app5testss_21test_message_handling
FN:2494,_RNvNtNtCs8jSAcYvyeoG_4sshm3app5testss_21test_mode_transitions
FN:1961,_RNvNtNtCs8jSAcYvyeoG_4sshm3app5testss_21test_search_query_pop
FN:1369,_RNvNtNtCs8jSAcYvyeoG_4sshm3app5testss_22test_app_mode_variants
FN:1154,_RNvNtNtCs8jSAcYvyeoG_4sshm3app5testss_22test_append_input_char
FN:1346,_RNvNtNtCs8jSAcYvyeoG_4sshm3app5testss_22test_delete_connection
FN:1197,_RNvNtNtCs8jSAcYvyeoG_4sshm3app5testss_22test_delete_input_char
FN:2778,_RNvNtNtCs8jSAcYvyeoG_4sshm3app5testss_22test_render_list_empty
FN:1660,_RNvNtNtCs8jSAcYvyeoG_4sshm3app5testss_23test_app_initialization
FN:1089,_RNvNtNtCs8jSAcYvyeoG_4sshm3app5testss_23test_input_buffer_clear
FN:1669,_RNvNtNtCs8jSAcYvyeoG_4sshm3app5testss_23test_input_buffer_clone
FN:1413,_RNvNtNtCs8jSAcYvyeoG_4sshm3app5testss_23test_input_field_bounds
FN:1989,_RNvNtNtCs8jSAcYvyeoG_4sshm3app5testss_23test_search_query_clear
FN:1210,_RNvNtNtCs8jSAcYvyeoG_4sshm3app5testss_24test_advance_input_field
FN:1498,_RNvNtNtCs8jSAcYvyeoG_4sshm3app5testss_25test_app_mode_transitions
FN:1912,_RNvNtNtCs8jSAcYvyeoG_4sshm3app5testss_25test_input_buffer_default
FN:1520,_RNvNtNtCs8jSAcYvyeoG_4sshm3app5testss_25test_search_query_default
FN:1681,_RNvNtNtCs8jSAcYvyeoG_4sshm3app5testss_26test_app_with_empty_config
FN:2044,_RNvNtNtCs8jSAcYvyeoG_4sshm3app5testss_26test_matcher_empty_pattern
FN:2026,_RNvNtNtCs8jSAcYvyeoG_4sshm3app5testss_26test_matcher_partial_match
FN:1391,_RNvNtNtCs8jSAcYvyeoG_4sshm3app5testss_26test_multiple_input_fields
FN:1526,_RNvNtNtCs8jSAcYvyeoG_4sshm3app5testss_26test_selected_index_bounds
FN:1278,_RNvNtNtCs8jSAcYvyeoG_4sshm3app5testss_26test_update_filter_by_host
FN:1288,_RNvNtNtCs8jSAcYvyeoG_4sshm3app5testss_26test_update_filter_by_user
FN:1433,_RNvNtNtCs8jSAcYvyeoG_4sshm3app5testss_27test_delete_char_from_field
FN:1589,_RNvNtNtCs8jSAcYvyeoG_4sshm3app5testss_27test_delete_connection_last
FN:2823,_RNvNtNtCs8jSAcYvyeoG_4sshm3app5testss_27test_render_footer_add_mode
FN:1951,_RNvNtNtCs8jSAcYvyeoG_4sshm3app5testss_27test_search_query_appending
FN:1268,_RNvNtNtCs8jSAcYvyeoG_4sshm3app5testss_27test_update_filter_by_alias
FN:1308,_RNvNtNtCs8jSAcYvyeoG_4sshm3app5testss_27test_update_filter_no_match
FN:1578,_RNvNtNtCs8jSAcYvyeoG_4sshm3app5testss_28test_delete_connection_first
FN:1235,_RNvNtNtCs8jSAcYvyeoG_4sshm3app5testss_28test_get_current_input_field
FN:1620,_RNvNtNtCs8jSAcYvyeoG_4sshm3app5testss_28test_input_buffer_all_fields
FN:2855,_RNvNtNtCs8jSAcYvyeoG_4sshm3app5testss_28test_render_footer_help_mode
FN:1980,_RNvNtNtCs8jSAcYvyeoG_4sshm3app5testss_28test_search_query_assignment
FN:1650,_RNvNtNtCs8jSAcYvyeoG_4sshm3app5testss_28test_update_filter_all_match
FN:1706,_RNvNtNtCs8jSAcYvyeoG_4sshm3app5testss_29test_delete_connection_middle
FN:1837,_RNvNtNtCs8jSAcYvyeoG_4sshm3app5testss_29test_filtered_indices_cloning
FN:1971,_RNvNtNtCs8jSAcYvyeoG_4sshm3app5testss_29test_filtered_indices_sorting
FN:2679,_RNvNtNtCs8jSAcYvyeoG_4sshm3app5testss_29test_render_with_search_query
FN:2086,_RNvNtNtCs8jSAcYvyeoG_4sshm3app5testss_29test_render_with_test_backend
FN:1537,_RNvNtNtCs8jSAcYvyeoG_4sshm3app5testss_29test_save_connection_add_mode
FN:1860,_RNvNtNtCs8jSAcYvyeoG_4sshm3app5testss_29test_search_query_with_spaces
FN:2244,_RNvNtNtCs8jSAcYvyeoG_4sshm3app5testss_30test_handle_normal_mode_up_key
FN:2035,_RNvNtNtCs8jSAcYvyeoG_4sshm3app5testss_30test_matcher_different_strings
FN:2017,_RNvNtNtCs8jSAcYvyeoG_4sshm3app5testss_30test_matcher_none_for_no_match
FN:2809,_RNvNtNtCs8jSAcYvyeoG_4sshm3app5testss_30test_render_footer_normal_mode
FN:2839,_RNvNtNtCs8jSAcYvyeoG_4sshm3app5testss_30test_render_footer_search_mode
FN:1557,_RNvNtNtCs8jSAcYvyeoG_4sshm3app5testss_30test_save_connection_edit_mode
FN:1258,_RNvNtNtCs8jSAcYvyeoG_4sshm3app5testss_30test_update_filter_empty_query
FN:1941,_RNvNtNtCs8jSAcYvyeoG_4sshm3app5testss_30test_update_filter_exact_match
FN:2733,_RNvNtNtCs8jSAcYvyeoG_4sshm3app5testss_31test_app_fields_are_initialized
FN:2062,_RNvNtNtCs8jSAcYvyeoG_4sshm3app5testss_31test_app_new_with_mock_terminal
FN:2605,_RNvNtNtCs8jSAcYvyeoG_4sshm3app5testss_31test_handle_normal_mode_end_key
FN:2363,_RNvNtNtCs8jSAcYvyeoG_4sshm3app5testss_31test_import_connections_message
FN:2053,_RNvNtNtCs8jSAcYvyeoG_4sshm3app5testss_31test_matcher_whole_string_match
FN:2482,_RNvNtNtCs8jSAcYvyeoG_4sshm3app5testss_31test_message_handling_with_some
FN:2070,_RNvNtNtCs8jSAcYvyeoG_4sshm3app5testss_31test_terminal_with_test_backend
FN:1318,_RNvNtNtCs8jSAcYvyeoG_4sshm3app5testss_31test_update_filter_bounds_check
FN:1696,_RNvNtNtCs8jSAcYvyeoG_4sshm3app5testss_31test_update_filter_with_numbers
FN:2372,_RNvNtNtCs8jSAcYvyeoG_4sshm3app5testss_32test_connect_sets_should_connect
FN:2008,_RNvNtNtCs8jSAcYvyeoG_4sshm3app5testss_32test_fuzzy_matcher_returns_score
FN:2253,_RNvNtNtCs8jSAcYvyeoG_4sshm3app5testss_32test_handle_normal_mode_down_key
FN:2596,_RNvNtNtCs8jSAcYvyeoG_4sshm3app5testss_32test_handle_normal_mode_home_key
FN:1298,_RNvNtNtCs8jSAcYvyeoG_4sshm3app5testss_32test_update_filter_partial_match
FN:1868,_RNvNtNtCs8jSAcYvyeoG_4sshm3app5testss_32test_update_filter_unicode_chars
FN:2441,_RNvNtNtCs8jSAcYvyeoG_4sshm3app5testss_32test_update_filter_with_no_match
FN:1783,_RNvNtNtCs8jSAcYvyeoG_4sshm3app5testss_33test_append_char_different_fields
FN:1845,_RNvNtNtCs8jSAcYvyeoG_4sshm3app5testss_33test_config_connections_reference
FN:1802,_RNvNtNtCs8jSAcYvyeoG_4sshm3app5testss_33test_delete_char_different_fields
FN:1423,_RNvNtNtCs8jSAcYvyeoG_4sshm3app5testss_33test_delete_char_from_empty_field
FN:1600,_RNvNtNtCs8jSAcYvyeoG_4sshm3app5testss_33test_delete_connection_empty_list
FN:2614,_RNvNtNtCs8jSAcYvyeoG_4sshm3app5testss_33test_handle_search_mode_backspace
FN:2318,_RNvNtNtCs8jSAcYvyeoG_4sshm3app5testss_33test_handle_search_mode_query_pop
FN:2353,_RNvNtNtCs8jSAcYvyeoG_4sshm3app5testss_33test_import_connections_with_mock
FN:1110,_RNvNtNtCs8jSAcYvyeoG_4sshm3app5testss_33test_input_buffer_from_connection
FN:2795,_RNvNtNtCs8jSAcYvyeoG_4sshm3app5testss_33test_render_list_with_connections
FN:2762,_RNvNtNtCs8jSAcYvyeoG_4sshm3app5testss_33test_render_search_bar_with_query
FN:1486,_RNvNtNtCs8jSAcYvyeoG_4sshm3app5testss_33test_search_query_clear_on_escape
FN:2626,_RNvNtNtCs8jSAcYvyeoG_4sshm3app5testss_34test_handle_help_mode_key_handling
FN:2183,_RNvNtNtCs8jSAcYvyeoG_4sshm3app5testss_34test_render_help_with_test_backend
FN:2113,_RNvNtNtCs8jSAcYvyeoG_4sshm3app5testss_34test_render_list_with_test_backend
FN:2748,_RNvNtNtCs8jSAcYvyeoG_4sshm3app5testss_34test_render_search_bar_empty_query
FN:2663,_RNvNtNtCs8jSAcYvyeoG_4sshm3app5testss_34test_render_with_empty_connections
FN:1639,_RNvNtNtCs8jSAcYvyeoG_4sshm3app5testss_34test_update_filter_preserves_order
FN:1825,_RNvNtNtCs8jSAcYvyeoG_4sshm3app5testss_35test_delete_connection_after_filter
FN:1932,_RNvNtNtCs8jSAcYvyeoG_4sshm3app5testss_35test_delete_connection_index_bounds
FN:2472,_RNvNtNtCs8jSAcYvyeoG_4sshm3app5testss_35test_delete_connection_with_message
FN:1899,_RNvNtNtCs8jSAcYvyeoG_4sshm3app5testss_35test_delete_input_char_folder_field
FN:1514,_RNvNtNtCs8jSAcYvyeoG_4sshm3app5testss_35test_filtered_indices_initial_state
FN:2635,_RNvNtNtCs8jSAcYvyeoG_4sshm3app5testss_35test_import_connections_integration
FN:2714,_RNvNtNtCs8jSAcYvyeoG_4sshm3app5testss_35test_input_buffer_fields_are_string
FN:2169,_RNvNtNtCs8jSAcYvyeoG_4sshm3app5testss_35test_render_input_with_test_backend
FN:2197,_RNvNtNtCs8jSAcYvyeoG_4sshm3app5testss_35test_render_popup_with_test_backend
FN:2431,_RNvNtNtCs8jSAcYvyeoG_4sshm3app5testss_35test_update_filter_with_fuzzy_match
FN:2415,_RNvNtNtCs8jSAcYvyeoG_4sshm3app5testss_36test_check_for_update_skipped_in_dev
FN:2285,_RNvNtNtCs8jSAcYvyeoG_4sshm3app5testss_36test_handle_normal_mode_ctrl_c_count
FN:2297,_RNvNtNtCs8jSAcYvyeoG_4sshm3app5testss_36test_handle_normal_mode_reset_ctrl_c
FN:2127,_RNvNtNtCs8jSAcYvyeoG_4sshm3app5testss_36test_render_footer_with_test_backend
FN:2099,_RNvNtNtCs8jSAcYvyeoG_4sshm3app5testss_36test_render_header_with_test_backend
FN:2155,_RNvNtNtCs8jSAcYvyeoG_4sshm3app5testss_36test_render_search_with_test_backend
FN:1717,_RNvNtNtCs8jSAcYvyeoG_4sshm3app5testss_36test_save_connection_with_all_fields
FN:2401,_RNvNtNtCs8jSAcYvyeoG_4sshm3app5testss_37test_connect_with_out_of_bounds_index
FN:1356,_RNvNtNtCs8jSAcYvyeoG_4sshm3app5testss_37test_delete_connection_updates_filter
FN:1886,_RNvNtNtCs8jSAcYvyeoG_4sshm3app5testss_37test_delete_input_char_key_path_field
FN:2342,_RNvNtNtCs8jSAcYvyeoG_4sshm3app5testss_37test_handle_help_mode_mode_transition
FN:2451,_RNvNtNtCs8jSAcYvyeoG_4sshm3app5testss_37test_save_connection_add_with_message
FN:1688,_RNvNtNtCs8jSAcYvyeoG_4sshm3app5testss_37test_update_filter_with_special_chars
FN:2542,_RNvNtNtCs8jSAcYvyeoG_4sshm3app5testss_38test_app_with_test_backend_full_render
FN:2262,_RNvNtNtCs8jSAcYvyeoG_4sshm3app5testss_38test_handle_normal_mode_up_at_boundary
FN:1174,_RNvNtNtCs8jSAcYvyeoG_4sshm3app5testss_39test_append_input_char_port_only_digits
FN:1876,_RNvNtNtCs8jSAcYvyeoG_4sshm3app5testss_39test_get_current_input_field_all_fields
FN:2584,_RNvNtNtCs8jSAcYvyeoG_4sshm3app5testss_39test_handle_normal_mode_navigation_keys
FN:2330,_RNvNtNtCs8jSAcYvyeoG_4sshm3app5testss_39test_handle_search_mode_clear_on_escape
FN:2305,_RNvNtNtCs8jSAcYvyeoG_4sshm3app5testss_39test_handle_search_mode_query_appending
FN:2386,_RNvNtNtCs8jSAcYvyeoG_4sshm3app5testss_40test_connect_with_empty_filtered_indices
FN:2273,_RNvNtNtCs8jSAcYvyeoG_4sshm3app5testss_40test_handle_normal_mode_down_at_boundary
FN:2141,_RNvNtNtCs8jSAcYvyeoG_4sshm3app5testss_40test_render_search_bar_with_test_backend
FN:1455,_RNvNtNtCs8jSAcYvyeoG_4sshm3app5testss_40test_update_filter_with_case_insensitive
FN:2517,_RNvNtNtCs8jSAcYvyeoG_4sshm3app5testss_41test_input_buffer_clear_with_test_backend
FN:1132,_RNvNtNtCs8jSAcYvyeoG_4sshm3app5testss_42test_input_buffer_from_connection_defaults
FN:2210,_RNvNtNtCs8jSAcYvyeoG_4sshm3app5testss_42test_render_update_popup_with_test_backend
FN:2077,_RNvNtNtCs8jSAcYvyeoG_4sshm3app5testss_42test_terminal_with_test_backend_dimensions
FN:1475,_RNvNtNtCs8jSAcYvyeoG_4sshm3app5testss_42test_update_filter_resets_index_when_empty
FN:1444,_RNvNtNtCs8jSAcYvyeoG_4sshm3app5testss_43test_delete_char_advances_to_previous_field
FN:2421,_RNvNtNtCs8jSAcYvyeoG_4sshm3app5testss_43test_update_filter_empty_query_collects_all
FN:1465,_RNvNtNtCs8jSAcYvyeoG_4sshm3app5testss_43test_update_filter_with_folder_not_searched
FN:1772,_RNvNtNtCs8jSAcYvyeoG_4sshm3app5testss_44test_advance_input_field_does_not_exceed_max
FN:1377,_RNvNtNtCs8jSAcYvyeoG_4sshm3app5testss_45test_filtered_indices_maintained_after_search
FN:1742,_RNvNtNtCs8jSAcYvyeoG_4sshm3app5testss_49test_save_connection_with_empty_port_uses_default
FN:1762,_RNvNtNtCs8jSAcYvyeoG_4sshm3app5testss_50test_delete_connection_updates_filter_after_delete
FNDA:1,_RNvMNtCs7iOwz2wQlie_4sshm3appNtB2_11InputBuffer15from_connection
FNDA:0,_RNvMNtCs7iOwz2wQlie_4sshm3appNtB2_11InputBuffer5clear
FNDA:1,_RNvMs0_NtCs7iOwz2wQlie_4sshm3appNtB5_3App11render_help
FNDA:13,_RNvMs0_NtCs7iOwz2wQlie_4sshm3appNtB5_3App11render_list
FNDA:3,_RNvMs0_NtCs7iOwz2wQlie_4sshm3appNtB5_3App12render_input
FNDA:1,_RNvMs0_NtCs7iOwz2wQlie_4sshm3appNtB5_3App12render_popup
FNDA:0,_RNvMs0_NtCs7iOwz2wQlie_4sshm3appNtB5_3App12show_message
FNDA:5,_RNvMs0_NtCs7iOwz2wQlie_4sshm3appNtB5_3App13centered_rect
FNDA:13,_RNvMs0_NtCs7iOwz2wQlie_4sshm3appNtB5_3App13render_footer
FNDA:13,_RNvMs0_NtCs7iOwz2wQlie_4sshm3appNtB5_3App13render_header
FNDA:0,_RNvMs0_NtCs7iOwz2wQlie_4sshm3appNtB5_3App13render_search
FNDA:2,_RNvMs0_NtCs7iOwz2wQlie_4sshm3appNtB5_3App13update_filter
FNDA:0,_RNvMs0_NtCs7iOwz2wQlie_4sshm3appNtB5_3App15save_connection
FNDA:0,_RNvMs0_NtCs7iOwz2wQlie_4sshm3appNtB5_3App16check_for_update
FNDA:0,_RNvMs0_NtCs7iOwz2wQlie_4sshm3appNtB5_3App16handle_help_mode
FNDA:0,_RNvMs0_NtCs7iOwz2wQlie_4sshm3appNtB5_3App17append_input_char
FNDA:0,_RNvMs0_NtCs7iOwz2wQlie_4sshm3appNtB5_3App17delete_connection
FNDA:0,_RNvMs0_NtCs7iOwz2wQlie_4sshm3appNtB5_3App17delete_input_char
FNDA:0,_RNvMs0_NtCs7iOwz2wQlie_4sshm3appNtB5_3App17handle_input_mode
FNDA:13,_RNvMs0_NtCs7iOwz2wQlie_4sshm3appNtB5_3App17render_search_bar
FNDA:0,_RNvMs0_NtCs7iOwz2wQlie_4sshm3appNtB5_3App18handle_normal_mode
FNDA:0,_RNvMs0_NtCs7iOwz2wQlie_4sshm3appNtB5_3App18handle_search_mode
FNDA:0,_RNvMs0_NtCs7iOwz2wQlie_4sshm3appNtB5_3App18handle_update_mode
FNDA:0,_RNvMs0_NtCs7iOwz2wQlie_4sshm3appNtB5_3App18import_connections
FNDA:0,_RNvMs0_NtCs7iOwz2wQlie_4sshm3appNtB5_3App19advance_input_field
FNDA:0,_RNvMs0_NtCs7iOwz2wQlie_4sshm3appNtB5_3App19render_update_popup
FNDA:3,_RNvMs0_NtCs7iOwz2wQlie_4sshm3appNtB5_3App23get_current_input_field
FNDA:0,_RNvMs0_NtCs7iOwz2wQlie_4sshm3appNtB5_3App3new
FNDA:0,_RNvMs0_NtCs7iOwz2wQlie_4sshm3appNtB5_3App3run
FNDA:14,_RNvMs0_NtCs7iOwz2wQlie_4sshm3appNtB5_3App6render
FNDA:0,_RNvMs0_NtCs7iOwz2wQlie_4sshm3appNtB5_3App7connect
FNDA:0,_RNvXs_NtCs7iOwz2wQlie_4sshm3appNtB4_3AppNtNtCs4kUJL3MZFFz_4core7default7Default7default
FNDA:29,_RNCNvMs0_NtCs7iOwz2wQlie_4sshm3appNtB7_3App11render_list0B9_
FNDA:0,_RNCNvMs0_NtCs7iOwz2wQlie_4sshm3appNtB7_3App12show_message0B9_
FNDA:6,_RNCNvMs0_NtCs7iOwz2wQlie_4sshm3appNtB7_3App13update_filter0B9_
FNDA:0,_RNCNvMs0_NtCs7iOwz2wQlie_4sshm3appNtB7_3App15save_connection0B9_
FNDA:0,_RNCNvMs0_NtCs7iOwz2wQlie_4sshm3appNtB7_3App15save_connections_0B9_
FNDA:0,_RNCNvMs0_NtCs7iOwz2wQlie_4sshm3appNtB7_3App16handle_help_mode0B9_
FNDA:0,_RNCNvMs0_NtCs7iOwz2wQlie_4sshm3appNtB7_3App17delete_connection0B9_
FNDA:0,_RNCNvMs0_NtCs7iOwz2wQlie_4sshm3appNtB7_3App17delete_connections_0B9_
FNDA:0,_RNCNvMs0_NtCs7iOwz2wQlie_4sshm3appNtB7_3App17handle_input_mode0B9_
FNDA:0,_RNCNvMs0_NtCs7iOwz2wQlie_4sshm3appNtB7_3App18handle_search_mode0B9_
FNDA:0,_RNCNvMs0_NtCs7iOwz2wQlie_4sshm3appNtB7_3App18handle_update_mode0B9_
FNDA:0,_RNCNvMs0_NtCs7iOwz2wQlie_4sshm3appNtB7_3App3run0B9_
FNDA:0,_RNCNvMs0_NtCs34u63mcChjb_4sshm3appNtB7_3App11render_list0B9_
FNDA:0,_RNCNvMs0_NtCs34u63mcChjb_4sshm3appNtB7_3App12show_message0B9_
FNDA:0,_RNCNvMs0_NtCs34u63mcChjb_4sshm3appNtB7_3App13update_filter0B9_
FNDA:0,_RNCNvMs0_NtCs34u63mcChjb_4sshm3appNtB7_3App15save_connection0B9_
FNDA:0,_RNCNvMs0_NtCs34u63mcChjb_4sshm3appNtB7_3App15save_connections_0B9_
FNDA:0,_RNCNvMs0_NtCs34u63mcChjb_4sshm3appNtB7_3App16handle_help_mode0B9_
FNDA:0,_RNCNvMs0_NtCs34u63mcChjb_4sshm3appNtB7_3App17delete_connection0B9_
FNDA:0,_RNCNvMs0_NtCs34u63mcChjb_4sshm3appNtB7_3App17delete_connections_0B9_
FNDA:0,_RNCNvMs0_NtCs34u63mcChjb_4sshm3appNtB7_3App17handle_input_mode0B9_
FNDA:0,_RNCNvMs0_NtCs34u63mcChjb_4sshm3appNtB7_3App18handle_search_mode0B9_
FNDA:0,_RNCNvMs0_NtCs34u63mcChjb_4sshm3appNtB7_3App18handle_update_mode0B9_
FNDA:0,_RNCNvMs0_NtCs34u63mcChjb_4sshm3appNtB7_3App3run0B9_
FNDA:0,_RNvMNtCs34u63mcChjb_4sshm3appNtB2_11InputBuffer15from_connection
FNDA:0,_RNvMNtCs34u63mcChjb_4sshm3appNtB2_11InputBuffer5clear
FNDA:0,_RNvMs0_NtCs34u63mcChjb_4sshm3appNtB5_3App11render_help
FNDA:0,_RNvMs0_NtCs34u63mcChjb_4sshm3appNtB5_3App11render_list
FNDA:0,_RNvMs0_NtCs34u63mcChjb_4sshm3appNtB5_3App12render_input
FNDA:0,_RNvMs0_NtCs34u63mcChjb_4sshm3appNtB5_3App12render_popup
FNDA:0,_RNvMs0_NtCs34u63mcChjb_4sshm3appNtB5_3App12show_message
FNDA:0,_RNvMs0_NtCs34u63mcChjb_4sshm3appNtB5_3App13centered_rect
FNDA:0,_RNvMs0_NtCs34u63mcChjb_4sshm3appNtB5_3App13render_footer
FNDA:0,_RNvMs0_NtCs34u63mcChjb_4sshm3appNtB5_3App13render_header
FNDA:0,_RNvMs0_NtCs34u63mcChjb_4sshm3appNtB5_3App13render_search
FNDA:0,_RNvMs0_NtCs34u63mcChjb_4sshm3appNtB5_3App13update_filter
FNDA:0,_RNvMs0_NtCs34u63mcChjb_4sshm3appNtB5_3App15save_connection
FNDA:0,_RNvMs0_NtCs34u63mcChjb_4sshm3appNtB5_3App16check_for_update
FNDA:0,_RNvMs0_NtCs34u63mcChjb_4sshm3appNtB5_3App16handle_help_mode
FNDA:0,_RNvMs0_NtCs34u63mcChjb_4sshm3appNtB5_3App17append_input_char
FNDA:0,_RNvMs0_NtCs34u63mcChjb_4sshm3appNtB5_3App17delete_connection
FNDA:0,_RNvMs0_NtCs34u63mcChjb_4sshm3appNtB5_3App17delete_input_char
FNDA:0,_RNvMs0_NtCs34u63mcChjb_4sshm3appNtB5_3App17handle_input_mode
FNDA:0,_RNvMs0_NtCs34u63mcChjb_4sshm3appNtB5_3App17render_search_bar
FNDA:0,_RNvMs0_NtCs34u63mcChjb_4sshm3appNtB5_3App18handle_normal_mode
FNDA:0,_RNvMs0_NtCs34u63mcChjb_4sshm3appNtB5_3App18handle_search_mode
FNDA:0,_RNvMs0_NtCs34u63mcChjb_4sshm3appNtB5_3App18handle_update_mode
FNDA:0,_RNvMs0_NtCs34u63mcChjb_4sshm3appNtB5_3App18import_connections
FNDA:0,_RNvMs0_NtCs34u63mcChjb_4sshm3appNtB5_3App19advance_input_field
FNDA:0,_RNvMs0_NtCs34u63mcChjb_4sshm3appNtB5_3App19render_update_popup
FNDA:0,_RNvMs0_NtCs34u63mcChjb_4sshm3appNtB5_3App23get_current_input_field
FNDA:0,_RNvMs0_NtCs34u63mcChjb_4sshm3appNtB5_3App3new
FNDA:0,_RNvMs0_NtCs34u63mcChjb_4sshm3appNtB5_3App3run
FNDA:0,_RNvMs0_NtCs34u63mcChjb_4sshm3appNtB5_3App6render
FNDA:0,_RNvMs0_NtCs34u63mcChjb_4sshm3appNtB5_3App7connect
FNDA:0,_RNvXs_NtCs34u63mcChjb_4sshm3appNtB4_3AppNtNtCs4kUJL3MZFFz_4core7default7Default7default
FNDA:0,_RNCNvMs0_NtCs4Zf4ycwcOGj_4sshm3appNtB7_3App12show_message0B9_
FNDA:0,_RNCNvMs0_NtCs4Zf4ycwcOGj_4sshm3appNtB7_3App16handle_help_mode0B9_
FNDA:0,_RNCNvMs0_NtCs4Zf4ycwcOGj_4sshm3appNtB7_3App17handle_input_mode0B9_
FNDA:0,_RNCNvMs0_NtCs4Zf4ycwcOGj_4sshm3appNtB7_3App18handle_search_mode0B9_
FNDA:0,_RNCNvMs0_NtCs4Zf4ycwcOGj_4sshm3appNtB7_3App18handle_update_mode0B9_
FNDA:0,_RNCNvMs0_NtCs4Zf4ycwcOGj_4sshm3appNtB7_3App3run0B9_
FNDA:0,_RNvMs0_NtCs4Zf4ycwcOGj_4sshm3appNtB5_3App12show_message
FNDA:0,_RNvMs0_NtCs4Zf4ycwcOGj_4sshm3appNtB5_3App16check_for_update
FNDA:0,_RNvMs0_NtCs4Zf4ycwcOGj_4sshm3appNtB5_3App16handle_help_mode
FNDA:0,_RNvMs0_NtCs4Zf4ycwcOGj_4sshm3appNtB5_3App17handle_input_mode
FNDA:0,_RNvMs0_NtCs4Zf4ycwcOGj_4sshm3appNtB5_3App18handle_normal_mode
FNDA:0,_RNvMs0_NtCs4Zf4ycwcOGj_4sshm3appNtB5_3App18handle_search_mode
FNDA:0,_RNvMs0_NtCs4Zf4ycwcOGj_4sshm3appNtB5_3App18handle_update_mode
FNDA:0,_RNvMs0_NtCs4Zf4ycwcOGj_4sshm3appNtB5_3App18import_connections
FNDA:0,_RNvMs0_NtCs4Zf4ycwcOGj_4sshm3appNtB5_3App3run
FNDA:0,_RNvMs0_NtCs4Zf4ycwcOGj_4sshm3appNtB5_3App7connect
FNDA:16,_RNCNvMs0_NtCs4Zf4ycwcOGj_4sshm3appNtB7_3App11render_list0B9_
FNDA:76,_RNCNvMs0_NtCs4Zf4ycwcOGj_4sshm3appNtB7_3App13update_filter0B9_
FNDA:1,_RNCNvMs0_NtCs4Zf4ycwcOGj_4sshm3appNtB7_3App15save_connection0B9_
FNDA:1,_RNCNvMs0_NtCs4Zf4ycwcOGj_4sshm3appNtB7_3App15save_connections_0B9_
FNDA:8,_RNCNvMs0_NtCs4Zf4ycwcOGj_4sshm3appNtB7_3App17delete_connection0B9_
FNDA:8,_RNCNvMs0_NtCs4Zf4ycwcOGj_4sshm3appNtB7_3App17delete_connections_0B9_
FNDA:1,_RNCNvNtNtCs4Zf4ycwcOGj_4sshm3app5testss_17test_render_modes0B7_
FNDA:1,_RNCNvNtNtCs4Zf4ycwcOGj_4sshm3app5testss_17test_render_modess0_0B7_
FNDA:1,_RNCNvNtNtCs4Zf4ycwcOGj_4sshm3app5testss_17test_render_modess_0B7_
FNDA:1,_RNCNvNtNtCs4Zf4ycwcOGj_4sshm3app5testss_18test_centered_rect0B7_
FNDA:1,_RNCNvNtNtCs4Zf4ycwcOGj_4sshm3app5testss_22test_render_list_empty0B7_
FNDA:1,_RNCNvNtNtCs4Zf4ycwcOGj_4sshm3app5testss_27test_render_footer_add_mode0B7_
FNDA:1,_RNCNvNtNtCs4Zf4ycwcOGj_4sshm3app5testss_28test_render_footer_help_mode0B7_
FNDA:1,_RNCNvNtNtCs4Zf4ycwcOGj_4sshm3app5testss_29test_render_with_search_query0B7_
FNDA:1,_RNCNvNtNtCs4Zf4ycwcOGj_4sshm3app5testss_29test_render_with_test_backend0B7_
FNDA:1,_RNCNvNtNtCs4Zf4ycwcOGj_4sshm3app5testss_30test_render_footer_normal_mode0B7_
FNDA:1,_RNCNvNtNtCs4Zf4ycwcOGj_4sshm3app5testss_30test_render_footer_search_mode0B7_
FNDA:1,_RNCNvNtNtCs4Zf4ycwcOGj_4sshm3app5testss_33test_render_list_with_connections0B7_
FNDA:1,_RNCNvNtNtCs4Zf4ycwcOGj_4sshm3app5testss_33test_render_search_bar_with_query0B7_
FNDA:1,_RNCNvNtNtCs4Zf4ycwcOGj_4sshm3app5testss_34test_render_help_with_test_backend0B7_
FNDA:1,_RNCNvNtNtCs4Zf4ycwcOGj_4sshm3app5testss_34test_render_list_with_test_backend0B7_
FNDA:1,_RNCNvNtNtCs4Zf4ycwcOGj_4sshm3app5testss_34test_render_search_bar_empty_query0B7_
FNDA:1,_RNCNvNtNtCs4Zf4ycwcOGj_4sshm3app5testss_34test_render_with_empty_connections0B7_
FNDA:1,_RNCNvNtNtCs4Zf4ycwcOGj_4sshm3app5testss_35test_render_input_with_test_backend0B7_
FNDA:1,_RNCNvNtNtCs4Zf4ycwcOGj_4sshm3app5testss_35test_render_popup_with_test_backend0B7_
FNDA:1,_RNCNvNtNtCs4Zf4ycwcOGj_4sshm3app5testss_36test_render_footer_with_test_backend0B7_
FNDA:1,_RNCNvNtNtCs4Zf4ycwcOGj_4sshm3app5testss_36test_render_header_with_test_backend0B7_
FNDA:1,_RNCNvNtNtCs4Zf4ycwcOGj_4sshm3app5testss_36test_render_search_with_test_backend0B7_
FNDA:1,_RNCNvNtNtCs4Zf4ycwcOGj_4sshm3app5testss_38test_app_with_test_backend_full_render0B7_
FNDA:1,_RNCNvNtNtCs4Zf4ycwcOGj_4sshm3app5testss_40test_render_search_bar_with_test_backend0B7_
FNDA:1,_RNCNvNtNtCs4Zf4ycwcOGj_4sshm3app5testss_42test_render_update_popup_with_test_backend0B7_
FNDA:111,_RNvNtNtCs4Zf4ycwcOGj_4sshm3app5tests15create_test_app
FNDA:1,_RNvNtNtCs4Zf4ycwcOGj_4sshm3app5testss_12test_app_new
FNDA:1,_RNvNtNtCs4Zf4ycwcOGj_4sshm3app5testss_16test_app_mode_eq
FNDA:1,_RNvNtNtCs4Zf4ycwcOGj_4sshm3app5testss_16test_app_mode_ne
FNDA:1,_RNvNtNtCs4Zf4ycwcOGj_4sshm3app5testss_17test_render_modes
FNDA:1,_RNvNtNtCs4Zf4ycwcOGj_4sshm3app5testss_18test_centered_rect
FNDA:1,_RNvNtNtCs4Zf4ycwcOGj_4sshm3app5testss_19test_add_connection
FNDA:1,_RNvNtNtCs4Zf4ycwcOGj_4sshm3app5testss_21test_app_mode_is_copy
FNDA:1,_RNvNtNtCs4Zf4ycwcOGj_4sshm3app5testss_21test_connect_function
FNDA:1,_RNvNtNtCs4Zf4ycwcOGj_4sshm3app5testss_21test_matcher_creation
FNDA:1,_RNvNtNtCs4Zf4ycwcOGj_4sshm3app5testss_21test_message_handling
FNDA:1,_RNvNtNtCs4Zf4ycwcOGj_4sshm3app5testss_21test_mode_transitions
FNDA:1,_RNvNtNtCs4Zf4ycwcOGj_4sshm3app5testss_21test_search_query_pop
FNDA:1,_RNvNtNtCs4Zf4ycwcOGj_4sshm3app5testss_22test_app_mode_variants
FNDA:1,_RNvNtNtCs4Zf4ycwcOGj_4sshm3app5testss_22test_append_input_char
FNDA:1,_RNvNtNtCs4Zf4ycwcOGj_4sshm3app5testss_22test_delete_connection
FNDA:1,_RNvNtNtCs4Zf4ycwcOGj_4sshm3app5testss_22test_delete_input_char
FNDA:1,_RNvNtNtCs4Zf4ycwcOGj_4sshm3app5testss_22test_render_list_empty
FNDA:1,_RNvNtNtCs4Zf4ycwcOGj_4sshm3app5testss_23test_app_initialization
FNDA:1,_RNvNtNtCs4Zf4ycwcOGj_4sshm3app5testss_23test_input_buffer_clear
FNDA:1,_RNvNtNtCs4Zf4ycwcOGj_4sshm3app5testss_23test_input_buffer_clone
FNDA:1,_RNvNtNtCs4Zf4ycwcOGj_4sshm3app5testss_23test_input_field_bounds
FNDA:1,_RNvNtNtCs4Zf4ycwcOGj_4sshm3app5testss_23test_search_query_clear
FNDA:1,_RNvNtNtCs4Zf4ycwcOGj_4sshm3app5testss_24test_advance_input_field
FNDA:1,_RNvNtNtCs4Zf4ycwcOGj_4sshm3app5testss_25test_app_mode_transitions
FNDA:1,_RNvNtNtCs4Zf4ycwcOGj_4sshm3app5testss_25test_input_buffer_default
FNDA:1,_RNvNtNtCs4Zf4ycwcOGj_4sshm3app5testss_25test_search_query_default
FNDA:1,_RNvNtNtCs4Zf4ycwcOGj_4sshm3app5testss_26test_app_with_empty_config
FNDA:1,_RNvNtNtCs4Zf4ycwcOGj_4sshm3app5testss_26test_matcher_empty_pattern
FNDA:1,_RNvNtNtCs4Zf4ycwcOGj_4sshm3app5testss_26test_matcher_partial_match
FNDA:1,_RNvNtNtCs4Zf4ycwcOGj_4sshm3app5testss_26test_multiple_input_fields
FNDA:1,_RNvNtNtCs4Zf4ycwcOGj_4sshm3app5testss_26test_selected_index_bounds
FNDA:1,_RNvNtNtCs4Zf4ycwcOGj_4sshm3app5testss_26test_update_filter_by_host
FNDA:1,_RNvNtNtCs4Zf4ycwcOGj_4sshm3app5testss_26test_update_filter_by_user
FNDA:1,_RNvNtNtCs4Zf4ycwcOGj_4sshm3app5testss_27test_delete_char_from_field
FNDA:1,_RNvNtNtCs4Zf4ycwcOGj_4sshm3app5testss_27test_delete_connection_last
FNDA:1,_RNvNtNtCs4Zf4ycwcOGj_4sshm3app5testss_27test_render_footer_add_mode
FNDA:1,_RNvNtNtCs4Zf4ycwcOGj_4sshm3app5testss_27test_search_query_appending
FNDA:1,_RNvNtNtCs4Zf4ycwcOGj_4sshm3app5testss_27test_update_filter_by_alias
FNDA:1,_RNvNtNtCs4Zf4ycwcOGj_4sshm3app5testss_27test_update_filter_no_match
FNDA:1,_RNvNtNtCs4Zf4ycwcOGj_4sshm3app5testss_28test_delete_connection_first
FNDA:1,_RNvNtNtCs4Zf4ycwcOGj_4sshm3app5testss_28test_get_current_input_field
FNDA:1,_RNvNtNtCs4Zf4ycwcOGj_4sshm3app5testss_28test_input_buffer_all_fields
FNDA:1,_RNvNtNtCs4Zf4ycwcOGj_4sshm3app5testss_28test_render_footer_help_mode
FNDA:1,_RNvNtNtCs4Zf4ycwcOGj_4sshm3app5testss_28test_search_query_assignment
FNDA:1,_RNvNtNtCs4Zf4ycwcOGj_4sshm3app5testss_28test_update_filter_all_match
FNDA:1,_RNvNtNtCs4Zf4ycwcOGj_4sshm3app5testss_29test_delete_connection_middle
FNDA:1,_RNvNtNtCs4Zf4ycwcOGj_4sshm3app5testss_29test_filtered_indices_cloning
FNDA:1,_RNvNtNtCs4Zf4ycwcOGj_4sshm3app5testss_29test_filtered_indices_sorting
FNDA:1,_RNvNtNtCs4Zf4ycwcOGj_4sshm3app5testss_29test_render_with_search_query
FNDA:1,_RNvNtNtCs4Zf4ycwcOGj_4sshm3app5testss_29test_render_with_test_backend
FNDA:1,_RNvNtNtCs4Zf4ycwcOGj_4sshm3app5testss_29test_save_connection_add_mode
FNDA:1,_RNvNtNtCs4Zf4ycwcOGj_4sshm3app5testss_29test_search_query_with_spaces
FNDA:1,_RNvNtNtCs4Zf4ycwcOGj_4sshm3app5testss_30test_handle_normal_mode_up_key
FNDA:1,_RNvNtNtCs4Zf4ycwcOGj_4sshm3app5testss_30test_matcher_different_strings
FNDA:1,_RNvNtNtCs4Zf4ycwcOGj_4sshm3app5testss_30test_matcher_none_for_no_match
FNDA:1,_RNvNtNtCs4Zf4ycwcOGj_4sshm3app5testss_30test_render_footer_normal_mode
FNDA:1,_RNvNtNtCs4Zf4ycwcOGj_4sshm3app5testss_30test_render_footer_search_mode
FNDA:1,_RNvNtNtCs4Zf4ycwcOGj_4sshm3app5testss_30test_save_connection_edit_mode
FNDA:1,_RNvNtNtCs4Zf4ycwcOGj_4sshm3app5testss_30test_update_filter_empty_query
FNDA:1,_RNvNtNtCs4Zf4ycwcOGj_4sshm3app5testss_30test_update_filter_exact_match
FNDA:1,_RNvNtNtCs4Zf4ycwcOGj_4sshm3app5testss_31test_app_fields_are_initialized
FNDA:1,_RNvNtNtCs4Zf4ycwcOGj_4sshm3app5testss_31test_app_new_with_mock_terminal
FNDA:1,_RNvNtNtCs4Zf4ycwcOGj_4sshm3app5testss_31test_handle_normal_mode_end_key
FNDA:1,_RNvNtNtCs4Zf4ycwcOGj_4sshm3app5testss_31test_import_connections_message
FNDA:1,_RNvNtNtCs4Zf4ycwcOGj_4sshm3app5testss_31test_matcher_whole_string_match
FNDA:1,_RNvNtNtCs4Zf4ycwcOGj_4sshm3app5testss_31test_message_handling_with_some
FNDA:1,_RNvNtNtCs4Zf4ycwcOGj_4sshm3app5testss_31test_terminal_with_test_backend
FNDA:1,_RNvNtNtCs4Zf4ycwcOGj_4sshm3app5testss_31test_update_filter_bounds_check
FNDA:1,_RNvNtNtCs4Zf4ycwcOGj_4sshm3app5testss_31test_update_filter_with_numbers
FNDA:1,_RNvNtNtCs4Zf4ycwcOGj_4sshm3app5testss_32test_connect_sets_should_connect
FNDA:1,_RNvNtNtCs4Zf4ycwcOGj_4sshm3app5testss_32test_fuzzy_matcher_returns_score
FNDA:1,_RNvNtNtCs4Zf4ycwcOGj_4sshm3app5testss_32test_handle_normal_mode_down_key
FNDA:1,_RNvNtNtCs4Zf4ycwcOGj_4sshm3app5testss_32test_handle_normal_mode_home_key
FNDA:1,_RNvNtNtCs4Zf4ycwcOGj_4sshm3app5testss_32test_update_filter_partial_match
FNDA:1,_RNvNtNtCs4Zf4ycwcOGj_4sshm3app5testss_32test_update_filter_unicode_chars
FNDA:1,_RNvNtNtCs4Zf4ycwcOGj_4sshm3app5testss_32test_update_filter_with_no_match
FNDA:1,_RNvNtNtCs4Zf4ycwcOGj_4sshm3app5testss_33test_append_char_different_fields
FNDA:1,_RNvNtNtCs4Zf4ycwcOGj_4sshm3app5testss_33test_config_connections_reference
FNDA:1,_RNvNtNtCs4Zf4ycwcOGj_4sshm3app5testss_33test_delete_char_different_fields
FNDA:1,_RNvNtNtCs4Zf4ycwcOGj_4sshm3app5testss_33test_delete_char_from_empty_field
FNDA:1,_RNvNtNtCs4Zf4ycwcOGj_4sshm3app5testss_33test_delete_connection_empty_list
FNDA:1,_RNvNtNtCs4Zf4ycwcOGj_4sshm3app5testss_33test_handle_search_mode_backspace
FNDA:1,_RNvNtNtCs4Zf4ycwcOGj_4sshm3app5testss_33test_handle_search_mode_query_pop
FNDA:1,_RNvNtNtCs4Zf4ycwcOGj_4sshm3app5testss_33test_import_connections_with_mock
FNDA:1,_RNvNtNtCs4Zf4ycwcOGj_4sshm3app5testss_33test_input_buffer_from_connection
FNDA:1,_RNvNtNtCs4Zf4ycwcOGj_4sshm3app5testss_33test_render_list_with_connections
FNDA:1,_RNvNtNtCs4Zf4ycwcOGj_4sshm3app5testss_33test_render_search_bar_with_query
FNDA:1,_RNvNtNtCs4Zf4ycwcOGj_4sshm3app5testss_33test_search_query_clear_on_escape
FNDA:1,_RNvNtNtCs4Zf4ycwcOGj_4sshm3app5testss_34test_handle_help_mode_key_handling
FNDA:1,_RNvNtNtCs4Zf4ycwcOGj_4sshm3app5testss_34test_render_help_with_test_backend
FNDA:1,_RNvNtNtCs4Zf4ycwcOGj_4sshm3app5testss_34test_render_list_with_test_backend
FNDA:1,_RNvNtNtCs4Zf4ycwcOGj_4sshm3app5testss_34test_render_search_bar_empty_query
FNDA:1,_RNvNtNtCs4Zf4ycwcOGj_4sshm3app5testss_34test_render_with_empty_connections
FNDA:1,_RNvNtNtCs4Zf4ycwcOGj_4sshm3app5testss_34test_update_filter_preserves_order
FNDA:1,_RNvNtNtCs4Zf4ycwcOGj_4sshm3app5testss_35test_delete_connection_after_filter
FNDA:1,_RNvNtNtCs4Zf4ycwcOGj_4sshm3app5testss_35test_delete_connection_index_bounds
FNDA:1,_RNvNtNtCs4Zf4ycwcOGj_4sshm3app5testss_35test_delete_connection_with_message
FNDA:1,_RNvNtNtCs4Zf4ycwcOGj_4sshm3app5testss_35test_delete_input_char_folder_field
FNDA:1,_RNvNtNtCs4Zf4ycwcOGj_4sshm3app5testss_35test_filtered_indices_initial_state
FNDA:1,_RNvNtNtCs4Zf4ycwcOGj_4sshm3app5testss_35test_import_connections_integration
FNDA:1,_RNvNtNtCs4Zf4ycwcOGj_4sshm3app5testss_35test_input_buffer_fields_are_string
FNDA:1,_RNvNtNtCs4Zf4ycwcOGj_4sshm3app5testss_35test_render_input_with_test_backend
FNDA:1,_RNvNtNtCs4Zf4ycwcOGj_4sshm3app5testss_35test_render_popup_with_test_backend
FNDA:1,_RNvNtNtCs4Zf4ycwcOGj_4sshm3app5testss_35test_update_filter_with_fuzzy_match
FNDA:1,_RNvNtNtCs4Zf4ycwcOGj_4sshm3app5testss_36test_check_for_update_skipped_in_dev
FNDA:1,_RNvNtNtCs4Zf4ycwcOGj_4sshm3app5testss_36test_handle_normal_mode_ctrl_c_count
FNDA:1,_RNvNtNtCs4Zf4ycwcOGj_4sshm3app5testss_36test_handle_normal_mode_reset_ctrl_c
FNDA:1,_RNvNtNtCs4Zf4ycwcOGj_4sshm3app5testss_36test_render_footer_with_test_backend
FNDA:1,_RNvNtNtCs4Zf4ycwcOGj_4sshm3app5testss_36test_render_header_with_test_backend
FNDA:1,_RNvNtNtCs4Zf4ycwcOGj_4sshm3app5testss_36test_render_search_with_test_backend
FNDA:1,_RNvNtNtCs4Zf4ycwcOGj_4sshm3app5testss_36test_save_connection_with_all_fields
FNDA:1,_RNvNtNtCs4Zf4ycwcOGj_4sshm3app5testss_37test_connect_with_out_of_bounds_index
FNDA:1,_RNvNtNtCs4Zf4ycwcOGj_4sshm3app5testss_37test_delete_connection_updates_filter
FNDA:1,_RNvNtNtCs4Zf4ycwcOGj_4sshm3app5testss_37test_delete_input_char_key_path_field
FNDA:1,_RNvNtNtCs4Zf4ycwcOGj_4sshm3app5testss_37test_handle_help_mode_mode_transition
FNDA:1,_RNvNtNtCs4Zf4ycwcOGj_4sshm3app5testss_37test_save_connection_add_with_message
FNDA:1,_RNvNtNtCs4Zf4ycwcOGj_4sshm3app5testss_37test_update_filter_with_special_chars
FNDA:1,_RNvNtNtCs4Zf4ycwcOGj_4sshm3app5testss_38test_app_with_test_backend_full_render
FNDA:1,_RNvNtNtCs4Zf4ycwcOGj_4sshm3app5testss_38test_handle_normal_mode_up_at_boundary
FNDA:1,_RNvNtNtCs4Zf4ycwcOGj_4sshm3app5testss_39test_append_input_char_port_only_digits
FNDA:1,_RNvNtNtCs4Zf4ycwcOGj_4sshm3app5testss_39test_get_current_input_field_all_fields
FNDA:1,_RNvNtNtCs4Zf4ycwcOGj_4sshm3app5testss_39test_handle_normal_mode_navigation_keys
FNDA:1,_RNvNtNtCs4Zf4ycwcOGj_4sshm3app5testss_39test_handle_search_mode_clear_on_escape
FNDA:1,_RNvNtNtCs4Zf4ycwcOGj_4sshm3app5testss_39test_handle_search_mode_query_appending
FNDA:1,_RNvNtNtCs4Zf4ycwcOGj_4sshm3app5testss_40test_connect_with_empty_filtered_indices
FNDA:1,_RNvNtNtCs4Zf4ycwcOGj_4sshm3app5testss_40test_handle_normal_mode_down_at_boundary
FNDA:1,_RNvNtNtCs4Zf4ycwcOGj_4sshm3app5testss_40test_render_search_bar_with_test_backend
FNDA:1,_RNvNtNtCs4Zf4ycwcOGj_4sshm3app5testss_40test_update_filter_with_case_insensitive
FNDA:1,_RNvNtNtCs4Zf4ycwcOGj_4sshm3app5testss_41test_input_buffer_clear_with_test_backend
FNDA:1,_RNvNtNtCs4Zf4ycwcOGj_4sshm3app5testss_42test_input_buffer_from_connection_defaults
FNDA:1,_RNvNtNtCs4Zf4ycwcOGj_4sshm3app5testss_42test_render_update_popup_with_test_backend
FNDA:1,_RNvNtNtCs4Zf4ycwcOGj_4sshm3app5testss_42test_terminal_with_test_backend_dimensions
FNDA:1,_RNvNtNtCs4Zf4ycwcOGj_4sshm3app5testss_42test_update_filter_resets_index_when_empty
FNDA:1,_RNvNtNtCs4Zf4ycwcOGj_4sshm3app5testss_43test_delete_char_advances_to_previous_field
FNDA:1,_RNvNtNtCs4Zf4ycwcOGj_4sshm3app5testss_43test_update_filter_empty_query_collects_all
FNDA:1,_RNvNtNtCs4Zf4ycwcOGj_4sshm3app5testss_43test_update_filter_with_folder_not_searched
FNDA:1,_RNvNtNtCs4Zf4ycwcOGj_4sshm3app5testss_44test_advance_input_field_does_not_exceed_max
FNDA:1,_RNvNtNtCs4Zf4ycwcOGj_4sshm3app5testss_45test_filtered_indices_maintained_after_search
FNDA:1,_RNvNtNtCs4Zf4ycwcOGj_4sshm3app5testss_49test_save_connection_with_empty_port_uses_default
FNDA:1,_RNvNtNtCs4Zf4ycwcOGj_4sshm3app5testss_50test_delete_connection_updates_filter_after_delete
FNDA:2,_RNvMNtCs4Zf4ycwcOGj_4sshm3appNtB2_11InputBuffer15from_connection
FNDA:10,_RNvMNtCs4Zf4ycwcOGj_4sshm3appNtB2_11InputBuffer5clear
FNDA:2,_RNvMs0_NtCs4Zf4ycwcOGj_4sshm3appNtB5_3App11render_help
FNDA:8,_RNvMs0_NtCs4Zf4ycwcOGj_4sshm3appNtB5_3App11render_list
FNDA:1,_RNvMs0_NtCs4Zf4ycwcOGj_4sshm3appNtB5_3App12render_input
FNDA:1,_RNvMs0_NtCs4Zf4ycwcOGj_4sshm3appNtB5_3App12render_popup
FNDA:8,_RNvMs0_NtCs4Zf4ycwcOGj_4sshm3appNtB5_3App13centered_rect
FNDA:10,_RNvMs0_NtCs4Zf4ycwcOGj_4sshm3appNtB5_3App13render_footer
FNDA:6,_RNvMs0_NtCs4Zf4ycwcOGj_4sshm3appNtB5_3App13render_header
FNDA:1,_RNvMs0_NtCs4Zf4ycwcOGj_4sshm3appNtB5_3App13render_search
FNDA:42,_RNvMs0_NtCs4Zf4ycwcOGj_4sshm3appNtB5_3App13update_filter
FNDA:6,_RNvMs0_NtCs4Zf4ycwcOGj_4sshm3appNtB5_3App15save_connection
FNDA:21,_RNvMs0_NtCs4Zf4ycwcOGj_4sshm3appNtB5_3App17append_input_char
FNDA:10,_RNvMs0_NtCs4Zf4ycwcOGj_4sshm3appNtB5_3App17delete_connection
FNDA:10,_RNvMs0_NtCs4Zf4ycwcOGj_4sshm3appNtB5_3App17delete_input_char
FNDA:8,_RNvMs0_NtCs4Zf4ycwcOGj_4sshm3appNtB5_3App17render_search_bar
FNDA:37,_RNvMs0_NtCs4Zf4ycwcOGj_4sshm3appNtB5_3App19advance_input_field
FNDA:2,_RNvMs0_NtCs4Zf4ycwcOGj_4sshm3appNtB5_3App19render_update_popup
FNDA:13,_RNvMs0_NtCs4Zf4ycwcOGj_4sshm3appNtB5_3App23get_current_input_field
FNDA:9,_RNvMs0_NtCs4Zf4ycwcOGj_4sshm3appNtB5_3App3new
FNDA:7,_RNvMs0_NtCs4Zf4ycwcOGj_4sshm3appNtB5_3App6render
FNDA:9,_RNvXs_NtCs4Zf4ycwcOGj_4sshm3appNtB4_3AppNtNtCs4kUJL3MZFFz_4core7default7Default7default
FNDA:1,_RNCNvNtNtCs8jSAcYvyeoG_4sshm3app5testss_17test_render_modes0B7_
FNDA:1,_RNCNvNtNtCs8jSAcYvyeoG_4sshm3app5testss_17test_render_modess0_0B7_
FNDA:1,_RNCNvNtNtCs8jSAcYvyeoG_4sshm3app5testss_17test_render_modess_0B7_
FNDA:1,_RNCNvNtNtCs8jSAcYvyeoG_4sshm3app5testss_18test_centered_rect0B7_
FNDA:1,_RNCNvNtNtCs8jSAcYvyeoG_4sshm3app5testss_22test_render_list_empty0B7_
FNDA:1,_RNCNvNtNtCs8jSAcYvyeoG_4sshm3app5testss_27test_render_footer_add_mode0B7_
FNDA:1,_RNCNvNtNtCs8jSAcYvyeoG_4sshm3app5testss_28test_render_footer_help_mode0B7_
FNDA:1,_RNCNvNtNtCs8jSAcYvyeoG_4sshm3app5testss_29test_render_with_search_query0B7_
FNDA:1,_RNCNvNtNtCs8jSAcYvyeoG_4sshm3app5testss_29test_render_with_test_backend0B7_
FNDA:1,_RNCNvNtNtCs8jSAcYvyeoG_4sshm3app5testss_30test_render_footer_normal_mode0B7_
FNDA:1,_RNCNvNtNtCs8jSAcYvyeoG_4sshm3app5testss_30test_render_footer_search_mode0B7_
FNDA:1,_RNCNvNtNtCs8jSAcYvyeoG_4sshm3app5testss_33test_render_list_with_connections0B7_
FNDA:1,_RNCNvNtNtCs8jSAcYvyeoG_4sshm3app5testss_33test_render_search_bar_with_query0B7_
FNDA:1,_RNCNvNtNtCs8jSAcYvyeoG_4sshm3app5testss_34test_render_help_with_test_backend0B7_
FNDA:1,_RNCNvNtNtCs8jSAcYvyeoG_4sshm3app5testss_34test_render_list_with_test_backend0B7_
FNDA:1,_RNCNvNtNtCs8jSAcYvyeoG_4sshm3app5testss_34test_render_search_bar_empty_query0B7_
FNDA:1,_RNCNvNtNtCs8jSAcYvyeoG_4sshm3app5testss_34test_render_with_empty_connections0B7_
FNDA:1,_RNCNvNtNtCs8jSAcYvyeoG_4sshm3app5testss_35test_render_input_with_test_backend0B7_
FNDA:1,_RNCNvNtNtCs8jSAcYvyeoG_4sshm3app5testss_35test_render_popup_with_test_backend0B7_
FNDA:1,_RNCNvNtNtCs8jSAcYvyeoG_4sshm3app5testss_36test_render_footer_with_test_backend0B7_
FNDA:1,_RNCNvNtNtCs8jSAcYvyeoG_4sshm3app5testss_36test_render_header_with_test_backend0B7_
FNDA:1,_RNCNvNtNtCs8jSAcYvyeoG_4sshm3app5testss_36test_render_search_with_test_backend0B7_
FNDA:1,_RNCNvNtNtCs8jSAcYvyeoG_4sshm3app5testss_38test_app_with_test_backend_full_render0B7_
FNDA:1,_RNCNvNtNtCs8jSAcYvyeoG_4sshm3app5testss_40test_render_search_bar_with_test_backend0B7_
FNDA:1,_RNCNvNtNtCs8jSAcYvyeoG_4sshm3app5testss_42test_render_update_popup_with_test_backend0B7_
FNDA:2,_RNvMNtCs8jSAcYvyeoG_4sshm3appNtB2_11InputBuffer15from_connection
FNDA:10,_RNvMNtCs8jSAcYvyeoG_4sshm3appNtB2_11InputBuffer5clear
FNDA:2,_RNvMs0_NtCs8jSAcYvyeoG_4sshm3appNtB5_3App11render_help
FNDA:8,_RNvMs0_NtCs8jSAcYvyeoG_4sshm3appNtB5_3App11render_list
FNDA:1,_RNvMs0_NtCs8jSAcYvyeoG_4sshm3appNtB5_3App12render_input
FNDA:1,_RNvMs0_NtCs8jSAcYvyeoG_4sshm3appNtB5_3App12render_popup
FNDA:0,_RNvMs0_NtCs8jSAcYvyeoG_4sshm3appNtB5_3App12show_message
FNDA:8,_RNvMs0_NtCs8jSAcYvyeoG_4sshm3appNtB5_3App13centered_rect
FNDA:10,_RNvMs0_NtCs8jSAcYvyeoG_4sshm3appNtB5_3App13render_footer
FNDA:6,_RNvMs0_NtCs8jSAcYvyeoG_4sshm3appNtB5_3App13render_header
FNDA:1,_RNvMs0_NtCs8jSAcYvyeoG_4sshm3appNtB5_3App13render_search
FNDA:42,_RNvMs0_NtCs8jSAcYvyeoG_4sshm3appNtB5_3App13update_filter
FNDA:6,_RNvMs0_NtCs8jSAcYvyeoG_4sshm3appNtB5_3App15save_connection
FNDA:0,_RNvMs0_NtCs8jSAcYvyeoG_4sshm3appNtB5_3App16check_for_update
FNDA:0,_RNvMs0_NtCs8jSAcYvyeoG_4sshm3appNtB5_3App16handle_help_mode
FNDA:21,_RNvMs0_NtCs8jSAcYvyeoG_4sshm3appNtB5_3App17append_input_char
FNDA:10,_RNvMs0_NtCs8jSAcYvyeoG_4sshm3appNtB5_3App17delete_connection
FNDA:10,_RNvMs0_NtCs8jSAcYvyeoG_4sshm3appNtB5_3App17delete_input_char
FNDA:0,_RNvMs0_NtCs8jSAcYvyeoG_4sshm3appNtB5_3App17handle_input_mode
FNDA:8,_RNvMs0_NtCs8jSAcYvyeoG_4sshm3appNtB5_3App17render_search_bar
FNDA:0,_RNvMs0_NtCs8jSAcYvyeoG_4sshm3appNtB5_3App18handle_normal_mode
FNDA:0,_RNvMs0_NtCs8jSAcYvyeoG_4sshm3appNtB5_3App18handle_search_mode
FNDA:0,_RNvMs0_NtCs8jSAcYvyeoG_4sshm3appNtB5_3App18handle_update_mode
FNDA:0,_RNvMs0_NtCs8jSAcYvyeoG_4sshm3appNtB5_3App18import_connections
FNDA:37,_RNvMs0_NtCs8jSAcYvyeoG_4sshm3appNtB5_3App19advance_input_field
FNDA:2,_RNvMs0_NtCs8jSAcYvyeoG_4sshm3appNtB5_3App19render_update_popup
FNDA:13,_RNvMs0_NtCs8jSAcYvyeoG_4sshm3appNtB5_3App23get_current_input_field
FNDA:16,_RNvMs0_NtCs8jSAcYvyeoG_4sshm3appNtB5_3App3new
FNDA:0,_RNvMs0_NtCs8jSAcYvyeoG_4sshm3appNtB5_3App3run
FNDA:7,_RNvMs0_NtCs8jSAcYvyeoG_4sshm3appNtB5_3App6render
FNDA:0,_RNvMs0_NtCs8jSAcYvyeoG_4sshm3appNtB5_3App7connect
FNDA:16,_RNvXs_NtCs8jSAcYvyeoG_4sshm3appNtB4_3AppNtNtCs4kUJL3MZFFz_4core7default7Default7default
FNDA:16,_RNCNvMs0_NtCs8jSAcYvyeoG_4sshm3appNtB7_3App11render_list0B9_
FNDA:0,_RNCNvMs0_NtCs8jSAcYvyeoG_4sshm3appNtB7_3App12show_message0B9_
FNDA:76,_RNCNvMs0_NtCs8jSAcYvyeoG_4sshm3appNtB7_3App13update_filter0B9_
FNDA:1,_RNCNvMs0_NtCs8jSAcYvyeoG_4sshm3appNtB7_3App15save_connection0B9_
FNDA:1,_RNCNvMs0_NtCs8jSAcYvyeoG_4sshm3appNtB7_3App15save_connections_0B9_
FNDA:0,_RNCNvMs0_NtCs8jSAcYvyeoG_4sshm3appNtB7_3App16handle_help_mode0B9_
FNDA:8,_RNCNvMs0_NtCs8jSAcYvyeoG_4sshm3appNtB7_3App17delete_connection0B9_
FNDA:8,_RNCNvMs0_NtCs8jSAcYvyeoG_4sshm3appNtB7_3App17delete_connections_0B9_
FNDA:0,_RNCNvMs0_NtCs8jSAcYvyeoG_4sshm3appNtB7_3App17handle_input_mode0B9_
FNDA:0,_RNCNvMs0_NtCs8jSAcYvyeoG_4sshm3appNtB7_3App18handle_search_mode0B9_
FNDA:0,_RNCNvMs0_NtCs8jSAcYvyeoG_4sshm3appNtB7_3App18handle_update_mode0B9_
FNDA:0,_RNCNvMs0_NtCs8jSAcYvyeoG_4sshm3appNtB7_3App3run0B9_
FNDA:111,_RNvNtNtCs8jSAcYvyeoG_4sshm3app5tests15create_test_app
FNDA:1,_RNvNtNtCs8jSAcYvyeoG_4sshm3app5testss_12test_app_new
FNDA:1,_RNvNtNtCs8jSAcYvyeoG_4sshm3app5testss_16test_app_mode_eq
FNDA:1,_RNvNtNtCs8jSAcYvyeoG_4sshm3app5testss_16test_app_mode_ne
FNDA:1,_RNvNtNtCs8jSAcYvyeoG_4sshm3app5testss_17test_render_modes
FNDA:1,_RNvNtNtCs8jSAcYvyeoG_4sshm3app5testss_18test_centered_rect
FNDA:1,_RNvNtNtCs8jSAcYvyeoG_4sshm3app5testss_19test_add_connection
FNDA:1,_RNvNtNtCs8jSAcYvyeoG_4sshm3app5testss_21test_app_mode_is_copy
FNDA:1,_RNvNtNtCs8jSAcYvyeoG_4sshm3app5testss_21test_connect_function
FNDA:1,_RNvNtNtCs8jSAcYvyeoG_4sshm3app5testss_21test_matcher_creation
FNDA:1,_RNvNtNtCs8jSAcYvyeoG_4sshm3app5testss_21test_message_handling
FNDA:1,_RNvNtNtCs8jSAcYvyeoG_4sshm3app5testss_21test_mode_transitions
FNDA:1,_RNvNtNtCs8jSAcYvyeoG_4sshm3app5testss_21test_search_query_pop
FNDA:1,_RNvNtNtCs8jSAcYvyeoG_4sshm3app5testss_22test_app_mode_variants
FNDA:1,_RNvNtNtCs8jSAcYvyeoG_4sshm3app5testss_22test_append_input_char
FNDA:1,_RNvNtNtCs8jSAcYvyeoG_4sshm3app5testss_22test_delete_connection
FNDA:1,_RNvNtNtCs8jSAcYvyeoG_4sshm3app5testss_22test_delete_input_char
FNDA:1,_RNvNtNtCs8jSAcYvyeoG_4sshm3app5testss_22test_render_list_empty
FNDA:1,_RNvNtNtCs8jSAcYvyeoG_4sshm3app5testss_23test_app_initialization
FNDA:1,_RNvNtNtCs8jSAcYvyeoG_4sshm3app5testss_23test_input_buffer_clear
FNDA:1,_RNvNtNtCs8jSAcYvyeoG_4sshm3app5testss_23test_input_buffer_clone
FNDA:1,_RNvNtNtCs8jSAcYvyeoG_4sshm3app5testss_23test_input_field_bounds
FNDA:1,_RNvNtNtCs8jSAcYvyeoG_4sshm3app5testss_23test_search_query_clear
FNDA:1,_RNvNtNtCs8jSAcYvyeoG_4sshm3app5testss_24test_advance_input_field
FNDA:1,_RNvNtNtCs8jSAcYvyeoG_4sshm3app5testss_25test_app_mode_transitions
FNDA:1,_RNvNtNtCs8jSAcYvyeoG_4sshm3app5testss_25test_input_buffer_default
FNDA:1,_RNvNtNtCs8jSAcYvyeoG_4sshm3app5testss_25test_search_query_default
FNDA:1,_RNvNtNtCs8jSAcYvyeoG_4sshm3app5testss_26test_app_with_empty_config
FNDA:1,_RNvNtNtCs8jSAcYvyeoG_4sshm3app5testss_26test_matcher_empty_pattern
FNDA:1,_RNvNtNtCs8jSAcYvyeoG_4sshm3app5testss_26test_matcher_partial_match
FNDA:1,_RNvNtNtCs8jSAcYvyeoG_4sshm3app5testss_26test_multiple_input_fields
FNDA:1,_RNvNtNtCs8jSAcYvyeoG_4sshm3app5testss_26test_selected_index_bounds
FNDA:1,_RNvNtNtCs8jSAcYvyeoG_4sshm3app5testss_26test_update_filter_by_host
FNDA:1,_RNvNtNtCs8jSAcYvyeoG_4sshm3app5testss_26test_update_filter_by_user
FNDA:1,_RNvNtNtCs8jSAcYvyeoG_4sshm3app5testss_27test_delete_char_from_field
FNDA:1,_RNvNtNtCs8jSAcYvyeoG_4sshm3app5testss_27test_delete_connection_last
FNDA:1,_RNvNtNtCs8jSAcYvyeoG_4sshm3app5testss_27test_render_footer_add_mode
FNDA:1,_RNvNtNtCs8jSAcYvyeoG_4sshm3app5testss_27test_search_query_appending
FNDA:1,_RNvNtNtCs8jSAcYvyeoG_4sshm3app5testss_27test_update_filter_by_alias
FNDA:1,_RNvNtNtCs8jSAcYvyeoG_4sshm3app5testss_27test_update_filter_no_match
FNDA:1,_RNvNtNtCs8jSAcYvyeoG_4sshm3app5testss_28test_delete_connection_first
FNDA:1,_RNvNtNtCs8jSAcYvyeoG_4sshm3app5testss_28test_get_current_input_field
FNDA:1,_RNvNtNtCs8jSAcYvyeoG_4sshm3app5testss_28test_input_buffer_all_fields
FNDA:1,_RNvNtNtCs8jSAcYvyeoG_4sshm3app5testss_28test_render_footer_help_mode
FNDA:1,_RNvNtNtCs8jSAcYvyeoG_4sshm3app5testss_28test_search_query_assignment
FNDA:1,_RNvNtNtCs8jSAcYvyeoG_4sshm3app5testss_28test_update_filter_all_match
FNDA:1,_RNvNtNtCs8jSAcYvyeoG_4sshm3app5testss_29test_delete_connection_middle
FNDA:1,_RNvNtNtCs8jSAcYvyeoG_4sshm3app5testss_29test_filtered_indices_cloning
FNDA:1,_RNvNtNtCs8jSAcYvyeoG_4sshm3app5testss_29test_filtered_indices_sorting
FNDA:1,_RNvNtNtCs8jSAcYvyeoG_4sshm3app5testss_29test_render_with_search_query
FNDA:1,_RNvNtNtCs8jSAcYvyeoG_4sshm3app5testss_29test_render_with_test_backend
FNDA:1,_RNvNtNtCs8jSAcYvyeoG_4sshm3app5testss_29test_save_connection_add_mode
FNDA:1,_RNvNtNtCs8jSAcYvyeoG_4sshm3app5testss_29test_search_query_with_spaces
FNDA:1,_RNvNtNtCs8jSAcYvyeoG_4sshm3app5testss_30test_handle_normal_mode_up_key
FNDA:1,_RNvNtNtCs8jSAcYvyeoG_4sshm3app5testss_30test_matcher_different_strings
FNDA:1,_RNvNtNtCs8jSAcYvyeoG_4sshm3app5testss_30test_matcher_none_for_no_match
FNDA:1,_RNvNtNtCs8jSAcYvyeoG_4sshm3app5testss_30test_render_footer_normal_mode
FNDA:1,_RNvNtNtCs8jSAcYvyeoG_4sshm3app5testss_30test_render_footer_search_mode
FNDA:1,_RNvNtNtCs8jSAcYvyeoG_4sshm3app5testss_30test_save_connection_edit_mode
FNDA:1,_RNvNtNtCs8jSAcYvyeoG_4sshm3app5testss_30test_update_filter_empty_query
FNDA:1,_RNvNtNtCs8jSAcYvyeoG_4sshm3app5testss_30test_update_filter_exact_match
FNDA:1,_RNvNtNtCs8jSAcYvyeoG_4sshm3app5testss_31test_app_fields_are_initialized
FNDA:1,_RNvNtNtCs8jSAcYvyeoG_4sshm3app5testss_31test_app_new_with_mock_terminal
FNDA:1,_RNvNtNtCs8jSAcYvyeoG_4sshm3app5testss_31test_handle_normal_mode_end_key
FNDA:1,_RNvNtNtCs8jSAcYvyeoG_4sshm3app5testss_31test_import_connections_message
FNDA:1,_RNvNtNtCs8jSAcYvyeoG_4sshm3app5testss_31test_matcher_whole_string_match
FNDA:1,_RNvNtNtCs8jSAcYvyeoG_4sshm3app5testss_31test_message_handling_with_some
FNDA:1,_RNvNtNtCs8jSAcYvyeoG_4sshm3app5testss_31test_terminal_with_test_backend
FNDA:1,_RNvNtNtCs8jSAcYvyeoG_4sshm3app5testss_31test_update_filter_bounds_check
FNDA:1,_RNvNtNtCs8jSAcYvyeoG_4sshm3app5testss_31test_update_filter_with_numbers
FNDA:1,_RNvNtNtCs8jSAcYvyeoG_4sshm3app5testss_32test_connect_sets_should_connect
FNDA:1,_RNvNtNtCs8jSAcYvyeoG_4sshm3app5testss_32test_fuzzy_matcher_returns_score
FNDA:1,_RNvNtNtCs8jSAcYvyeoG_4sshm3app5testss_32test_handle_normal_mode_down_key
FNDA:1,_RNvNtNtCs8jSAcYvyeoG_4sshm3app5testss_32test_handle_normal_mode_home_key
FNDA:1,_RNvNtNtCs8jSAcYvyeoG_4sshm3app5testss_32test_update_filter_partial_match
FNDA:1,_RNvNtNtCs8jSAcYvyeoG_4sshm3app5testss_32test_update_filter_unicode_chars
FNDA:1,_RNvNtNtCs8jSAcYvyeoG_4sshm3app5testss_32test_update_filter_with_no_match
FNDA:1,_RNvNtNtCs8jSAcYvyeoG_4sshm3app5testss_33test_append_char_different_fields
FNDA:1,_RNvNtNtCs8jSAcYvyeoG_4sshm3app5testss_33test_config_connections_reference
FNDA:1,_RNvNtNtCs8jSAcYvyeoG_4sshm3app5testss_33test_delete_char_different_fields
FNDA:1,_RNvNtNtCs8jSAcYvyeoG_4sshm3app5testss_33test_delete_char_from_empty_field
FNDA:1,_RNvNtNtCs8jSAcYvyeoG_4sshm3app5testss_33test_delete_connection_empty_list
FNDA:1,_RNvNtNtCs8jSAcYvyeoG_4sshm3app5testss_33test_handle_search_mode_backspace
FNDA:1,_RNvNtNtCs8jSAcYvyeoG_4sshm3app5testss_33test_handle_search_mode_query_pop
FNDA:1,_RNvNtNtCs8jSAcYvyeoG_4sshm3app5testss_33test_import_connections_with_mock
FNDA:1,_RNvNtNtCs8jSAcYvyeoG_4sshm3app5testss_33test_input_buffer_from_connection
FNDA:1,_RNvNtNtCs8jSAcYvyeoG_4sshm3app5testss_33test_render_list_with_connections
FNDA:1,_RNvNtNtCs8jSAcYvyeoG_4sshm3app5testss_33test_render_search_bar_with_query
FNDA:1,_RNvNtNtCs8jSAcYvyeoG_4sshm3app5testss_33test_search_query_clear_on_escape
FNDA:1,_RNvNtNtCs8jSAcYvyeoG_4sshm3app5testss_34test_handle_help_mode_key_handling
FNDA:1,_RNvNtNtCs8jSAcYvyeoG_4sshm3app5testss_34test_render_help_with_test_backend
FNDA:1,_RNvNtNtCs8jSAcYvyeoG_4sshm3app5testss_34test_render_list_with_test_backend
FNDA:1,_RNvNtNtCs8jSAcYvyeoG_4sshm3app5testss_34test_render_search_bar_empty_query
FNDA:1,_RNvNtNtCs8jSAcYvyeoG_4sshm3app5testss_34test_render_with_empty_connections
FNDA:1,_RNvNtNtCs8jSAcYvyeoG_4sshm3app5testss_34test_update_filter_preserves_order
FNDA:1,_RNvNtNtCs8jSAcYvyeoG_4sshm3app5testss_35test_delete_connection_after_filter
FNDA:1,_RNvNtNtCs8jSAcYvyeoG_4sshm3app5testss_35test_delete_connection_index_bounds
FNDA:1,_RNvNtNtCs8jSAcYvyeoG_4sshm3app5testss_35test_delete_connection_with_message
FNDA:1,_RNvNtNtCs8jSAcYvyeoG_4sshm3app5testss_35test_delete_input_char_folder_field
FNDA:1,_RNvNtNtCs8jSAcYvyeoG_4sshm3app5testss_35test_filtered_indices_initial_state
FNDA:1,_RNvNtNtCs8jSAcYvyeoG_4sshm3app5testss_35test_import_connections_integration
FNDA:1,_RNvNtNtCs8jSAcYvyeoG_4sshm3app5testss_35test_input_buffer_fields_are_string
FNDA:1,_RNvNtNtCs8jSAcYvyeoG_4sshm3app5testss_35test_render_input_with_test_backend
FNDA:1,_RNvNtNtCs8jSAcYvyeoG_4sshm3app5testss_35test_render_popup_with_test_backend
FNDA:1,_RNvNtNtCs8jSAcYvyeoG_4sshm3app5testss_35test_update_filter_with_fuzzy_match
FNDA:1,_RNvNtNtCs8jSAcYvyeoG_4sshm3app5testss_36test_check_for_update_skipped_in_dev
FNDA:1,_RNvNtNtCs8jSAcYvyeoG_4sshm3app5testss_36test_handle_normal_mode_ctrl_c_count
FNDA:1,_RNvNtNtCs8jSAcYvyeoG_4sshm3app5testss_36test_handle_normal_mode_reset_ctrl_c
FNDA:1,_RNvNtNtCs8jSAcYvyeoG_4sshm3app5testss_36test_render_footer_with_test_backend
FNDA:1,_RNvNtNtCs8jSAcYvyeoG_4sshm3app5testss_36test_render_header_with_test_backend
FNDA:1,_RNvNtNtCs8jSAcYvyeoG_4sshm3app5testss_36test_render_search_with_test_backend
FNDA:1,_RNvNtNtCs8jSAcYvyeoG_4sshm3app5testss_36test_save_connection_with_all_fields
FNDA:1,_RNvNtNtCs8jSAcYvyeoG_4sshm3app5testss_37test_connect_with_out_of_bounds_index
FNDA:1,_RNvNtNtCs8jSAcYvyeoG_4sshm3app5testss_37test_delete_connection_updates_filter
FNDA:1,_RNvNtNtCs8jSAcYvyeoG_4sshm3app5testss_37test_delete_input_char_key_path_field
FNDA:1,_RNvNtNtCs8jSAcYvyeoG_4sshm3app5testss_37test_handle_help_mode_mode_transition
FNDA:1,_RNvNtNtCs8jSAcYvyeoG_4sshm3app5testss_37test_save_connection_add_with_message
FNDA:1,_RNvNtNtCs8jSAcYvyeoG_4sshm3app5testss_37test_update_filter_with_special_chars
FNDA:1,_RNvNtNtCs8jSAcYvyeoG_4sshm3app5testss_38test_app_with_test_backend_full_render
FNDA:1,_RNvNtNtCs8jSAcYvyeoG_4sshm3app5testss_38test_handle_normal_mode_up_at_boundary
FNDA:1,_RNvNtNtCs8jSAcYvyeoG_4sshm3app5testss_39test_append_input_char_port_only_digits
FNDA:1,_RNvNtNtCs8jSAcYvyeoG_4sshm3app5testss_39test_get_current_input_field_all_fields
FNDA:1,_RNvNtNtCs8jSAcYvyeoG_4sshm3app5testss_39test_handle_normal_mode_navigation_keys
FNDA:1,_RNvNtNtCs8jSAcYvyeoG_4sshm3app5testss_39test_handle_search_mode_clear_on_escape
FNDA:1,_RNvNtNtCs8jSAcYvyeoG_4sshm3app5testss_39test_handle_search_mode_query_appending
FNDA:1,_RNvNtNtCs8jSAcYvyeoG_4sshm3app5testss_40test_connect_with_empty_filtered_indices
FNDA:1,_RNvNtNtCs8jSAcYvyeoG_4sshm3app5testss_40test_handle_normal_mode_down_at_boundary
FNDA:1,_RNvNtNtCs8jSAcYvyeoG_4sshm3app5testss_40test_render_search_bar_with_test_backend
FNDA:1,_RNvNtNtCs8jSAcYvyeoG_4sshm3app5testss_40test_update_filter_with_case_insensitive
FNDA:1,_RNvNtNtCs8jSAcYvyeoG_4sshm3app5testss_41test_input_buffer_clear_with_test_backend
FNDA:1,_RNvNtNtCs8jSAcYvyeoG_4sshm3app5testss_42test_input_buffer_from_connection_defaults
FNDA:1,_RNvNtNtCs8jSAcYvyeoG_4sshm3app5testss_42test_render_update_popup_with_test_backend
FNDA:1,_RNvNtNtCs8jSAcYvyeoG_4sshm3app5testss_42test_terminal_with_test_backend_dimensions
FNDA:1,_RNvNtNtCs8jSAcYvyeoG_4sshm3app5testss_42test_update_filter_resets_index_when_empty
FNDA:1,_RNvNtNtCs8jSAcYvyeoG_4sshm3app5testss_43test_delete_char_advances_to_previous_field
FNDA:1,_RNvNtNtCs8jSAcYvyeoG_4sshm3app5testss_43test_update_filter_empty_query_collects_all
FNDA:1,_RNvNtNtCs8jSAcYvyeoG_4sshm3app5testss_43test_update_filter_with_folder_not_searched
FNDA:1,_RNvNtNtCs8jSAcYvyeoG_4sshm3app5testss_44test_advance_input_field_does_not_exceed_max
FNDA:1,_RNvNtNtCs8jSAcYvyeoG_4sshm3app5testss_45test_filtered_indices_maintained_after_search
FNDA:1,_RNvNtNtCs8jSAcYvyeoG_4sshm3app5testss_49test_save_connection_with_empty_port_uses_default
FNDA:1,_RNvNtNtCs8jSAcYvyeoG_4sshm3app5testss_50test_delete_connection_updates_filter_after_delete
FNF:210
FNH:194
DA:66,20
DA:67,20
DA:68,20
DA:69,20
DA:70,20
DA:71,20
DA:72,20
DA:73,20
DA:75,5
DA:76,5
DA:77,5
DA:78,5
DA:79,5
DA:80,5
DA:81,5
DA:82,5
DA:83,5
DA:84,5
DA:88,25
DA:89,25
DA:90,25
DA:92,25
DA:93,25
DA:94,25
DA:95,25
DA:96,25
DA:97,25
DA:98,25
DA:99,25
DA:100,25
DA:101,25
DA:102,25
DA:103,25
DA:104,25
DA:105,25
DA:106,25
DA:110,25
DA:111,25
DA:112,25
DA:114,0
DA:115,0
DA:116,0
DA:119,0
DA:121,0
DA:122,0
DA:123,0
DA:124,0
DA:125,0
DA:126,0
DA:128,0
DA:129,0
DA:130,0
DA:131,0
DA:132,0
DA:134,0
DA:135,0
DA:136,0
DA:137,0
DA:140,0
DA:142,0
DA:144,0
DA:145,0
DA:146,0
DA:147,0
DA:149,0
DA:151,0
DA:152,0
DA:155,0
DA:156,0
DA:157,0
DA:158,0
DA:159,0
DA:160,0
DA:161,0
DA:162,0
DA:163,0
DA:164,0
DA:166,0
DA:167,0
DA:168,0
DA:169,0
DA:171,0
DA:172,0
DA:174,21
DA:175,21
DA:176,21
DA:177,21
DA:178,21
DA:179,21
DA:180,21
DA:181,21
DA:182,21
DA:184,21
DA:185,21
DA:186,21
DA:187,21
DA:188,21
DA:189,21
DA:190,21
DA:191,21
DA:192,21
DA:194,3
DA:195,3
DA:196,3
DA:197,3
DA:198,3
DA:199,3
DA:201,3
DA:202,3
DA:203,3
DA:205,3
DA:206,3
DA:208,0
DA:209,0
DA:210,0
DA:212,0
DA:213,0
DA:214,0
DA:215,0
DA:218,0
DA:219,0
DA:220,0
DA:221,0
DA:222,0
DA:225,0
DA:226,0
DA:227,0
DA:230,0
DA:231,0
DA:232,0
DA:235,0
DA:236,0
DA:237,0
DA:238,0
DA:239,0
DA:240,0
DA:241,0
DA:244,0
DA:245,0
DA:246,0
DA:247,0
DA:248,0
DA:251,0
DA:252,0
DA:253,0
DA:254,0
DA:255,0
DA:258,0
DA:259,0
DA:260,0
DA:261,0
DA:262,0
DA:265,0
DA:266,0
DA:267,0
DA:268,0
DA:269,0
DA:271,0
DA:272,0
DA:273,0
DA:274,0
DA:275,0
DA:276,0
DA:278,0
DA:279,0
DA:280,0
DA:281,0
DA:282,0
DA:283,0
DA:284,0
DA:285,0
DA:287,0
DA:288,0
DA:289,0
DA:290,0
DA:291,0
DA:292,0
DA:293,0
DA:294,0
DA:295,0
DA:296,0
DA:297,0
DA:298,0
[...]
FNDA:1,_RNvNtNtCs8jSAcYvyeoG_4sshm6update5testss_31test_update_result_clone_and_eq
FNDA:1,_RNvNtNtCs8jSAcYvyeoG_4sshm6update5testss_31test_update_result_debug_format
FNDA:1,_RNvNtNtCs8jSAcYvyeoG_4sshm6update5testss_32test_cache_data_debug_format_new
FNDA:1,_RNvNtNtCs8jSAcYvyeoG_4sshm6update5testss_32test_cache_data_new_version_none
FNDA:1,_RNvNtNtCs8jSAcYvyeoG_4sshm6update5testss_32test_cache_data_new_version_some
FNDA:1,_RNvNtNtCs8jSAcYvyeoG_4sshm6update5testss_32test_check_for_update_cache_path
FNDA:1,_RNvNtNtCs8jSAcYvyeoG_4sshm6update5testss_32test_update_result_error_variant
FNDA:1,_RNvNtNtCs8jSAcYvyeoG_4sshm6update5testss_32test_write_cache_basic_operation
FNDA:1,_RNvNtNtCs8jSAcYvyeoG_4sshm6update5testss_33test_cache_directory_is_in_config
FNDA:1,_RNvNtNtCs8jSAcYvyeoG_4sshm6update5testss_33test_force_check_for_update_basic
FNDA:1,_RNvNtNtCs8jSAcYvyeoG_4sshm6update5testss_33test_should_check_update_no_cache
FNDA:1,_RNvNtNtCs8jSAcYvyeoG_4sshm6update5testss_34test_cache_duration_constant_value
FNDA:1,_RNvNtNtCs8jSAcYvyeoG_4sshm6update5testss_34test_get_platform_asset_name_basic
FNDA:1,_RNvNtNtCs8jSAcYvyeoG_4sshm6update5testss_34test_get_platform_asset_name_linux
FNDA:1,_RNvNtNtCs8jSAcYvyeoG_4sshm6update5testss_35test_update_result_debug_format_new
FNDA:1,_RNvNtNtCs8jSAcYvyeoG_4sshm6update5testss_36test_cache_data_has_last_check_field
FNDA:1,_RNvNtNtCs8jSAcYvyeoG_4sshm6update5testss_36test_cache_data_serialization_format
FNDA:1,_RNvNtNtCs8jSAcYvyeoG_4sshm6update5testss_36test_cache_data_with_semver_versions
FNDA:1,_RNvNtNtCs8jSAcYvyeoG_4sshm6update5testss_36test_cache_operations_return_results
FNDA:1,_RNvNtNtCs8jSAcYvyeoG_4sshm6update5testss_36test_update_check_path_compatibility
FNDA:1,_RNvNtNtCs8jSAcYvyeoG_4sshm6update5testss_36test_update_result_error_variant_new
FNDA:1,_RNvNtNtCs8jSAcYvyeoG_4sshm6update5testss_36test_update_result_no_update_variant
FNDA:1,_RNvNtNtCs8jSAcYvyeoG_4sshm6update5testss_37test_cache_file_path_has_correct_name
FNDA:1,_RNvNtNtCs8jSAcYvyeoG_4sshm6update5testss_38test_cache_data_all_field_combinations
FNDA:1,_RNvNtNtCs8jSAcYvyeoG_4sshm6update5testss_39test_cache_data_new_version_is_optional
FNDA:1,_RNvNtNtCs8jSAcYvyeoG_4sshm6update5testss_39test_cache_data_serialization_roundtrip
FNDA:1,_RNvNtNtCs8jSAcYvyeoG_4sshm6update5testss_39test_cache_data_serialization_with_none
FNDA:1,_RNvNtNtCs8jSAcYvyeoG_4sshm6update5testss_39test_should_check_update_error_handling
FNDA:1,_RNvNtNtCs8jSAcYvyeoG_4sshm6update5testss_40test_cache_duration_constant_correctness
FNDA:1,_RNvNtNtCs8jSAcYvyeoG_4sshm6update5testss_40test_get_platform_asset_name_result_type
FNDA:1,_RNvNtNtCs8jSAcYvyeoG_4sshm6update5testss_40test_get_platform_asset_name_unsupported
FNDA:1,_RNvNtNtCs8jSAcYvyeoG_4sshm6update5testss_41test_platform_asset_name_for_linux_x86_64
FNDA:1,_RNvNtNtCs8jSAcYvyeoG_4sshm6update5testss_41test_platform_asset_name_for_macos_x86_64
FNDA:1,_RNvNtNtCs8jSAcYvyeoG_4sshm6update5testss_41test_update_result_error_contains_message
FNDA:1,_RNvNtNtCs8jSAcYvyeoG_4sshm6update5testss_42test_get_platform_asset_name_all_platforms
FNDA:1,_RNvNtNtCs8jSAcYvyeoG_4sshm6update5testss_42test_platform_asset_name_for_macos_aarch64
FNDA:1,_RNvNtNtCs8jSAcYvyeoG_4sshm6update5testss_43test_platform_asset_name_for_windows_x86_64
FNDA:1,_RNvNtNtCs8jSAcYvyeoG_4sshm6update5testss_43test_update_result_update_available_variant
FNDA:1,_RNvNtNtCs8jSAcYvyeoG_4sshm6update5testss_44test_cache_data_debug_output_contains_fields
FNDA:1,_RNvNtNtCs8jSAcYvyeoG_4sshm6update5testss_44test_cache_data_deserializes_from_valid_json
FNDA:1,_RNvNtNtCs8jSAcYvyeoG_4sshm6update5testss_44test_cache_data_with_none_version_serializes
FNDA:1,_RNvNtNtCs8jSAcYvyeoG_4sshm6update5testss_44test_check_for_update_returns_result_variant
FNDA:1,_RNvNtNtCs8jSAcYvyeoG_4sshm6update5testss_44test_should_check_update_cache_expired_dummy
FNDA:1,_RNvNtNtCs8jSAcYvyeoG_4sshm6update5testss_44test_should_check_update_with_cargo_manifest
FNDA:1,_RNvNtNtCs8jSAcYvyeoG_4sshm6update5testss_45test_should_check_update_with_cargo_env_skips
FNDA:1,_RNvNtNtCs8jSAcYvyeoG_4sshm6update5testss_45test_update_result_debug_output_contains_name
FNDA:1,_RNvNtNtCs8jSAcYvyeoG_4sshm6update5testss_47test_update_info_debug_output_contains_versions
FNDA:1,_RNvNtNtCs8jSAcYvyeoG_4sshm6update5testss_48test_cache_data_deserializes_without_new_version
FNDA:1,_RNvNtNtCs8jSAcYvyeoG_4sshm6update5testss_49test_get_platform_asset_name_returns_valid_format
FNDA:1,_RNvNtNtCs8jSAcYvyeoG_4sshm6update5testss_50test_cache_data_deserializes_with_null_new_version
FNDA:1,_RNvNtNtCs8jSAcYvyeoG_4sshm6update5testss_50test_force_check_for_update_returns_result_variant
FNDA:1,_RNvNtNtCs8jSAcYvyeoG_4sshm6update5testss_52test_update_result_update_available_contains_version
FNDA:1,_RNvNtNtCs8jSAcYvyeoG_4sshm6update5testss_57test_get_platform_asset_name_contains_platform_identifier
FNDA:17,_RNvNtCs8jSAcYvyeoG_4sshm6update10read_cache
FNDA:12,_RNvNtCs8jSAcYvyeoG_4sshm6update11write_cache
FNDA:61,_RNvNtCs8jSAcYvyeoG_4sshm6update13get_cache_dir
FNDA:2,_RNvNtCs8jSAcYvyeoG_4sshm6update16check_for_update
FNDA:54,_RNvNtCs8jSAcYvyeoG_4sshm6update19get_cache_file_path
FNDA:9,_RNvNtCs8jSAcYvyeoG_4sshm6update19should_check_update
FNDA:22,_RNvNtCs8jSAcYvyeoG_4sshm6update19write_cache_to_path
FNDA:0,_RNvNtCs8jSAcYvyeoG_4sshm6update20download_and_extract
FNDA:7,_RNvNtCs8jSAcYvyeoG_4sshm6update20read_cache_from_path
FNDA:2,_RNvNtCs8jSAcYvyeoG_4sshm6update22check_for_update_inner
FNDA:2,_RNvNtCs8jSAcYvyeoG_4sshm6update22force_check_for_update
FNDA:14,_RNvNtCs8jSAcYvyeoG_4sshm6update23get_platform_asset_name
FNDA:0,_RNCNvNtCs8jSAcYvyeoG_4sshm6update10read_cache0B5_
FNDA:3,_RNCNvNtCs8jSAcYvyeoG_4sshm6update10read_caches_0B5_
FNDA:0,_RNCNvNtCs8jSAcYvyeoG_4sshm6update13get_cache_dir0B5_
FNDA:0,_RNCNvNtCs8jSAcYvyeoG_4sshm6update19should_check_update0B5_
FNDA:0,_RNCNvNtCs8jSAcYvyeoG_4sshm6update19write_cache_to_path0B5_
FNDA:0,_RNCNvNtCs8jSAcYvyeoG_4sshm6update19write_cache_to_paths0_0B5_
FNDA:0,_RNCNvNtCs8jSAcYvyeoG_4sshm6update19write_cache_to_paths_0B5_
FNDA:0,_RNCNvNtCs8jSAcYvyeoG_4sshm6update20download_and_extract0B5_
FNDA:0,_RNCNvNtCs8jSAcYvyeoG_4sshm6update20download_and_extracts0_0B5_
FNDA:0,_RNCNvNtCs8jSAcYvyeoG_4sshm6update20download_and_extracts1_0B5_
FNDA:0,_RNCNvNtCs8jSAcYvyeoG_4sshm6update20download_and_extracts2_0B5_
FNDA:0,_RNCNvNtCs8jSAcYvyeoG_4sshm6update20download_and_extracts3_0B5_
FNDA:0,_RNCNvNtCs8jSAcYvyeoG_4sshm6update20download_and_extracts4_0B5_
FNDA:0,_RNCNvNtCs8jSAcYvyeoG_4sshm6update20download_and_extracts5_0B5_
FNDA:0,_RNCNvNtCs8jSAcYvyeoG_4sshm6update20download_and_extracts_0B5_
FNDA:0,_RNCNvNtCs8jSAcYvyeoG_4sshm6update20read_cache_from_path0B5_
FNDA:0,_RNCNvNtCs8jSAcYvyeoG_4sshm6update20read_cache_from_paths_0B5_
FNDA:0,_RNCNvNtCs8jSAcYvyeoG_4sshm6update22check_for_update_inner0B5_
FNDA:1,_RNCNvNtNtCs8jSAcYvyeoG_4sshm6update5testss_23test_cache_file_is_json0B7_
FNDA:1,_RNCNvNtNtCs8jSAcYvyeoG_4sshm6update5testss_23test_read_cache_no_file0B7_
FNDA:1,_RNCNvNtNtCs8jSAcYvyeoG_4sshm6update5testss_25test_cache_file_extension0B7_
FNDA:1,_RNCNvNtNtCs8jSAcYvyeoG_4sshm6update5testss_25test_cache_json_structure0B7_
FNDA:0,_RNCNvNtNtCs8jSAcYvyeoG_4sshm6update5testss_29test_cache_duration_threshold0B7_
FNDA:1,_RNCNvNtNtCs8jSAcYvyeoG_4sshm6update5testss_29test_write_cache_creates_file0B7_
FNDA:0,_RNCNvNtNtCs8jSAcYvyeoG_4sshm6update5testss_31test_cache_just_under_threshold0B7_
FNDA:1,_RNCNvNtNtCs8jSAcYvyeoG_4sshm6update5testss_31test_cache_timestamp_is_current0B7_
FNDA:25,_RNCNvNtNtCs8jSAcYvyeoG_4sshm6update5testss_31test_platform_asset_name_format0B7_
FNDA:1,_RNCNvNtNtCs8jSAcYvyeoG_4sshm6update5testss_32test_read_cache_with_valid_cache0B7_
FNDA:1,_RNCNvNtNtCs8jSAcYvyeoG_4sshm6update5testss_33test_cache_operations_independent0B7_
FNDA:1,_RNCNvNtNtCs8jSAcYvyeoG_4sshm6update5testss_33test_read_cache_with_invalid_json0B7_
FNDA:1,_RNCNvNtNtCs8jSAcYvyeoG_4sshm6update5testss_34test_write_cache_with_none_version0B7_
FNDA:1,_RNCNvNtNtCs8jSAcYvyeoG_4sshm6update5testss_35test_write_and_read_cache_roundtrip0B7_
FNDA:1,_RNCNvNtNtCs8jSAcYvyeoG_4sshm6update5testss_36test_cache_with_empty_version_string0B7_
FNDA:1,_RNCNvNtNtCs8jSAcYvyeoG_4sshm6update5testss_38test_cache_overwrites_previous_content0B7_
FNDA:1,_RNCNvNtNtCs8jSAcYvyeoG_4sshm6update5testss_38test_should_check_update_cache_expired0B7_
FNDA:1,_RNCNvNtNtCs8jSAcYvyeoG_4sshm6update5testss_38test_should_check_update_with_no_cache0B7_
FNDA:1,_RNCNvNtNtCs8jSAcYvyeoG_4sshm6update5testss_40test_cache_persistence_across_read_write0B7_
FNDA:1,_RNCNvNtNtCs8jSAcYvyeoG_4sshm6update5testss_42test_should_check_update_cache_not_expired0B7_
FNDA:1,_RNCNvNtNtCs8jSAcYvyeoG_4sshm6update5testss_44test_cache_timestamp_monotonically_increases0B7_
FNDA:25,_RNCNvNtNtCs8jSAcYvyeoG_4sshm6update5testss_49test_get_platform_asset_name_returns_valid_format0B7_
FNF:147
FNH:127
DA:24,121
DA:25,121
DA:26,121
DA:27,121
DA:29,121
DA:30,121
DA:32,121
DA:33,121
DA:35,107
DA:36,107
DA:37,107
DA:45,33
DA:46,33
DA:48,33
DA:49,4
DA:50,29
DA:52,29
DA:53,29
DA:55,25
DA:56,29
DA:58,25
DA:59,33
DA:61,24
DA:62,24
DA:63,24
DA:64,24
DA:66,44
DA:67,44
DA:68,44
DA:69,44
DA:70,44
DA:72,44
DA:73,44
DA:74,44
DA:75,44
DA:77,44
DA:78,44
DA:80,44
DA:82,44
DA:83,44
DA:86,14
DA:87,14
DA:88,0
DA:89,14
DA:91,14
DA:92,14
DA:94,14
DA:95,14
DA:97,14
DA:98,14
DA:100,18
DA:102,18
DA:103,11
DA:104,7
DA:106,7
DA:108,7
DA:109,2
DA:110,5
DA:111,5
DA:112,5
DA:113,5
DA:114,5
DA:116,5
DA:119,18
DA:121,28
DA:122,28
DA:123,28
DA:125,28
DA:126,28
DA:127,0
DA:128,0
DA:129,0
DA:130,0
DA:133,28
DA:134,28
DA:136,4
DA:137,4
DA:140,4
DA:143,4
DA:144,2
DA:145,2
DA:146,2
DA:147,2
DA:148,2
DA:149,0
DA:150,0
DA:152,2
DA:155,0
DA:156,0
DA:157,0
DA:158,0
DA:162,0
DA:163,0
DA:164,0
DA:165,0
DA:166,0
DA:170,0
DA:171,0
DA:172,0
DA:173,0
DA:174,0
DA:175,0
DA:176,0
DA:177,0
DA:178,0
DA:180,0
DA:181,0
DA:182,0
DA:183,0
DA:187,0
DA:188,0
DA:189,0
DA:190,0
DA:191,0
DA:195,0
DA:197,0
DA:198,0
DA:200,0
DA:201,0
DA:202,0
DA:203,0
DA:204,0
DA:207,4
DA:209,4
DA:210,4
DA:211,4
DA:213,4
DA:214,4
DA:216,4
DA:217,4
DA:218,0
DA:219,0
DA:220,0
DA:224,4
DA:226,4
DA:230,4
DA:231,4
DA:232,4
DA:233,4
DA:234,4
DA:236,4
DA:237,4
DA:238,4
DA:239,0
DA:240,0
DA:241,4
DA:243,4
DA:244,4
DA:245,4
DA:246,4
DA:247,0
DA:249,0
DA:251,0
DA:252,0
DA:254,0
DA:255,0
DA:256,0
DA:257,0
DA:258,0
DA:262,0
DA:266,0
DA:268,0
DA:269,0
DA:270,0
DA:272,0
DA:274,0
DA:275,0
DA:276,0
DA:277,0
DA:278,0
DA:280,0
DA:281,0
DA:282,0
DA:286,0
DA:287,0
DA:288,0
DA:291,0
DA:292,0
DA:293,0
DA:296,4
DA:298,0
DA:299,0
DA:300,0
DA:301,0
DA:302,0
DA:303,0
DA:308,0
DA:310,0
DA:311,0
DA:312,0
DA:313,0
DA:315,0
DA:316,0
DA:317,0
DA:318,0
DA:319,0
DA:320,0
DA:322,0
DA:323,0
DA:324,0
DA:326,0
DA:327,0
DA:329,0
DA:330,0
DA:331,0
DA:332,0
DA:333,0
DA:335,0
DA:337,0
DA:338,0
DA:339,0
DA:340,0
DA:342,0
DA:345,0
DA:346,0
DA:347,0
DA:350,0
DA:351,0
DA:352,0
DA:353,0
DA:356,0
DA:357,0
DA:358,0
DA:361,0
DA:362,0
DA:364,0
DA:366,0
DA:368,0
DA:369,0
DA:377,2
DA:378,2
DA:379,2
DA:380,2
DA:383,2
DA:385,2
DA:386,2
DA:387,2
DA:388,2
DA:391,2
DA:392,2
DA:393,2
DA:394,2
DA:395,2
DA:396,2
DA:397,2
DA:398,2
DA:401,2
DA:402,2
DA:403,2
DA:404,2
DA:405,2
DA:407,2
DA:408,2
DA:410,2
DA:411,2
DA:412,2
DA:413,2
DA:416,2
DA:417,2
DA:418,2
DA:419,2
DA:420,2
DA:421,2
DA:423,2
DA:424,2
DA:425,0
DA:428,2
DA:429,2
DA:430,2
DA:432,0
DA:435,2
DA:436,2
DA:437,2
DA:439,0
DA:441,2
DA:444,2
DA:445,2
DA:446,2
DA:447,2
DA:448,2
DA:450,2
DA:451,2
DA:452,2
DA:455,2
DA:456,2
DA:457,2
DA:460,2
DA:461,2
DA:462,2
DA:463,2
DA:464,2
DA:465,2
DA:468,2
DA:469,2
DA:470,2
DA:471,2
DA:472,2
DA:473,2
DA:474,2
DA:477,2
DA:478,2
DA:479,2
DA:481,2
DA:482,2
DA:483,2
DA:484,2
DA:485,2
DA:488,2
DA:489,2
DA:490,2
DA:491,2
DA:492,2
DA:493,2
DA:494,2
DA:495,2
DA:498,2
DA:500,2
DA:501,2
DA:502,2
DA:505,2
DA:507,2
DA:508,2
DA:509,2
DA:510,2
DA:513,2
DA:514,2
DA:515,2
DA:516,2
DA:517,0
DA:518,0
DA:519,0
DA:520,0
DA:521,0
DA:522,2
DA:525,2
DA:526,2
DA:527,2
DA:528,2
DA:529,2
DA:532,2
DA:533,2
DA:534,2
DA:535,2
DA:536,2
DA:537,2
DA:538,2
DA:539,2
DA:540,2
DA:543,2
DA:544,2
DA:545,2
DA:546,2
DA:547,0
DA:549,2
DA:552,2
DA:553,2
DA:554,2
DA:555,2
DA:556,2
DA:557,2
DA:558,2
DA:559,2
DA:561,0
DA:563,2
DA:566,2
DA:567,2
DA:568,2
DA:569,2
DA:570,2
DA:571,2
DA:572,2
DA:573,2
DA:574,2
DA:577,2
DA:578,2
DA:579,2
DA:580,2
DA:581,2
DA:582,2
DA:583,2
DA:584,2
DA:587,2
DA:588,2
DA:589,2
DA:592,2
DA:593,2
DA:594,2
DA:597,2
DA:598,2
DA:599,2
DA:600,2
DA:602,2
DA:603,2
DA:604,50
DA:605,2
DA:608,2
DA:610,2
DA:611,2
DA:612,2
DA:615,2
DA:616,2
DA:617,2
DA:618,2
DA:619,2
DA:620,2
DA:623,2
DA:624,2
DA:625,2
DA:626,2
DA:627,2
DA:630,2
DA:631,2
DA:632,2
DA:633,2
DA:634,2
DA:635,2
DA:636,2
DA:637,2
DA:640,2
DA:641,2
DA:642,2
DA:643,2
DA:644,2
DA:645,2
DA:646,2
DA:647,2
DA:650,2
DA:652,2
DA:653,2
DA:654,2
DA:657,2
DA:658,2
DA:659,2
DA:660,2
DA:663,2
DA:664,2
DA:665,2
DA:666,2
DA:667,2
DA:668,2
DA:670,2
DA:671,2
DA:672,0
DA:674,2
DA:675,2
DA:676,0
DA:678,2
DA:679,2
DA:680,0
DA:682,2
DA:685,2
DA:686,2
DA:687,2
DA:688,2
DA:689,2
DA:690,2
DA:691,2
DA:692,2
DA:695,2
DA:696,2
DA:697,2
DA:698,2
DA:699,2
DA:700,2
DA:701,2
DA:702,2
DA:705,2
DA:707,2
DA:709,2
DA:711,2
DA:712,2
DA:715,2
DA:716,2
DA:717,2
DA:718,2
DA:719,2
DA:722,2
DA:723,2
DA:724,2
DA:725,2
DA:726,2
DA:727,2
DA:728,2
DA:729,2
DA:730,2
DA:733,2
DA:734,2
DA:735,2
DA:736,2
DA:737,2
DA:738,2
DA:739,2
DA:740,2
DA:743,2
DA:745,2
DA:746,2
DA:748,2
DA:749,2
DA:750,2
DA:753,2
DA:754,2
DA:755,2
DA:756,2
DA:759,2
DA:760,2
DA:761,2
DA:762,2
DA:763,2
DA:764,2
DA:767,2
DA:768,2
DA:769,2
DA:770,2
DA:773,2
DA:774,2
DA:775,2
DA:777,2
DA:778,2
DA:779,2
DA:781,2
DA:782,1
DA:783,1
DA:784,1
DA:785,1
DA:786,2
DA:789,2
DA:791,2
DA:792,2
DA:793,2
DA:794,2
DA:795,2
DA:796,2
DA:797,2
DA:800,2
DA:801,2
DA:802,2
DA:803,2
DA:806,2
DA:808,2
DA:811,2
DA:812,2
DA:815,2
DA:816,2
DA:817,2
DA:818,2
DA:819,2
DA:820,2
DA:823,2
DA:824,2
DA:825,2
DA:826,2
DA:827,2
DA:828,2
DA:829,2
DA:832,2
DA:833,2
DA:834,2
DA:835,2
DA:836,2
DA:837,2
DA:838,2
DA:841,2
DA:842,2
DA:843,2
DA:844,2
DA:847,2
DA:848,2
DA:849,2
DA:850,2
DA:851,2
DA:854,2
DA:855,2
DA:856,2
DA:857,2
DA:860,2
DA:863,2
DA:864,2
DA:865,2
DA:866,2
DA:869,2
DA:872,2
DA:873,2
DA:874,2
DA:876,2
DA:877,2
DA:878,2
DA:881,2
DA:882,2
DA:883,2
DA:884,2
DA:885,2
DA:886,2
DA:887,2
DA:890,2
DA:891,2
DA:892,2
DA:893,2
DA:894,2
DA:895,2
DA:896,2
DA:897,2
DA:898,2
DA:899,2
DA:900,2
DA:901,2
DA:904,2
DA:905,2
DA:906,2
DA:907,2
DA:910,2
DA:911,2
DA:912,2
DA:913,2
DA:914,2
DA:915,0
DA:917,2
DA:920,2
DA:921,2
DA:922,2
DA:923,2
DA:924,2
DA:925,2
DA:926,2
DA:927,2
DA:928,2
DA:931,2
DA:932,2
DA:933,2
DA:934,2
DA:935,2
DA:936,2
DA:937,2
DA:938,2
DA:941,2
DA:942,2
DA:943,2
DA:944,2
DA:945,2
DA:948,2
DA:949,2
DA:950,2
DA:951,2
DA:952,2
DA:953,2
DA:954,2
DA:955,2
DA:956,2
DA:959,2
DA:960,2
DA:961,2
DA:962,2
DA:963,2
DA:964,2
DA:965,2
DA:966,2
DA:967,2
DA:970,2
DA:971,2
DA:972,2
DA:973,2
DA:974,0
DA:976,2
DA:979,2
DA:980,2
DA:981,2
DA:982,2
DA:983,2
DA:984,2
DA:985,0
DA:987,2
DA:990,2
DA:991,2
DA:992,2
DA:993,2
DA:994,2
DA:995,2
DA:996,2
DA:997,2
DA:998,2
DA:1001,2
DA:1002,2
DA:1003,2
DA:1004,2
DA:1005,2
DA:1006,2
DA:1007,2
DA:1008,2
DA:1012,2
DA:1013,2
DA:1014,2
DA:1016,2
DA:1017,2
DA:1022,2
DA:1023,2
DA:1024,2
DA:1025,2
DA:1026,2
DA:1028,2
DA:1029,2
DA:1030,2
DA:1032,2
DA:1034,2
DA:1035,2
DA:1036,2
DA:1037,2
DA:1039,2
DA:1040,2
DA:1041,2
DA:1043,2
DA:1048,2
DA:1049,2
DA:1050,2
DA:1051,2
DA:1053,2
DA:1054,2
DA:1056,2
DA:1061,2
DA:1062,2
DA:1063,2
DA:1065,2
DA:1066,2
DA:1067,2
DA:1069,2
DA:1070,2
DA:1072,2
DA:1077,2
DA:1078,2
DA:1079,2
DA:1081,2
DA:1082,2
DA:1084,2
DA:1085,2
DA:1086,2
DA:1088,2
DA:1093,2
DA:1094,2
DA:1095,2
DA:1096,2
DA:1098,2
DA:1099,2
DA:1100,2
DA:1102,2
DA:1107,2
DA:1108,2
DA:1109,2
DA:1110,2
DA:1111,2
DA:1113,2
DA:1114,2
DA:1115,2
DA:1116,2
DA:1118,2
DA:1119,2
DA:1120,2
DA:1121,2
DA:1122,2
DA:1124,2
DA:1125,2
DA:1126,2
DA:1128,2
DA:1133,2
DA:1134,2
DA:1135,2
DA:1136,2
DA:1137,2
DA:1139,2
DA:1140,2
DA:1141,2
DA:1142,2
DA:1143,2
DA:1145,2
DA:1146,2
DA:1147,2
DA:1149,2
DA:1153,2
DA:1154,2
DA:1155,2
DA:1157,2
DA:1158,2
DA:1159,2
DA:1161,2
DA:1162,1
DA:1163,1
DA:1164,1
DA:1165,1
DA:1166,2
DA:1169,2
DA:1170,2
DA:1171,2
DA:1173,2
DA:1174,2
DA:1176,2
DA:1177,2
DA:1178,50
DA:1179,2
DA:1182,2
DA:1183,2
DA:1184,2
DA:1186,2
DA:1187,2
DA:1188,2
DA:1190,2
DA:1191,2
DA:1192,0
DA:1193,0
DA:1194,0
DA:1196,2
DA:1199,2
DA:1200,2
DA:1201,2
DA:1202,2
DA:1203,2
DA:1205,2
DA:1206,2
DA:1208,2
DA:1209,2
DA:1210,2
DA:1213,2
DA:1214,2
DA:1215,2
DA:1216,2
DA:1217,2
DA:1219,2
DA:1220,2
DA:1222,2
DA:1223,2
DA:1224,2
DA:1228,2
DA:1229,2
DA:1230,2
DA:1231,2
DA:1233,2
DA:1235,2
DA:1236,2
DA:1238,2
DA:1239,2
DA:1241,2
DA:1242,2
DA:1244,2
DA:1245,2
DA:1246,2
DA:1248,2
DA:1253,2
DA:1254,2
DA:1255,2
DA:1256,2
DA:1258,2
DA:1260,2
DA:1262,2
DA:1263,2
DA:1264,2
DA:1265,2
DA:1267,2
DA:1272,2
DA:1273,2
DA:1274,2
DA:1276,2
DA:1277,2
DA:1278,2
DA:1279,2
DA:1281,2
DA:1283,2
DA:1284,2
DA:1285,2
DA:1286,2
DA:1288,2
DA:1289,2
DA:1290,2
DA:1292,2
DA:1298,0
DA:1299,0
DA:1300,0
DA:1301,0
DA:1302,0
DA:1304,0
DA:1305,0
DA:1306,0
DA:1307,0
DA:1309,0
DA:1310,0
DA:1311,0
DA:1312,0
DA:1314,0
DA:1315,0
DA:1316,0
DA:1318,0
DA:1324,0
DA:1325,0
DA:1326,0
DA:1327,0
DA:1328,0
DA:1330,0
DA:1331,0
DA:1332,0
DA:1333,0
DA:1335,0
DA:1336,0
DA:1337,0
DA:1338,0
DA:1339,0
DA:1341,0
DA:1342,0
DA:1343,0
DA:1345,0
DA:1349,2
DA:1350,2
DA:1351,2
DA:1352,2
DA:1353,0
DA:1355,2
DA:1358,2
DA:1359,2
DA:1360,2
DA:1361,2
DA:1362,2
DA:1363,2
DA:1364,2
DA:1366,0
DA:1368,2
DA:1371,2
DA:1372,2
DA:1373,2
DA:1374,2
DA:1375,2
DA:1377,0
DA:1379,2
DA:1382,2
DA:1383,2
DA:1384,2
DA:1385,2
DA:1386,2
DA:1388,2
DA:1389,2
DA:1390,2
DA:1392,0
DA:1394,2
DA:1397,2
DA:1398,2
DA:1399,2
DA:1400,2
DA:1401,2
DA:1403,2
DA:1404,2
DA:1405,2
DA:1408,2
DA:1409,2
DA:1410,2
DA:1411,2
DA:1412,2
DA:1413,2
DA:1415,2
DA:1416,2
DA:1417,2
DA:1420,2
DA:1421,2
DA:1422,2
DA:1424,2
DA:1425,2
DA:1426,2
DA:1427,2
DA:1430,2
DA:1431,2
DA:1432,2
DA:1434,2
DA:1435,2
DA:1436,2
DA:1437,2
DA:1441,2
DA:1442,2
DA:1443,2
DA:1444,2
DA:1446,2
DA:1447,2
DA:1449,2
DA:1450,2
DA:1452,2
DA:1453,2
DA:1455,2
DA:1459,2
DA:1460,2
DA:1461,2
DA:1462,1
DA:1463,1
DA:1464,1
DA:1466,0
DA:1467,0
DA:1470,2
DA:1473,2
DA:1474,2
DA:1475,2
DA:1476,2
DA:1477,0
DA:1478,0
DA:1480,0
DA:1481,0
DA:1484,2
DA:1487,2
DA:1488,2
DA:1489,2
DA:1490,2
DA:1491,2
DA:1492,2
DA:1494,2
DA:1495,2
DA:1496,2
DA:1497,2
DA:1498,2
DA:1501,2
DA:1502,2
DA:1503,2
DA:1504,2
DA:1505,2
DA:1507,2
DA:1508,2
DA:1509,2
DA:1512,2
DA:1513,2
DA:1514,2
DA:1515,2
DA:1516,2
DA:1517,2
DA:1520,8
DA:1521,8
DA:1522,8
DA:1523,8
DA:1524,8
DA:1525,8
DA:1526,8
DA:1528,2
DA:1532,2
DA:1533,2
DA:1534,2
DA:1535,2
DA:1537,2
DA:1539,6
DA:1540,6
DA:1541,6
DA:1542,6
DA:1545,2
DA:1550,2
DA:1551,2
DA:1552,2
DA:1553,2
DA:1555,2
DA:1556,2
DA:1558,2
DA:1559,2
DA:1561,2
DA:1566,2
DA:1567,2
DA:1568,2
DA:1570,2
DA:1571,2
DA:1573,2
DA:1574,2
DA:1576,2
DA:1581,2
DA:1582,2
DA:1583,2
DA:1585,2
DA:1586,2
DA:1588,2
DA:1590,2
DA:1591,2
DA:1593,2
DA:1595,2
DA:1599,2
DA:1600,2
DA:1602,10
DA:1603,10
DA:1604,10
DA:1605,10
DA:1606,10
DA:1607,10
DA:1609,2
DA:1613,2
DA:1614,2
DA:1615,2
DA:1616,2
DA:1618,2
DA:1620,2
DA:1622,2
DA:1624,2
DA:1625,2
DA:1627,2
DA:1628,2
DA:1630,2
DA:1631,2
DA:1633,2
DA:1637,2
DA:1638,2
DA:1639,2
DA:1640,2
DA:1641,2
DA:1643,2
DA:1644,2
DA:1645,2
DA:1646,2
DA:1649,2
DA:1650,2
DA:1651,2
DA:1652,2
DA:1653,2
DA:1655,2
DA:1656,2
DA:1657,2
DA:1658,2
DA:1661,2
DA:1662,2
DA:1663,2
DA:1664,2
DA:1666,2
DA:1667,2
DA:1668,2
DA:1669,2
DA:1672,2
DA:1673,2
DA:1674,2
DA:1676,2
DA:1677,2
DA:1678,2
DA:1679,0
DA:1680,2
DA:1683,2
DA:1684,2
DA:1685,2
DA:1687,2
DA:1688,2
DA:1689,0
DA:1690,2
DA:1691,2
DA:1694,2
DA:1695,2
DA:1696,2
DA:1698,2
DA:1699,2
DA:1700,0
DA:1701,2
DA:1702,2
DA:1705,2
DA:1706,2
DA:1707,2
DA:1709,2
DA:1710,2
DA:1711,0
DA:1712,2
DA:1713,2
DA:1716,2
DA:1717,2
DA:1718,2
DA:1719,2
DA:1720,2
DA:1721,2
DA:1724,2
DA:1725,2
DA:1726,2
DA:1727,2
DA:1728,2
DA:1730,2
DA:1733,2
DA:1734,2
DA:1735,2
DA:1736,2
DA:1737,2
DA:1741,2
DA:1744,2
DA:1745,2
DA:1746,2
DA:1748,2
DA:1749,2
DA:1750,2
BRF:0
BRH:0
LF:1192
LH:978
end_of_record