SF:/home/rute/projgit/ssh-manager/sshm/src/app.rs
FN:75,_RNvMNtCsbeDL4a92g02_4sshm3appNtB2_11InputBuffer15from_connection
FN:66,_RNvMNtCsbeDL4a92g02_4sshm3appNtB2_11InputBuffer5clear
FN:976,_RNvMs0_NtCsbeDL4a92g02_4sshm3appNtB5_3App11render_help
FN:691,_RNvMs0_NtCsbeDL4a92g02_4sshm3appNtB5_3App11render_list
FN:785,_RNvMs0_NtCsbeDL4a92g02_4sshm3appNtB5_3App12render_input
FN:194,_RNvMs0_NtCsbeDL4a92g02_4sshm3appNtB5_3App12render_popup
FN:142,_RNvMs0_NtCsbeDL4a92g02_4sshm3appNtB5_3App12show_message
FN:174,_RNvMs0_NtCsbeDL4a92g02_4sshm3appNtB5_3App13centered_rect
FN:763,_RNvMs0_NtCsbeDL4a92g02_4sshm3appNtB5_3App13render_footer
FN:662,_RNvMs0_NtCsbeDL4a92g02_4sshm3appNtB5_3App13render_header
FN:865,_RNvMs0_NtCsbeDL4a92g02_4sshm3appNtB5_3App13render_search
FN:607,_RNvMs0_NtCsbeDL4a92g02_4sshm3appNtB5_3App13update_filter
FN:503,_RNvMs0_NtCsbeDL4a92g02_4sshm3appNtB5_3App15save_connection
FN:587,_RNvMs0_NtCsbeDL4a92g02_4sshm3appNtB5_3App16check_for_update
FN:424,_RNvMs0_NtCsbeDL4a92g02_4sshm3appNtB5_3App16handle_help_mode
FN:443,_RNvMs0_NtCsbeDL4a92g02_4sshm3appNtB5_3App17append_input_char
FN:548,_RNvMs0_NtCsbeDL4a92g02_4sshm3appNtB5_3App17delete_connection
FN:465,_RNvMs0_NtCsbeDL4a92g02_4sshm3appNtB5_3App17delete_input_char
FN:340,_RNvMs0_NtCsbeDL4a92g02_4sshm3appNtB5_3App17handle_input_mode
FN:884,_RNvMs0_NtCsbeDL4a92g02_4sshm3appNtB5_3App17render_search_bar
FN:208,_RNvMs0_NtCsbeDL4a92g02_4sshm3appNtB5_3App18handle_normal_mode
FN:391,_RNvMs0_NtCsbeDL4a92g02_4sshm3appNtB5_3App18handle_search_mode
FN:952,_RNvMs0_NtCsbeDL4a92g02_4sshm3appNtB5_3App18handle_update_mode
FN:569,_RNvMs0_NtCsbeDL4a92g02_4sshm3appNtB5_3App18import_connections
FN:459,_RNvMs0_NtCsbeDL4a92g02_4sshm3appNtB5_3App19advance_input_field
FN:915,_RNvMs0_NtCsbeDL4a92g02_4sshm3appNtB5_3App19render_update_popup
FN:491,_RNvMs0_NtCsbeDL4a92g02_4sshm3appNtB5_3App23get_current_input_field
FN:110,_RNvMs0_NtCsbeDL4a92g02_4sshm3appNtB5_3App3new
FN:114,_RNvMs0_NtCsbeDL4a92g02_4sshm3appNtB5_3App3run
FN:635,_RNvMs0_NtCsbeDL4a92g02_4sshm3appNtB5_3App6render
FN:579,_RNvMs0_NtCsbeDL4a92g02_4sshm3appNtB5_3App7connect
FN:88,_RNvXs_NtCsbeDL4a92g02_4sshm3appNtB4_3AppNtNtCs4kUJL3MZFFz_4core7default7Default7default
FN:720,_RNCNvMs0_NtCsbeDL4a92g02_4sshm3appNtB7_3App11render_list0B9_
FN:144,_RNCNvMs0_NtCsbeDL4a92g02_4sshm3appNtB7_3App12show_message0B9_
FN:616,_RNCNvMs0_NtCsbeDL4a92g02_4sshm3appNtB7_3App13update_filter0B9_
FN:510,_RNCNvMs0_NtCsbeDL4a92g02_4sshm3appNtB7_3App15save_connection0B9_
FN:511,_RNCNvMs0_NtCsbeDL4a92g02_4sshm3appNtB7_3App15save_connections_0B9_
FN:426,_RNCNvMs0_NtCsbeDL4a92g02_4sshm3appNtB7_3App16handle_help_mode0B9_
FN:552,_RNCNvMs0_NtCsbeDL4a92g02_4sshm3appNtB7_3App17delete_connection0B9_
FN:553,_RNCNvMs0_NtCsbeDL4a92g02_4sshm3appNtB7_3App17delete_connections_0B9_
FN:342,_RNCNvMs0_NtCsbeDL4a92g02_4sshm3appNtB7_3App17handle_input_mode0B9_
FN:393,_RNCNvMs0_NtCsbeDL4a92g02_4sshm3appNtB7_3App18handle_search_mode0B9_
FN:954,_RNCNvMs0_NtCsbeDL4a92g02_4sshm3appNtB7_3App18handle_update_mode0B9_
FN:119,_RNCNvMs0_NtCsbeDL4a92g02_4sshm3appNtB7_3App3run0B9_
FN:75,_RNvMNtCs1iXx7wZxmjH_4sshm3appNtB2_11InputBuffer15from_connection
FN:66,_RNvMNtCs1iXx7wZxmjH_4sshm3appNtB2_11InputBuffer5clear
FN:976,_RNvMs0_NtCs1iXx7wZxmjH_4sshm3appNtB5_3App11render_help
FN:691,_RNvMs0_NtCs1iXx7wZxmjH_4sshm3appNtB5_3App11render_list
FN:785,_RNvMs0_NtCs1iXx7wZxmjH_4sshm3appNtB5_3App12render_input
FN:194,_RNvMs0_NtCs1iXx7wZxmjH_4sshm3appNtB5_3App12render_popup
FN:142,_RNvMs0_NtCs1iXx7wZxmjH_4sshm3appNtB5_3App12show_message
FN:174,_RNvMs0_NtCs1iXx7wZxmjH_4sshm3appNtB5_3App13centered_rect
FN:763,_RNvMs0_NtCs1iXx7wZxmjH_4sshm3appNtB5_3App13render_footer
FN:662,_RNvMs0_NtCs1iXx7wZxmjH_4sshm3appNtB5_3App13render_header
FN:865,_RNvMs0_NtCs1iXx7wZxmjH_4sshm3appNtB5_3App13render_search
FN:607,_RNvMs0_NtCs1iXx7wZxmjH_4sshm3appNtB5_3App13update_filter
FN:503,_RNvMs0_NtCs1iXx7wZxmjH_4sshm3appNtB5_3App15save_connection
FN:587,_RNvMs0_NtCs1iXx7wZxmjH_4sshm3appNtB5_3App16check_for_update
FN:424,_RNvMs0_NtCs1iXx7wZxmjH_4sshm3appNtB5_3App16handle_help_mode
FN:443,_RNvMs0_NtCs1iXx7wZxmjH_4sshm3appNtB5_3App17append_input_char
FN:548,_RNvMs0_NtCs1iXx7wZxmjH_4sshm3appNtB5_3App17delete_connection
FN:465,_RNvMs0_NtCs1iXx7wZxmjH_4sshm3appNtB5_3App17delete_input_char
FN:340,_RNvMs0_NtCs1iXx7wZxmjH_4sshm3appNtB5_3App17handle_input_mode
FN:884,_RNvMs0_NtCs1iXx7wZxmjH_4sshm3appNtB5_3App17render_search_bar
FN:208,_RNvMs0_NtCs1iXx7wZxmjH_4sshm3appNtB5_3App18handle_normal_mode
FN:391,_RNvMs0_NtCs1iXx7wZxmjH_4sshm3appNtB5_3App18handle_search_mode
FN:952,_RNvMs0_NtCs1iXx7wZxmjH_4sshm3appNtB5_3App18handle_update_mode
FN:569,_RNvMs0_NtCs1iXx7wZxmjH_4sshm3appNtB5_3App18import_connections
FN:459,_RNvMs0_NtCs1iXx7wZxmjH_4sshm3appNtB5_3App19advance_input_field
FN:915,_RNvMs0_NtCs1iXx7wZxmjH_4sshm3appNtB5_3App19render_update_popup
FN:491,_RNvMs0_NtCs1iXx7wZxmjH_4sshm3appNtB5_3App23get_current_input_field
FN:110,_RNvMs0_NtCs1iXx7wZxmjH_4sshm3appNtB5_3App3new
FN:114,_RNvMs0_NtCs1iXx7wZxmjH_4sshm3appNtB5_3App3run
FN:635,_RNvMs0_NtCs1iXx7wZxmjH_4sshm3appNtB5_3App6render
FN:579,_RNvMs0_NtCs1iXx7wZxmjH_4sshm3appNtB5_3App7connect
FN:88,_RNvXs_NtCs1iXx7wZxmjH_4sshm3appNtB4_3AppNtNtCs4kUJL3MZFFz_4core7default7Default7default
FN:720,_RNCNvMs0_NtCs1iXx7wZxmjH_4sshm3appNtB7_3App11render_list0B9_
FN:144,_RNCNvMs0_NtCs1iXx7wZxmjH_4sshm3appNtB7_3App12show_message0B9_
FN:616,_RNCNvMs0_NtCs1iXx7wZxmjH_4sshm3appNtB7_3App13update_filter0B9_
FN:510,_RNCNvMs0_NtCs1iXx7wZxmjH_4sshm3appNtB7_3App15save_connection0B9_
FN:511,_RNCNvMs0_NtCs1iXx7wZxmjH_4sshm3appNtB7_3App15save_connections_0B9_
FN:426,_RNCNvMs0_NtCs1iXx7wZxmjH_4sshm3appNtB7_3App16handle_help_mode0B9_
FN:552,_RNCNvMs0_NtCs1iXx7wZxmjH_4sshm3appNtB7_3App17delete_connection0B9_
FN:553,_RNCNvMs0_NtCs1iXx7wZxmjH_4sshm3appNtB7_3App17delete_connections_0B9_
FN:342,_RNCNvMs0_NtCs1iXx7wZxmjH_4sshm3appNtB7_3App17handle_input_mode0B9_
FN:393,_RNCNvMs0_NtCs1iXx7wZxmjH_4sshm3appNtB7_3App18handle_search_mode0B9_
FN:954,_RNCNvMs0_NtCs1iXx7wZxmjH_4sshm3appNtB7_3App18handle_update_mode0B9_
FN:119,_RNCNvMs0_NtCs1iXx7wZxmjH_4sshm3appNtB7_3App3run0B9_
FN:1033,_RNvNtNtCs1JeHJ6PG7fk_4sshm3app5tests15create_test_app
FN:1080,_RNvNtNtCs1JeHJ6PG7fk_4sshm3app5testss_12test_app_new
FN:2695,_RNvNtNtCs1JeHJ6PG7fk_4sshm3app5testss_16test_app_mode_eq
FN:2705,_RNvNtNtCs1JeHJ6PG7fk_4sshm3app5testss_16test_app_mode_ne
FN:2555,_RNvNtNtCs1JeHJ6PG7fk_4sshm3app5testss_17test_render_modes
FN:2228,_RNvNtNtCs1JeHJ6PG7fk_4sshm3app5testss_18test_centered_rect
FN:1329,_RNvNtNtCs1JeHJ6PG7fk_4sshm3app5testss_19test_add_connection
FN:1924,_RNvNtNtCs1JeHJ6PG7fk_4sshm3app5testss_21test_app_mode_is_copy
FN:2646,_RNvNtNtCs1JeHJ6PG7fk_4sshm3app5testss_21test_connect_function
FN:1999,_RNvNtNtCs1JeHJ6PG7fk_4sshm3app5testss_21test_matcher_creation
FN:1609,_RNvNtNtCs1JeHJ6PG7fk_4sshm3app5testss_21test_message_handling
FN:2494,_RNvNtNtCs1JeHJ6PG7fk_4sshm3app5testss_21test_mode_transitions
FN:1961,_RNvNtNtCs1JeHJ6PG7fk_4sshm3app5testss_21test_search_query_pop
FN:1369,_RNvNtNtCs1JeHJ6PG7fk_4sshm3app5testss_22test_app_mode_variants
FN:1154,_RNvNtNtCs1JeHJ6PG7fk_4sshm3app5testss_22test_append_input_char
FN:1346,_RNvNtNtCs1JeHJ6PG7fk_4sshm3app5testss_22test_delete_connection
FN:1197,_RNvNtNtCs1JeHJ6PG7fk_4sshm3app5testss_22test_delete_input_char
FN:2778,_RNvNtNtCs1JeHJ6PG7fk_4sshm3app5testss_22test_render_list_empty
FN:1660,_RNvNtNtCs1JeHJ6PG7fk_4sshm3app5testss_23test_app_initialization
FN:1089,_RNvNtNtCs1JeHJ6PG7fk_4sshm3app5testss_23test_input_buffer_clear
FN:1669,_RNvNtNtCs1JeHJ6PG7fk_4sshm3app5testss_23test_input_buffer_clone
FN:1413,_RNvNtNtCs1JeHJ6PG7fk_4sshm3app5testss_23test_input_field_bounds
FN:1989,_RNvNtNtCs1JeHJ6PG7fk_4sshm3app5testss_23test_search_query_clear
FN:1210,_RNvNtNtCs1JeHJ6PG7fk_4sshm3app5testss_24test_advance_input_field
FN:1498,_RNvNtNtCs1JeHJ6PG7fk_4sshm3app5testss_25test_app_mode_transitions
FN:1912,_RNvNtNtCs1JeHJ6PG7fk_4sshm3app5testss_25test_input_buffer_default
FN:1520,_RNvNtNtCs1JeHJ6PG7fk_4sshm3app5testss_25test_search_query_default
FN:1681,_RNvNtNtCs1JeHJ6PG7fk_4sshm3app5testss_26test_app_with_empty_config
FN:2044,_RNvNtNtCs1JeHJ6PG7fk_4sshm3app5testss_26test_matcher_empty_pattern
FN:2026,_RNvNtNtCs1JeHJ6PG7fk_4sshm3app5testss_26test_matcher_partial_match
FN:1391,_RNvNtNtCs1JeHJ6PG7fk_4sshm3app5testss_26test_multiple_input_fields
FN:1526,_RNvNtNtCs1JeHJ6PG7fk_4sshm3app5testss_26test_selected_index_bounds
FN:1278,_RNvNtNtCs1JeHJ6PG7fk_4sshm3app5testss_26test_update_filter_by_host
FN:1288,_RNvNtNtCs1JeHJ6PG7fk_4sshm3app5testss_26test_update_filter_by_user
FN:1433,_RNvNtNtCs1JeHJ6PG7fk_4sshm3app5testss_27test_delete_char_from_field
FN:1589,_RNvNtNtCs1JeHJ6PG7fk_4sshm3app5testss_27test_delete_connection_last
FN:2823,_RNvNtNtCs1JeHJ6PG7fk_4sshm3app5testss_27test_render_footer_add_mode
FN:1951,_RNvNtNtCs1JeHJ6PG7fk_4sshm3app5testss_27test_search_query_appending
FN:1268,_RNvNtNtCs1JeHJ6PG7fk_4sshm3app5testss_27test_update_filter_by_alias
FN:1308,_RNvNtNtCs1JeHJ6PG7fk_4sshm3app5testss_27test_update_filter_no_match
FN:1578,_RNvNtNtCs1JeHJ6PG7fk_4sshm3app5testss_28test_delete_connection_first
FN:1235,_RNvNtNtCs1JeHJ6PG7fk_4sshm3app5testss_28test_get_current_input_field
FN:1620,_RNvNtNtCs1JeHJ6PG7fk_4sshm3app5testss_28test_input_buffer_all_fields
FN:2855,_RNvNtNtCs1JeHJ6PG7fk_4sshm3app5testss_28test_render_footer_help_mode
FN:1980,_RNvNtNtCs1JeHJ6PG7fk_4sshm3app5testss_28test_search_query_assignment
FN:1650,_RNvNtNtCs1JeHJ6PG7fk_4sshm3app5testss_28test_update_filter_all_match
FN:1706,_RNvNtNtCs1JeHJ6PG7fk_4sshm3app5testss_29test_delete_connection_middle
FN:1837,_RNvNtNtCs1JeHJ6PG7fk_4sshm3app5testss_29test_filtered_indices_cloning
FN:1971,_RNvNtNtCs1JeHJ6PG7fk_4sshm3app5testss_29test_filtered_indices_sorting
FN:2679,_RNvNtNtCs1JeHJ6PG7fk_4sshm3app5testss_29test_render_with_search_query
FN:2086,_RNvNtNtCs1JeHJ6PG7fk_4sshm3app5testss_29test_render_with_test_backend
FN:1537,_RNvNtNtCs1JeHJ6PG7fk_4sshm3app5testss_29test_save_connection_add_mode
FN:1860,_RNvNtNtCs1JeHJ6PG7fk_4sshm3app5testss_29test_search_query_with_spaces
FN:2244,_RNvNtNtCs1JeHJ6PG7fk_4sshm3app5testss_30test_handle_normal_mode_up_key
FN:2035,_RNvNtNtCs1JeHJ6PG7fk_4sshm3app5testss_30test_matcher_different_strings
FN:2017,_RNvNtNtCs1JeHJ6PG7fk_4sshm3app5testss_30test_matcher_none_for_no_match
FN:2809,_RNvNtNtCs1JeHJ6PG7fk_4sshm3app5testss_30test_render_footer_normal_mode
FN:2839,_RNvNtNtCs1JeHJ6PG7fk_4sshm3app5testss_30test_render_footer_search_mode
FN:1557,_RNvNtNtCs1JeHJ6PG7fk_4sshm3app5testss_30test_save_connection_edit_mode
FN:1258,_RNvNtNtCs1JeHJ6PG7fk_4sshm3app5testss_30test_update_filter_empty_query
FN:1941,_RNvNtNtCs1JeHJ6PG7fk_4sshm3app5testss_30test_update_filter_exact_match
FN:2733,_RNvNtNtCs1JeHJ6PG7fk_4sshm3app5testss_31test_app_fields_are_initialized
FN:2062,_RNvNtNtCs1JeHJ6PG7fk_4sshm3app5testss_31test_app_new_with_mock_terminal
FN:2605,_RNvNtNtCs1JeHJ6PG7fk_4sshm3app5testss_31test_handle_normal_mode_end_key
FN:2363,_RNvNtNtCs1JeHJ6PG7fk_4sshm3app5testss_31test_import_connections_message
FN:2053,_RNvNtNtCs1JeHJ6PG7fk_4sshm3app5testss_31test_matcher_whole_string_match
FN:2482,_RNvNtNtCs1JeHJ6PG7fk_4sshm3app5testss_31test_message_handling_with_some
FN:2070,_RNvNtNtCs1JeHJ6PG7fk_4sshm3app5testss_31test_terminal_with_test_backend
FN:1318,_RNvNtNtCs1JeHJ6PG7fk_4sshm3app5testss_31test_update_filter_bounds_check
FN:1696,_RNvNtNtCs1JeHJ6PG7fk_4sshm3app5testss_31test_update_filter_with_numbers
FN:2372,_RNvNtNtCs1JeHJ6PG7fk_4sshm3app5testss_32test_connect_sets_should_connect
FN:2008,_RNvNtNtCs1JeHJ6PG7fk_4sshm3app5testss_32test_fuzzy_matcher_returns_score
FN:2253,_RNvNtNtCs1JeHJ6PG7fk_4sshm3app5testss_32test_handle_normal_mode_down_key
FN:2596,_RNvNtNtCs1JeHJ6PG7fk_4sshm3app5testss_32test_handle_normal_mode_home_key
FN:1298,_RNvNtNtCs1JeHJ6PG7fk_4sshm3app5testss_32test_update_filter_partial_match
FN:1868,_RNvNtNtCs1JeHJ6PG7fk_4sshm3app5testss_32test_update_filter_unicode_chars
FN:2441,_RNvNtNtCs1JeHJ6PG7fk_4sshm3app5testss_32test_update_filter_with_no_match
FN:1783,_RNvNtNtCs1JeHJ6PG7fk_4sshm3app5testss_33test_append_char_different_fields
FN:1845,_RNvNtNtCs1JeHJ6PG7fk_4sshm3app5testss_33test_config_connections_reference
FN:1802,_RNvNtNtCs1JeHJ6PG7fk_4sshm3app5testss_33test_delete_char_different_fields
FN:1423,_RNvNtNtCs1JeHJ6PG7fk_4sshm3app5testss_33test_delete_char_from_empty_field
FN:1600,_RNvNtNtCs1JeHJ6PG7fk_4sshm3app5testss_33test_delete_connection_empty_list
FN:2614,_RNvNtNtCs1JeHJ6PG7fk_4sshm3app5testss_33test_handle_search_mode_backspace
FN:2318,_RNvNtNtCs1JeHJ6PG7fk_4sshm3app5testss_33test_handle_search_mode_query_pop
FN:2353,_RNvNtNtCs1JeHJ6PG7fk_4sshm3app5testss_33test_import_connections_with_mock
FN:1110,_RNvNtNtCs1JeHJ6PG7fk_4sshm3app5testss_33test_input_buffer_from_connection
FN:2795,_RNvNtNtCs1JeHJ6PG7fk_4sshm3app5testss_33test_render_list_with_connections
FN:2762,_RNvNtNtCs1JeHJ6PG7fk_4sshm3app5testss_33test_render_search_bar_with_query
FN:1486,_RNvNtNtCs1JeHJ6PG7fk_4sshm3app5testss_33test_search_query_clear_on_escape
FN:2626,_RNvNtNtCs1JeHJ6PG7fk_4sshm3app5testss_34test_handle_help_mode_key_handling
FN:2183,_RNvNtNtCs1JeHJ6PG7fk_4sshm3app5testss_34test_render_help_with_test_backend
FN:2113,_RNvNtNtCs1JeHJ6PG7fk_4sshm3app5testss_34test_render_list_with_test_backend
FN:2748,_RNvNtNtCs1JeHJ6PG7fk_4sshm3app5testss_34test_render_search_bar_empty_query
FN:2663,_RNvNtNtCs1JeHJ6PG7fk_4sshm3app5testss_34test_render_with_empty_connections
FN:1639,_RNvNtNtCs1JeHJ6PG7fk_4sshm3app5testss_34test_update_filter_preserves_order
FN:1825,_RNvNtNtCs1JeHJ6PG7fk_4sshm3app5testss_35test_delete_connection_after_filter
FN:1932,_RNvNtNtCs1JeHJ6PG7fk_4sshm3app5testss_35test_delete_connection_index_bounds
FN:2472,_RNvNtNtCs1JeHJ6PG7fk_4sshm3app5testss_35test_delete_connection_with_message
FN:1899,_RNvNtNtCs1JeHJ6PG7fk_4sshm3app5testss_35test_delete_input_char_folder_field
FN:1514,_RNvNtNtCs1JeHJ6PG7fk_4sshm3app5testss_35test_filtered_indices_initial_state
FN:2635,_RNvNtNtCs1JeHJ6PG7fk_4sshm3app5testss_35test_import_connections_integration
FN:2714,_RNvNtNtCs1JeHJ6PG7fk_4sshm3app5testss_35test_input_buffer_fields_are_string
FN:2169,_RNvNtNtCs1JeHJ6PG7fk_4sshm3app5testss_35test_render_input_with_test_backend
FN:2197,_RNvNtNtCs1JeHJ6PG7fk_4sshm3app5testss_35test_render_popup_with_test_backend
FN:2431,_RNvNtNtCs1JeHJ6PG7fk_4sshm3app5testss_35test_update_filter_with_fuzzy_match
FN:2415,_RNvNtNtCs1JeHJ6PG7fk_4sshm3app5testss_36test_check_for_update_skipped_in_dev
FN:2285,_RNvNtNtCs1JeHJ6PG7fk_4sshm3app5testss_36test_handle_normal_mode_ctrl_c_count
FN:2297,_RNvNtNtCs1JeHJ6PG7fk_4sshm3app5testss_36test_handle_normal_mode_reset_ctrl_c
FN:2127,_RNvNtNtCs1JeHJ6PG7fk_4sshm3app5testss_36test_render_footer_with_test_backend
FN:2099,_RNvNtNtCs1JeHJ6PG7fk_4sshm3app5testss_36test_render_header_with_test_backend
FN:2155,_RNvNtNtCs1JeHJ6PG7fk_4sshm3app5testss_36test_render_search_with_test_backend
FN:1717,_RNvNtNtCs1JeHJ6PG7fk_4sshm3app5testss_36test_save_connection_with_all_fields
FN:2401,_RNvNtNtCs1JeHJ6PG7fk_4sshm3app5testss_37test_connect_with_out_of_bounds_index
FN:1356,_RNvNtNtCs1JeHJ6PG7fk_4sshm3app5testss_37test_delete_connection_updates_filter
FN:1886,_RNvNtNtCs1JeHJ6PG7fk_4sshm3app5testss_37test_delete_input_char_key_path_field
FN:2342,_RNvNtNtCs1JeHJ6PG7fk_4sshm3app5testss_37test_handle_help_mode_mode_transition
FN:2451,_RNvNtNtCs1JeHJ6PG7fk_4sshm3app5testss_37test_save_connection_add_with_message
FN:1688,_RNvNtNtCs1JeHJ6PG7fk_4sshm3app5testss_37test_update_filter_with_special_chars
FN:2542,_RNvNtNtCs1JeHJ6PG7fk_4sshm3app5testss_38test_app_with_test_backend_full_render
FN:2262,_RNvNtNtCs1JeHJ6PG7fk_4sshm3app5testss_38test_handle_normal_mode_up_at_boundary
FN:1174,_RNvNtNtCs1JeHJ6PG7fk_4sshm3app5testss_39test_append_input_char_port_only_digits
FN:1876,_RNvNtNtCs1JeHJ6PG7fk_4sshm3app5testss_39test_get_current_input_field_all_fields
FN:2584,_RNvNtNtCs1JeHJ6PG7fk_4sshm3app5testss_39test_handle_normal_mode_navigation_keys
FN:2330,_RNvNtNtCs1JeHJ6PG7fk_4sshm3app5testss_39test_handle_search_mode_clear_on_escape
FN:2305,_RNvNtNtCs1JeHJ6PG7fk_4sshm3app5testss_39test_handle_search_mode_query_appending
FN:2386,_RNvNtNtCs1JeHJ6PG7fk_4sshm3app5testss_40test_connect_with_empty_filtered_indices
FN:2273,_RNvNtNtCs1JeHJ6PG7fk_4sshm3app5testss_40test_handle_normal_mode_down_at_boundary
FN:2141,_RNvNtNtCs1JeHJ6PG7fk_4sshm3app5testss_40test_render_search_bar_with_test_backend
FN:1455,_RNvNtNtCs1JeHJ6PG7fk_4sshm3app5testss_40test_update_filter_with_case_insensitive
FN:2517,_RNvNtNtCs1JeHJ6PG7fk_4sshm3app5testss_41test_input_buffer_clear_with_test_backend
FN:1132,_RNvNtNtCs1JeHJ6PG7fk_4sshm3app5testss_42test_input_buffer_from_connection_defaults
FN:2210,_RNvNtNtCs1JeHJ6PG7fk_4sshm3app5testss_42test_render_update_popup_with_test_backend
FN:2077,_RNvNtNtCs1JeHJ6PG7fk_4sshm3app5testss_42test_terminal_with_test_backend_dimensions
FN:1475,_RNvNtNtCs1JeHJ6PG7fk_4sshm3app5testss_42test_update_filter_resets_index_when_empty
FN:1444,_RNvNtNtCs1JeHJ6PG7fk_4sshm3app5testss_43test_delete_char_advances_to_previous_field
FN:2421,_RNvNtNtCs1JeHJ6PG7fk_4sshm3app5testss_43test_update_filter_empty_query_collects_all
FN:1465,_RNvNtNtCs1JeHJ6PG7fk_4sshm3app5testss_43test_update_filter_with_folder_not_searched
FN:1772,_RNvNtNtCs1JeHJ6PG7fk_4sshm3app5testss_44test_advance_input_field_does_not_exceed_max
FN:1377,_RNvNtNtCs1JeHJ6PG7fk_4sshm3app5testss_45test_filtered_indices_maintained_after_search
FN:1742,_RNvNtNtCs1JeHJ6PG7fk_4sshm3app5testss_49test_save_connection_with_empty_port_uses_default
FN:1762,_RNvNtNtCs1JeHJ6PG7fk_4sshm3app5testss_50test_delete_connection_updates_filter_after_delete
FN:2563,_RNCNvNtNtCs1JeHJ6PG7fk_4sshm3app5testss_17test_render_modes0B7_
FN:2577,_RNCNvNtNtCs1JeHJ6PG7fk_4sshm3app5testss_17test_render_modess0_0B7_
FN:2570,_RNCNvNtNtCs1JeHJ6PG7fk_4sshm3app5testss_17test_render_modess_0B7_
FN:2234,_RNCNvNtNtCs1JeHJ6PG7fk_4sshm3app5testss_18test_centered_rect0B7_
FN:2787,_RNCNvNtNtCs1JeHJ6PG7fk_4sshm3app5testss_22test_render_list_empty0B7_
FN:2831,_RNCNvNtNtCs1JeHJ6PG7fk_4sshm3app5testss_27test_render_footer_add_mode0B7_
FN:2863,_RNCNvNtNtCs1JeHJ6PG7fk_4sshm3app5testss_28test_render_footer_help_mode0B7_
FN:2688,_RNCNvNtNtCs1JeHJ6PG7fk_4sshm3app5testss_29test_render_with_search_query0B7_
FN:2092,_RNCNvNtNtCs1JeHJ6PG7fk_4sshm3app5testss_29test_render_with_test_backend0B7_
FN:2815,_RNCNvNtNtCs1JeHJ6PG7fk_4sshm3app5testss_30test_render_footer_normal_mode0B7_
FN:2847,_RNCNvNtNtCs1JeHJ6PG7fk_4sshm3app5testss_30test_render_footer_search_mode0B7_
FN:2801,_RNCNvNtNtCs1JeHJ6PG7fk_4sshm3app5testss_33test_render_list_with_connections0B7_
FN:2770,_RNCNvNtNtCs1JeHJ6PG7fk_4sshm3app5testss_33test_render_search_bar_with_query0B7_
FN:2190,_RNCNvNtNtCs1JeHJ6PG7fk_4sshm3app5testss_34test_render_help_with_test_backend0B7_
FN:2119,_RNCNvNtNtCs1JeHJ6PG7fk_4sshm3app5testss_34test_render_list_with_test_backend0B7_
FN:2754,_RNCNvNtNtCs1JeHJ6PG7fk_4sshm3app5testss_34test_render_search_bar_empty_query0B7_
FN:2672,_RNCNvNtNtCs1JeHJ6PG7fk_4sshm3app5testss_34test_render_with_empty_connections0B7_
FN:2176,_RNCNvNtNtCs1JeHJ6PG7fk_4sshm3app5testss_35test_render_input_with_test_backend0B7_
FN:2203,_RNCNvNtNtCs1JeHJ6PG7fk_4sshm3app5testss_35test_render_popup_with_test_backend0B7_
FN:2133,_RNCNvNtNtCs1JeHJ6PG7fk_4sshm3app5testss_36test_render_footer_with_test_backend0B7_
FN:2105,_RNCNvNtNtCs1JeHJ6PG7fk_4sshm3app5testss_36test_render_header_with_test_backend0B7_
FN:2161,_RNCNvNtNtCs1JeHJ6PG7fk_4sshm3app5testss_36test_render_search_with_test_backend0B7_
FN:2548,_RNCNvNtNtCs1JeHJ6PG7fk_4sshm3app5testss_38test_app_with_test_backend_full_render0B7_
FN:2147,_RNCNvNtNtCs1JeHJ6PG7fk_4sshm3app5testss_40test_render_search_bar_with_test_backend0B7_
FN:2221,_RNCNvNtNtCs1JeHJ6PG7fk_4sshm3app5testss_42test_render_update_popup_with_test_backend0B7_
FN:75,_RNvMNtCs1JeHJ6PG7fk_4sshm3appNtB2_11InputBuffer15from_connection
FN:66,_RNvMNtCs1JeHJ6PG7fk_4sshm3appNtB2_11InputBuffer5clear
FN:976,_RNvMs0_NtCs1JeHJ6PG7fk_4sshm3appNtB5_3App11render_help
FN:691,_RNvMs0_NtCs1JeHJ6PG7fk_4sshm3appNtB5_3App11render_list
FN:785,_RNvMs0_NtCs1JeHJ6PG7fk_4sshm3appNtB5_3App12render_input
FN:194,_RNvMs0_NtCs1JeHJ6PG7fk_4sshm3appNtB5_3App12render_popup
FN:142,_RNvMs0_NtCs1JeHJ6PG7fk_4sshm3appNtB5_3App12show_message
FN:174,_RNvMs0_NtCs1JeHJ6PG7fk_4sshm3appNtB5_3App13centered_rect
FN:763,_RNvMs0_NtCs1JeHJ6PG7fk_4sshm3appNtB5_3App13render_footer
FN:662,_RNvMs0_NtCs1JeHJ6PG7fk_4sshm3appNtB5_3App13render_header
FN:865,_RNvMs0_NtCs1JeHJ6PG7fk_4sshm3appNtB5_3App13render_search
FN:607,_RNvMs0_NtCs1JeHJ6PG7fk_4sshm3appNtB5_3App13update_filter
FN:503,_RNvMs0_NtCs1JeHJ6PG7fk_4sshm3appNtB5_3App15save_connection
FN:587,_RNvMs0_NtCs1JeHJ6PG7fk_4sshm3appNtB5_3App16check_for_update
FN:424,_RNvMs0_NtCs1JeHJ6PG7fk_4sshm3appNtB5_3App16handle_help_mode
FN:443,_RNvMs0_NtCs1JeHJ6PG7fk_4sshm3appNtB5_3App17append_input_char
FN:548,_RNvMs0_NtCs1JeHJ6PG7fk_4sshm3appNtB5_3App17delete_connection
FN:465,_RNvMs0_NtCs1JeHJ6PG7fk_4sshm3appNtB5_3App17delete_input_char
FN:340,_RNvMs0_NtCs1JeHJ6PG7fk_4sshm3appNtB5_3App17handle_input_mode
FN:884,_RNvMs0_NtCs1JeHJ6PG7fk_4sshm3appNtB5_3App17render_search_bar
FN:208,_RNvMs0_NtCs1JeHJ6PG7fk_4sshm3appNtB5_3App18handle_normal_mode
FN:391,_RNvMs0_NtCs1JeHJ6PG7fk_4sshm3appNtB5_3App18handle_search_mode
FN:952,_RNvMs0_NtCs1JeHJ6PG7fk_4sshm3appNtB5_3App18handle_update_mode
FN:569,_RNvMs0_NtCs1JeHJ6PG7fk_4sshm3appNtB5_3App18import_connections
FN:459,_RNvMs0_NtCs1JeHJ6PG7fk_4sshm3appNtB5_3App19advance_input_field
FN:915,_RNvMs0_NtCs1JeHJ6PG7fk_4sshm3appNtB5_3App19render_update_popup
FN:491,_RNvMs0_NtCs1JeHJ6PG7fk_4sshm3appNtB5_3App23get_current_input_field
FN:110,_RNvMs0_NtCs1JeHJ6PG7fk_4sshm3appNtB5_3App3new
FN:114,_RNvMs0_NtCs1JeHJ6PG7fk_4sshm3appNtB5_3App3run
FN:635,_RNvMs0_NtCs1JeHJ6PG7fk_4sshm3appNtB5_3App6render
FN:579,_RNvMs0_NtCs1JeHJ6PG7fk_4sshm3appNtB5_3App7connect
FN:88,_RNvXs_NtCs1JeHJ6PG7fk_4sshm3appNtB4_3AppNtNtCs4kUJL3MZFFz_4core7default7Default7default
FN:720,_RNCNvMs0_NtCs1JeHJ6PG7fk_4sshm3appNtB7_3App11render_list0B9_
FN:144,_RNCNvMs0_NtCs1JeHJ6PG7fk_4sshm3appNtB7_3App12show_message0B9_
FN:616,_RNCNvMs0_NtCs1JeHJ6PG7fk_4sshm3appNtB7_3App13update_filter0B9_
FN:510,_RNCNvMs0_NtCs1JeHJ6PG7fk_4sshm3appNtB7_3App15save_connection0B9_
FN:511,_RNCNvMs0_NtCs1JeHJ6PG7fk_4sshm3appNtB7_3App15save_connections_0B9_
FN:426,_RNCNvMs0_NtCs1JeHJ6PG7fk_4sshm3appNtB7_3App16handle_help_mode0B9_
FN:552,_RNCNvMs0_NtCs1JeHJ6PG7fk_4sshm3appNtB7_3App17delete_connection0B9_
FN:553,_RNCNvMs0_NtCs1JeHJ6PG7fk_4sshm3appNtB7_3App17delete_connections_0B9_
FN:342,_RNCNvMs0_NtCs1JeHJ6PG7fk_4sshm3appNtB7_3App17handle_input_mode0B9_
FN:393,_RNCNvMs0_NtCs1JeHJ6PG7fk_4sshm3appNtB7_3App18handle_search_mode0B9_
FN:954,_RNCNvMs0_NtCs1JeHJ6PG7fk_4sshm3appNtB7_3App18handle_update_mode0B9_
FN:119,_RNCNvMs0_NtCs1JeHJ6PG7fk_4sshm3appNtB7_3App3run0B9_
FN:75,_RNvMNtCsfjuo7C0KNcw_4sshm3appNtB2_11InputBuffer15from_connection
FN:66,_RNvMNtCsfjuo7C0KNcw_4sshm3appNtB2_11InputBuffer5clear
FN:976,_RNvMs0_NtCsfjuo7C0KNcw_4sshm3appNtB5_3App11render_help
FN:691,_RNvMs0_NtCsfjuo7C0KNcw_4sshm3appNtB5_3App11render_list
FN:785,_RNvMs0_NtCsfjuo7C0KNcw_4sshm3appNtB5_3App12render_input
FN:194,_RNvMs0_NtCsfjuo7C0KNcw_4sshm3appNtB5_3App12render_popup
FN:174,_RNvMs0_NtCsfjuo7C0KNcw_4sshm3appNtB5_3App13centered_rect
FN:763,_RNvMs0_NtCsfjuo7C0KNcw_4sshm3appNtB5_3App13render_footer
FN:662,_RNvMs0_NtCsfjuo7C0KNcw_4sshm3appNtB5_3App13render_header
FN:865,_RNvMs0_NtCsfjuo7C0KNcw_4sshm3appNtB5_3App13render_search
FN:607,_RNvMs0_NtCsfjuo7C0KNcw_4sshm3appNtB5_3App13update_filter
FN:503,_RNvMs0_NtCsfjuo7C0KNcw_4sshm3appNtB5_3App15save_connection
FN:443,_RNvMs0_NtCsfjuo7C0KNcw_4sshm3appNtB5_3App17append_input_char
FN:548,_RNvMs0_NtCsfjuo7C0KNcw_4sshm3appNtB5_3App17delete_connection
FN:465,_RNvMs0_NtCsfjuo7C0KNcw_4sshm3appNtB5_3App17delete_input_char
FN:884,_RNvMs0_NtCsfjuo7C0KNcw_4sshm3appNtB5_3App17render_search_bar
FN:459,_RNvMs0_NtCsfjuo7C0KNcw_4sshm3appNtB5_3App19advance_input_field
FN:915,_RNvMs0_NtCsfjuo7C0KNcw_4sshm3appNtB5_3App19render_update_popup
FN:491,_RNvMs0_NtCsfjuo7C0KNcw_4sshm3appNtB5_3App23get_current_input_field
FN:110,_RNvMs0_NtCsfjuo7C0KNcw_4sshm3appNtB5_3App3new
FN:635,_RNvMs0_NtCsfjuo7C0KNcw_4sshm3appNtB5_3App6render
FN:88,_RNvXs_NtCsfjuo7C0KNcw_4sshm3appNtB4_3AppNtNtCs4kUJL3MZFFz_4core7default7Default7default
FN:144,_RNCNvMs0_NtCsfjuo7C0KNcw_4sshm3appNtB7_3App12show_message0B9_
FN:426,_RNCNvMs0_NtCsfjuo7C0KNcw_4sshm3appNtB7_3App16handle_help_mode0B9_
FN:342,_RNCNvMs0_NtCsfjuo7C0KNcw_4sshm3appNtB7_3App17handle_input_mode0B9_
FN:393,_RNCNvMs0_NtCsfjuo7C0KNcw_4sshm3appNtB7_3App18handle_search_mode0B9_
FN:954,_RNCNvMs0_NtCsfjuo7C0KNcw_4sshm3appNtB7_3App18handle_update_mode0B9_
FN:119,_RNCNvMs0_NtCsfjuo7C0KNcw_4sshm3appNtB7_3App3run0B9_
FN:142,_RNvMs0_NtCsfjuo7C0KNcw_4sshm3appNtB5_3App12show_message
FN:587,_RNvMs0_NtCsfjuo7C0KNcw_4sshm3appNtB5_3App16check_for_update
FN:424,_RNvMs0_NtCsfjuo7C0KNcw_4sshm3appNtB5_3App16handle_help_mode
FN:340,_RNvMs0_NtCsfjuo7C0KNcw_4sshm3appNtB5_3App17handle_input_mode
FN:208,_RNvMs0_NtCsfjuo7C0KNcw_4sshm3appNtB5_3App18handle_normal_mode
FN:391,_RNvMs0_NtCsfjuo7C0KNcw_4sshm3appNtB5_3App18handle_search_mode
FN:952,_RNvMs0_NtCsfjuo7C0KNcw_4sshm3appNtB5_3App18handle_update_mode
FN:569,_RNvMs0_NtCsfjuo7C0KNcw_4sshm3appNtB5_3App18import_connections
FN:114,_RNvMs0_NtCsfjuo7C0KNcw_4sshm3appNtB5_3App3run
FN:579,_RNvMs0_NtCsfjuo7C0KNcw_4sshm3appNtB5_3App7connect
FN:720,_RNCNvMs0_NtCsfjuo7C0KNcw_4sshm3appNtB7_3App11render_list0B9_
FN:616,_RNCNvMs0_NtCsfjuo7C0KNcw_4sshm3appNtB7_3App13update_filter0B9_
FN:510,_RNCNvMs0_NtCsfjuo7C0KNcw_4sshm3appNtB7_3App15save_connection0B9_
FN:511,_RNCNvMs0_NtCsfjuo7C0KNcw_4sshm3appNtB7_3App15save_connections_0B9_
FN:552,_RNCNvMs0_NtCsfjuo7C0KNcw_4sshm3appNtB7_3App17delete_connection0B9_
FN:553,_RNCNvMs0_NtCsfjuo7C0KNcw_4sshm3appNtB7_3App17delete_connections_0B9_
FN:2563,_RNCNvNtNtCsfjuo7C0KNcw_4sshm3app5testss_17test_render_modes0B7_
FN:2577,_RNCNvNtNtCsfjuo7C0KNcw_4sshm3app5testss_17test_render_modess0_0B7_
FN:2570,_RNCNvNtNtCsfjuo7C0KNcw_4sshm3app5testss_17test_render_modess_0B7_
FN:2234,_RNCNvNtNtCsfjuo7C0KNcw_4sshm3app5testss_18test_centered_rect0B7_
FN:2787,_RNCNvNtNtCsfjuo7C0KNcw_4sshm3app5testss_22test_render_list_empty0B7_
FN:2831,_RNCNvNtNtCsfjuo7C0KNcw_4sshm3app5testss_27test_render_footer_add_mode0B7_
FN:2863,_RNCNvNtNtCsfjuo7C0KNcw_4sshm3app5testss_28test_render_footer_help_mode0B7_
FN:2688,_RNCNvNtNtCsfjuo7C0KNcw_4sshm3app5testss_29test_render_with_search_query0B7_
FN:2092,_RNCNvNtNtCsfjuo7C0KNcw_4sshm3app5testss_29test_render_with_test_backend0B7_
FN:2815,_RNCNvNtNtCsfjuo7C0KNcw_4sshm3app5testss_30test_render_footer_normal_mode0B7_
FN:2847,_RNCNvNtNtCsfjuo7C0KNcw_4sshm3app5testss_30test_render_footer_search_mode0B7_
FN:2801,_RNCNvNtNtCsfjuo7C0KNcw_4sshm3app5testss_33test_render_list_with_connections0B7_
FN:2770,_RNCNvNtNtCsfjuo7C0KNcw_4sshm3app5testss_33test_render_search_bar_with_query0B7_
FN:2190,_RNCNvNtNtCsfjuo7C0KNcw_4sshm3app5testss_34test_render_help_with_test_backend0B7_
FN:2119,_RNCNvNtNtCsfjuo7C0KNcw_4sshm3app5testss_34test_render_list_with_test_backend0B7_
FN:2754,_RNCNvNtNtCsfjuo7C0KNcw_4sshm3app5testss_34test_render_search_bar_empty_query0B7_
FN:2672,_RNCNvNtNtCsfjuo7C0KNcw_4sshm3app5testss_34test_render_with_empty_connections0B7_
FN:2176,_RNCNvNtNtCsfjuo7C0KNcw_4sshm3app5testss_35test_render_input_with_test_backend0B7_
FN:2203,_RNCNvNtNtCsfjuo7C0KNcw_4sshm3app5testss_35test_render_popup_with_test_backend0B7_
FN:2133,_RNCNvNtNtCsfjuo7C0KNcw_4sshm3app5testss_36test_render_footer_with_test_backend0B7_
FN:2105,_RNCNvNtNtCsfjuo7C0KNcw_4sshm3app5testss_36test_render_header_with_test_backend0B7_
FN:2161,_RNCNvNtNtCsfjuo7C0KNcw_4sshm3app5testss_36test_render_search_with_test_backend0B7_
FN:2548,_RNCNvNtNtCsfjuo7C0KNcw_4sshm3app5testss_38test_app_with_test_backend_full_render0B7_
FN:2147,_RNCNvNtNtCsfjuo7C0KNcw_4sshm3app5testss_40test_render_search_bar_with_test_backend0B7_
FN:2221,_RNCNvNtNtCsfjuo7C0KNcw_4sshm3app5testss_42test_render_update_popup_with_test_backend0B7_
FN:1033,_RNvNtNtCsfjuo7C0KNcw_4sshm3app5tests15create_test_app
FN:1080,_RNvNtNtCsfjuo7C0KNcw_4sshm3app5testss_12test_app_new
FN:2695,_RNvNtNtCsfjuo7C0KNcw_4sshm3app5testss_16test_app_mode_eq
FN:2705,_RNvNtNtCsfjuo7C0KNcw_4sshm3app5testss_16test_app_mode_ne
FN:2555,_RNvNtNtCsfjuo7C0KNcw_4sshm3app5testss_17test_render_modes
FN:2228,_RNvNtNtCsfjuo7C0KNcw_4sshm3app5testss_18test_centered_rect
FN:1329,_RNvNtNtCsfjuo7C0KNcw_4sshm3app5testss_19test_add_connection
FN:1924,_RNvNtNtCsfjuo7C0KNcw_4sshm3app5testss_21test_app_mode_is_copy
FN:2646,_RNvNtNtCsfjuo7C0KNcw_4sshm3app5testss_21test_connect_function
FN:1999,_RNvNtNtCsfjuo7C0KNcw_4sshm3app5testss_21test_matcher_creation
FN:1609,_RNvNtNtCsfjuo7C0KNcw_4sshm3app5testss_21test_message_handling
FN:2494,_RNvNtNtCsfjuo7C0KNcw_4sshm3app5testss_21test_mode_transitions
FN:1961,_RNvNtNtCsfjuo7C0KNcw_4sshm3app5testss_21test_search_query_pop
FN:1369,_RNvNtNtCsfjuo7C0KNcw_4sshm3app5testss_22test_app_mode_variants
FN:1154,_RNvNtNtCsfjuo7C0KNcw_4sshm3app5testss_22test_append_input_char
FN:1346,_RNvNtNtCsfjuo7C0KNcw_4sshm3app5testss_22test_delete_connection
FN:1197,_RNvNtNtCsfjuo7C0KNcw_4sshm3app5testss_22test_delete_input_char
FN:2778,_RNvNtNtCsfjuo7C0KNcw_4sshm3app5testss_22test_render_list_empty
FN:1660,_RNvNtNtCsfjuo7C0KNcw_4sshm3app5testss_23test_app_initialization
FN:1089,_RNvNtNtCsfjuo7C0KNcw_4sshm3app5testss_23test_input_buffer_clear
FN:1669,_RNvNtNtCsfjuo7C0KNcw_4sshm3app5testss_23test_input_buffer_clone
FN:1413,_RNvNtNtCsfjuo7C0KNcw_4sshm3app5testss_23test_input_field_bounds
FN:1989,_RNvNtNtCsfjuo7C0KNcw_4sshm3app5testss_23test_search_query_clear
FN:1210,_RNvNtNtCsfjuo7C0KNcw_4sshm3app5testss_24test_advance_input_field
FN:1498,_RNvNtNtCsfjuo7C0KNcw_4sshm3app5testss_25test_app_mode_transitions
FN:1912,_RNvNtNtCsfjuo7C0KNcw_4sshm3app5testss_25test_input_buffer_default
FN:1520,_RNvNtNtCsfjuo7C0KNcw_4sshm3app5testss_25test_search_query_default
FN:1681,_RNvNtNtCsfjuo7C0KNcw_4sshm3app5testss_26test_app_with_empty_config
FN:2044,_RNvNtNtCsfjuo7C0KNcw_4sshm3app5testss_26test_matcher_empty_pattern
FN:2026,_RNvNtNtCsfjuo7C0KNcw_4sshm3app5testss_26test_matcher_partial_match
FN:1391,_RNvNtNtCsfjuo7C0KNcw_4sshm3app5testss_26test_multiple_input_fields
FN:1526,_RNvNtNtCsfjuo7C0KNcw_4sshm3app5testss_26test_selected_index_bounds
FN:1278,_RNvNtNtCsfjuo7C0KNcw_4sshm3app5testss_26test_update_filter_by_host
FN:1288,_RNvNtNtCsfjuo7C0KNcw_4sshm3app5testss_26test_update_filter_by_user
FN:1433,_RNvNtNtCsfjuo7C0KNcw_4sshm3app5testss_27test_delete_char_from_field
FN:1589,_RNvNtNtCsfjuo7C0KNcw_4sshm3app5testss_27test_delete_connection_last
FN:2823,_RNvNtNtCsfjuo7C0KNcw_4sshm3app5testss_27test_render_footer_add_mode
FN:1951,_RNvNtNtCsfjuo7C0KNcw_4sshm3app5testss_27test_search_query_appending
FN:1268,_RNvNtNtCsfjuo7C0KNcw_4sshm3app5testss_27test_update_filter_by_alias
FN:1308,_RNvNtNtCsfjuo7C0KNcw_4sshm3app5testss_27test_update_filter_no_match
FN:1578,_RNvNtNtCsfjuo7C0KNcw_4sshm3app5testss_28test_delete_connection_first
FN:1235,_RNvNtNtCsfjuo7C0KNcw_4sshm3app5testss_28test_get_current_input_field
FN:1620,_RNvNtNtCsfjuo7C0KNcw_4sshm3app5testss_28test_input_buffer_all_fields
FN:2855,_RNvNtNtCsfjuo7C0KNcw_4sshm3app5testss_28test_render_footer_help_mode
FN:1980,_RNvNtNtCsfjuo7C0KNcw_4sshm3app5testss_28test_search_query_assignment
FN:1650,_RNvNtNtCsfjuo7C0KNcw_4sshm3app5testss_28test_update_filter_all_match
FN:1706,_RNvNtNtCsfjuo7C0KNcw_4sshm3app5testss_29test_delete_connection_middle
FN:1837,_RNvNtNtCsfjuo7C0KNcw_4sshm3app5testss_29test_filtered_indices_cloning
FN:1971,_RNvNtNtCsfjuo7C0KNcw_4sshm3app5testss_29test_filtered_indices_sorting
FN:2679,_RNvNtNtCsfjuo7C0KNcw_4sshm3app5testss_29test_render_with_search_query
FN:2086,_RNvNtNtCsfjuo7C0KNcw_4sshm3app5testss_29test_render_with_test_backend
FN:1537,_RNvNtNtCsfjuo7C0KNcw_4sshm3app5testss_29test_save_connection_add_mode
FN:1860,_RNvNtNtCsfjuo7C0KNcw_4sshm3app5testss_29test_search_query_with_spaces
FN:2244,_RNvNtNtCsfjuo7C0KNcw_4sshm3app5testss_30test_handle_normal_mode_up_key
FN:2035,_RNvNtNtCsfjuo7C0KNcw_4sshm3app5testss_30test_matcher_different_strings
FN:2017,_RNvNtNtCsfjuo7C0KNcw_4sshm3app5testss_30test_matcher_none_for_no_match
FN:2809,_RNvNtNtCsfjuo7C0KNcw_4sshm3app5testss_30test_render_footer_normal_mode
FN:2839,_RNvNtNtCsfjuo7C0KNcw_4sshm3app5testss_30test_render_footer_search_mode
FN:1557,_RNvNtNtCsfjuo7C0KNcw_4sshm3app5testss_30test_save_connection_edit_mode
FN:1258,_RNvNtNtCsfjuo7C0KNcw_4sshm3app5testss_30test_update_filter_empty_query
FN:1941,_RNvNtNtCsfjuo7C0KNcw_4sshm3app5testss_30test_update_filter_exact_match
FN:2733,_RNvNtNtCsfjuo7C0KNcw_4sshm3app5testss_31test_app_fields_are_initialized
FN:2062,_RNvNtNtCsfjuo7C0KNcw_4sshm3app5testss_31test_app_new_with_mock_terminal
FN:2605,_RNvNtNtCsfjuo7C0KNcw_4sshm3app5testss_31test_handle_normal_mode_end_key
FN:2363,_RNvNtNtCsfjuo7C0KNcw_4sshm3app5testss_31test_import_connections_message
FN:2053,_RNvNtNtCsfjuo7C0KNcw_4sshm3app5testss_31test_matcher_whole_string_match
FN:2482,_RNvNtNtCsfjuo7C0KNcw_4sshm3app5testss_31test_message_handling_with_some
FN:2070,_RNvNtNtCsfjuo7C0KNcw_4sshm3app5testss_31test_terminal_with_test_backend
FN:1318,_RNvNtNtCsfjuo7C0KNcw_4sshm3app5testss_31test_update_filter_bounds_check
FN:1696,_RNvNtNtCsfjuo7C0KNcw_4sshm3app5testss_31test_update_filter_with_numbers
FN:2372,_RNvNtNtCsfjuo7C0KNcw_4sshm3app5testss_32test_connect_sets_should_connect
FN:2008,_RNvNtNtCsfjuo7C0KNcw_4sshm3app5testss_32test_fuzzy_matcher_returns_score
FN:2253,_RNvNtNtCsfjuo7C0KNcw_4sshm3app5testss_32test_handle_normal_mode_down_key
FN:2596,_RNvNtNtCsfjuo7C0KNcw_4sshm3app5testss_32test_handle_normal_mode_home_key
FN:1298,_RNvNtNtCsfjuo7C0KNcw_4sshm3app5testss_32test_update_filter_partial_match
FN:1868,_RNvNtNtCsfjuo7C0KNcw_4sshm3app5testss_32test_update_filter_unicode_chars
FN:2441,_RNvNtNtCsfjuo7C0KNcw_4sshm3app5testss_32test_update_filter_with_no_match
FN:1783,_RNvNtNtCsfjuo7C0KNcw_4sshm3app5testss_33test_append_char_different_fields
FN:1845,_RNvNtNtCsfjuo7C0KNcw_4sshm3app5testss_33test_config_connections_reference
FN:1802,_RNvNtNtCsfjuo7C0KNcw_4sshm3app5testss_33test_delete_char_different_fields
FN:1423,_RNvNtNtCsfjuo7C0KNcw_4sshm3app5testss_33test_delete_char_from_empty_field
FN:1600,_RNvNtNtCsfjuo7C0KNcw_4sshm3app5testss_33test_delete_connection_empty_list
FN:2614,_RNvNtNtCsfjuo7C0KNcw_4sshm3app5testss_33test_handle_search_mode_backspace
FN:2318,_RNvNtNtCsfjuo7C0KNcw_4sshm3app5testss_33test_handle_search_mode_query_pop
FN:2353,_RNvNtNtCsfjuo7C0KNcw_4sshm3app5testss_33test_import_connections_with_mock
FN:1110,_RNvNtNtCsfjuo7C0KNcw_4sshm3app5testss_33test_input_buffer_from_connection
FN:2795,_RNvNtNtCsfjuo7C0KNcw_4sshm3app5testss_33test_render_list_with_connections
FN:2762,_RNvNtNtCsfjuo7C0KNcw_4sshm3app5testss_33test_render_search_bar_with_query
FN:1486,_RNvNtNtCsfjuo7C0KNcw_4sshm3app5testss_33test_search_query_clear_on_escape
FN:2626,_RNvNtNtCsfjuo7C0KNcw_4sshm3app5testss_34test_handle_help_mode_key_handling
FN:2183,_RNvNtNtCsfjuo7C0KNcw_4sshm3app5testss_34test_render_help_with_test_backend
FN:2113,_RNvNtNtCsfjuo7C0KNcw_4sshm3app5testss_34test_render_list_with_test_backend
FN:2748,_RNvNtNtCsfjuo7C0KNcw_4sshm3app5testss_34test_render_search_bar_empty_query
FN:2663,_RNvNtNtCsfjuo7C0KNcw_4sshm3app5testss_34test_render_with_empty_connections
FN:1639,_RNvNtNtCsfjuo7C0KNcw_4sshm3app5testss_34test_update_filter_preserves_order
FN:1825,_RNvNtNtCsfjuo7C0KNcw_4sshm3app5testss_35test_delete_connection_after_filter
FN:1932,_RNvNtNtCsfjuo7C0KNcw_4sshm3app5testss_35test_delete_connection_index_bounds
FN:2472,_RNvNtNtCsfjuo7C0KNcw_4sshm3app5testss_35test_delete_connection_with_message
FN:1899,_RNvNtNtCsfjuo7C0KNcw_4sshm3app5testss_35test_delete_input_char_folder_field
FN:1514,_RNvNtNtCsfjuo7C0KNcw_4sshm3app5testss_35test_filtered_indices_initial_state
FN:2635,_RNvNtNtCsfjuo7C0KNcw_4sshm3app5testss_35test_import_connections_integration
FN:2714,_RNvNtNtCsfjuo7C0KNcw_4sshm3app5testss_35test_input_buffer_fields_are_string
FN:2169,_RNvNtNtCsfjuo7C0KNcw_4sshm3app5testss_35test_render_input_with_test_backend
FN:2197,_RNvNtNtCsfjuo7C0KNcw_4sshm3app5testss_35test_render_popup_with_test_backend
FN:2431,_RNvNtNtCsfjuo7C0KNcw_4sshm3app5testss_35test_update_filter_with_fuzzy_match
FN:2415,_RNvNtNtCsfjuo7C0KNcw_4sshm3app5testss_36test_check_for_update_skipped_in_dev
FN:2285,_RNvNtNtCsfjuo7C0KNcw_4sshm3app5testss_36test_handle_normal_mode_ctrl_c_count
FN:2297,_RNvNtNtCsfjuo7C0KNcw_4sshm3app5testss_36test_handle_normal_mode_reset_ctrl_c
FN:2127,_RNvNtNtCsfjuo7C0KNcw_4sshm3app5testss_36test_render_footer_with_test_backend
FN:2099,_RNvNtNtCsfjuo7C0KNcw_4sshm3app5testss_36test_render_header_with_test_backend
FN:2155,_RNvNtNtCsfjuo7C0KNcw_4sshm3app5testss_36test_render_search_with_test_backend
FN:1717,_RNvNtNtCsfjuo7C0KNcw_4sshm3app5testss_36test_save_connection_with_all_fields
FN:2401,_RNvNtNtCsfjuo7C0KNcw_4sshm3app5testss_37test_connect_with_out_of_bounds_index
FN:1356,_RNvNtNtCsfjuo7C0KNcw_4sshm3app5testss_37test_delete_connection_updates_filter
FN:1886,_RNvNtNtCsfjuo7C0KNcw_4sshm3app5testss_37test_delete_input_char_key_path_field
FN:2342,_RNvNtNtCsfjuo7C0KNcw_4sshm3app5testss_37test_handle_help_mode_mode_transition
FN:2451,_RNvNtNtCsfjuo7C0KNcw_4sshm3app5testss_37test_save_connection_add_with_message
FN:1688,_RNvNtNtCsfjuo7C0KNcw_4sshm3app5testss_37test_update_filter_with_special_chars
FN:2542,_RNvNtNtCsfjuo7C0KNcw_4sshm3app5testss_38test_app_with_test_backend_full_render
FN:2262,_RNvNtNtCsfjuo7C0KNcw_4sshm3app5testss_38test_handle_normal_mode_up_at_boundary
FN:1174,_RNvNtNtCsfjuo7C0KNcw_4sshm3app5testss_39test_append_input_char_port_only_digits
FN:1876,_RNvNtNtCsfjuo7C0KNcw_4sshm3app5testss_39test_get_current_input_field_all_fields
FN:2584,_RNvNtNtCsfjuo7C0KNcw_4sshm3app5testss_39test_handle_normal_mode_navigation_keys
FN:2330,_RNvNtNtCsfjuo7C0KNcw_4sshm3app5testss_39test_handle_search_mode_clear_on_escape
FN:2305,_RNvNtNtCsfjuo7C0KNcw_4sshm3app5testss_39test_handle_search_mode_query_appending
FN:2386,_RNvNtNtCsfjuo7C0KNcw_4sshm3app5testss_40test_connect_with_empty_filtered_indices
FN:2273,_RNvNtNtCsfjuo7C0KNcw_4sshm3app5testss_40test_handle_normal_mode_down_at_boundary
FN:2141,_RNvNtNtCsfjuo7C0KNcw_4sshm3app5testss_40test_render_search_bar_with_test_backend
FN:1455,_RNvNtNtCsfjuo7C0KNcw_4sshm3app5testss_40test_update_filter_with_case_insensitive
FN:2517,_RNvNtNtCsfjuo7C0KNcw_4sshm3app5testss_41test_input_buffer_clear_with_test_backend
FN:1132,_RNvNtNtCsfjuo7C0KNcw_4sshm3app5testss_42test_input_buffer_from_connection_defaults
FN:2210,_RNvNtNtCsfjuo7C0KNcw_4sshm3app5testss_42test_render_update_popup_with_test_backend
FN:2077,_RNvNtNtCsfjuo7C0KNcw_4sshm3app5testss_42test_terminal_with_test_backend_dimensions
FN:1475,_RNvNtNtCsfjuo7C0KNcw_4sshm3app5testss_42test_update_filter_resets_index_when_empty
FN:1444,_RNvNtNtCsfjuo7C0KNcw_4sshm3app5testss_43test_delete_char_advances_to_previous_field
FN:2421,_RNvNtNtCsfjuo7C0KNcw_4sshm3app5testss_43test_update_filter_empty_query_collects_all
FN:1465,_RNvNtNtCsfjuo7C0KNcw_4sshm3app5testss_43test_update_filter_with_folder_not_searched
FN:1772,_RNvNtNtCsfjuo7C0KNcw_4sshm3app5testss_44test_advance_input_field_does_not_exceed_max
FN:1377,_RNvNtNtCsfjuo7C0KNcw_4sshm3app5testss_45test_filtered_indices_maintained_after_search
FN:1742,_RNvNtNtCsfjuo7C0KNcw_4sshm3app5testss_49test_save_connection_with_empty_port_uses_default
FN:1762,_RNvNtNtCsfjuo7C0KNcw_4sshm3app5testss_50test_delete_connection_updates_filter_after_delete
FNDA:1,_RNvMNtCsbeDL4a92g02_4sshm3appNtB2_11InputBuffer15from_connection
FNDA:0,_RNvMNtCsbeDL4a92g02_4sshm3appNtB2_11InputBuffer5clear
FNDA:1,_RNvMs0_NtCsbeDL4a92g02_4sshm3appNtB5_3App11render_help
FNDA:13,_RNvMs0_NtCsbeDL4a92g02_4sshm3appNtB5_3App11render_list
FNDA:3,_RNvMs0_NtCsbeDL4a92g02_4sshm3appNtB5_3App12render_input
FNDA:1,_RNvMs0_NtCsbeDL4a92g02_4sshm3appNtB5_3App12render_popup
FNDA:0,_RNvMs0_NtCsbeDL4a92g02_4sshm3appNtB5_3App12show_message
FNDA:5,_RNvMs0_NtCsbeDL4a92g02_4sshm3appNtB5_3App13centered_rect
FNDA:13,_RNvMs0_NtCsbeDL4a92g02_4sshm3appNtB5_3App13render_footer
FNDA:13,_RNvMs0_NtCsbeDL4a92g02_4sshm3appNtB5_3App13render_header
FNDA:0,_RNvMs0_NtCsbeDL4a92g02_4sshm3appNtB5_3App13render_search
FNDA:2,_RNvMs0_NtCsbeDL4a92g02_4sshm3appNtB5_3App13update_filter
FNDA:0,_RNvMs0_NtCsbeDL4a92g02_4sshm3appNtB5_3App15save_connection
FNDA:0,_RNvMs0_NtCsbeDL4a92g02_4sshm3appNtB5_3App16check_for_update
FNDA:0,_RNvMs0_NtCsbeDL4a92g02_4sshm3appNtB5_3App16handle_help_mode
FNDA:0,_RNvMs0_NtCsbeDL4a92g02_4sshm3appNtB5_3App17append_input_char
FNDA:0,_RNvMs0_NtCsbeDL4a92g02_4sshm3appNtB5_3App17delete_connection
FNDA:0,_RNvMs0_NtCsbeDL4a92g02_4sshm3appNtB5_3App17delete_input_char
FNDA:0,_RNvMs0_NtCsbeDL4a92g02_4sshm3appNtB5_3App17handle_input_mode
FNDA:13,_RNvMs0_NtCsbeDL4a92g02_4sshm3appNtB5_3App17render_search_bar
FNDA:0,_RNvMs0_NtCsbeDL4a92g02_4sshm3appNtB5_3App18handle_normal_mode
FNDA:0,_RNvMs0_NtCsbeDL4a92g02_4sshm3appNtB5_3App18handle_search_mode
FNDA:0,_RNvMs0_NtCsbeDL4a92g02_4sshm3appNtB5_3App18handle_update_mode
FNDA:0,_RNvMs0_NtCsbeDL4a92g02_4sshm3appNtB5_3App18import_connections
FNDA:0,_RNvMs0_NtCsbeDL4a92g02_4sshm3appNtB5_3App19advance_input_field
FNDA:0,_RNvMs0_NtCsbeDL4a92g02_4sshm3appNtB5_3App19render_update_popup
FNDA:3,_RNvMs0_NtCsbeDL4a92g02_4sshm3appNtB5_3App23get_current_input_field
FNDA:0,_RNvMs0_NtCsbeDL4a92g02_4sshm3appNtB5_3App3new
FNDA:0,_RNvMs0_NtCsbeDL4a92g02_4sshm3appNtB5_3App3run
FNDA:14,_RNvMs0_NtCsbeDL4a92g02_4sshm3appNtB5_3App6render
FNDA:0,_RNvMs0_NtCsbeDL4a92g02_4sshm3appNtB5_3App7connect
FNDA:0,_RNvXs_NtCsbeDL4a92g02_4sshm3appNtB4_3AppNtNtCs4kUJL3MZFFz_4core7default7Default7default
FNDA:29,_RNCNvMs0_NtCsbeDL4a92g02_4sshm3appNtB7_3App11render_list0B9_
FNDA:0,_RNCNvMs0_NtCsbeDL4a92g02_4sshm3appNtB7_3App12show_message0B9_
FNDA:6,_RNCNvMs0_NtCsbeDL4a92g02_4sshm3appNtB7_3App13update_filter0B9_
FNDA:0,_RNCNvMs0_NtCsbeDL4a92g02_4sshm3appNtB7_3App15save_connection0B9_
FNDA:0,_RNCNvMs0_NtCsbeDL4a92g02_4sshm3appNtB7_3App15save_connections_0B9_
FNDA:0,_RNCNvMs0_NtCsbeDL4a92g02_4sshm3appNtB7_3App16handle_help_mode0B9_
FNDA:0,_RNCNvMs0_NtCsbeDL4a92g02_4sshm3appNtB7_3App17delete_connection0B9_
FNDA:0,_RNCNvMs0_NtCsbeDL4a92g02_4sshm3appNtB7_3App17delete_connections_0B9_
FNDA:0,_RNCNvMs0_NtCsbeDL4a92g02_4sshm3appNtB7_3App17handle_input_mode0B9_
FNDA:0,_RNCNvMs0_NtCsbeDL4a92g02_4sshm3appNtB7_3App18handle_search_mode0B9_
FNDA:0,_RNCNvMs0_NtCsbeDL4a92g02_4sshm3appNtB7_3App18handle_update_mode0B9_
FNDA:0,_RNCNvMs0_NtCsbeDL4a92g02_4sshm3appNtB7_3App3run0B9_
FNDA:0,_RNvMNtCs1iXx7wZxmjH_4sshm3appNtB2_11InputBuffer15from_connection
FNDA:0,_RNvMNtCs1iXx7wZxmjH_4sshm3appNtB2_11InputBuffer5clear
FNDA:0,_RNvMs0_NtCs1iXx7wZxmjH_4sshm3appNtB5_3App11render_help
FNDA:0,_RNvMs0_NtCs1iXx7wZxmjH_4sshm3appNtB5_3App11render_list
FNDA:0,_RNvMs0_NtCs1iXx7wZxmjH_4sshm3appNtB5_3App12render_input
FNDA:0,_RNvMs0_NtCs1iXx7wZxmjH_4sshm3appNtB5_3App12render_popup
FNDA:0,_RNvMs0_NtCs1iXx7wZxmjH_4sshm3appNtB5_3App12show_message
FNDA:0,_RNvMs0_NtCs1iXx7wZxmjH_4sshm3appNtB5_3App13centered_rect
FNDA:0,_RNvMs0_NtCs1iXx7wZxmjH_4sshm3appNtB5_3App13render_footer
FNDA:0,_RNvMs0_NtCs1iXx7wZxmjH_4sshm3appNtB5_3App13render_header
FNDA:0,_RNvMs0_NtCs1iXx7wZxmjH_4sshm3appNtB5_3App13render_search
FNDA:0,_RNvMs0_NtCs1iXx7wZxmjH_4sshm3appNtB5_3App13update_filter
FNDA:0,_RNvMs0_NtCs1iXx7wZxmjH_4sshm3appNtB5_3App15save_connection
FNDA:0,_RNvMs0_NtCs1iXx7wZxmjH_4sshm3appNtB5_3App16check_for_update
FNDA:0,_RNvMs0_NtCs1iXx7wZxmjH_4sshm3appNtB5_3App16handle_help_mode
FNDA:0,_RNvMs0_NtCs1iXx7wZxmjH_4sshm3appNtB5_3App17append_input_char
FNDA:0,_RNvMs0_NtCs1iXx7wZxmjH_4sshm3appNtB5_3App17delete_connection
FNDA:0,_RNvMs0_NtCs1iXx7wZxmjH_4sshm3appNtB5_3App17delete_input_char
FNDA:0,_RNvMs0_NtCs1iXx7wZxmjH_4sshm3appNtB5_3App17handle_input_mode
FNDA:0,_RNvMs0_NtCs1iXx7wZxmjH_4sshm3appNtB5_3App17render_search_bar
FNDA:0,_RNvMs0_NtCs1iXx7wZxmjH_4sshm3appNtB5_3App18handle_normal_mode
FNDA:0,_RNvMs0_NtCs1iXx7wZxmjH_4sshm3appNtB5_3App18handle_search_mode
FNDA:0,_RNvMs0_NtCs1iXx7wZxmjH_4sshm3appNtB5_3App18handle_update_mode
FNDA:0,_RNvMs0_NtCs1iXx7wZxmjH_4sshm3appNtB5_3App18import_connections
FNDA:0,_RNvMs0_NtCs1iXx7wZxmjH_4sshm3appNtB5_3App19advance_input_field
FNDA:0,_RNvMs0_NtCs1iXx7wZxmjH_4sshm3appNtB5_3App19render_update_popup
FNDA:0,_RNvMs0_NtCs1iXx7wZxmjH_4sshm3appNtB5_3App23get_current_input_field
FNDA:0,_RNvMs0_NtCs1iXx7wZxmjH_4sshm3appNtB5_3App3new
FNDA:0,_RNvMs0_NtCs1iXx7wZxmjH_4sshm3appNtB5_3App3run
FNDA:0,_RNvMs0_NtCs1iXx7wZxmjH_4sshm3appNtB5_3App6render
FNDA:0,_RNvMs0_NtCs1iXx7wZxmjH_4sshm3appNtB5_3App7connect
FNDA:0,_RNvXs_NtCs1iXx7wZxmjH_4sshm3appNtB4_3AppNtNtCs4kUJL3MZFFz_4core7default7Default7default
FNDA:0,_RNCNvMs0_NtCs1iXx7wZxmjH_4sshm3appNtB7_3App11render_list0B9_
FNDA:0,_RNCNvMs0_NtCs1iXx7wZxmjH_4sshm3appNtB7_3App12show_message0B9_
FNDA:0,_RNCNvMs0_NtCs1iXx7wZxmjH_4sshm3appNtB7_3App13update_filter0B9_
FNDA:0,_RNCNvMs0_NtCs1iXx7wZxmjH_4sshm3appNtB7_3App15save_connection0B9_
FNDA:0,_RNCNvMs0_NtCs1iXx7wZxmjH_4sshm3appNtB7_3App15save_connections_0B9_
FNDA:0,_RNCNvMs0_NtCs1iXx7wZxmjH_4sshm3appNtB7_3App16handle_help_mode0B9_
FNDA:0,_RNCNvMs0_NtCs1iXx7wZxmjH_4sshm3appNtB7_3App17delete_connection0B9_
FNDA:0,_RNCNvMs0_NtCs1iXx7wZxmjH_4sshm3appNtB7_3App17delete_connections_0B9_
FNDA:0,_RNCNvMs0_NtCs1iXx7wZxmjH_4sshm3appNtB7_3App17handle_input_mode0B9_
FNDA:0,_RNCNvMs0_NtCs1iXx7wZxmjH_4sshm3appNtB7_3App18handle_search_mode0B9_
FNDA:0,_RNCNvMs0_NtCs1iXx7wZxmjH_4sshm3appNtB7_3App18handle_update_mode0B9_
FNDA:0,_RNCNvMs0_NtCs1iXx7wZxmjH_4sshm3appNtB7_3App3run0B9_
FNDA:111,_RNvNtNtCs1JeHJ6PG7fk_4sshm3app5tests15create_test_app
FNDA:1,_RNvNtNtCs1JeHJ6PG7fk_4sshm3app5testss_12test_app_new
FNDA:1,_RNvNtNtCs1JeHJ6PG7fk_4sshm3app5testss_16test_app_mode_eq
FNDA:1,_RNvNtNtCs1JeHJ6PG7fk_4sshm3app5testss_16test_app_mode_ne
FNDA:1,_RNvNtNtCs1JeHJ6PG7fk_4sshm3app5testss_17test_render_modes
FNDA:1,_RNvNtNtCs1JeHJ6PG7fk_4sshm3app5testss_18test_centered_rect
FNDA:1,_RNvNtNtCs1JeHJ6PG7fk_4sshm3app5testss_19test_add_connection
FNDA:1,_RNvNtNtCs1JeHJ6PG7fk_4sshm3app5testss_21test_app_mode_is_copy
FNDA:1,_RNvNtNtCs1JeHJ6PG7fk_4sshm3app5testss_21test_connect_function
FNDA:1,_RNvNtNtCs1JeHJ6PG7fk_4sshm3app5testss_21test_matcher_creation
FNDA:1,_RNvNtNtCs1JeHJ6PG7fk_4sshm3app5testss_21test_message_handling
FNDA:1,_RNvNtNtCs1JeHJ6PG7fk_4sshm3app5testss_21test_mode_transitions
FNDA:1,_RNvNtNtCs1JeHJ6PG7fk_4sshm3app5testss_21test_search_query_pop
FNDA:1,_RNvNtNtCs1JeHJ6PG7fk_4sshm3app5testss_22test_app_mode_variants
FNDA:1,_RNvNtNtCs1JeHJ6PG7fk_4sshm3app5testss_22test_append_input_char
FNDA:1,_RNvNtNtCs1JeHJ6PG7fk_4sshm3app5testss_22test_delete_connection
FNDA:1,_RNvNtNtCs1JeHJ6PG7fk_4sshm3app5testss_22test_delete_input_char
FNDA:1,_RNvNtNtCs1JeHJ6PG7fk_4sshm3app5testss_22test_render_list_empty
FNDA:1,_RNvNtNtCs1JeHJ6PG7fk_4sshm3app5testss_23test_app_initialization
FNDA:1,_RNvNtNtCs1JeHJ6PG7fk_4sshm3app5testss_23test_input_buffer_clear
FNDA:1,_RNvNtNtCs1JeHJ6PG7fk_4sshm3app5testss_23test_input_buffer_clone
FNDA:1,_RNvNtNtCs1JeHJ6PG7fk_4sshm3app5testss_23test_input_field_bounds
FNDA:1,_RNvNtNtCs1JeHJ6PG7fk_4sshm3app5testss_23test_search_query_clear
FNDA:1,_RNvNtNtCs1JeHJ6PG7fk_4sshm3app5testss_24test_advance_input_field
FNDA:1,_RNvNtNtCs1JeHJ6PG7fk_4sshm3app5testss_25test_app_mode_transitions
FNDA:1,_RNvNtNtCs1JeHJ6PG7fk_4sshm3app5testss_25test_input_buffer_default
FNDA:1,_RNvNtNtCs1JeHJ6PG7fk_4sshm3app5testss_25test_search_query_default
FNDA:1,_RNvNtNtCs1JeHJ6PG7fk_4sshm3app5testss_26test_app_with_empty_config
FNDA:1,_RNvNtNtCs1JeHJ6PG7fk_4sshm3app5testss_26test_matcher_empty_pattern
FNDA:1,_RNvNtNtCs1JeHJ6PG7fk_4sshm3app5testss_26test_matcher_partial_match
FNDA:1,_RNvNtNtCs1JeHJ6PG7fk_4sshm3app5testss_26test_multiple_input_fields
FNDA:1,_RNvNtNtCs1JeHJ6PG7fk_4sshm3app5testss_26test_selected_index_bounds
FNDA:1,_RNvNtNtCs1JeHJ6PG7fk_4sshm3app5testss_26test_update_filter_by_host
FNDA:1,_RNvNtNtCs1JeHJ6PG7fk_4sshm3app5testss_26test_update_filter_by_user
FNDA:1,_RNvNtNtCs1JeHJ6PG7fk_4sshm3app5testss_27test_delete_char_from_field
FNDA:1,_RNvNtNtCs1JeHJ6PG7fk_4sshm3app5testss_27test_delete_connection_last
FNDA:1,_RNvNtNtCs1JeHJ6PG7fk_4sshm3app5testss_27test_render_footer_add_mode
FNDA:1,_RNvNtNtCs1JeHJ6PG7fk_4sshm3app5testss_27test_search_query_appending
FNDA:1,_RNvNtNtCs1JeHJ6PG7fk_4sshm3app5testss_27test_update_filter_by_alias
FNDA:1,_RNvNtNtCs1JeHJ6PG7fk_4sshm3app5testss_27test_update_filter_no_match
FNDA:1,_RNvNtNtCs1JeHJ6PG7fk_4sshm3app5testss_28test_delete_connection_first
FNDA:1,_RNvNtNtCs1JeHJ6PG7fk_4sshm3app5testss_28test_get_current_input_field
FNDA:1,_RNvNtNtCs1JeHJ6PG7fk_4sshm3app5testss_28test_input_buffer_all_fields
FNDA:1,_RNvNtNtCs1JeHJ6PG7fk_4sshm3app5testss_28test_render_footer_help_mode
FNDA:1,_RNvNtNtCs1JeHJ6PG7fk_4sshm3app5testss_28test_search_query_assignment
FNDA:1,_RNvNtNtCs1JeHJ6PG7fk_4sshm3app5testss_28test_update_filter_all_match
FNDA:1,_RNvNtNtCs1JeHJ6PG7fk_4sshm3app5testss_29test_delete_connection_middle
FNDA:1,_RNvNtNtCs1JeHJ6PG7fk_4sshm3app5testss_29test_filtered_indices_cloning
FNDA:1,_RNvNtNtCs1JeHJ6PG7fk_4sshm3app5testss_29test_filtered_indices_sorting
FNDA:1,_RNvNtNtCs1JeHJ6PG7fk_4sshm3app5testss_29test_render_with_search_query
FNDA:1,_RNvNtNtCs1JeHJ6PG7fk_4sshm3app5testss_29test_render_with_test_backend
FNDA:1,_RNvNtNtCs1JeHJ6PG7fk_4sshm3app5testss_29test_save_connection_add_mode
FNDA:1,_RNvNtNtCs1JeHJ6PG7fk_4sshm3app5testss_29test_search_query_with_spaces
FNDA:1,_RNvNtNtCs1JeHJ6PG7fk_4sshm3app5testss_30test_handle_normal_mode_up_key
FNDA:1,_RNvNtNtCs1JeHJ6PG7fk_4sshm3app5testss_30test_matcher_different_strings
FNDA:1,_RNvNtNtCs1JeHJ6PG7fk_4sshm3app5testss_30test_matcher_none_for_no_match
FNDA:1,_RNvNtNtCs1JeHJ6PG7fk_4sshm3app5testss_30test_render_footer_normal_mode
FNDA:1,_RNvNtNtCs1JeHJ6PG7fk_4sshm3app5testss_30test_render_footer_search_mode
FNDA:1,_RNvNtNtCs1JeHJ6PG7fk_4sshm3app5testss_30test_save_connection_edit_mode
FNDA:1,_RNvNtNtCs1JeHJ6PG7fk_4sshm3app5testss_30test_update_filter_empty_query
FNDA:1,_RNvNtNtCs1JeHJ6PG7fk_4sshm3app5testss_30test_update_filter_exact_match
FNDA:1,_RNvNtNtCs1JeHJ6PG7fk_4sshm3app5testss_31test_app_fields_are_initialized
FNDA:1,_RNvNtNtCs1JeHJ6PG7fk_4sshm3app5testss_31test_app_new_with_mock_terminal
FNDA:1,_RNvNtNtCs1JeHJ6PG7fk_4sshm3app5testss_31test_handle_normal_mode_end_key
FNDA:1,_RNvNtNtCs1JeHJ6PG7fk_4sshm3app5testss_31test_import_connections_message
FNDA:1,_RNvNtNtCs1JeHJ6PG7fk_4sshm3app5testss_31test_matcher_whole_string_match
FNDA:1,_RNvNtNtCs1JeHJ6PG7fk_4sshm3app5testss_31test_message_handling_with_some
FNDA:1,_RNvNtNtCs1JeHJ6PG7fk_4sshm3app5testss_31test_terminal_with_test_backend
FNDA:1,_RNvNtNtCs1JeHJ6PG7fk_4sshm3app5testss_31test_update_filter_bounds_check
FNDA:1,_RNvNtNtCs1JeHJ6PG7fk_4sshm3app5testss_31test_update_filter_with_numbers
FNDA:1,_RNvNtNtCs1JeHJ6PG7fk_4sshm3app5testss_32test_connect_sets_should_connect
FNDA:1,_RNvNtNtCs1JeHJ6PG7fk_4sshm3app5testss_32test_fuzzy_matcher_returns_score
FNDA:1,_RNvNtNtCs1JeHJ6PG7fk_4sshm3app5testss_32test_handle_normal_mode_down_key
FNDA:1,_RNvNtNtCs1JeHJ6PG7fk_4sshm3app5testss_32test_handle_normal_mode_home_key
FNDA:1,_RNvNtNtCs1JeHJ6PG7fk_4sshm3app5testss_32test_update_filter_partial_match
FNDA:1,_RNvNtNtCs1JeHJ6PG7fk_4sshm3app5testss_32test_update_filter_unicode_chars
FNDA:1,_RNvNtNtCs1JeHJ6PG7fk_4sshm3app5testss_32test_update_filter_with_no_match
FNDA:1,_RNvNtNtCs1JeHJ6PG7fk_4sshm3app5testss_33test_append_char_different_fields
FNDA:1,_RNvNtNtCs1JeHJ6PG7fk_4sshm3app5testss_33test_config_connections_reference
FNDA:1,_RNvNtNtCs1JeHJ6PG7fk_4sshm3app5testss_33test_delete_char_different_fields
FNDA:1,_RNvNtNtCs1JeHJ6PG7fk_4sshm3app5testss_33test_delete_char_from_empty_field
FNDA:1,_RNvNtNtCs1JeHJ6PG7fk_4sshm3app5testss_33test_delete_connection_empty_list
FNDA:1,_RNvNtNtCs1JeHJ6PG7fk_4sshm3app5testss_33test_handle_search_mode_backspace
FNDA:1,_RNvNtNtCs1JeHJ6PG7fk_4sshm3app5testss_33test_handle_search_mode_query_pop
FNDA:1,_RNvNtNtCs1JeHJ6PG7fk_4sshm3app5testss_33test_import_connections_with_mock
FNDA:1,_RNvNtNtCs1JeHJ6PG7fk_4sshm3app5testss_33test_input_buffer_from_connection
FNDA:1,_RNvNtNtCs1JeHJ6PG7fk_4sshm3app5testss_33test_render_list_with_connections
FNDA:1,_RNvNtNtCs1JeHJ6PG7fk_4sshm3app5testss_33test_render_search_bar_with_query
FNDA:1,_RNvNtNtCs1JeHJ6PG7fk_4sshm3app5testss_33test_search_query_clear_on_escape
FNDA:1,_RNvNtNtCs1JeHJ6PG7fk_4sshm3app5testss_34test_handle_help_mode_key_handling
FNDA:1,_RNvNtNtCs1JeHJ6PG7fk_4sshm3app5testss_34test_render_help_with_test_backend
FNDA:1,_RNvNtNtCs1JeHJ6PG7fk_4sshm3app5testss_34test_render_list_with_test_backend
FNDA:1,_RNvNtNtCs1JeHJ6PG7fk_4sshm3app5testss_34test_render_search_bar_empty_query
FNDA:1,_RNvNtNtCs1JeHJ6PG7fk_4sshm3app5testss_34test_render_with_empty_connections
FNDA:1,_RNvNtNtCs1JeHJ6PG7fk_4sshm3app5testss_34test_update_filter_preserves_order
FNDA:1,_RNvNtNtCs1JeHJ6PG7fk_4sshm3app5testss_35test_delete_connection_after_filter
FNDA:1,_RNvNtNtCs1JeHJ6PG7fk_4sshm3app5testss_35test_delete_connection_index_bounds
FNDA:1,_RNvNtNtCs1JeHJ6PG7fk_4sshm3app5testss_35test_delete_connection_with_message
FNDA:1,_RNvNtNtCs1JeHJ6PG7fk_4sshm3app5testss_35test_delete_input_char_folder_field
FNDA:1,_RNvNtNtCs1JeHJ6PG7fk_4sshm3app5testss_35test_filtered_indices_initial_state
FNDA:1,_RNvNtNtCs1JeHJ6PG7fk_4sshm3app5testss_35test_import_connections_integration
FNDA:1,_RNvNtNtCs1JeHJ6PG7fk_4sshm3app5testss_35test_input_buffer_fields_are_string
FNDA:1,_RNvNtNtCs1JeHJ6PG7fk_4sshm3app5testss_35test_render_input_with_test_backend
FNDA:1,_RNvNtNtCs1JeHJ6PG7fk_4sshm3app5testss_35test_render_popup_with_test_backend
FNDA:1,_RNvNtNtCs1JeHJ6PG7fk_4sshm3app5testss_35test_update_filter_with_fuzzy_match
FNDA:1,_RNvNtNtCs1JeHJ6PG7fk_4sshm3app5testss_36test_check_for_update_skipped_in_dev
FNDA:1,_RNvNtNtCs1JeHJ6PG7fk_4sshm3app5testss_36test_handle_normal_mode_ctrl_c_count
FNDA:1,_RNvNtNtCs1JeHJ6PG7fk_4sshm3app5testss_36test_handle_normal_mode_reset_ctrl_c
FNDA:1,_RNvNtNtCs1JeHJ6PG7fk_4sshm3app5testss_36test_render_footer_with_test_backend
FNDA:1,_RNvNtNtCs1JeHJ6PG7fk_4sshm3app5testss_36test_render_header_with_test_backend
FNDA:1,_RNvNtNtCs1JeHJ6PG7fk_4sshm3app5testss_36test_render_search_with_test_backend
FNDA:1,_RNvNtNtCs1JeHJ6PG7fk_4sshm3app5testss_36test_save_connection_with_all_fields
FNDA:1,_RNvNtNtCs1JeHJ6PG7fk_4sshm3app5testss_37test_connect_with_out_of_bounds_index
FNDA:1,_RNvNtNtCs1JeHJ6PG7fk_4sshm3app5testss_37test_delete_connection_updates_filter
FNDA:1,_RNvNtNtCs1JeHJ6PG7fk_4sshm3app5testss_37test_delete_input_char_key_path_field
FNDA:1,_RNvNtNtCs1JeHJ6PG7fk_4sshm3app5testss_37test_handle_help_mode_mode_transition
FNDA:1,_RNvNtNtCs1JeHJ6PG7fk_4sshm3app5testss_37test_save_connection_add_with_message
FNDA:1,_RNvNtNtCs1JeHJ6PG7fk_4sshm3app5testss_37test_update_filter_with_special_chars
FNDA:1,_RNvNtNtCs1JeHJ6PG7fk_4sshm3app5testss_38test_app_with_test_backend_full_render
FNDA:1,_RNvNtNtCs1JeHJ6PG7fk_4sshm3app5testss_38test_handle_normal_mode_up_at_boundary
FNDA:1,_RNvNtNtCs1JeHJ6PG7fk_4sshm3app5testss_39test_append_input_char_port_only_digits
FNDA:1,_RNvNtNtCs1JeHJ6PG7fk_4sshm3app5testss_39test_get_current_input_field_all_fields
FNDA:1,_RNvNtNtCs1JeHJ6PG7fk_4sshm3app5testss_39test_handle_normal_mode_navigation_keys
FNDA:1,_RNvNtNtCs1JeHJ6PG7fk_4sshm3app5testss_39test_handle_search_mode_clear_on_escape
FNDA:1,_RNvNtNtCs1JeHJ6PG7fk_4sshm3app5testss_39test_handle_search_mode_query_appending
FNDA:1,_RNvNtNtCs1JeHJ6PG7fk_4sshm3app5testss_40test_connect_with_empty_filtered_indices
FNDA:1,_RNvNtNtCs1JeHJ6PG7fk_4sshm3app5testss_40test_handle_normal_mode_down_at_boundary
FNDA:1,_RNvNtNtCs1JeHJ6PG7fk_4sshm3app5testss_40test_render_search_bar_with_test_backend
FNDA:1,_RNvNtNtCs1JeHJ6PG7fk_4sshm3app5testss_40test_update_filter_with_case_insensitive
FNDA:1,_RNvNtNtCs1JeHJ6PG7fk_4sshm3app5testss_41test_input_buffer_clear_with_test_backend
FNDA:1,_RNvNtNtCs1JeHJ6PG7fk_4sshm3app5testss_42test_input_buffer_from_connection_defaults
FNDA:1,_RNvNtNtCs1JeHJ6PG7fk_4sshm3app5testss_42test_render_update_popup_with_test_backend
FNDA:1,_RNvNtNtCs1JeHJ6PG7fk_4sshm3app5testss_42test_terminal_with_test_backend_dimensions
FNDA:1,_RNvNtNtCs1JeHJ6PG7fk_4sshm3app5testss_42test_update_filter_resets_index_when_empty
FNDA:1,_RNvNtNtCs1JeHJ6PG7fk_4sshm3app5testss_43test_delete_char_advances_to_previous_field
FNDA:1,_RNvNtNtCs1JeHJ6PG7fk_4sshm3app5testss_43test_update_filter_empty_query_collects_all
FNDA:1,_RNvNtNtCs1JeHJ6PG7fk_4sshm3app5testss_43test_update_filter_with_folder_not_searched
FNDA:1,_RNvNtNtCs1JeHJ6PG7fk_4sshm3app5testss_44test_advance_input_field_does_not_exceed_max
FNDA:1,_RNvNtNtCs1JeHJ6PG7fk_4sshm3app5testss_45test_filtered_indices_maintained_after_search
FNDA:1,_RNvNtNtCs1JeHJ6PG7fk_4sshm3app5testss_49test_save_connection_with_empty_port_uses_default
FNDA:1,_RNvNtNtCs1JeHJ6PG7fk_4sshm3app5testss_50test_delete_connection_updates_filter_after_delete
FNDA:1,_RNCNvNtNtCs1JeHJ6PG7fk_4sshm3app5testss_17test_render_modes0B7_
FNDA:1,_RNCNvNtNtCs1JeHJ6PG7fk_4sshm3app5testss_17test_render_modess0_0B7_
FNDA:1,_RNCNvNtNtCs1JeHJ6PG7fk_4sshm3app5testss_17test_render_modess_0B7_
FNDA:1,_RNCNvNtNtCs1JeHJ6PG7fk_4sshm3app5testss_18test_centered_rect0B7_
FNDA:1,_RNCNvNtNtCs1JeHJ6PG7fk_4sshm3app5testss_22test_render_list_empty0B7_
FNDA:1,_RNCNvNtNtCs1JeHJ6PG7fk_4sshm3app5testss_27test_render_footer_add_mode0B7_
FNDA:1,_RNCNvNtNtCs1JeHJ6PG7fk_4sshm3app5testss_28test_render_footer_help_mode0B7_
FNDA:1,_RNCNvNtNtCs1JeHJ6PG7fk_4sshm3app5testss_29test_render_with_search_query0B7_
FNDA:1,_RNCNvNtNtCs1JeHJ6PG7fk_4sshm3app5testss_29test_render_with_test_backend0B7_
FNDA:1,_RNCNvNtNtCs1JeHJ6PG7fk_4sshm3app5testss_30test_render_footer_normal_mode0B7_
FNDA:1,_RNCNvNtNtCs1JeHJ6PG7fk_4sshm3app5testss_30test_render_footer_search_mode0B7_
FNDA:1,_RNCNvNtNtCs1JeHJ6PG7fk_4sshm3app5testss_33test_render_list_with_connections0B7_
FNDA:1,_RNCNvNtNtCs1JeHJ6PG7fk_4sshm3app5testss_33test_render_search_bar_with_query0B7_
FNDA:1,_RNCNvNtNtCs1JeHJ6PG7fk_4sshm3app5testss_34test_render_help_with_test_backend0B7_
FNDA:1,_RNCNvNtNtCs1JeHJ6PG7fk_4sshm3app5testss_34test_render_list_with_test_backend0B7_
FNDA:1,_RNCNvNtNtCs1JeHJ6PG7fk_4sshm3app5testss_34test_render_search_bar_empty_query0B7_
FNDA:1,_RNCNvNtNtCs1JeHJ6PG7fk_4sshm3app5testss_34test_render_with_empty_connections0B7_
FNDA:1,_RNCNvNtNtCs1JeHJ6PG7fk_4sshm3app5testss_35test_render_input_with_test_backend0B7_
FNDA:1,_RNCNvNtNtCs1JeHJ6PG7fk_4sshm3app5testss_35test_render_popup_with_test_backend0B7_
FNDA:1,_RNCNvNtNtCs1JeHJ6PG7fk_4sshm3app5testss_36test_render_footer_with_test_backend0B7_
FNDA:1,_RNCNvNtNtCs1JeHJ6PG7fk_4sshm3app5testss_36test_render_header_with_test_backend0B7_
FNDA:1,_RNCNvNtNtCs1JeHJ6PG7fk_4sshm3app5testss_36test_render_search_with_test_backend0B7_
FNDA:1,_RNCNvNtNtCs1JeHJ6PG7fk_4sshm3app5testss_38test_app_with_test_backend_full_render0B7_
FNDA:1,_RNCNvNtNtCs1JeHJ6PG7fk_4sshm3app5testss_40test_render_search_bar_with_test_backend0B7_
FNDA:1,_RNCNvNtNtCs1JeHJ6PG7fk_4sshm3app5testss_42test_render_update_popup_with_test_backend0B7_
FNDA:2,_RNvMNtCs1JeHJ6PG7fk_4sshm3appNtB2_11InputBuffer15from_connection
FNDA:10,_RNvMNtCs1JeHJ6PG7fk_4sshm3appNtB2_11InputBuffer5clear
FNDA:2,_RNvMs0_NtCs1JeHJ6PG7fk_4sshm3appNtB5_3App11render_help
FNDA:8,_RNvMs0_NtCs1JeHJ6PG7fk_4sshm3appNtB5_3App11render_list
FNDA:1,_RNvMs0_NtCs1JeHJ6PG7fk_4sshm3appNtB5_3App12render_input
FNDA:1,_RNvMs0_NtCs1JeHJ6PG7fk_4sshm3appNtB5_3App12render_popup
FNDA:0,_RNvMs0_NtCs1JeHJ6PG7fk_4sshm3appNtB5_3App12show_message
FNDA:8,_RNvMs0_NtCs1JeHJ6PG7fk_4sshm3appNtB5_3App13centered_rect
FNDA:10,_RNvMs0_NtCs1JeHJ6PG7fk_4sshm3appNtB5_3App13render_footer
FNDA:6,_RNvMs0_NtCs1JeHJ6PG7fk_4sshm3appNtB5_3App13render_header
FNDA:1,_RNvMs0_NtCs1JeHJ6PG7fk_4sshm3appNtB5_3App13render_search
FNDA:42,_RNvMs0_NtCs1JeHJ6PG7fk_4sshm3appNtB5_3App13update_filter
FNDA:6,_RNvMs0_NtCs1JeHJ6PG7fk_4sshm3appNtB5_3App15save_connection
FNDA:0,_RNvMs0_NtCs1JeHJ6PG7fk_4sshm3appNtB5_3App16check_for_update
FNDA:0,_RNvMs0_NtCs1JeHJ6PG7fk_4sshm3appNtB5_3App16handle_help_mode
FNDA:21,_RNvMs0_NtCs1JeHJ6PG7fk_4sshm3appNtB5_3App17append_input_char
FNDA:10,_RNvMs0_NtCs1JeHJ6PG7fk_4sshm3appNtB5_3App17delete_connection
FNDA:10,_RNvMs0_NtCs1JeHJ6PG7fk_4sshm3appNtB5_3App17delete_input_char
FNDA:0,_RNvMs0_NtCs1JeHJ6PG7fk_4sshm3appNtB5_3App17handle_input_mode
FNDA:8,_RNvMs0_NtCs1JeHJ6PG7fk_4sshm3appNtB5_3App17render_search_bar
FNDA:0,_RNvMs0_NtCs1JeHJ6PG7fk_4sshm3appNtB5_3App18handle_normal_mode
FNDA:0,_RNvMs0_NtCs1JeHJ6PG7fk_4sshm3appNtB5_3App18handle_search_mode
FNDA:0,_RNvMs0_NtCs1JeHJ6PG7fk_4sshm3appNtB5_3App18handle_update_mode
FNDA:0,_RNvMs0_NtCs1JeHJ6PG7fk_4sshm3appNtB5_3App18import_connections
FNDA:37,_RNvMs0_NtCs1JeHJ6PG7fk_4sshm3appNtB5_3App19advance_input_field
FNDA:2,_RNvMs0_NtCs1JeHJ6PG7fk_4sshm3appNtB5_3App19render_update_popup
FNDA:13,_RNvMs0_NtCs1JeHJ6PG7fk_4sshm3appNtB5_3App23get_current_input_field
FNDA:16,_RNvMs0_NtCs1JeHJ6PG7fk_4sshm3appNtB5_3App3new
FNDA:0,_RNvMs0_NtCs1JeHJ6PG7fk_4sshm3appNtB5_3App3run
FNDA:7,_RNvMs0_NtCs1JeHJ6PG7fk_4sshm3appNtB5_3App6render
FNDA:0,_RNvMs0_NtCs1JeHJ6PG7fk_4sshm3appNtB5_3App7connect
FNDA:16,_RNvXs_NtCs1JeHJ6PG7fk_4sshm3appNtB4_3AppNtNtCs4kUJL3MZFFz_4core7default7Default7default
FNDA:16,_RNCNvMs0_NtCs1JeHJ6PG7fk_4sshm3appNtB7_3App11render_list0B9_
FNDA:0,_RNCNvMs0_NtCs1JeHJ6PG7fk_4sshm3appNtB7_3App12show_message0B9_
FNDA:76,_RNCNvMs0_NtCs1JeHJ6PG7fk_4sshm3appNtB7_3App13update_filter0B9_
FNDA:1,_RNCNvMs0_NtCs1JeHJ6PG7fk_4sshm3appNtB7_3App15save_connection0B9_
FNDA:1,_RNCNvMs0_NtCs1JeHJ6PG7fk_4sshm3appNtB7_3App15save_connections_0B9_
FNDA:0,_RNCNvMs0_NtCs1JeHJ6PG7fk_4sshm3appNtB7_3App16handle_help_mode0B9_
FNDA:8,_RNCNvMs0_NtCs1JeHJ6PG7fk_4sshm3appNtB7_3App17delete_connection0B9_
FNDA:8,_RNCNvMs0_NtCs1JeHJ6PG7fk_4sshm3appNtB7_3App17delete_connections_0B9_
FNDA:0,_RNCNvMs0_NtCs1JeHJ6PG7fk_4sshm3appNtB7_3App17handle_input_mode0B9_
FNDA:0,_RNCNvMs0_NtCs1JeHJ6PG7fk_4sshm3appNtB7_3App18handle_search_mode0B9_
FNDA:0,_RNCNvMs0_NtCs1JeHJ6PG7fk_4sshm3appNtB7_3App18handle_update_mode0B9_
FNDA:0,_RNCNvMs0_NtCs1JeHJ6PG7fk_4sshm3appNtB7_3App3run0B9_
FNDA:2,_RNvMNtCsfjuo7C0KNcw_4sshm3appNtB2_11InputBuffer15from_connection
FNDA:10,_RNvMNtCsfjuo7C0KNcw_4sshm3appNtB2_11InputBuffer5clear
FNDA:2,_RNvMs0_NtCsfjuo7C0KNcw_4sshm3appNtB5_3App11render_help
FNDA:8,_RNvMs0_NtCsfjuo7C0KNcw_4sshm3appNtB5_3App11render_list
FNDA:1,_RNvMs0_NtCsfjuo7C0KNcw_4sshm3appNtB5_3App12render_input
FNDA:1,_RNvMs0_NtCsfjuo7C0KNcw_4sshm3appNtB5_3App12render_popup
FNDA:8,_RNvMs0_NtCsfjuo7C0KNcw_4sshm3appNtB5_3App13centered_rect
FNDA:10,_RNvMs0_NtCsfjuo7C0KNcw_4sshm3appNtB5_3App13render_footer
FNDA:6,_RNvMs0_NtCsfjuo7C0KNcw_4sshm3appNtB5_3App13render_header
FNDA:1,_RNvMs0_NtCsfjuo7C0KNcw_4sshm3appNtB5_3App13render_search
FNDA:42,_RNvMs0_NtCsfjuo7C0KNcw_4sshm3appNtB5_3App13update_filter
FNDA:6,_RNvMs0_NtCsfjuo7C0KNcw_4sshm3appNtB5_3App15save_connection
FNDA:21,_RNvMs0_NtCsfjuo7C0KNcw_4sshm3appNtB5_3App17append_input_char
FNDA:10,_RNvMs0_NtCsfjuo7C0KNcw_4sshm3appNtB5_3App17delete_connection
FNDA:10,_RNvMs0_NtCsfjuo7C0KNcw_4sshm3appNtB5_3App17delete_input_char
FNDA:8,_RNvMs0_NtCsfjuo7C0KNcw_4sshm3appNtB5_3App17render_search_bar
FNDA:37,_RNvMs0_NtCsfjuo7C0KNcw_4sshm3appNtB5_3App19advance_input_field
FNDA:2,_RNvMs0_NtCsfjuo7C0KNcw_4sshm3appNtB5_3App19render_update_popup
FNDA:13,_RNvMs0_NtCsfjuo7C0KNcw_4sshm3appNtB5_3App23get_current_input_field
FNDA:9,_RNvMs0_NtCsfjuo7C0KNcw_4sshm3appNtB5_3App3new
FNDA:7,_RNvMs0_NtCsfjuo7C0KNcw_4sshm3appNtB5_3App6render
FNDA:9,_RNvXs_NtCsfjuo7C0KNcw_4sshm3appNtB4_3AppNtNtCs4kUJL3MZFFz_4core7default7Default7default
FNDA:0,_RNCNvMs0_NtCsfjuo7C0KNcw_4sshm3appNtB7_3App12show_message0B9_
FNDA:0,_RNCNvMs0_NtCsfjuo7C0KNcw_4sshm3appNtB7_3App16handle_help_mode0B9_
FNDA:0,_RNCNvMs0_NtCsfjuo7C0KNcw_4sshm3appNtB7_3App17handle_input_mode0B9_
FNDA:0,_RNCNvMs0_NtCsfjuo7C0KNcw_4sshm3appNtB7_3App18handle_search_mode0B9_
FNDA:0,_RNCNvMs0_NtCsfjuo7C0KNcw_4sshm3appNtB7_3App18handle_update_mode0B9_
FNDA:0,_RNCNvMs0_NtCsfjuo7C0KNcw_4sshm3appNtB7_3App3run0B9_
FNDA:0,_RNvMs0_NtCsfjuo7C0KNcw_4sshm3appNtB5_3App12show_message
FNDA:0,_RNvMs0_NtCsfjuo7C0KNcw_4sshm3appNtB5_3App16check_for_update
FNDA:0,_RNvMs0_NtCsfjuo7C0KNcw_4sshm3appNtB5_3App16handle_help_mode
FNDA:0,_RNvMs0_NtCsfjuo7C0KNcw_4sshm3appNtB5_3App17handle_input_mode
FNDA:0,_RNvMs0_NtCsfjuo7C0KNcw_4sshm3appNtB5_3App18handle_normal_mode
FNDA:0,_RNvMs0_NtCsfjuo7C0KNcw_4sshm3appNtB5_3App18handle_search_mode
FNDA:0,_RNvMs0_NtCsfjuo7C0KNcw_4sshm3appNtB5_3App18handle_update_mode
FNDA:0,_RNvMs0_NtCsfjuo7C0KNcw_4sshm3appNtB5_3App18import_connections
FNDA:0,_RNvMs0_NtCsfjuo7C0KNcw_4sshm3appNtB5_3App3run
FNDA:0,_RNvMs0_NtCsfjuo7C0KNcw_4sshm3appNtB5_3App7connect
FNDA:16,_RNCNvMs0_NtCsfjuo7C0KNcw_4sshm3appNtB7_3App11render_list0B9_
FNDA:76,_RNCNvMs0_NtCsfjuo7C0KNcw_4sshm3appNtB7_3App13update_filter0B9_
FNDA:1,_RNCNvMs0_NtCsfjuo7C0KNcw_4sshm3appNtB7_3App15save_connection0B9_
FNDA:1,_RNCNvMs0_NtCsfjuo7C0KNcw_4sshm3appNtB7_3App15save_connections_0B9_
FNDA:8,_RNCNvMs0_NtCsfjuo7C0KNcw_4sshm3appNtB7_3App17delete_connection0B9_
FNDA:8,_RNCNvMs0_NtCsfjuo7C0KNcw_4sshm3appNtB7_3App17delete_connections_0B9_
FNDA:1,_RNCNvNtNtCsfjuo7C0KNcw_4sshm3app5testss_17test_render_modes0B7_
FNDA:1,_RNCNvNtNtCsfjuo7C0KNcw_4sshm3app5testss_17test_render_modess0_0B7_
FNDA:1,_RNCNvNtNtCsfjuo7C0KNcw_4sshm3app5testss_17test_render_modess_0B7_
FNDA:1,_RNCNvNtNtCsfjuo7C0KNcw_4sshm3app5testss_18test_centered_rect0B7_
FNDA:1,_RNCNvNtNtCsfjuo7C0KNcw_4sshm3app5testss_22test_render_list_empty0B7_
FNDA:1,_RNCNvNtNtCsfjuo7C0KNcw_4sshm3app5testss_27test_render_footer_add_mode0B7_
FNDA:1,_RNCNvNtNtCsfjuo7C0KNcw_4sshm3app5testss_28test_render_footer_help_mode0B7_
FNDA:1,_RNCNvNtNtCsfjuo7C0KNcw_4sshm3app5testss_29test_render_with_search_query0B7_
FNDA:1,_RNCNvNtNtCsfjuo7C0KNcw_4sshm3app5testss_29test_render_with_test_backend0B7_
FNDA:1,_RNCNvNtNtCsfjuo7C0KNcw_4sshm3app5testss_30test_render_footer_normal_mode0B7_
FNDA:1,_RNCNvNtNtCsfjuo7C0KNcw_4sshm3app5testss_30test_render_footer_search_mode0B7_
FNDA:1,_RNCNvNtNtCsfjuo7C0KNcw_4sshm3app5testss_33test_render_list_with_connections0B7_
FNDA:1,_RNCNvNtNtCsfjuo7C0KNcw_4sshm3app5testss_33test_render_search_bar_with_query0B7_
FNDA:1,_RNCNvNtNtCsfjuo7C0KNcw_4sshm3app5testss_34test_render_help_with_test_backend0B7_
FNDA:1,_RNCNvNtNtCsfjuo7C0KNcw_4sshm3app5testss_34test_render_list_with_test_backend0B7_
FNDA:1,_RNCNvNtNtCsfjuo7C0KNcw_4sshm3app5testss_34test_render_search_bar_empty_query0B7_
FNDA:1,_RNCNvNtNtCsfjuo7C0KNcw_4sshm3app5testss_34test_render_with_empty_connections0B7_
FNDA:1,_RNCNvNtNtCsfjuo7C0KNcw_4sshm3app5testss_35test_render_input_with_test_backend0B7_
FNDA:1,_RNCNvNtNtCsfjuo7C0KNcw_4sshm3app5testss_35test_render_popup_with_test_backend0B7_
FNDA:1,_RNCNvNtNtCsfjuo7C0KNcw_4sshm3app5testss_36test_render_footer_with_test_backend0B7_
FNDA:1,_RNCNvNtNtCsfjuo7C0KNcw_4sshm3app5testss_36test_render_header_with_test_backend0B7_
FNDA:1,_RNCNvNtNtCsfjuo7C0KNcw_4sshm3app5testss_36test_render_search_with_test_backend0B7_
FNDA:1,_RNCNvNtNtCsfjuo7C0KNcw_4sshm3app5testss_38test_app_with_test_backend_full_render0B7_
FNDA:1,_RNCNvNtNtCsfjuo7C0KNcw_4sshm3app5testss_40test_render_search_bar_with_test_backend0B7_
FNDA:1,_RNCNvNtNtCsfjuo7C0KNcw_4sshm3app5testss_42test_render_update_popup_with_test_backend0B7_
FNDA:111,_RNvNtNtCsfjuo7C0KNcw_4sshm3app5tests15create_test_app
FNDA:1,_RNvNtNtCsfjuo7C0KNcw_4sshm3app5testss_12test_app_new
FNDA:1,_RNvNtNtCsfjuo7C0KNcw_4sshm3app5testss_16test_app_mode_eq
FNDA:1,_RNvNtNtCsfjuo7C0KNcw_4sshm3app5testss_16test_app_mode_ne
FNDA:1,_RNvNtNtCsfjuo7C0KNcw_4sshm3app5testss_17test_render_modes
FNDA:1,_RNvNtNtCsfjuo7C0KNcw_4sshm3app5testss_18test_centered_rect
FNDA:1,_RNvNtNtCsfjuo7C0KNcw_4sshm3app5testss_19test_add_connection
FNDA:1,_RNvNtNtCsfjuo7C0KNcw_4sshm3app5testss_21test_app_mode_is_copy
FNDA:1,_RNvNtNtCsfjuo7C0KNcw_4sshm3app5testss_21test_connect_function
FNDA:1,_RNvNtNtCsfjuo7C0KNcw_4sshm3app5testss_21test_matcher_creation
FNDA:1,_RNvNtNtCsfjuo7C0KNcw_4sshm3app5testss_21test_message_handling
FNDA:1,_RNvNtNtCsfjuo7C0KNcw_4sshm3app5testss_21test_mode_transitions
FNDA:1,_RNvNtNtCsfjuo7C0KNcw_4sshm3app5testss_21test_search_query_pop
FNDA:1,_RNvNtNtCsfjuo7C0KNcw_4sshm3app5testss_22test_app_mode_variants
FNDA:1,_RNvNtNtCsfjuo7C0KNcw_4sshm3app5testss_22test_append_input_char
FNDA:1,_RNvNtNtCsfjuo7C0KNcw_4sshm3app5testss_22test_delete_connection
FNDA:1,_RNvNtNtCsfjuo7C0KNcw_4sshm3app5testss_22test_delete_input_char
FNDA:1,_RNvNtNtCsfjuo7C0KNcw_4sshm3app5testss_22test_render_list_empty
FNDA:1,_RNvNtNtCsfjuo7C0KNcw_4sshm3app5testss_23test_app_initialization
FNDA:1,_RNvNtNtCsfjuo7C0KNcw_4sshm3app5testss_23test_input_buffer_clear
FNDA:1,_RNvNtNtCsfjuo7C0KNcw_4sshm3app5testss_23test_input_buffer_clone
FNDA:1,_RNvNtNtCsfjuo7C0KNcw_4sshm3app5testss_23test_input_field_bounds
FNDA:1,_RNvNtNtCsfjuo7C0KNcw_4sshm3app5testss_23test_search_query_clear
FNDA:1,_RNvNtNtCsfjuo7C0KNcw_4sshm3app5testss_24test_advance_input_field
FNDA:1,_RNvNtNtCsfjuo7C0KNcw_4sshm3app5testss_25test_app_mode_transitions
FNDA:1,_RNvNtNtCsfjuo7C0KNcw_4sshm3app5testss_25test_input_buffer_default
FNDA:1,_RNvNtNtCsfjuo7C0KNcw_4sshm3app5testss_25test_search_query_default
FNDA:1,_RNvNtNtCsfjuo7C0KNcw_4sshm3app5testss_26test_app_with_empty_config
FNDA:1,_RNvNtNtCsfjuo7C0KNcw_4sshm3app5testss_26test_matcher_empty_pattern
FNDA:1,_RNvNtNtCsfjuo7C0KNcw_4sshm3app5testss_26test_matcher_partial_match
FNDA:1,_RNvNtNtCsfjuo7C0KNcw_4sshm3app5testss_26test_multiple_input_fields
FNDA:1,_RNvNtNtCsfjuo7C0KNcw_4sshm3app5testss_26test_selected_index_bounds
FNDA:1,_RNvNtNtCsfjuo7C0KNcw_4sshm3app5testss_26test_update_filter_by_host
FNDA:1,_RNvNtNtCsfjuo7C0KNcw_4sshm3app5testss_26test_update_filter_by_user
FNDA:1,_RNvNtNtCsfjuo7C0KNcw_4sshm3app5testss_27test_delete_char_from_field
FNDA:1,_RNvNtNtCsfjuo7C0KNcw_4sshm3app5testss_27test_delete_connection_last
FNDA:1,_RNvNtNtCsfjuo7C0KNcw_4sshm3app5testss_27test_render_footer_add_mode
FNDA:1,_RNvNtNtCsfjuo7C0KNcw_4sshm3app5testss_27test_search_query_appending
FNDA:1,_RNvNtNtCsfjuo7C0KNcw_4sshm3app5testss_27test_update_filter_by_alias
FNDA:1,_RNvNtNtCsfjuo7C0KNcw_4sshm3app5testss_27test_update_filter_no_match
FNDA:1,_RNvNtNtCsfjuo7C0KNcw_4sshm3app5testss_28test_delete_connection_first
FNDA:1,_RNvNtNtCsfjuo7C0KNcw_4sshm3app5testss_28test_get_current_input_field
FNDA:1,_RNvNtNtCsfjuo7C0KNcw_4sshm3app5testss_28test_input_buffer_all_fields
FNDA:1,_RNvNtNtCsfjuo7C0KNcw_4sshm3app5testss_28test_render_footer_help_mode
FNDA:1,_RNvNtNtCsfjuo7C0KNcw_4sshm3app5testss_28test_search_query_assignment
FNDA:1,_RNvNtNtCsfjuo7C0KNcw_4sshm3app5testss_28test_update_filter_all_match
FNDA:1,_RNvNtNtCsfjuo7C0KNcw_4sshm3app5testss_29test_delete_connection_middle
FNDA:1,_RNvNtNtCsfjuo7C0KNcw_4sshm3app5testss_29test_filtered_indices_cloning
FNDA:1,_RNvNtNtCsfjuo7C0KNcw_4sshm3app5testss_29test_filtered_indices_sorting
FNDA:1,_RNvNtNtCsfjuo7C0KNcw_4sshm3app5testss_29test_render_with_search_query
FNDA:1,_RNvNtNtCsfjuo7C0KNcw_4sshm3app5testss_29test_render_with_test_backend
FNDA:1,_RNvNtNtCsfjuo7C0KNcw_4sshm3app5testss_29test_save_connection_add_mode
FNDA:1,_RNvNtNtCsfjuo7C0KNcw_4sshm3app5testss_29test_search_query_with_spaces
FNDA:1,_RNvNtNtCsfjuo7C0KNcw_4sshm3app5testss_30test_handle_normal_mode_up_key
FNDA:1,_RNvNtNtCsfjuo7C0KNcw_4sshm3app5testss_30test_matcher_different_strings
FNDA:1,_RNvNtNtCsfjuo7C0KNcw_4sshm3app5testss_30test_matcher_none_for_no_match
FNDA:1,_RNvNtNtCsfjuo7C0KNcw_4sshm3app5testss_30test_render_footer_normal_mode
FNDA:1,_RNvNtNtCsfjuo7C0KNcw_4sshm3app5testss_30test_render_footer_search_mode
FNDA:1,_RNvNtNtCsfjuo7C0KNcw_4sshm3app5testss_30test_save_connection_edit_mode
FNDA:1,_RNvNtNtCsfjuo7C0KNcw_4sshm3app5testss_30test_update_filter_empty_query
FNDA:1,_RNvNtNtCsfjuo7C0KNcw_4sshm3app5testss_30test_update_filter_exact_match
FNDA:1,_RNvNtNtCsfjuo7C0KNcw_4sshm3app5testss_31test_app_fields_are_initialized
FNDA:1,_RNvNtNtCsfjuo7C0KNcw_4sshm3app5testss_31test_app_new_with_mock_terminal
FNDA:1,_RNvNtNtCsfjuo7C0KNcw_4sshm3app5testss_31test_handle_normal_mode_end_key
FNDA:1,_RNvNtNtCsfjuo7C0KNcw_4sshm3app5testss_31test_import_connections_message
FNDA:1,_RNvNtNtCsfjuo7C0KNcw_4sshm3app5testss_31test_matcher_whole_string_match
FNDA:1,_RNvNtNtCsfjuo7C0KNcw_4sshm3app5testss_31test_message_handling_with_some
FNDA:1,_RNvNtNtCsfjuo7C0KNcw_4sshm3app5testss_31test_terminal_with_test_backend
FNDA:1,_RNvNtNtCsfjuo7C0KNcw_4sshm3app5testss_31test_update_filter_bounds_check
FNDA:1,_RNvNtNtCsfjuo7C0KNcw_4sshm3app5testss_31test_update_filter_with_numbers
FNDA:1,_RNvNtNtCsfjuo7C0KNcw_4sshm3app5testss_32test_connect_sets_should_connect
FNDA:1,_RNvNtNtCsfjuo7C0KNcw_4sshm3app5testss_32test_fuzzy_matcher_returns_score
FNDA:1,_RNvNtNtCsfjuo7C0KNcw_4sshm3app5testss_32test_handle_normal_mode_down_key
FNDA:1,_RNvNtNtCsfjuo7C0KNcw_4sshm3app5testss_32test_handle_normal_mode_home_key
FNDA:1,_RNvNtNtCsfjuo7C0KNcw_4sshm3app5testss_32test_update_filter_partial_match
FNDA:1,_RNvNtNtCsfjuo7C0KNcw_4sshm3app5testss_32test_update_filter_unicode_chars
FNDA:1,_RNvNtNtCsfjuo7C0KNcw_4sshm3app5testss_32test_update_filter_with_no_match
FNDA:1,_RNvNtNtCsfjuo7C0KNcw_4sshm3app5testss_33test_append_char_different_fields
FNDA:1,_RNvNtNtCsfjuo7C0KNcw_4sshm3app5testss_33test_config_connections_reference
FNDA:1,_RNvNtNtCsfjuo7C0KNcw_4sshm3app5testss_33test_delete_char_different_fields
FNDA:1,_RNvNtNtCsfjuo7C0KNcw_4sshm3app5testss_33test_delete_char_from_empty_field
FNDA:1,_RNvNtNtCsfjuo7C0KNcw_4sshm3app5testss_33test_delete_connection_empty_list
FNDA:1,_RNvNtNtCsfjuo7C0KNcw_4sshm3app5testss_33test_handle_search_mode_backspace
FNDA:1,_RNvNtNtCsfjuo7C0KNcw_4sshm3app5testss_33test_handle_search_mode_query_pop
FNDA:1,_RNvNtNtCsfjuo7C0KNcw_4sshm3app5testss_33test_import_connections_with_mock
FNDA:1,_RNvNtNtCsfjuo7C0KNcw_4sshm3app5testss_33test_input_buffer_from_connection
FNDA:1,_RNvNtNtCsfjuo7C0KNcw_4sshm3app5testss_33test_render_list_with_connections
FNDA:1,_RNvNtNtCsfjuo7C0KNcw_4sshm3app5testss_33test_render_search_bar_with_query
FNDA:1,_RNvNtNtCsfjuo7C0KNcw_4sshm3app5testss_33test_search_query_clear_on_escape
FNDA:1,_RNvNtNtCsfjuo7C0KNcw_4sshm3app5testss_34test_handle_help_mode_key_handling
FNDA:1,_RNvNtNtCsfjuo7C0KNcw_4sshm3app5testss_34test_render_help_with_test_backend
FNDA:1,_RNvNtNtCsfjuo7C0KNcw_4sshm3app5testss_34test_render_list_with_test_backend
FNDA:1,_RNvNtNtCsfjuo7C0KNcw_4sshm3app5testss_34test_render_search_bar_empty_query
FNDA:1,_RNvNtNtCsfjuo7C0KNcw_4sshm3app5testss_34test_render_with_empty_connections
FNDA:1,_RNvNtNtCsfjuo7C0KNcw_4sshm3app5testss_34test_update_filter_preserves_order
FNDA:1,_RNvNtNtCsfjuo7C0KNcw_4sshm3app5testss_35test_delete_connection_after_filter
FNDA:1,_RNvNtNtCsfjuo7C0KNcw_4sshm3app5testss_35test_delete_connection_index_bounds
FNDA:1,_RNvNtNtCsfjuo7C0KNcw_4sshm3app5testss_35test_delete_connection_with_message
FNDA:1,_RNvNtNtCsfjuo7C0KNcw_4sshm3app5testss_35test_delete_input_char_folder_field
FNDA:1,_RNvNtNtCsfjuo7C0KNcw_4sshm3app5testss_35test_filtered_indices_initial_state
FNDA:1,_RNvNtNtCsfjuo7C0KNcw_4sshm3app5testss_35test_import_connections_integration
FNDA:1,_RNvNtNtCsfjuo7C0KNcw_4sshm3app5testss_35test_input_buffer_fields_are_string
FNDA:1,_RNvNtNtCsfjuo7C0KNcw_4sshm3app5testss_35test_render_input_with_test_backend
FNDA:1,_RNvNtNtCsfjuo7C0KNcw_4sshm3app5testss_35test_render_popup_with_test_backend
FNDA:1,_RNvNtNtCsfjuo7C0KNcw_4sshm3app5testss_35test_update_filter_with_fuzzy_match
FNDA:1,_RNvNtNtCsfjuo7C0KNcw_4sshm3app5testss_36test_check_for_update_skipped_in_dev
FNDA:1,_RNvNtNtCsfjuo7C0KNcw_4sshm3app5testss_36test_handle_normal_mode_ctrl_c_count
FNDA:1,_RNvNtNtCsfjuo7C0KNcw_4sshm3app5testss_36test_handle_normal_mode_reset_ctrl_c
FNDA:1,_RNvNtNtCsfjuo7C0KNcw_4sshm3app5testss_36test_render_footer_with_test_backend
FNDA:1,_RNvNtNtCsfjuo7C0KNcw_4sshm3app5testss_36test_render_header_with_test_backend
FNDA:1,_RNvNtNtCsfjuo7C0KNcw_4sshm3app5testss_36test_render_search_with_test_backend
FNDA:1,_RNvNtNtCsfjuo7C0KNcw_4sshm3app5testss_36test_save_connection_with_all_fields
FNDA:1,_RNvNtNtCsfjuo7C0KNcw_4sshm3app5testss_37test_connect_with_out_of_bounds_index
FNDA:1,_RNvNtNtCsfjuo7C0KNcw_4sshm3app5testss_37test_delete_connection_updates_filter
FNDA:1,_RNvNtNtCsfjuo7C0KNcw_4sshm3app5testss_37test_delete_input_char_key_path_field
FNDA:1,_RNvNtNtCsfjuo7C0KNcw_4sshm3app5testss_37test_handle_help_mode_mode_transition
FNDA:1,_RNvNtNtCsfjuo7C0KNcw_4sshm3app5testss_37test_save_connection_add_with_message
FNDA:1,_RNvNtNtCsfjuo7C0KNcw_4sshm3app5testss_37test_update_filter_with_special_chars
FNDA:1,_RNvNtNtCsfjuo7C0KNcw_4sshm3app5testss_38test_app_with_test_backend_full_render
FNDA:1,_RNvNtNtCsfjuo7C0KNcw_4sshm3app5testss_38test_handle_normal_mode_up_at_boundary
FNDA:1,_RNvNtNtCsfjuo7C0KNcw_4sshm3app5testss_39test_append_input_char_port_only_digits
FNDA:1,_RNvNtNtCsfjuo7C0KNcw_4sshm3app5testss_39test_get_current_input_field_all_fields
FNDA:1,_RNvNtNtCsfjuo7C0KNcw_4sshm3app5testss_39test_handle_normal_mode_navigation_keys
FNDA:1,_RNvNtNtCsfjuo7C0KNcw_4sshm3app5testss_39test_handle_search_mode_clear_on_escape
FNDA:1,_RNvNtNtCsfjuo7C0KNcw_4sshm3app5testss_39test_handle_search_mode_query_appending
FNDA:1,_RNvNtNtCsfjuo7C0KNcw_4sshm3app5testss_40test_connect_with_empty_filtered_indices
FNDA:1,_RNvNtNtCsfjuo7C0KNcw_4sshm3app5testss_40test_handle_normal_mode_down_at_boundary
FNDA:1,_RNvNtNtCsfjuo7C0KNcw_4sshm3app5testss_40test_render_search_bar_with_test_backend
FNDA:1,_RNvNtNtCsfjuo7C0KNcw_4sshm3app5testss_40test_update_filter_with_case_insensitive
FNDA:1,_RNvNtNtCsfjuo7C0KNcw_4sshm3app5testss_41test_input_buffer_clear_with_test_backend
FNDA:1,_RNvNtNtCsfjuo7C0KNcw_4sshm3app5testss_42test_input_buffer_from_connection_defaults
FNDA:1,_RNvNtNtCsfjuo7C0KNcw_4sshm3app5testss_42test_render_update_popup_with_test_backend
FNDA:1,_RNvNtNtCsfjuo7C0KNcw_4sshm3app5testss_42test_terminal_with_test_backend_dimensions
FNDA:1,_RNvNtNtCsfjuo7C0KNcw_4sshm3app5testss_42test_update_filter_resets_index_when_empty
FNDA:1,_RNvNtNtCsfjuo7C0KNcw_4sshm3app5testss_43test_delete_char_advances_to_previous_field
FNDA:1,_RNvNtNtCsfjuo7C0KNcw_4sshm3app5testss_43test_update_filter_empty_query_collects_all
FNDA:1,_RNvNtNtCsfjuo7C0KNcw_4sshm3app5testss_43test_update_filter_with_folder_not_searched
FNDA:1,_RNvNtNtCsfjuo7C0KNcw_4sshm3app5testss_44test_advance_input_field_does_not_exceed_max
FNDA:1,_RNvNtNtCsfjuo7C0KNcw_4sshm3app5testss_45test_filtered_indices_maintained_after_search
FNDA:1,_RNvNtNtCsfjuo7C0KNcw_4sshm3app5testss_49test_save_connection_with_empty_port_uses_default
FNDA:1,_RNvNtNtCsfjuo7C0KNcw_4sshm3app5testss_50test_delete_connection_updates_filter_after_delete
FNF:210
FNH:194
DA:66,20
DA:67,20
DA:68,20
DA:69,20
DA:70,20
DA:71,20
DA:72,20
DA:73,20
DA:75,5
DA:76,5
DA:77,5
DA:78,5
DA:79,5
DA:80,5
DA:81,5
DA:82,5
DA:83,5
DA:84,5
DA:88,25
DA:89,25
DA:90,25
DA:92,25
DA:93,25
DA:94,25
DA:95,25
DA:96,25
DA:97,25
DA:98,25
DA:99,25
DA:100,25
DA:101,25
DA:102,25
DA:103,25
DA:104,25
DA:105,25
DA:106,25
DA:110,25
DA:111,25
DA:112,25
DA:114,0
DA:115,0
DA:116,0
DA:119,0
DA:121,0
DA:122,0
DA:123,0
DA:124,0
DA:125,0
DA:126,0
DA:128,0
DA:129,0
DA:130,0
DA:131,0
DA:132,0
DA:134,0
DA:135,0
DA:136,0
DA:137,0
DA:140,0
DA:142,0
DA:144,0
DA:145,0
DA:146,0
DA:147,0
DA:149,0
DA:151,0
DA:152,0
DA:155,0
DA:156,0
DA:157,0
DA:158,0
DA:159,0
DA:160,0
DA:161,0
DA:162,0
DA:163,0
DA:164,0
DA:166,0
DA:167,0
DA:168,0
DA:169,0
DA:171,0
DA:172,0
DA:174,21
DA:175,21
DA:176,21
DA:177,21
DA:178,21
DA:179,21
DA:180,21
DA:181,21
DA:182,21
DA:184,21
DA:185,21
DA:186,21
DA:187,21
DA:188,21
DA:189,21
DA:190,21
DA:191,21
DA:192,21
DA:194,3
DA:195,3
DA:196,3
DA:197,3
DA:198,3
DA:199,3
DA:201,3
DA:202,3
DA:203,3
DA:205,3
DA:206,3
DA:208,0
DA:209,0
DA:210,0
DA:212,0
DA:213,0
DA:214,0
DA:215,0
DA:218,0
DA:219,0
DA:220,0
DA:221,0
DA:222,0
DA:225,0
DA:226,0
DA:227,0
DA:230,0
DA:231,0
DA:232,0
DA:235,0
DA:236,0
DA:237,0
DA:238,0
DA:239,0
DA:240,0
DA:241,0
DA:244,0
DA:245,0
DA:246,0
DA:247,0
DA:248,0
DA:251,0
DA:252,0
DA:253,0
DA:254,0
DA:255,0
DA:258,0
DA:259,0
DA:260,0
DA:261,0
DA:262,0
DA:265,0
DA:266,0
DA:267,0
DA:268,0
DA:269,0
DA:271,0
DA:272,0
DA:273,0
DA:274,0
DA:275,0
DA:276,0
DA:278,0
DA:279,0
DA:280,0
DA:281,0
DA:282,0
DA:283,0
DA:284,0
DA:285,0
DA:287,0
DA:288,0
DA:289,0
DA:290,0
DA:291,0
DA:292,0
DA:293,0
DA:294,0
DA:295,0
DA:296,0
DA:297,0
DA:298,0
[...]
FNDA:1,_RNvNtNtCsfjuo7C0KNcw_4sshm6update5testss_25test_cache_path_structure
FNDA:1,_RNvNtNtCsfjuo7C0KNcw_4sshm6update5testss_26test_cache_data_all_fields
FNDA:1,_RNvNtNtCsfjuo7C0KNcw_4sshm6update5testss_26test_cache_duration_values
FNDA:1,_RNvNtNtCsfjuo7C0KNcw_4sshm6update5testss_26test_cache_operation_types
FNDA:1,_RNvNtNtCsfjuo7C0KNcw_4sshm6update5testss_26test_cache_path_generation
FNDA:1,_RNvNtNtCsfjuo7C0KNcw_4sshm6update5testss_26test_update_info_clone_new
FNDA:1,_RNvNtNtCsfjuo7C0KNcw_4sshm6update5testss_26test_update_result_display
FNDA:1,_RNvNtNtCsfjuo7C0KNcw_4sshm6update5testss_27test_check_for_update_basic
FNDA:1,_RNvNtNtCsfjuo7C0KNcw_4sshm6update5testss_27test_get_cache_dir_is_valid
FNDA:1,_RNvNtNtCsfjuo7C0KNcw_4sshm6update5testss_27test_update_check_constants
FNDA:1,_RNvNtNtCsfjuo7C0KNcw_4sshm6update5testss_27test_update_info_all_fields
FNDA:1,_RNvNtNtCsfjuo7C0KNcw_4sshm6update5testss_27test_update_result_variants
FNDA:1,_RNvNtNtCsfjuo7C0KNcw_4sshm6update5testss_28test_cache_data_debug_format
FNDA:1,_RNvNtNtCsfjuo7C0KNcw_4sshm6update5testss_28test_cache_dir_contains_sshm
FNDA:1,_RNvNtNtCsfjuo7C0KNcw_4sshm6update5testss_28test_cache_duration_constant
FNDA:1,_RNvNtNtCsfjuo7C0KNcw_4sshm6update5testss_28test_cache_duration_in_hours
FNDA:1,_RNvNtNtCsfjuo7C0KNcw_4sshm6update5testss_28test_update_info_is_copyable
FNDA:1,_RNvNtNtCsfjuo7C0KNcw_4sshm6update5testss_29test_cache_data_serialization
FNDA:1,_RNvNtNtCsfjuo7C0KNcw_4sshm6update5testss_29test_update_info_debug_format
FNDA:1,_RNvNtNtCsfjuo7C0KNcw_4sshm6update5testss_30test_cache_data_default_values
FNDA:1,_RNvNtNtCsfjuo7C0KNcw_4sshm6update5testss_30test_cache_duration_in_minutes
FNDA:1,_RNvNtNtCsfjuo7C0KNcw_4sshm6update5testss_30test_cache_file_path_structure
FNDA:1,_RNvNtNtCsfjuo7C0KNcw_4sshm6update5testss_30test_update_info_struct_fields
FNDA:1,_RNvNtNtCsfjuo7C0KNcw_4sshm6update5testss_30test_update_result_is_copyable
FNDA:1,_RNvNtNtCsfjuo7C0KNcw_4sshm6update5testss_31test_platform_asset_name_format
FNDA:1,_RNvNtNtCsfjuo7C0KNcw_4sshm6update5testss_31test_update_result_all_variants
FNDA:1,_RNvNtNtCsfjuo7C0KNcw_4sshm6update5testss_31test_update_result_clone_and_eq
FNDA:1,_RNvNtNtCsfjuo7C0KNcw_4sshm6update5testss_31test_update_result_debug_format
FNDA:1,_RNvNtNtCsfjuo7C0KNcw_4sshm6update5testss_32test_cache_data_debug_format_new
FNDA:1,_RNvNtNtCsfjuo7C0KNcw_4sshm6update5testss_32test_cache_data_new_version_none
FNDA:1,_RNvNtNtCsfjuo7C0KNcw_4sshm6update5testss_32test_cache_data_new_version_some
FNDA:1,_RNvNtNtCsfjuo7C0KNcw_4sshm6update5testss_32test_check_for_update_cache_path
FNDA:1,_RNvNtNtCsfjuo7C0KNcw_4sshm6update5testss_32test_update_result_error_variant
FNDA:1,_RNvNtNtCsfjuo7C0KNcw_4sshm6update5testss_32test_write_cache_basic_operation
FNDA:1,_RNvNtNtCsfjuo7C0KNcw_4sshm6update5testss_33test_cache_directory_is_in_config
FNDA:1,_RNvNtNtCsfjuo7C0KNcw_4sshm6update5testss_33test_force_check_for_update_basic
FNDA:1,_RNvNtNtCsfjuo7C0KNcw_4sshm6update5testss_33test_should_check_update_no_cache
FNDA:1,_RNvNtNtCsfjuo7C0KNcw_4sshm6update5testss_34test_cache_duration_constant_value
FNDA:1,_RNvNtNtCsfjuo7C0KNcw_4sshm6update5testss_34test_get_platform_asset_name_basic
FNDA:1,_RNvNtNtCsfjuo7C0KNcw_4sshm6update5testss_34test_get_platform_asset_name_linux
FNDA:1,_RNvNtNtCsfjuo7C0KNcw_4sshm6update5testss_35test_update_result_debug_format_new
FNDA:1,_RNvNtNtCsfjuo7C0KNcw_4sshm6update5testss_36test_cache_data_has_last_check_field
FNDA:1,_RNvNtNtCsfjuo7C0KNcw_4sshm6update5testss_36test_cache_data_serialization_format
FNDA:1,_RNvNtNtCsfjuo7C0KNcw_4sshm6update5testss_36test_cache_data_with_semver_versions
FNDA:1,_RNvNtNtCsfjuo7C0KNcw_4sshm6update5testss_36test_cache_operations_return_results
FNDA:1,_RNvNtNtCsfjuo7C0KNcw_4sshm6update5testss_36test_update_check_path_compatibility
FNDA:1,_RNvNtNtCsfjuo7C0KNcw_4sshm6update5testss_36test_update_result_error_variant_new
FNDA:1,_RNvNtNtCsfjuo7C0KNcw_4sshm6update5testss_36test_update_result_no_update_variant
FNDA:1,_RNvNtNtCsfjuo7C0KNcw_4sshm6update5testss_37test_cache_file_path_has_correct_name
FNDA:1,_RNvNtNtCsfjuo7C0KNcw_4sshm6update5testss_38test_cache_data_all_field_combinations
FNDA:1,_RNvNtNtCsfjuo7C0KNcw_4sshm6update5testss_39test_cache_data_new_version_is_optional
FNDA:1,_RNvNtNtCsfjuo7C0KNcw_4sshm6update5testss_39test_cache_data_serialization_roundtrip
FNDA:1,_RNvNtNtCsfjuo7C0KNcw_4sshm6update5testss_39test_cache_data_serialization_with_none
FNDA:1,_RNvNtNtCsfjuo7C0KNcw_4sshm6update5testss_39test_should_check_update_error_handling
FNDA:1,_RNvNtNtCsfjuo7C0KNcw_4sshm6update5testss_40test_cache_duration_constant_correctness
FNDA:1,_RNvNtNtCsfjuo7C0KNcw_4sshm6update5testss_40test_get_platform_asset_name_result_type
FNDA:1,_RNvNtNtCsfjuo7C0KNcw_4sshm6update5testss_40test_get_platform_asset_name_unsupported
FNDA:1,_RNvNtNtCsfjuo7C0KNcw_4sshm6update5testss_41test_platform_asset_name_for_linux_x86_64
FNDA:1,_RNvNtNtCsfjuo7C0KNcw_4sshm6update5testss_41test_platform_asset_name_for_macos_x86_64
FNDA:1,_RNvNtNtCsfjuo7C0KNcw_4sshm6update5testss_41test_update_result_error_contains_message
FNDA:1,_RNvNtNtCsfjuo7C0KNcw_4sshm6update5testss_42test_get_platform_asset_name_all_platforms
FNDA:1,_RNvNtNtCsfjuo7C0KNcw_4sshm6update5testss_42test_platform_asset_name_for_macos_aarch64
FNDA:1,_RNvNtNtCsfjuo7C0KNcw_4sshm6update5testss_43test_platform_asset_name_for_windows_x86_64
FNDA:1,_RNvNtNtCsfjuo7C0KNcw_4sshm6update5testss_43test_update_result_update_available_variant
FNDA:1,_RNvNtNtCsfjuo7C0KNcw_4sshm6update5testss_44test_cache_data_debug_output_contains_fields
FNDA:1,_RNvNtNtCsfjuo7C0KNcw_4sshm6update5testss_44test_cache_data_deserializes_from_valid_json
FNDA:1,_RNvNtNtCsfjuo7C0KNcw_4sshm6update5testss_44test_cache_data_with_none_version_serializes
FNDA:1,_RNvNtNtCsfjuo7C0KNcw_4sshm6update5testss_44test_check_for_update_returns_result_variant
FNDA:1,_RNvNtNtCsfjuo7C0KNcw_4sshm6update5testss_44test_should_check_update_cache_expired_dummy
FNDA:1,_RNvNtNtCsfjuo7C0KNcw_4sshm6update5testss_44test_should_check_update_with_cargo_manifest
FNDA:1,_RNvNtNtCsfjuo7C0KNcw_4sshm6update5testss_45test_should_check_update_with_cargo_env_skips
FNDA:1,_RNvNtNtCsfjuo7C0KNcw_4sshm6update5testss_45test_update_result_debug_output_contains_name
FNDA:1,_RNvNtNtCsfjuo7C0KNcw_4sshm6update5testss_47test_update_info_debug_output_contains_versions
FNDA:1,_RNvNtNtCsfjuo7C0KNcw_4sshm6update5testss_48test_cache_data_deserializes_without_new_version
FNDA:1,_RNvNtNtCsfjuo7C0KNcw_4sshm6update5testss_49test_get_platform_asset_name_returns_valid_format
FNDA:1,_RNvNtNtCsfjuo7C0KNcw_4sshm6update5testss_50test_cache_data_deserializes_with_null_new_version
FNDA:1,_RNvNtNtCsfjuo7C0KNcw_4sshm6update5testss_50test_force_check_for_update_returns_result_variant
FNDA:1,_RNvNtNtCsfjuo7C0KNcw_4sshm6update5testss_52test_update_result_update_available_contains_version
FNDA:1,_RNvNtNtCsfjuo7C0KNcw_4sshm6update5testss_57test_get_platform_asset_name_contains_platform_identifier
FNDA:25,_RNvNtCsfjuo7C0KNcw_4sshm6update10read_cache
FNDA:19,_RNvNtCsfjuo7C0KNcw_4sshm6update11write_cache
FNDA:78,_RNvNtCsfjuo7C0KNcw_4sshm6update13get_cache_dir
FNDA:2,_RNvNtCsfjuo7C0KNcw_4sshm6update16check_for_update
FNDA:71,_RNvNtCsfjuo7C0KNcw_4sshm6update19get_cache_file_path
FNDA:11,_RNvNtCsfjuo7C0KNcw_4sshm6update19should_check_update
FNDA:23,_RNvNtCsfjuo7C0KNcw_4sshm6update19write_cache_to_path
FNDA:2,_RNvNtCsfjuo7C0KNcw_4sshm6update20download_and_extract
FNDA:3,_RNvNtCsfjuo7C0KNcw_4sshm6update20read_cache_from_path
FNDA:2,_RNvNtCsfjuo7C0KNcw_4sshm6update22check_for_update_inner
FNDA:2,_RNvNtCsfjuo7C0KNcw_4sshm6update22force_check_for_update
FNDA:15,_RNvNtCsfjuo7C0KNcw_4sshm6update23get_platform_asset_name
FNDA:0,_RNCNvNtCsfjuo7C0KNcw_4sshm6update10read_cache0B5_
FNDA:2,_RNCNvNtCsfjuo7C0KNcw_4sshm6update10read_caches_0B5_
FNDA:0,_RNCNvNtCsfjuo7C0KNcw_4sshm6update13get_cache_dir0B5_
FNDA:0,_RNCNvNtCsfjuo7C0KNcw_4sshm6update19should_check_update0B5_
FNDA:0,_RNCNvNtCsfjuo7C0KNcw_4sshm6update19write_cache_to_path0B5_
FNDA:0,_RNCNvNtCsfjuo7C0KNcw_4sshm6update19write_cache_to_paths0_0B5_
FNDA:0,_RNCNvNtCsfjuo7C0KNcw_4sshm6update19write_cache_to_paths_0B5_
FNDA:0,_RNCNvNtCsfjuo7C0KNcw_4sshm6update20download_and_extract0B5_
FNDA:0,_RNCNvNtCsfjuo7C0KNcw_4sshm6update20download_and_extracts0_0B5_
FNDA:0,_RNCNvNtCsfjuo7C0KNcw_4sshm6update20download_and_extracts1_0B5_
FNDA:0,_RNCNvNtCsfjuo7C0KNcw_4sshm6update20download_and_extracts2_0B5_
FNDA:0,_RNCNvNtCsfjuo7C0KNcw_4sshm6update20download_and_extracts3_0B5_
FNDA:0,_RNCNvNtCsfjuo7C0KNcw_4sshm6update20download_and_extracts4_0B5_
FNDA:0,_RNCNvNtCsfjuo7C0KNcw_4sshm6update20download_and_extracts5_0B5_
FNDA:0,_RNCNvNtCsfjuo7C0KNcw_4sshm6update20download_and_extracts_0B5_
FNDA:0,_RNCNvNtCsfjuo7C0KNcw_4sshm6update20read_cache_from_path0B5_
FNDA:0,_RNCNvNtCsfjuo7C0KNcw_4sshm6update20read_cache_from_paths_0B5_
FNDA:6,_RNCNvNtCsfjuo7C0KNcw_4sshm6update22check_for_update_inner0B5_
FNF:147
FNH:132
DA:24,156
DA:25,156
DA:26,156
DA:27,156
DA:29,156
DA:30,156
DA:32,156
DA:33,156
DA:35,142
DA:36,142
DA:37,142
DA:45,49
DA:46,49
DA:48,49
DA:49,11
DA:50,38
DA:52,38
DA:53,38
DA:55,32
DA:56,38
DA:58,32
DA:59,49
DA:61,39
DA:62,39
DA:63,39
DA:64,39
DA:66,47
DA:67,47
DA:68,47
DA:69,47
DA:70,47
DA:72,47
DA:73,47
DA:74,47
DA:75,47
DA:77,47
DA:78,47
DA:80,47
DA:82,47
DA:83,47
DA:85,6
DA:86,6
DA:87,0
DA:88,6
DA:90,6
DA:91,6
DA:93,6
DA:94,6
DA:96,6
DA:97,6
DA:99,22
DA:101,22
DA:102,4
DA:103,18
DA:105,18
DA:107,15
DA:108,5
DA:109,10
DA:110,10
DA:111,10
DA:112,10
DA:113,10
DA:115,10
DA:118,22
DA:120,31
DA:121,31
DA:122,31
DA:124,31
DA:125,31
DA:126,0
DA:127,0
DA:128,0
DA:129,0
DA:132,31
DA:133,31
DA:135,4
DA:136,4
DA:139,4
DA:142,1
DA:143,0
DA:144,0
DA:145,0
DA:146,0
DA:147,0
DA:148,0
DA:149,0
DA:151,1
DA:154,2
DA:155,2
DA:156,2
DA:157,1
DA:161,3
DA:162,3
DA:163,0
DA:164,0
DA:165,0
DA:169,3
DA:170,3
DA:171,3
DA:172,3
DA:173,3
DA:174,3
DA:175,3
DA:176,3
DA:177,3
DA:179,3
DA:180,0
DA:181,0
DA:182,0
DA:186,3
DA:187,0
DA:188,3
DA:189,3
DA:190,3
DA:194,0
DA:196,0
DA:197,0
DA:199,0
DA:200,0
DA:201,0
DA:202,0
DA:203,0
DA:206,4
DA:208,4
DA:209,4
DA:210,4
DA:212,4
DA:213,4
DA:215,4
DA:216,4
DA:217,0
DA:218,0
DA:219,0
DA:223,4
DA:225,4
DA:229,4
DA:230,4
DA:231,4
DA:232,4
DA:233,4
DA:235,4
DA:236,4
DA:237,4
DA:238,0
DA:239,0
DA:240,4
DA:242,4
DA:243,4
DA:244,0
DA:245,0
DA:246,4
DA:248,12
DA:250,4
DA:251,4
DA:253,0
DA:254,0
DA:255,0
DA:256,0
DA:257,0
DA:261,4
DA:265,4
DA:267,4
DA:268,2
DA:269,2
DA:271,2
DA:273,2
DA:274,2
DA:275,2
DA:276,2
DA:277,2
DA:279,2
DA:280,2
DA:281,2
DA:285,0
DA:286,0
DA:287,0
DA:290,0
DA:291,0
DA:292,0
DA:295,4
DA:297,4
DA:298,4
DA:299,4
DA:300,4
DA:301,4
DA:302,4
DA:307,4
DA:309,4
DA:310,4
DA:311,4
DA:312,4
DA:314,4
DA:315,0
DA:316,0
DA:317,0
DA:318,0
DA:319,4
DA:321,4
DA:322,4
DA:323,4
DA:325,4
DA:326,4
DA:328,4
DA:329,4
DA:330,4
DA:331,4
DA:332,4
DA:334,4
DA:336,4
DA:337,4
DA:338,4
DA:339,4
DA:341,4
DA:344,4
DA:345,4
DA:346,4
DA:349,3
DA:350,3
DA:351,1
DA:352,2
DA:355,2
DA:356,0
DA:357,2
DA:360,2
DA:361,2
DA:363,2
DA:365,2
DA:367,2
DA:368,4
DA:376,2
DA:377,2
DA:378,2
DA:379,2
DA:382,2
DA:384,2
DA:385,2
DA:386,2
DA:387,2
DA:390,2
DA:391,2
DA:392,2
DA:393,2
DA:394,2
DA:395,2
DA:396,2
DA:397,2
DA:400,2
DA:401,2
DA:402,2
DA:403,2
DA:404,2
DA:406,2
DA:407,2
DA:409,2
DA:410,2
DA:411,2
DA:412,2
DA:415,2
DA:416,2
DA:417,2
DA:418,2
DA:419,2
DA:420,2
DA:422,2
DA:423,2
DA:424,0
DA:427,2
DA:428,2
DA:429,2
DA:431,0
DA:434,2
DA:435,2
DA:436,2
DA:438,0
DA:440,2
DA:443,2
DA:444,2
DA:445,2
DA:446,2
DA:447,2
DA:449,2
DA:450,2
DA:451,2
DA:454,2
DA:455,2
DA:456,2
DA:459,2
DA:460,2
DA:461,2
DA:462,2
DA:463,2
DA:464,2
DA:467,2
DA:468,2
DA:469,2
DA:470,2
DA:471,2
DA:472,2
DA:473,2
DA:476,2
DA:477,2
DA:478,2
DA:480,2
DA:481,2
DA:482,2
DA:483,2
DA:484,2
DA:487,2
DA:488,2
DA:489,2
DA:490,2
DA:491,2
DA:492,2
DA:493,2
DA:494,2
DA:497,2
DA:499,2
DA:500,2
DA:501,2
DA:504,2
DA:506,2
DA:507,2
DA:508,2
DA:509,2
DA:512,2
DA:513,2
DA:514,2
DA:515,2
DA:516,0
DA:517,0
DA:518,0
DA:519,0
DA:520,0
DA:521,2
DA:524,2
DA:525,2
DA:526,2
DA:527,2
DA:528,2
DA:531,2
DA:532,2
DA:533,2
DA:534,2
DA:535,2
DA:536,2
DA:537,2
DA:538,2
DA:539,2
DA:542,2
DA:543,2
DA:544,2
DA:545,2
DA:546,0
DA:548,2
DA:551,2
DA:552,2
DA:553,2
DA:554,2
DA:555,2
DA:556,2
DA:557,2
DA:558,2
DA:560,0
DA:562,2
DA:565,2
DA:566,2
DA:567,2
DA:568,2
DA:569,2
DA:570,2
DA:571,2
DA:572,2
DA:573,2
DA:576,2
DA:577,2
DA:578,2
DA:579,2
DA:580,2
DA:581,2
DA:582,2
DA:583,2
DA:586,2
DA:587,2
DA:588,2
DA:591,2
DA:592,2
DA:593,2
DA:596,2
DA:597,2
DA:598,2
DA:599,2
DA:601,2
DA:602,2
DA:603,50
DA:604,2
DA:607,2
DA:609,2
DA:610,2
DA:611,2
DA:614,2
DA:615,2
DA:616,2
DA:617,2
DA:618,2
DA:619,2
DA:622,2
DA:623,2
DA:624,2
DA:625,2
DA:626,2
DA:629,2
DA:630,2
DA:631,2
DA:632,2
DA:633,2
DA:634,2
DA:635,2
DA:636,2
DA:639,2
DA:640,2
DA:641,2
DA:642,2
DA:643,2
DA:644,2
DA:645,2
DA:646,2
DA:649,2
DA:651,2
DA:652,2
DA:653,2
DA:656,2
DA:657,2
DA:658,2
DA:659,2
DA:662,2
DA:663,2
DA:664,2
DA:665,2
DA:666,2
DA:667,2
DA:669,2
DA:670,2
DA:671,0
DA:673,2
DA:674,2
DA:675,0
DA:677,2
DA:678,2
DA:679,0
DA:681,2
DA:684,2
DA:685,2
DA:686,2
DA:687,2
DA:688,2
DA:689,2
DA:690,2
DA:691,2
DA:694,2
DA:695,2
DA:696,2
DA:697,2
DA:698,2
DA:699,2
DA:700,2
DA:701,2
DA:704,2
DA:706,2
DA:708,2
DA:710,2
DA:711,2
DA:714,2
DA:715,2
DA:716,2
DA:717,2
DA:718,2
DA:721,2
DA:722,2
DA:723,2
DA:724,2
DA:725,2
DA:726,2
DA:727,2
DA:728,2
DA:729,2
DA:732,2
DA:733,2
DA:734,2
DA:735,2
DA:736,2
DA:737,2
DA:738,2
DA:739,2
DA:742,2
DA:744,2
DA:745,2
DA:747,2
DA:748,2
DA:749,2
DA:752,2
DA:753,2
DA:754,2
DA:755,2
DA:758,2
DA:759,2
DA:760,2
DA:761,2
DA:762,2
DA:763,2
DA:766,2
DA:767,2
DA:768,2
DA:769,2
DA:772,2
DA:773,2
DA:774,2
DA:776,2
DA:777,2
DA:778,2
DA:780,2
DA:781,0
DA:782,2
DA:783,2
DA:784,2
DA:785,2
DA:788,2
DA:790,2
DA:791,2
DA:792,2
DA:793,2
DA:794,2
DA:795,2
DA:796,2
DA:799,2
DA:800,2
DA:801,2
DA:802,2
DA:805,2
DA:807,2
DA:810,2
DA:811,2
DA:814,2
DA:815,2
DA:816,2
DA:817,2
DA:818,2
DA:819,2
DA:822,2
DA:823,2
DA:824,2
DA:825,2
DA:826,2
DA:827,2
DA:828,2
DA:831,2
DA:832,2
DA:833,2
DA:834,2
DA:835,2
DA:836,2
DA:837,2
DA:840,2
DA:841,2
DA:842,2
DA:843,2
DA:846,2
DA:847,2
DA:848,2
DA:849,2
DA:850,2
DA:853,2
DA:854,2
DA:855,2
DA:856,2
DA:859,2
DA:862,2
DA:863,2
DA:864,2
DA:865,2
DA:868,2
DA:871,2
DA:872,2
DA:873,2
DA:875,2
DA:876,2
DA:877,2
DA:880,2
DA:881,2
DA:882,2
DA:883,2
DA:884,2
DA:885,2
DA:886,2
DA:889,2
DA:890,2
DA:891,2
DA:892,2
DA:893,2
DA:894,2
DA:895,2
DA:896,2
DA:897,2
DA:898,2
DA:899,2
DA:900,2
DA:903,2
DA:904,2
DA:905,2
DA:906,2
DA:909,2
DA:910,2
DA:911,2
DA:912,2
DA:913,2
DA:914,0
DA:916,2
DA:919,2
DA:920,2
DA:921,2
DA:922,2
DA:923,2
DA:924,2
DA:925,2
DA:926,2
DA:927,2
DA:930,2
DA:931,2
DA:932,2
DA:933,2
DA:934,2
DA:935,2
DA:936,2
DA:937,2
DA:940,2
DA:941,2
DA:942,2
DA:943,2
DA:944,2
DA:947,2
DA:948,2
DA:949,2
DA:950,2
DA:951,2
DA:952,2
DA:953,2
DA:954,2
DA:955,2
DA:958,2
DA:959,2
DA:960,2
DA:961,2
DA:962,2
DA:963,2
DA:964,2
DA:965,2
DA:966,2
DA:969,2
DA:970,2
DA:971,2
DA:972,2
DA:973,0
DA:975,2
DA:978,2
DA:979,2
DA:980,2
DA:981,2
DA:982,2
DA:983,2
DA:984,0
DA:986,2
DA:989,2
DA:990,2
DA:991,2
DA:992,2
DA:993,2
DA:994,2
DA:995,2
DA:996,2
DA:997,2
DA:1000,2
DA:1001,2
DA:1002,2
DA:1003,2
DA:1004,2
DA:1005,2
DA:1006,2
DA:1007,2
DA:1011,2
DA:1012,2
DA:1013,2
DA:1015,2
DA:1016,2
DA:1021,2
DA:1022,2
DA:1023,2
DA:1024,2
DA:1025,2
DA:1027,2
DA:1028,2
DA:1029,2
DA:1031,2
DA:1033,2
DA:1034,2
DA:1035,2
DA:1036,2
DA:1038,2
DA:1039,2
DA:1040,2
DA:1042,2
DA:1047,2
DA:1048,2
DA:1049,2
DA:1050,2
DA:1052,2
DA:1053,2
DA:1055,2
DA:1060,2
DA:1061,2
DA:1062,2
DA:1064,2
DA:1065,2
DA:1066,2
DA:1068,2
DA:1069,2
DA:1071,2
DA:1076,2
DA:1077,2
DA:1078,2
DA:1080,2
DA:1081,2
DA:1083,2
DA:1084,2
DA:1085,2
DA:1087,2
DA:1092,2
DA:1093,2
DA:1094,2
DA:1095,2
DA:1097,2
DA:1098,2
DA:1099,2
DA:1101,2
DA:1106,2
DA:1107,2
DA:1108,2
DA:1109,2
DA:1110,2
DA:1112,2
DA:1113,2
DA:1114,2
DA:1115,2
DA:1117,2
DA:1118,2
DA:1119,2
DA:1120,2
DA:1121,2
DA:1123,2
DA:1124,2
DA:1125,2
DA:1127,2
DA:1132,2
DA:1133,2
DA:1134,2
DA:1135,2
DA:1136,2
DA:1138,2
DA:1139,2
DA:1140,2
DA:1141,2
DA:1142,2
DA:1144,2
DA:1145,2
DA:1146,2
DA:1148,2
DA:1152,2
DA:1153,2
DA:1154,2
DA:1156,2
DA:1157,2
DA:1158,2
DA:1160,2
DA:1161,0
DA:1162,2
DA:1163,2
DA:1164,2
DA:1165,2
DA:1168,2
DA:1169,2
DA:1170,2
DA:1172,2
DA:1173,2
DA:1175,2
DA:1176,2
DA:1177,50
DA:1178,2
DA:1181,2
DA:1182,2
DA:1183,2
DA:1185,2
DA:1186,2
DA:1187,2
DA:1189,2
DA:1190,2
DA:1191,0
DA:1192,0
DA:1193,0
DA:1195,2
DA:1198,2
DA:1199,2
DA:1200,2
DA:1201,2
DA:1202,2
DA:1204,2
DA:1205,2
DA:1207,2
DA:1208,2
DA:1209,2
DA:1212,2
DA:1213,2
DA:1214,2
DA:1215,2
DA:1216,2
DA:1218,2
DA:1219,2
DA:1221,2
DA:1222,2
DA:1223,2
DA:1227,2
DA:1228,2
DA:1229,2
DA:1231,2
DA:1233,2
DA:1234,2
DA:1236,2
DA:1237,2
DA:1239,2
DA:1240,2
DA:1242,2
DA:1243,2
DA:1244,2
DA:1246,2
DA:1251,2
DA:1252,2
DA:1253,2
DA:1255,2
DA:1257,2
DA:1259,2
DA:1260,2
DA:1261,2
DA:1262,2
DA:1264,2
DA:1269,2
DA:1270,2
DA:1271,2
DA:1273,2
DA:1274,2
DA:1275,2
DA:1276,2
DA:1278,2
DA:1280,2
DA:1281,2
DA:1282,2
DA:1283,2
DA:1285,2
DA:1286,2
DA:1287,2
DA:1289,2
DA:1294,2
DA:1295,2
DA:1296,2
DA:1297,2
DA:1298,2
DA:1300,2
DA:1301,2
DA:1302,2
DA:1303,2
DA:1305,2
DA:1306,2
DA:1307,2
DA:1308,2
DA:1309,2
DA:1311,2
DA:1312,2
DA:1313,2
DA:1315,2
DA:1320,2
DA:1321,2
DA:1322,2
DA:1323,2
DA:1324,2
DA:1326,2
DA:1327,2
DA:1328,2
DA:1329,2
DA:1331,2
DA:1332,2
DA:1333,2
DA:1334,2
DA:1335,2
DA:1337,2
DA:1338,2
DA:1339,2
DA:1341,2
DA:1345,2
DA:1346,2
DA:1347,2
DA:1348,2
DA:1349,0
DA:1351,2
DA:1354,2
DA:1355,2
DA:1356,2
DA:1357,2
DA:1358,2
DA:1359,2
DA:1360,2
DA:1362,0
DA:1364,2
DA:1367,2
DA:1368,2
DA:1369,2
DA:1370,2
DA:1371,2
DA:1373,0
DA:1375,2
DA:1378,2
DA:1379,2
DA:1380,2
DA:1381,2
DA:1382,2
DA:1384,2
DA:1385,2
DA:1386,2
DA:1388,0
DA:1390,2
DA:1393,2
DA:1394,2
DA:1395,2
DA:1396,2
DA:1397,2
DA:1399,2
DA:1400,2
DA:1401,2
DA:1404,2
DA:1405,2
DA:1406,2
DA:1407,2
DA:1408,2
DA:1409,2
DA:1411,2
DA:1412,2
DA:1413,2
DA:1416,2
DA:1417,2
DA:1418,2
DA:1420,2
DA:1421,2
DA:1422,2
DA:1423,2
DA:1426,2
DA:1427,2
DA:1428,2
DA:1430,2
DA:1431,2
DA:1432,2
DA:1433,2
DA:1437,2
DA:1438,2
DA:1439,2
DA:1440,2
DA:1442,2
DA:1443,2
DA:1445,2
DA:1446,2
DA:1448,2
DA:1449,2
DA:1451,2
DA:1455,2
DA:1456,2
DA:1457,2
DA:1458,0
DA:1459,0
DA:1460,0
DA:1462,2
DA:1463,2
DA:1466,2
DA:1469,2
DA:1470,2
DA:1471,2
DA:1472,0
DA:1473,2
DA:1474,2
DA:1476,0
DA:1477,0
DA:1480,2
DA:1483,2
DA:1484,2
DA:1485,2
DA:1486,2
DA:1487,2
DA:1488,2
DA:1490,2
DA:1491,2
DA:1492,2
DA:1493,2
DA:1494,2
DA:1497,2
DA:1498,2
DA:1499,2
DA:1500,2
DA:1501,2
DA:1503,2
DA:1504,2
DA:1505,2
DA:1508,2
DA:1509,2
DA:1510,2
DA:1511,2
DA:1512,2
DA:1513,2
DA:1516,8
DA:1517,8
DA:1518,8
DA:1519,8
DA:1520,8
DA:1521,8
DA:1522,8
DA:1524,2
DA:1528,2
DA:1529,2
DA:1530,2
DA:1532,2
DA:1534,6
DA:1535,6
DA:1536,6
DA:1537,6
DA:1540,2
DA:1545,2
DA:1546,2
DA:1547,2
DA:1548,2
DA:1550,2
DA:1551,2
DA:1553,2
DA:1554,2
DA:1556,2
DA:1561,2
DA:1562,2
DA:1563,2
DA:1565,2
DA:1566,2
DA:1568,2
DA:1569,2
DA:1571,2
DA:1576,2
DA:1577,2
DA:1578,2
DA:1580,2
DA:1581,2
DA:1583,2
DA:1585,2
DA:1586,2
DA:1588,2
DA:1590,2
DA:1594,2
DA:1595,2
DA:1597,10
DA:1598,10
DA:1599,10
DA:1600,10
DA:1601,10
DA:1602,10
DA:1604,2
DA:1608,2
DA:1609,2
DA:1610,2
DA:1612,2
DA:1614,2
DA:1616,2
DA:1618,2
DA:1619,2
DA:1621,2
DA:1622,2
DA:1624,2
DA:1625,2
DA:1627,2
DA:1631,2
DA:1632,2
DA:1633,2
DA:1634,2
DA:1635,2
DA:1637,2
DA:1638,2
DA:1639,2
DA:1640,2
DA:1643,2
DA:1644,2
DA:1645,2
DA:1646,2
DA:1647,2
DA:1649,2
DA:1650,2
DA:1651,2
DA:1652,2
DA:1655,2
DA:1656,2
DA:1657,2
DA:1658,2
DA:1660,2
DA:1661,2
DA:1662,2
DA:1663,2
DA:1666,2
DA:1667,2
DA:1668,2
DA:1670,2
DA:1671,2
DA:1672,2
DA:1673,0
DA:1674,2
DA:1677,2
DA:1678,2
DA:1679,2
DA:1681,2
DA:1682,2
DA:1683,0
DA:1684,2
DA:1685,2
DA:1688,2
DA:1689,2
DA:1690,2
DA:1692,2
DA:1693,2
DA:1694,0
DA:1695,2
DA:1696,2
DA:1699,2
DA:1700,2
DA:1701,2
DA:1703,2
DA:1704,2
DA:1705,0
DA:1706,2
DA:1707,2
DA:1710,2
DA:1711,2
DA:1712,2
DA:1713,2
DA:1714,2
DA:1715,2
DA:1718,2
DA:1719,2
DA:1720,2
DA:1721,2
DA:1722,2
DA:1724,2
DA:1727,2
DA:1728,2
DA:1729,2
DA:1730,2
DA:1731,2
DA:1735,2
DA:1738,2
DA:1739,2
DA:1740,2
DA:1742,2
DA:1743,2
DA:1744,2
BRF:0
BRH:0
LF:1189
LH:1086
end_of_record