SF:/home/rute/projgit/ssh-manager/sshm/src/app.rs
FN:73,_RNvMNtCs6VWHXxI2gH3_4sshm3appNtB2_11InputBuffer15from_connection
FN:64,_RNvMNtCs6VWHXxI2gH3_4sshm3appNtB2_11InputBuffer5clear
FN:880,_RNvMs_NtCs6VWHXxI2gH3_4sshm3appNtB4_3App11render_help
FN:657,_RNvMs_NtCs6VWHXxI2gH3_4sshm3appNtB4_3App11render_list
FN:750,_RNvMs_NtCs6VWHXxI2gH3_4sshm3appNtB4_3App12render_input
FN:183,_RNvMs_NtCs6VWHXxI2gH3_4sshm3appNtB4_3App12render_popup
FN:131,_RNvMs_NtCs6VWHXxI2gH3_4sshm3appNtB4_3App12show_message
FN:163,_RNvMs_NtCs6VWHXxI2gH3_4sshm3appNtB4_3App13centered_rect
FN:729,_RNvMs_NtCs6VWHXxI2gH3_4sshm3appNtB4_3App13render_footer
FN:629,_RNvMs_NtCs6VWHXxI2gH3_4sshm3appNtB4_3App13render_header
FN:830,_RNvMs_NtCs6VWHXxI2gH3_4sshm3appNtB4_3App13render_search
FN:576,_RNvMs_NtCs6VWHXxI2gH3_4sshm3appNtB4_3App13update_filter
FN:492,_RNvMs_NtCs6VWHXxI2gH3_4sshm3appNtB4_3App15save_connection
FN:413,_RNvMs_NtCs6VWHXxI2gH3_4sshm3appNtB4_3App16handle_help_mode
FN:432,_RNvMs_NtCs6VWHXxI2gH3_4sshm3appNtB4_3App17append_input_char
FN:537,_RNvMs_NtCs6VWHXxI2gH3_4sshm3appNtB4_3App17delete_connection
FN:454,_RNvMs_NtCs6VWHXxI2gH3_4sshm3appNtB4_3App17delete_input_char
FN:329,_RNvMs_NtCs6VWHXxI2gH3_4sshm3appNtB4_3App17handle_input_mode
FN:849,_RNvMs_NtCs6VWHXxI2gH3_4sshm3appNtB4_3App17render_search_bar
FN:197,_RNvMs_NtCs6VWHXxI2gH3_4sshm3appNtB4_3App18handle_normal_mode
FN:380,_RNvMs_NtCs6VWHXxI2gH3_4sshm3appNtB4_3App18handle_search_mode
FN:558,_RNvMs_NtCs6VWHXxI2gH3_4sshm3appNtB4_3App18import_connections
FN:448,_RNvMs_NtCs6VWHXxI2gH3_4sshm3appNtB4_3App19advance_input_field
FN:480,_RNvMs_NtCs6VWHXxI2gH3_4sshm3appNtB4_3App23get_current_input_field
FN:86,_RNvMs_NtCs6VWHXxI2gH3_4sshm3appNtB4_3App3new
FN:105,_RNvMs_NtCs6VWHXxI2gH3_4sshm3appNtB4_3App3run
FN:604,_RNvMs_NtCs6VWHXxI2gH3_4sshm3appNtB4_3App6render
FN:568,_RNvMs_NtCs6VWHXxI2gH3_4sshm3appNtB4_3App7connect
FN:686,_RNCNvMs_NtCs6VWHXxI2gH3_4sshm3appNtB6_3App11render_list0B8_
FN:133,_RNCNvMs_NtCs6VWHXxI2gH3_4sshm3appNtB6_3App12show_message0B8_
FN:585,_RNCNvMs_NtCs6VWHXxI2gH3_4sshm3appNtB6_3App13update_filter0B8_
FN:499,_RNCNvMs_NtCs6VWHXxI2gH3_4sshm3appNtB6_3App15save_connection0B8_
FN:500,_RNCNvMs_NtCs6VWHXxI2gH3_4sshm3appNtB6_3App15save_connections_0B8_
FN:415,_RNCNvMs_NtCs6VWHXxI2gH3_4sshm3appNtB6_3App16handle_help_mode0B8_
FN:541,_RNCNvMs_NtCs6VWHXxI2gH3_4sshm3appNtB6_3App17delete_connection0B8_
FN:542,_RNCNvMs_NtCs6VWHXxI2gH3_4sshm3appNtB6_3App17delete_connections_0B8_
FN:331,_RNCNvMs_NtCs6VWHXxI2gH3_4sshm3appNtB6_3App17handle_input_mode0B8_
FN:382,_RNCNvMs_NtCs6VWHXxI2gH3_4sshm3appNtB6_3App18handle_search_mode0B8_
FN:109,_RNCNvMs_NtCs6VWHXxI2gH3_4sshm3appNtB6_3App3run0B8_
FN:73,_RNvMNtCs42n7i89Q0HM_4sshm3appNtB2_11InputBuffer15from_connection
FN:64,_RNvMNtCs42n7i89Q0HM_4sshm3appNtB2_11InputBuffer5clear
FN:576,_RNvMs_NtCs42n7i89Q0HM_4sshm3appNtB4_3App13update_filter
FN:492,_RNvMs_NtCs42n7i89Q0HM_4sshm3appNtB4_3App15save_connection
FN:432,_RNvMs_NtCs42n7i89Q0HM_4sshm3appNtB4_3App17append_input_char
FN:537,_RNvMs_NtCs42n7i89Q0HM_4sshm3appNtB4_3App17delete_connection
FN:454,_RNvMs_NtCs42n7i89Q0HM_4sshm3appNtB4_3App17delete_input_char
FN:448,_RNvMs_NtCs42n7i89Q0HM_4sshm3appNtB4_3App19advance_input_field
FN:480,_RNvMs_NtCs42n7i89Q0HM_4sshm3appNtB4_3App23get_current_input_field
FN:86,_RNvMs_NtCs42n7i89Q0HM_4sshm3appNtB4_3App3new
FN:686,_RNCNvMs_NtCs42n7i89Q0HM_4sshm3appNtB6_3App11render_list0B8_
FN:133,_RNCNvMs_NtCs42n7i89Q0HM_4sshm3appNtB6_3App12show_message0B8_
FN:415,_RNCNvMs_NtCs42n7i89Q0HM_4sshm3appNtB6_3App16handle_help_mode0B8_
FN:331,_RNCNvMs_NtCs42n7i89Q0HM_4sshm3appNtB6_3App17handle_input_mode0B8_
FN:382,_RNCNvMs_NtCs42n7i89Q0HM_4sshm3appNtB6_3App18handle_search_mode0B8_
FN:109,_RNCNvMs_NtCs42n7i89Q0HM_4sshm3appNtB6_3App3run0B8_
FN:880,_RNvMs_NtCs42n7i89Q0HM_4sshm3appNtB4_3App11render_help
FN:657,_RNvMs_NtCs42n7i89Q0HM_4sshm3appNtB4_3App11render_list
FN:750,_RNvMs_NtCs42n7i89Q0HM_4sshm3appNtB4_3App12render_input
FN:183,_RNvMs_NtCs42n7i89Q0HM_4sshm3appNtB4_3App12render_popup
FN:131,_RNvMs_NtCs42n7i89Q0HM_4sshm3appNtB4_3App12show_message
FN:163,_RNvMs_NtCs42n7i89Q0HM_4sshm3appNtB4_3App13centered_rect
FN:729,_RNvMs_NtCs42n7i89Q0HM_4sshm3appNtB4_3App13render_footer
FN:629,_RNvMs_NtCs42n7i89Q0HM_4sshm3appNtB4_3App13render_header
FN:830,_RNvMs_NtCs42n7i89Q0HM_4sshm3appNtB4_3App13render_search
FN:413,_RNvMs_NtCs42n7i89Q0HM_4sshm3appNtB4_3App16handle_help_mode
FN:329,_RNvMs_NtCs42n7i89Q0HM_4sshm3appNtB4_3App17handle_input_mode
FN:849,_RNvMs_NtCs42n7i89Q0HM_4sshm3appNtB4_3App17render_search_bar
FN:197,_RNvMs_NtCs42n7i89Q0HM_4sshm3appNtB4_3App18handle_normal_mode
FN:380,_RNvMs_NtCs42n7i89Q0HM_4sshm3appNtB4_3App18handle_search_mode
FN:558,_RNvMs_NtCs42n7i89Q0HM_4sshm3appNtB4_3App18import_connections
FN:105,_RNvMs_NtCs42n7i89Q0HM_4sshm3appNtB4_3App3run
FN:604,_RNvMs_NtCs42n7i89Q0HM_4sshm3appNtB4_3App6render
FN:568,_RNvMs_NtCs42n7i89Q0HM_4sshm3appNtB4_3App7connect
FN:585,_RNCNvMs_NtCs42n7i89Q0HM_4sshm3appNtB6_3App13update_filter0B8_
FN:499,_RNCNvMs_NtCs42n7i89Q0HM_4sshm3appNtB6_3App15save_connection0B8_
FN:500,_RNCNvMs_NtCs42n7i89Q0HM_4sshm3appNtB6_3App15save_connections_0B8_
FN:541,_RNCNvMs_NtCs42n7i89Q0HM_4sshm3appNtB6_3App17delete_connection0B8_
FN:542,_RNCNvMs_NtCs42n7i89Q0HM_4sshm3appNtB6_3App17delete_connections_0B8_
FN:936,_RNvNtNtCs42n7i89Q0HM_4sshm3app5tests15create_test_app
FN:982,_RNvNtNtCs42n7i89Q0HM_4sshm3app5testss_12test_app_new
FN:1231,_RNvNtNtCs42n7i89Q0HM_4sshm3app5testss_19test_add_connection
FN:1824,_RNvNtNtCs42n7i89Q0HM_4sshm3app5testss_21test_app_mode_is_copy
FN:1899,_RNvNtNtCs42n7i89Q0HM_4sshm3app5testss_21test_matcher_creation
FN:1511,_RNvNtNtCs42n7i89Q0HM_4sshm3app5testss_21test_message_handling
FN:1861,_RNvNtNtCs42n7i89Q0HM_4sshm3app5testss_21test_search_query_pop
FN:1271,_RNvNtNtCs42n7i89Q0HM_4sshm3app5testss_22test_app_mode_variants
FN:1056,_RNvNtNtCs42n7i89Q0HM_4sshm3app5testss_22test_append_input_char
FN:1248,_RNvNtNtCs42n7i89Q0HM_4sshm3app5testss_22test_delete_connection
FN:1099,_RNvNtNtCs42n7i89Q0HM_4sshm3app5testss_22test_delete_input_char
FN:1562,_RNvNtNtCs42n7i89Q0HM_4sshm3app5testss_23test_app_initialization
FN:991,_RNvNtNtCs42n7i89Q0HM_4sshm3app5testss_23test_input_buffer_clear
FN:1571,_RNvNtNtCs42n7i89Q0HM_4sshm3app5testss_23test_input_buffer_clone
FN:1315,_RNvNtNtCs42n7i89Q0HM_4sshm3app5testss_23test_input_field_bounds
FN:1889,_RNvNtNtCs42n7i89Q0HM_4sshm3app5testss_23test_search_query_clear
FN:1112,_RNvNtNtCs42n7i89Q0HM_4sshm3app5testss_24test_advance_input_field
FN:1400,_RNvNtNtCs42n7i89Q0HM_4sshm3app5testss_25test_app_mode_transitions
FN:1812,_RNvNtNtCs42n7i89Q0HM_4sshm3app5testss_25test_input_buffer_default
FN:1422,_RNvNtNtCs42n7i89Q0HM_4sshm3app5testss_25test_search_query_default
FN:1581,_RNvNtNtCs42n7i89Q0HM_4sshm3app5testss_26test_app_with_empty_config
FN:1944,_RNvNtNtCs42n7i89Q0HM_4sshm3app5testss_26test_matcher_empty_pattern
FN:1926,_RNvNtNtCs42n7i89Q0HM_4sshm3app5testss_26test_matcher_partial_match
FN:1293,_RNvNtNtCs42n7i89Q0HM_4sshm3app5testss_26test_multiple_input_fields
FN:1428,_RNvNtNtCs42n7i89Q0HM_4sshm3app5testss_26test_selected_index_bounds
FN:1180,_RNvNtNtCs42n7i89Q0HM_4sshm3app5testss_26test_update_filter_by_host
FN:1190,_RNvNtNtCs42n7i89Q0HM_4sshm3app5testss_26test_update_filter_by_user
FN:1335,_RNvNtNtCs42n7i89Q0HM_4sshm3app5testss_27test_delete_char_from_field
FN:1491,_RNvNtNtCs42n7i89Q0HM_4sshm3app5testss_27test_delete_connection_last
FN:1851,_RNvNtNtCs42n7i89Q0HM_4sshm3app5testss_27test_search_query_appending
FN:1170,_RNvNtNtCs42n7i89Q0HM_4sshm3app5testss_27test_update_filter_by_alias
FN:1210,_RNvNtNtCs42n7i89Q0HM_4sshm3app5testss_27test_update_filter_no_match
FN:1480,_RNvNtNtCs42n7i89Q0HM_4sshm3app5testss_28test_delete_connection_first
FN:1137,_RNvNtNtCs42n7i89Q0HM_4sshm3app5testss_28test_get_current_input_field
FN:1522,_RNvNtNtCs42n7i89Q0HM_4sshm3app5testss_28test_input_buffer_all_fields
FN:1880,_RNvNtNtCs42n7i89Q0HM_4sshm3app5testss_28test_search_query_assignment
FN:1552,_RNvNtNtCs42n7i89Q0HM_4sshm3app5testss_28test_update_filter_all_match
FN:1606,_RNvNtNtCs42n7i89Q0HM_4sshm3app5testss_29test_delete_connection_middle
FN:1737,_RNvNtNtCs42n7i89Q0HM_4sshm3app5testss_29test_filtered_indices_cloning
FN:1871,_RNvNtNtCs42n7i89Q0HM_4sshm3app5testss_29test_filtered_indices_sorting
FN:1439,_RNvNtNtCs42n7i89Q0HM_4sshm3app5testss_29test_save_connection_add_mode
FN:1760,_RNvNtNtCs42n7i89Q0HM_4sshm3app5testss_29test_search_query_with_spaces
FN:1935,_RNvNtNtCs42n7i89Q0HM_4sshm3app5testss_30test_matcher_different_strings
FN:1917,_RNvNtNtCs42n7i89Q0HM_4sshm3app5testss_30test_matcher_none_for_no_match
FN:1459,_RNvNtNtCs42n7i89Q0HM_4sshm3app5testss_30test_save_connection_edit_mode
FN:1160,_RNvNtNtCs42n7i89Q0HM_4sshm3app5testss_30test_update_filter_empty_query
FN:1841,_RNvNtNtCs42n7i89Q0HM_4sshm3app5testss_30test_update_filter_exact_match
FN:1953,_RNvNtNtCs42n7i89Q0HM_4sshm3app5testss_31test_matcher_whole_string_match
FN:1220,_RNvNtNtCs42n7i89Q0HM_4sshm3app5testss_31test_update_filter_bounds_check
FN:1596,_RNvNtNtCs42n7i89Q0HM_4sshm3app5testss_31test_update_filter_with_numbers
FN:1908,_RNvNtNtCs42n7i89Q0HM_4sshm3app5testss_32test_fuzzy_matcher_returns_score
FN:1200,_RNvNtNtCs42n7i89Q0HM_4sshm3app5testss_32test_update_filter_partial_match
FN:1768,_RNvNtNtCs42n7i89Q0HM_4sshm3app5testss_32test_update_filter_unicode_chars
FN:1683,_RNvNtNtCs42n7i89Q0HM_4sshm3app5testss_33test_append_char_different_fields
FN:1745,_RNvNtNtCs42n7i89Q0HM_4sshm3app5testss_33test_config_connections_reference
FN:1702,_RNvNtNtCs42n7i89Q0HM_4sshm3app5testss_33test_delete_char_different_fields
FN:1325,_RNvNtNtCs42n7i89Q0HM_4sshm3app5testss_33test_delete_char_from_empty_field
FN:1502,_RNvNtNtCs42n7i89Q0HM_4sshm3app5testss_33test_delete_connection_empty_list
FN:1012,_RNvNtNtCs42n7i89Q0HM_4sshm3app5testss_33test_input_buffer_from_connection
FN:1388,_RNvNtNtCs42n7i89Q0HM_4sshm3app5testss_33test_search_query_clear_on_escape
FN:1541,_RNvNtNtCs42n7i89Q0HM_4sshm3app5testss_34test_update_filter_preserves_order
FN:1725,_RNvNtNtCs42n7i89Q0HM_4sshm3app5testss_35test_delete_connection_after_filter
FN:1832,_RNvNtNtCs42n7i89Q0HM_4sshm3app5testss_35test_delete_connection_index_bounds
FN:1799,_RNvNtNtCs42n7i89Q0HM_4sshm3app5testss_35test_delete_input_char_folder_field
FN:1416,_RNvNtNtCs42n7i89Q0HM_4sshm3app5testss_35test_filtered_indices_initial_state
FN:1617,_RNvNtNtCs42n7i89Q0HM_4sshm3app5testss_36test_save_connection_with_all_fields
FN:1258,_RNvNtNtCs42n7i89Q0HM_4sshm3app5testss_37test_delete_connection_updates_filter
FN:1786,_RNvNtNtCs42n7i89Q0HM_4sshm3app5testss_37test_delete_input_char_key_path_field
FN:1588,_RNvNtNtCs42n7i89Q0HM_4sshm3app5testss_37test_update_filter_with_special_chars
FN:1076,_RNvNtNtCs42n7i89Q0HM_4sshm3app5testss_39test_append_input_char_port_only_digits
FN:1776,_RNvNtNtCs42n7i89Q0HM_4sshm3app5testss_39test_get_current_input_field_all_fields
FN:1357,_RNvNtNtCs42n7i89Q0HM_4sshm3app5testss_40test_update_filter_with_case_insensitive
FN:1034,_RNvNtNtCs42n7i89Q0HM_4sshm3app5testss_42test_input_buffer_from_connection_defaults
FN:1377,_RNvNtNtCs42n7i89Q0HM_4sshm3app5testss_42test_update_filter_resets_index_when_empty
FN:1346,_RNvNtNtCs42n7i89Q0HM_4sshm3app5testss_43test_delete_char_advances_to_previous_field
FN:1367,_RNvNtNtCs42n7i89Q0HM_4sshm3app5testss_43test_update_filter_with_folder_not_searched
FN:1672,_RNvNtNtCs42n7i89Q0HM_4sshm3app5testss_44test_advance_input_field_does_not_exceed_max
FN:1279,_RNvNtNtCs42n7i89Q0HM_4sshm3app5testss_45test_filtered_indices_maintained_after_search
FN:1642,_RNvNtNtCs42n7i89Q0HM_4sshm3app5testss_49test_save_connection_with_empty_port_uses_default
FN:1662,_RNvNtNtCs42n7i89Q0HM_4sshm3app5testss_50test_delete_connection_updates_filter_after_delete
FN:686,_RNCNvMs_NtCsbpfP617pxG2_4sshm3appNtB6_3App11render_list0B8_
FN:133,_RNCNvMs_NtCsbpfP617pxG2_4sshm3appNtB6_3App12show_message0B8_
FN:415,_RNCNvMs_NtCsbpfP617pxG2_4sshm3appNtB6_3App16handle_help_mode0B8_
FN:331,_RNCNvMs_NtCsbpfP617pxG2_4sshm3appNtB6_3App17handle_input_mode0B8_
FN:382,_RNCNvMs_NtCsbpfP617pxG2_4sshm3appNtB6_3App18handle_search_mode0B8_
FN:109,_RNCNvMs_NtCsbpfP617pxG2_4sshm3appNtB6_3App3run0B8_
FN:880,_RNvMs_NtCsbpfP617pxG2_4sshm3appNtB4_3App11render_help
FN:657,_RNvMs_NtCsbpfP617pxG2_4sshm3appNtB4_3App11render_list
FN:750,_RNvMs_NtCsbpfP617pxG2_4sshm3appNtB4_3App12render_input
FN:183,_RNvMs_NtCsbpfP617pxG2_4sshm3appNtB4_3App12render_popup
FN:131,_RNvMs_NtCsbpfP617pxG2_4sshm3appNtB4_3App12show_message
FN:163,_RNvMs_NtCsbpfP617pxG2_4sshm3appNtB4_3App13centered_rect
FN:729,_RNvMs_NtCsbpfP617pxG2_4sshm3appNtB4_3App13render_footer
FN:629,_RNvMs_NtCsbpfP617pxG2_4sshm3appNtB4_3App13render_header
FN:830,_RNvMs_NtCsbpfP617pxG2_4sshm3appNtB4_3App13render_search
FN:413,_RNvMs_NtCsbpfP617pxG2_4sshm3appNtB4_3App16handle_help_mode
FN:329,_RNvMs_NtCsbpfP617pxG2_4sshm3appNtB4_3App17handle_input_mode
FN:849,_RNvMs_NtCsbpfP617pxG2_4sshm3appNtB4_3App17render_search_bar
FN:197,_RNvMs_NtCsbpfP617pxG2_4sshm3appNtB4_3App18handle_normal_mode
FN:380,_RNvMs_NtCsbpfP617pxG2_4sshm3appNtB4_3App18handle_search_mode
FN:558,_RNvMs_NtCsbpfP617pxG2_4sshm3appNtB4_3App18import_connections
FN:105,_RNvMs_NtCsbpfP617pxG2_4sshm3appNtB4_3App3run
FN:604,_RNvMs_NtCsbpfP617pxG2_4sshm3appNtB4_3App6render
FN:568,_RNvMs_NtCsbpfP617pxG2_4sshm3appNtB4_3App7connect
FN:936,_RNvNtNtCsbpfP617pxG2_4sshm3app5tests15create_test_app
FN:982,_RNvNtNtCsbpfP617pxG2_4sshm3app5testss_12test_app_new
FN:1231,_RNvNtNtCsbpfP617pxG2_4sshm3app5testss_19test_add_connection
FN:1824,_RNvNtNtCsbpfP617pxG2_4sshm3app5testss_21test_app_mode_is_copy
FN:1899,_RNvNtNtCsbpfP617pxG2_4sshm3app5testss_21test_matcher_creation
FN:1511,_RNvNtNtCsbpfP617pxG2_4sshm3app5testss_21test_message_handling
FN:1861,_RNvNtNtCsbpfP617pxG2_4sshm3app5testss_21test_search_query_pop
FN:1271,_RNvNtNtCsbpfP617pxG2_4sshm3app5testss_22test_app_mode_variants
FN:1056,_RNvNtNtCsbpfP617pxG2_4sshm3app5testss_22test_append_input_char
FN:1248,_RNvNtNtCsbpfP617pxG2_4sshm3app5testss_22test_delete_connection
FN:1099,_RNvNtNtCsbpfP617pxG2_4sshm3app5testss_22test_delete_input_char
FN:1562,_RNvNtNtCsbpfP617pxG2_4sshm3app5testss_23test_app_initialization
FN:991,_RNvNtNtCsbpfP617pxG2_4sshm3app5testss_23test_input_buffer_clear
FN:1571,_RNvNtNtCsbpfP617pxG2_4sshm3app5testss_23test_input_buffer_clone
FN:1315,_RNvNtNtCsbpfP617pxG2_4sshm3app5testss_23test_input_field_bounds
FN:1889,_RNvNtNtCsbpfP617pxG2_4sshm3app5testss_23test_search_query_clear
FN:1112,_RNvNtNtCsbpfP617pxG2_4sshm3app5testss_24test_advance_input_field
FN:1400,_RNvNtNtCsbpfP617pxG2_4sshm3app5testss_25test_app_mode_transitions
FN:1812,_RNvNtNtCsbpfP617pxG2_4sshm3app5testss_25test_input_buffer_default
FN:1422,_RNvNtNtCsbpfP617pxG2_4sshm3app5testss_25test_search_query_default
FN:1581,_RNvNtNtCsbpfP617pxG2_4sshm3app5testss_26test_app_with_empty_config
FN:1944,_RNvNtNtCsbpfP617pxG2_4sshm3app5testss_26test_matcher_empty_pattern
FN:1926,_RNvNtNtCsbpfP617pxG2_4sshm3app5testss_26test_matcher_partial_match
FN:1293,_RNvNtNtCsbpfP617pxG2_4sshm3app5testss_26test_multiple_input_fields
FN:1428,_RNvNtNtCsbpfP617pxG2_4sshm3app5testss_26test_selected_index_bounds
FN:1180,_RNvNtNtCsbpfP617pxG2_4sshm3app5testss_26test_update_filter_by_host
FN:1190,_RNvNtNtCsbpfP617pxG2_4sshm3app5testss_26test_update_filter_by_user
FN:1335,_RNvNtNtCsbpfP617pxG2_4sshm3app5testss_27test_delete_char_from_field
FN:1491,_RNvNtNtCsbpfP617pxG2_4sshm3app5testss_27test_delete_connection_last
FN:1851,_RNvNtNtCsbpfP617pxG2_4sshm3app5testss_27test_search_query_appending
FN:1170,_RNvNtNtCsbpfP617pxG2_4sshm3app5testss_27test_update_filter_by_alias
FN:1210,_RNvNtNtCsbpfP617pxG2_4sshm3app5testss_27test_update_filter_no_match
FN:1480,_RNvNtNtCsbpfP617pxG2_4sshm3app5testss_28test_delete_connection_first
FN:1137,_RNvNtNtCsbpfP617pxG2_4sshm3app5testss_28test_get_current_input_field
FN:1522,_RNvNtNtCsbpfP617pxG2_4sshm3app5testss_28test_input_buffer_all_fields
FN:1880,_RNvNtNtCsbpfP617pxG2_4sshm3app5testss_28test_search_query_assignment
FN:1552,_RNvNtNtCsbpfP617pxG2_4sshm3app5testss_28test_update_filter_all_match
FN:1606,_RNvNtNtCsbpfP617pxG2_4sshm3app5testss_29test_delete_connection_middle
FN:1737,_RNvNtNtCsbpfP617pxG2_4sshm3app5testss_29test_filtered_indices_cloning
FN:1871,_RNvNtNtCsbpfP617pxG2_4sshm3app5testss_29test_filtered_indices_sorting
FN:1439,_RNvNtNtCsbpfP617pxG2_4sshm3app5testss_29test_save_connection_add_mode
FN:1760,_RNvNtNtCsbpfP617pxG2_4sshm3app5testss_29test_search_query_with_spaces
FN:1935,_RNvNtNtCsbpfP617pxG2_4sshm3app5testss_30test_matcher_different_strings
FN:1917,_RNvNtNtCsbpfP617pxG2_4sshm3app5testss_30test_matcher_none_for_no_match
FN:1459,_RNvNtNtCsbpfP617pxG2_4sshm3app5testss_30test_save_connection_edit_mode
FN:1160,_RNvNtNtCsbpfP617pxG2_4sshm3app5testss_30test_update_filter_empty_query
FN:1841,_RNvNtNtCsbpfP617pxG2_4sshm3app5testss_30test_update_filter_exact_match
FN:1953,_RNvNtNtCsbpfP617pxG2_4sshm3app5testss_31test_matcher_whole_string_match
FN:1220,_RNvNtNtCsbpfP617pxG2_4sshm3app5testss_31test_update_filter_bounds_check
FN:1596,_RNvNtNtCsbpfP617pxG2_4sshm3app5testss_31test_update_filter_with_numbers
FN:1908,_RNvNtNtCsbpfP617pxG2_4sshm3app5testss_32test_fuzzy_matcher_returns_score
FN:1200,_RNvNtNtCsbpfP617pxG2_4sshm3app5testss_32test_update_filter_partial_match
FN:1768,_RNvNtNtCsbpfP617pxG2_4sshm3app5testss_32test_update_filter_unicode_chars
FN:1683,_RNvNtNtCsbpfP617pxG2_4sshm3app5testss_33test_append_char_different_fields
FN:1745,_RNvNtNtCsbpfP617pxG2_4sshm3app5testss_33test_config_connections_reference
FN:1702,_RNvNtNtCsbpfP617pxG2_4sshm3app5testss_33test_delete_char_different_fields
FN:1325,_RNvNtNtCsbpfP617pxG2_4sshm3app5testss_33test_delete_char_from_empty_field
FN:1502,_RNvNtNtCsbpfP617pxG2_4sshm3app5testss_33test_delete_connection_empty_list
FN:1012,_RNvNtNtCsbpfP617pxG2_4sshm3app5testss_33test_input_buffer_from_connection
FN:1388,_RNvNtNtCsbpfP617pxG2_4sshm3app5testss_33test_search_query_clear_on_escape
FN:1541,_RNvNtNtCsbpfP617pxG2_4sshm3app5testss_34test_update_filter_preserves_order
FN:1725,_RNvNtNtCsbpfP617pxG2_4sshm3app5testss_35test_delete_connection_after_filter
FN:1832,_RNvNtNtCsbpfP617pxG2_4sshm3app5testss_35test_delete_connection_index_bounds
FN:1799,_RNvNtNtCsbpfP617pxG2_4sshm3app5testss_35test_delete_input_char_folder_field
FN:1416,_RNvNtNtCsbpfP617pxG2_4sshm3app5testss_35test_filtered_indices_initial_state
FN:1617,_RNvNtNtCsbpfP617pxG2_4sshm3app5testss_36test_save_connection_with_all_fields
FN:1258,_RNvNtNtCsbpfP617pxG2_4sshm3app5testss_37test_delete_connection_updates_filter
FN:1786,_RNvNtNtCsbpfP617pxG2_4sshm3app5testss_37test_delete_input_char_key_path_field
FN:1588,_RNvNtNtCsbpfP617pxG2_4sshm3app5testss_37test_update_filter_with_special_chars
FN:1076,_RNvNtNtCsbpfP617pxG2_4sshm3app5testss_39test_append_input_char_port_only_digits
FN:1776,_RNvNtNtCsbpfP617pxG2_4sshm3app5testss_39test_get_current_input_field_all_fields
FN:1357,_RNvNtNtCsbpfP617pxG2_4sshm3app5testss_40test_update_filter_with_case_insensitive
FN:1034,_RNvNtNtCsbpfP617pxG2_4sshm3app5testss_42test_input_buffer_from_connection_defaults
FN:1377,_RNvNtNtCsbpfP617pxG2_4sshm3app5testss_42test_update_filter_resets_index_when_empty
FN:1346,_RNvNtNtCsbpfP617pxG2_4sshm3app5testss_43test_delete_char_advances_to_previous_field
FN:1367,_RNvNtNtCsbpfP617pxG2_4sshm3app5testss_43test_update_filter_with_folder_not_searched
FN:1672,_RNvNtNtCsbpfP617pxG2_4sshm3app5testss_44test_advance_input_field_does_not_exceed_max
FN:1279,_RNvNtNtCsbpfP617pxG2_4sshm3app5testss_45test_filtered_indices_maintained_after_search
FN:1642,_RNvNtNtCsbpfP617pxG2_4sshm3app5testss_49test_save_connection_with_empty_port_uses_default
FN:1662,_RNvNtNtCsbpfP617pxG2_4sshm3app5testss_50test_delete_connection_updates_filter_after_delete
FN:585,_RNCNvMs_NtCsbpfP617pxG2_4sshm3appNtB6_3App13update_filter0B8_
FN:499,_RNCNvMs_NtCsbpfP617pxG2_4sshm3appNtB6_3App15save_connection0B8_
FN:500,_RNCNvMs_NtCsbpfP617pxG2_4sshm3appNtB6_3App15save_connections_0B8_
FN:541,_RNCNvMs_NtCsbpfP617pxG2_4sshm3appNtB6_3App17delete_connection0B8_
FN:542,_RNCNvMs_NtCsbpfP617pxG2_4sshm3appNtB6_3App17delete_connections_0B8_
FN:73,_RNvMNtCsbpfP617pxG2_4sshm3appNtB2_11InputBuffer15from_connection
FN:64,_RNvMNtCsbpfP617pxG2_4sshm3appNtB2_11InputBuffer5clear
FN:576,_RNvMs_NtCsbpfP617pxG2_4sshm3appNtB4_3App13update_filter
FN:492,_RNvMs_NtCsbpfP617pxG2_4sshm3appNtB4_3App15save_connection
FN:432,_RNvMs_NtCsbpfP617pxG2_4sshm3appNtB4_3App17append_input_char
FN:537,_RNvMs_NtCsbpfP617pxG2_4sshm3appNtB4_3App17delete_connection
FN:454,_RNvMs_NtCsbpfP617pxG2_4sshm3appNtB4_3App17delete_input_char
FN:448,_RNvMs_NtCsbpfP617pxG2_4sshm3appNtB4_3App19advance_input_field
FN:480,_RNvMs_NtCsbpfP617pxG2_4sshm3appNtB4_3App23get_current_input_field
FN:86,_RNvMs_NtCsbpfP617pxG2_4sshm3appNtB4_3App3new
FN:686,_RNCNvMs_NtCsb5UYoqwN7Yp_4sshm3appNtB6_3App11render_list0B8_
FN:133,_RNCNvMs_NtCsb5UYoqwN7Yp_4sshm3appNtB6_3App12show_message0B8_
FN:585,_RNCNvMs_NtCsb5UYoqwN7Yp_4sshm3appNtB6_3App13update_filter0B8_
FN:499,_RNCNvMs_NtCsb5UYoqwN7Yp_4sshm3appNtB6_3App15save_connection0B8_
FN:500,_RNCNvMs_NtCsb5UYoqwN7Yp_4sshm3appNtB6_3App15save_connections_0B8_
FN:415,_RNCNvMs_NtCsb5UYoqwN7Yp_4sshm3appNtB6_3App16handle_help_mode0B8_
FN:541,_RNCNvMs_NtCsb5UYoqwN7Yp_4sshm3appNtB6_3App17delete_connection0B8_
FN:542,_RNCNvMs_NtCsb5UYoqwN7Yp_4sshm3appNtB6_3App17delete_connections_0B8_
FN:331,_RNCNvMs_NtCsb5UYoqwN7Yp_4sshm3appNtB6_3App17handle_input_mode0B8_
FN:382,_RNCNvMs_NtCsb5UYoqwN7Yp_4sshm3appNtB6_3App18handle_search_mode0B8_
FN:109,_RNCNvMs_NtCsb5UYoqwN7Yp_4sshm3appNtB6_3App3run0B8_
FN:73,_RNvMNtCsb5UYoqwN7Yp_4sshm3appNtB2_11InputBuffer15from_connection
FN:64,_RNvMNtCsb5UYoqwN7Yp_4sshm3appNtB2_11InputBuffer5clear
FN:880,_RNvMs_NtCsb5UYoqwN7Yp_4sshm3appNtB4_3App11render_help
FN:657,_RNvMs_NtCsb5UYoqwN7Yp_4sshm3appNtB4_3App11render_list
FN:750,_RNvMs_NtCsb5UYoqwN7Yp_4sshm3appNtB4_3App12render_input
FN:183,_RNvMs_NtCsb5UYoqwN7Yp_4sshm3appNtB4_3App12render_popup
FN:131,_RNvMs_NtCsb5UYoqwN7Yp_4sshm3appNtB4_3App12show_message
FN:163,_RNvMs_NtCsb5UYoqwN7Yp_4sshm3appNtB4_3App13centered_rect
FN:729,_RNvMs_NtCsb5UYoqwN7Yp_4sshm3appNtB4_3App13render_footer
FN:629,_RNvMs_NtCsb5UYoqwN7Yp_4sshm3appNtB4_3App13render_header
FN:830,_RNvMs_NtCsb5UYoqwN7Yp_4sshm3appNtB4_3App13render_search
FN:576,_RNvMs_NtCsb5UYoqwN7Yp_4sshm3appNtB4_3App13update_filter
FN:492,_RNvMs_NtCsb5UYoqwN7Yp_4sshm3appNtB4_3App15save_connection
FN:413,_RNvMs_NtCsb5UYoqwN7Yp_4sshm3appNtB4_3App16handle_help_mode
FN:432,_RNvMs_NtCsb5UYoqwN7Yp_4sshm3appNtB4_3App17append_input_char
FN:537,_RNvMs_NtCsb5UYoqwN7Yp_4sshm3appNtB4_3App17delete_connection
FN:454,_RNvMs_NtCsb5UYoqwN7Yp_4sshm3appNtB4_3App17delete_input_char
FN:329,_RNvMs_NtCsb5UYoqwN7Yp_4sshm3appNtB4_3App17handle_input_mode
FN:849,_RNvMs_NtCsb5UYoqwN7Yp_4sshm3appNtB4_3App17render_search_bar
FN:197,_RNvMs_NtCsb5UYoqwN7Yp_4sshm3appNtB4_3App18handle_normal_mode
FN:380,_RNvMs_NtCsb5UYoqwN7Yp_4sshm3appNtB4_3App18handle_search_mode
FN:558,_RNvMs_NtCsb5UYoqwN7Yp_4sshm3appNtB4_3App18import_connections
FN:448,_RNvMs_NtCsb5UYoqwN7Yp_4sshm3appNtB4_3App19advance_input_field
FN:480,_RNvMs_NtCsb5UYoqwN7Yp_4sshm3appNtB4_3App23get_current_input_field
FN:86,_RNvMs_NtCsb5UYoqwN7Yp_4sshm3appNtB4_3App3new
FN:105,_RNvMs_NtCsb5UYoqwN7Yp_4sshm3appNtB4_3App3run
FN:604,_RNvMs_NtCsb5UYoqwN7Yp_4sshm3appNtB4_3App6render
FN:568,_RNvMs_NtCsb5UYoqwN7Yp_4sshm3appNtB4_3App7connect
FNDA:1,_RNvMNtCs6VWHXxI2gH3_4sshm3appNtB2_11InputBuffer15from_connection
FNDA:0,_RNvMNtCs6VWHXxI2gH3_4sshm3appNtB2_11InputBuffer5clear
FNDA:1,_RNvMs_NtCs6VWHXxI2gH3_4sshm3appNtB4_3App11render_help
FNDA:13,_RNvMs_NtCs6VWHXxI2gH3_4sshm3appNtB4_3App11render_list
FNDA:3,_RNvMs_NtCs6VWHXxI2gH3_4sshm3appNtB4_3App12render_input
FNDA:1,_RNvMs_NtCs6VWHXxI2gH3_4sshm3appNtB4_3App12render_popup
FNDA:0,_RNvMs_NtCs6VWHXxI2gH3_4sshm3appNtB4_3App12show_message
FNDA:5,_RNvMs_NtCs6VWHXxI2gH3_4sshm3appNtB4_3App13centered_rect
FNDA:13,_RNvMs_NtCs6VWHXxI2gH3_4sshm3appNtB4_3App13render_footer
FNDA:13,_RNvMs_NtCs6VWHXxI2gH3_4sshm3appNtB4_3App13render_header
FNDA:0,_RNvMs_NtCs6VWHXxI2gH3_4sshm3appNtB4_3App13render_search
FNDA:2,_RNvMs_NtCs6VWHXxI2gH3_4sshm3appNtB4_3App13update_filter
FNDA:0,_RNvMs_NtCs6VWHXxI2gH3_4sshm3appNtB4_3App15save_connection
FNDA:0,_RNvMs_NtCs6VWHXxI2gH3_4sshm3appNtB4_3App16handle_help_mode
FNDA:0,_RNvMs_NtCs6VWHXxI2gH3_4sshm3appNtB4_3App17append_input_char
FNDA:0,_RNvMs_NtCs6VWHXxI2gH3_4sshm3appNtB4_3App17delete_connection
FNDA:0,_RNvMs_NtCs6VWHXxI2gH3_4sshm3appNtB4_3App17delete_input_char
FNDA:0,_RNvMs_NtCs6VWHXxI2gH3_4sshm3appNtB4_3App17handle_input_mode
FNDA:13,_RNvMs_NtCs6VWHXxI2gH3_4sshm3appNtB4_3App17render_search_bar
FNDA:0,_RNvMs_NtCs6VWHXxI2gH3_4sshm3appNtB4_3App18handle_normal_mode
FNDA:0,_RNvMs_NtCs6VWHXxI2gH3_4sshm3appNtB4_3App18handle_search_mode
FNDA:0,_RNvMs_NtCs6VWHXxI2gH3_4sshm3appNtB4_3App18import_connections
FNDA:0,_RNvMs_NtCs6VWHXxI2gH3_4sshm3appNtB4_3App19advance_input_field
FNDA:3,_RNvMs_NtCs6VWHXxI2gH3_4sshm3appNtB4_3App23get_current_input_field
FNDA:0,_RNvMs_NtCs6VWHXxI2gH3_4sshm3appNtB4_3App3new
FNDA:0,_RNvMs_NtCs6VWHXxI2gH3_4sshm3appNtB4_3App3run
FNDA:14,_RNvMs_NtCs6VWHXxI2gH3_4sshm3appNtB4_3App6render
FNDA:0,_RNvMs_NtCs6VWHXxI2gH3_4sshm3appNtB4_3App7connect
FNDA:29,_RNCNvMs_NtCs6VWHXxI2gH3_4sshm3appNtB6_3App11render_list0B8_
FNDA:0,_RNCNvMs_NtCs6VWHXxI2gH3_4sshm3appNtB6_3App12show_message0B8_
FNDA:6,_RNCNvMs_NtCs6VWHXxI2gH3_4sshm3appNtB6_3App13update_filter0B8_
FNDA:0,_RNCNvMs_NtCs6VWHXxI2gH3_4sshm3appNtB6_3App15save_connection0B8_
FNDA:0,_RNCNvMs_NtCs6VWHXxI2gH3_4sshm3appNtB6_3App15save_connections_0B8_
FNDA:0,_RNCNvMs_NtCs6VWHXxI2gH3_4sshm3appNtB6_3App16handle_help_mode0B8_
FNDA:0,_RNCNvMs_NtCs6VWHXxI2gH3_4sshm3appNtB6_3App17delete_connection0B8_
FNDA:0,_RNCNvMs_NtCs6VWHXxI2gH3_4sshm3appNtB6_3App17delete_connections_0B8_
FNDA:0,_RNCNvMs_NtCs6VWHXxI2gH3_4sshm3appNtB6_3App17handle_input_mode0B8_
FNDA:0,_RNCNvMs_NtCs6VWHXxI2gH3_4sshm3appNtB6_3App18handle_search_mode0B8_
FNDA:0,_RNCNvMs_NtCs6VWHXxI2gH3_4sshm3appNtB6_3App3run0B8_
FNDA:2,_RNvMNtCs42n7i89Q0HM_4sshm3appNtB2_11InputBuffer15from_connection
FNDA:9,_RNvMNtCs42n7i89Q0HM_4sshm3appNtB2_11InputBuffer5clear
FNDA:35,_RNvMs_NtCs42n7i89Q0HM_4sshm3appNtB4_3App13update_filter
FNDA:5,_RNvMs_NtCs42n7i89Q0HM_4sshm3appNtB4_3App15save_connection
FNDA:21,_RNvMs_NtCs42n7i89Q0HM_4sshm3appNtB4_3App17append_input_char
FNDA:9,_RNvMs_NtCs42n7i89Q0HM_4sshm3appNtB4_3App17delete_connection
FNDA:10,_RNvMs_NtCs42n7i89Q0HM_4sshm3appNtB4_3App17delete_input_char
FNDA:37,_RNvMs_NtCs42n7i89Q0HM_4sshm3appNtB4_3App19advance_input_field
FNDA:12,_RNvMs_NtCs42n7i89Q0HM_4sshm3appNtB4_3App23get_current_input_field
FNDA:3,_RNvMs_NtCs42n7i89Q0HM_4sshm3appNtB4_3App3new
FNDA:0,_RNCNvMs_NtCs42n7i89Q0HM_4sshm3appNtB6_3App11render_list0B8_
FNDA:0,_RNCNvMs_NtCs42n7i89Q0HM_4sshm3appNtB6_3App12show_message0B8_
FNDA:0,_RNCNvMs_NtCs42n7i89Q0HM_4sshm3appNtB6_3App16handle_help_mode0B8_
FNDA:0,_RNCNvMs_NtCs42n7i89Q0HM_4sshm3appNtB6_3App17handle_input_mode0B8_
FNDA:0,_RNCNvMs_NtCs42n7i89Q0HM_4sshm3appNtB6_3App18handle_search_mode0B8_
FNDA:0,_RNCNvMs_NtCs42n7i89Q0HM_4sshm3appNtB6_3App3run0B8_
FNDA:0,_RNvMs_NtCs42n7i89Q0HM_4sshm3appNtB4_3App11render_help
FNDA:0,_RNvMs_NtCs42n7i89Q0HM_4sshm3appNtB4_3App11render_list
FNDA:0,_RNvMs_NtCs42n7i89Q0HM_4sshm3appNtB4_3App12render_input
FNDA:0,_RNvMs_NtCs42n7i89Q0HM_4sshm3appNtB4_3App12render_popup
FNDA:0,_RNvMs_NtCs42n7i89Q0HM_4sshm3appNtB4_3App12show_message
FNDA:0,_RNvMs_NtCs42n7i89Q0HM_4sshm3appNtB4_3App13centered_rect
FNDA:0,_RNvMs_NtCs42n7i89Q0HM_4sshm3appNtB4_3App13render_footer
FNDA:0,_RNvMs_NtCs42n7i89Q0HM_4sshm3appNtB4_3App13render_header
FNDA:0,_RNvMs_NtCs42n7i89Q0HM_4sshm3appNtB4_3App13render_search
FNDA:0,_RNvMs_NtCs42n7i89Q0HM_4sshm3appNtB4_3App16handle_help_mode
FNDA:0,_RNvMs_NtCs42n7i89Q0HM_4sshm3appNtB4_3App17handle_input_mode
FNDA:0,_RNvMs_NtCs42n7i89Q0HM_4sshm3appNtB4_3App17render_search_bar
FNDA:0,_RNvMs_NtCs42n7i89Q0HM_4sshm3appNtB4_3App18handle_normal_mode
FNDA:0,_RNvMs_NtCs42n7i89Q0HM_4sshm3appNtB4_3App18handle_search_mode
FNDA:0,_RNvMs_NtCs42n7i89Q0HM_4sshm3appNtB4_3App18import_connections
FNDA:0,_RNvMs_NtCs42n7i89Q0HM_4sshm3appNtB4_3App3run
FNDA:0,_RNvMs_NtCs42n7i89Q0HM_4sshm3appNtB4_3App6render
FNDA:0,_RNvMs_NtCs42n7i89Q0HM_4sshm3appNtB4_3App7connect
FNDA:67,_RNCNvMs_NtCs42n7i89Q0HM_4sshm3appNtB6_3App13update_filter0B8_
FNDA:1,_RNCNvMs_NtCs42n7i89Q0HM_4sshm3appNtB6_3App15save_connection0B8_
FNDA:1,_RNCNvMs_NtCs42n7i89Q0HM_4sshm3appNtB6_3App15save_connections_0B8_
FNDA:7,_RNCNvMs_NtCs42n7i89Q0HM_4sshm3appNtB6_3App17delete_connection0B8_
FNDA:7,_RNCNvMs_NtCs42n7i89Q0HM_4sshm3appNtB6_3App17delete_connections_0B8_
FNDA:61,_RNvNtNtCs42n7i89Q0HM_4sshm3app5tests15create_test_app
FNDA:1,_RNvNtNtCs42n7i89Q0HM_4sshm3app5testss_12test_app_new
FNDA:1,_RNvNtNtCs42n7i89Q0HM_4sshm3app5testss_19test_add_connection
FNDA:1,_RNvNtNtCs42n7i89Q0HM_4sshm3app5testss_21test_app_mode_is_copy
FNDA:1,_RNvNtNtCs42n7i89Q0HM_4sshm3app5testss_21test_matcher_creation
FNDA:1,_RNvNtNtCs42n7i89Q0HM_4sshm3app5testss_21test_message_handling
FNDA:1,_RNvNtNtCs42n7i89Q0HM_4sshm3app5testss_21test_search_query_pop
FNDA:1,_RNvNtNtCs42n7i89Q0HM_4sshm3app5testss_22test_app_mode_variants
FNDA:1,_RNvNtNtCs42n7i89Q0HM_4sshm3app5testss_22test_append_input_char
FNDA:1,_RNvNtNtCs42n7i89Q0HM_4sshm3app5testss_22test_delete_connection
FNDA:1,_RNvNtNtCs42n7i89Q0HM_4sshm3app5testss_22test_delete_input_char
FNDA:1,_RNvNtNtCs42n7i89Q0HM_4sshm3app5testss_23test_app_initialization
FNDA:1,_RNvNtNtCs42n7i89Q0HM_4sshm3app5testss_23test_input_buffer_clear
FNDA:1,_RNvNtNtCs42n7i89Q0HM_4sshm3app5testss_23test_input_buffer_clone
FNDA:1,_RNvNtNtCs42n7i89Q0HM_4sshm3app5testss_23test_input_field_bounds
FNDA:1,_RNvNtNtCs42n7i89Q0HM_4sshm3app5testss_23test_search_query_clear
FNDA:1,_RNvNtNtCs42n7i89Q0HM_4sshm3app5testss_24test_advance_input_field
FNDA:1,_RNvNtNtCs42n7i89Q0HM_4sshm3app5testss_25test_app_mode_transitions
FNDA:1,_RNvNtNtCs42n7i89Q0HM_4sshm3app5testss_25test_input_buffer_default
FNDA:1,_RNvNtNtCs42n7i89Q0HM_4sshm3app5testss_25test_search_query_default
FNDA:1,_RNvNtNtCs42n7i89Q0HM_4sshm3app5testss_26test_app_with_empty_config
FNDA:1,_RNvNtNtCs42n7i89Q0HM_4sshm3app5testss_26test_matcher_empty_pattern
FNDA:1,_RNvNtNtCs42n7i89Q0HM_4sshm3app5testss_26test_matcher_partial_match
FNDA:1,_RNvNtNtCs42n7i89Q0HM_4sshm3app5testss_26test_multiple_input_fields
FNDA:1,_RNvNtNtCs42n7i89Q0HM_4sshm3app5testss_26test_selected_index_bounds
FNDA:1,_RNvNtNtCs42n7i89Q0HM_4sshm3app5testss_26test_update_filter_by_host
FNDA:1,_RNvNtNtCs42n7i89Q0HM_4sshm3app5testss_26test_update_filter_by_user
FNDA:1,_RNvNtNtCs42n7i89Q0HM_4sshm3app5testss_27test_delete_char_from_field
FNDA:1,_RNvNtNtCs42n7i89Q0HM_4sshm3app5testss_27test_delete_connection_last
FNDA:1,_RNvNtNtCs42n7i89Q0HM_4sshm3app5testss_27test_search_query_appending
FNDA:1,_RNvNtNtCs42n7i89Q0HM_4sshm3app5testss_27test_update_filter_by_alias
FNDA:1,_RNvNtNtCs42n7i89Q0HM_4sshm3app5testss_27test_update_filter_no_match
FNDA:1,_RNvNtNtCs42n7i89Q0HM_4sshm3app5testss_28test_delete_connection_first
FNDA:1,_RNvNtNtCs42n7i89Q0HM_4sshm3app5testss_28test_get_current_input_field
FNDA:1,_RNvNtNtCs42n7i89Q0HM_4sshm3app5testss_28test_input_buffer_all_fields
FNDA:1,_RNvNtNtCs42n7i89Q0HM_4sshm3app5testss_28test_search_query_assignment
FNDA:1,_RNvNtNtCs42n7i89Q0HM_4sshm3app5testss_28test_update_filter_all_match
FNDA:1,_RNvNtNtCs42n7i89Q0HM_4sshm3app5testss_29test_delete_connection_middle
FNDA:1,_RNvNtNtCs42n7i89Q0HM_4sshm3app5testss_29test_filtered_indices_cloning
FNDA:1,_RNvNtNtCs42n7i89Q0HM_4sshm3app5testss_29test_filtered_indices_sorting
FNDA:1,_RNvNtNtCs42n7i89Q0HM_4sshm3app5testss_29test_save_connection_add_mode
FNDA:1,_RNvNtNtCs42n7i89Q0HM_4sshm3app5testss_29test_search_query_with_spaces
FNDA:1,_RNvNtNtCs42n7i89Q0HM_4sshm3app5testss_30test_matcher_different_strings
FNDA:1,_RNvNtNtCs42n7i89Q0HM_4sshm3app5testss_30test_matcher_none_for_no_match
FNDA:1,_RNvNtNtCs42n7i89Q0HM_4sshm3app5testss_30test_save_connection_edit_mode
FNDA:1,_RNvNtNtCs42n7i89Q0HM_4sshm3app5testss_30test_update_filter_empty_query
FNDA:1,_RNvNtNtCs42n7i89Q0HM_4sshm3app5testss_30test_update_filter_exact_match
FNDA:1,_RNvNtNtCs42n7i89Q0HM_4sshm3app5testss_31test_matcher_whole_string_match
FNDA:1,_RNvNtNtCs42n7i89Q0HM_4sshm3app5testss_31test_update_filter_bounds_check
FNDA:1,_RNvNtNtCs42n7i89Q0HM_4sshm3app5testss_31test_update_filter_with_numbers
FNDA:1,_RNvNtNtCs42n7i89Q0HM_4sshm3app5testss_32test_fuzzy_matcher_returns_score
FNDA:1,_RNvNtNtCs42n7i89Q0HM_4sshm3app5testss_32test_update_filter_partial_match
FNDA:1,_RNvNtNtCs42n7i89Q0HM_4sshm3app5testss_32test_update_filter_unicode_chars
FNDA:1,_RNvNtNtCs42n7i89Q0HM_4sshm3app5testss_33test_append_char_different_fields
FNDA:1,_RNvNtNtCs42n7i89Q0HM_4sshm3app5testss_33test_config_connections_reference
FNDA:1,_RNvNtNtCs42n7i89Q0HM_4sshm3app5testss_33test_delete_char_different_fields
FNDA:1,_RNvNtNtCs42n7i89Q0HM_4sshm3app5testss_33test_delete_char_from_empty_field
FNDA:1,_RNvNtNtCs42n7i89Q0HM_4sshm3app5testss_33test_delete_connection_empty_list
FNDA:1,_RNvNtNtCs42n7i89Q0HM_4sshm3app5testss_33test_input_buffer_from_connection
FNDA:1,_RNvNtNtCs42n7i89Q0HM_4sshm3app5testss_33test_search_query_clear_on_escape
FNDA:1,_RNvNtNtCs42n7i89Q0HM_4sshm3app5testss_34test_update_filter_preserves_order
FNDA:1,_RNvNtNtCs42n7i89Q0HM_4sshm3app5testss_35test_delete_connection_after_filter
FNDA:1,_RNvNtNtCs42n7i89Q0HM_4sshm3app5testss_35test_delete_connection_index_bounds
FNDA:1,_RNvNtNtCs42n7i89Q0HM_4sshm3app5testss_35test_delete_input_char_folder_field
FNDA:1,_RNvNtNtCs42n7i89Q0HM_4sshm3app5testss_35test_filtered_indices_initial_state
FNDA:1,_RNvNtNtCs42n7i89Q0HM_4sshm3app5testss_36test_save_connection_with_all_fields
FNDA:1,_RNvNtNtCs42n7i89Q0HM_4sshm3app5testss_37test_delete_connection_updates_filter
FNDA:1,_RNvNtNtCs42n7i89Q0HM_4sshm3app5testss_37test_delete_input_char_key_path_field
FNDA:1,_RNvNtNtCs42n7i89Q0HM_4sshm3app5testss_37test_update_filter_with_special_chars
FNDA:1,_RNvNtNtCs42n7i89Q0HM_4sshm3app5testss_39test_append_input_char_port_only_digits
FNDA:1,_RNvNtNtCs42n7i89Q0HM_4sshm3app5testss_39test_get_current_input_field_all_fields
FNDA:1,_RNvNtNtCs42n7i89Q0HM_4sshm3app5testss_40test_update_filter_with_case_insensitive
FNDA:1,_RNvNtNtCs42n7i89Q0HM_4sshm3app5testss_42test_input_buffer_from_connection_defaults
FNDA:1,_RNvNtNtCs42n7i89Q0HM_4sshm3app5testss_42test_update_filter_resets_index_when_empty
FNDA:1,_RNvNtNtCs42n7i89Q0HM_4sshm3app5testss_43test_delete_char_advances_to_previous_field
FNDA:1,_RNvNtNtCs42n7i89Q0HM_4sshm3app5testss_43test_update_filter_with_folder_not_searched
FNDA:1,_RNvNtNtCs42n7i89Q0HM_4sshm3app5testss_44test_advance_input_field_does_not_exceed_max
FNDA:1,_RNvNtNtCs42n7i89Q0HM_4sshm3app5testss_45test_filtered_indices_maintained_after_search
FNDA:1,_RNvNtNtCs42n7i89Q0HM_4sshm3app5testss_49test_save_connection_with_empty_port_uses_default
FNDA:1,_RNvNtNtCs42n7i89Q0HM_4sshm3app5testss_50test_delete_connection_updates_filter_after_delete
FNDA:0,_RNCNvMs_NtCsbpfP617pxG2_4sshm3appNtB6_3App11render_list0B8_
FNDA:0,_RNCNvMs_NtCsbpfP617pxG2_4sshm3appNtB6_3App12show_message0B8_
FNDA:0,_RNCNvMs_NtCsbpfP617pxG2_4sshm3appNtB6_3App16handle_help_mode0B8_
FNDA:0,_RNCNvMs_NtCsbpfP617pxG2_4sshm3appNtB6_3App17handle_input_mode0B8_
FNDA:0,_RNCNvMs_NtCsbpfP617pxG2_4sshm3appNtB6_3App18handle_search_mode0B8_
FNDA:0,_RNCNvMs_NtCsbpfP617pxG2_4sshm3appNtB6_3App3run0B8_
FNDA:0,_RNvMs_NtCsbpfP617pxG2_4sshm3appNtB4_3App11render_help
FNDA:0,_RNvMs_NtCsbpfP617pxG2_4sshm3appNtB4_3App11render_list
FNDA:0,_RNvMs_NtCsbpfP617pxG2_4sshm3appNtB4_3App12render_input
FNDA:0,_RNvMs_NtCsbpfP617pxG2_4sshm3appNtB4_3App12render_popup
FNDA:0,_RNvMs_NtCsbpfP617pxG2_4sshm3appNtB4_3App12show_message
FNDA:0,_RNvMs_NtCsbpfP617pxG2_4sshm3appNtB4_3App13centered_rect
FNDA:0,_RNvMs_NtCsbpfP617pxG2_4sshm3appNtB4_3App13render_footer
FNDA:0,_RNvMs_NtCsbpfP617pxG2_4sshm3appNtB4_3App13render_header
FNDA:0,_RNvMs_NtCsbpfP617pxG2_4sshm3appNtB4_3App13render_search
FNDA:0,_RNvMs_NtCsbpfP617pxG2_4sshm3appNtB4_3App16handle_help_mode
FNDA:0,_RNvMs_NtCsbpfP617pxG2_4sshm3appNtB4_3App17handle_input_mode
FNDA:0,_RNvMs_NtCsbpfP617pxG2_4sshm3appNtB4_3App17render_search_bar
FNDA:0,_RNvMs_NtCsbpfP617pxG2_4sshm3appNtB4_3App18handle_normal_mode
FNDA:0,_RNvMs_NtCsbpfP617pxG2_4sshm3appNtB4_3App18handle_search_mode
FNDA:0,_RNvMs_NtCsbpfP617pxG2_4sshm3appNtB4_3App18import_connections
FNDA:0,_RNvMs_NtCsbpfP617pxG2_4sshm3appNtB4_3App3run
FNDA:0,_RNvMs_NtCsbpfP617pxG2_4sshm3appNtB4_3App6render
FNDA:0,_RNvMs_NtCsbpfP617pxG2_4sshm3appNtB4_3App7connect
FNDA:61,_RNvNtNtCsbpfP617pxG2_4sshm3app5tests15create_test_app
FNDA:1,_RNvNtNtCsbpfP617pxG2_4sshm3app5testss_12test_app_new
FNDA:1,_RNvNtNtCsbpfP617pxG2_4sshm3app5testss_19test_add_connection
FNDA:1,_RNvNtNtCsbpfP617pxG2_4sshm3app5testss_21test_app_mode_is_copy
FNDA:1,_RNvNtNtCsbpfP617pxG2_4sshm3app5testss_21test_matcher_creation
FNDA:1,_RNvNtNtCsbpfP617pxG2_4sshm3app5testss_21test_message_handling
FNDA:1,_RNvNtNtCsbpfP617pxG2_4sshm3app5testss_21test_search_query_pop
FNDA:1,_RNvNtNtCsbpfP617pxG2_4sshm3app5testss_22test_app_mode_variants
FNDA:1,_RNvNtNtCsbpfP617pxG2_4sshm3app5testss_22test_append_input_char
FNDA:1,_RNvNtNtCsbpfP617pxG2_4sshm3app5testss_22test_delete_connection
FNDA:1,_RNvNtNtCsbpfP617pxG2_4sshm3app5testss_22test_delete_input_char
FNDA:1,_RNvNtNtCsbpfP617pxG2_4sshm3app5testss_23test_app_initialization
FNDA:1,_RNvNtNtCsbpfP617pxG2_4sshm3app5testss_23test_input_buffer_clear
FNDA:1,_RNvNtNtCsbpfP617pxG2_4sshm3app5testss_23test_input_buffer_clone
FNDA:1,_RNvNtNtCsbpfP617pxG2_4sshm3app5testss_23test_input_field_bounds
FNDA:1,_RNvNtNtCsbpfP617pxG2_4sshm3app5testss_23test_search_query_clear
FNDA:1,_RNvNtNtCsbpfP617pxG2_4sshm3app5testss_24test_advance_input_field
FNDA:1,_RNvNtNtCsbpfP617pxG2_4sshm3app5testss_25test_app_mode_transitions
FNDA:1,_RNvNtNtCsbpfP617pxG2_4sshm3app5testss_25test_input_buffer_default
FNDA:1,_RNvNtNtCsbpfP617pxG2_4sshm3app5testss_25test_search_query_default
FNDA:1,_RNvNtNtCsbpfP617pxG2_4sshm3app5testss_26test_app_with_empty_config
FNDA:1,_RNvNtNtCsbpfP617pxG2_4sshm3app5testss_26test_matcher_empty_pattern
FNDA:1,_RNvNtNtCsbpfP617pxG2_4sshm3app5testss_26test_matcher_partial_match
FNDA:1,_RNvNtNtCsbpfP617pxG2_4sshm3app5testss_26test_multiple_input_fields
FNDA:1,_RNvNtNtCsbpfP617pxG2_4sshm3app5testss_26test_selected_index_bounds
FNDA:1,_RNvNtNtCsbpfP617pxG2_4sshm3app5testss_26test_update_filter_by_host
FNDA:1,_RNvNtNtCsbpfP617pxG2_4sshm3app5testss_26test_update_filter_by_user
FNDA:1,_RNvNtNtCsbpfP617pxG2_4sshm3app5testss_27test_delete_char_from_field
FNDA:1,_RNvNtNtCsbpfP617pxG2_4sshm3app5testss_27test_delete_connection_last
FNDA:1,_RNvNtNtCsbpfP617pxG2_4sshm3app5testss_27test_search_query_appending
FNDA:1,_RNvNtNtCsbpfP617pxG2_4sshm3app5testss_27test_update_filter_by_alias
FNDA:1,_RNvNtNtCsbpfP617pxG2_4sshm3app5testss_27test_update_filter_no_match
FNDA:1,_RNvNtNtCsbpfP617pxG2_4sshm3app5testss_28test_delete_connection_first
FNDA:1,_RNvNtNtCsbpfP617pxG2_4sshm3app5testss_28test_get_current_input_field
FNDA:1,_RNvNtNtCsbpfP617pxG2_4sshm3app5testss_28test_input_buffer_all_fields
FNDA:1,_RNvNtNtCsbpfP617pxG2_4sshm3app5testss_28test_search_query_assignment
FNDA:1,_RNvNtNtCsbpfP617pxG2_4sshm3app5testss_28test_update_filter_all_match
FNDA:1,_RNvNtNtCsbpfP617pxG2_4sshm3app5testss_29test_delete_connection_middle
FNDA:1,_RNvNtNtCsbpfP617pxG2_4sshm3app5testss_29test_filtered_indices_cloning
FNDA:1,_RNvNtNtCsbpfP617pxG2_4sshm3app5testss_29test_filtered_indices_sorting
FNDA:1,_RNvNtNtCsbpfP617pxG2_4sshm3app5testss_29test_save_connection_add_mode
FNDA:1,_RNvNtNtCsbpfP617pxG2_4sshm3app5testss_29test_search_query_with_spaces
FNDA:1,_RNvNtNtCsbpfP617pxG2_4sshm3app5testss_30test_matcher_different_strings
FNDA:1,_RNvNtNtCsbpfP617pxG2_4sshm3app5testss_30test_matcher_none_for_no_match
FNDA:1,_RNvNtNtCsbpfP617pxG2_4sshm3app5testss_30test_save_connection_edit_mode
FNDA:1,_RNvNtNtCsbpfP617pxG2_4sshm3app5testss_30test_update_filter_empty_query
FNDA:1,_RNvNtNtCsbpfP617pxG2_4sshm3app5testss_30test_update_filter_exact_match
FNDA:1,_RNvNtNtCsbpfP617pxG2_4sshm3app5testss_31test_matcher_whole_string_match
FNDA:1,_RNvNtNtCsbpfP617pxG2_4sshm3app5testss_31test_update_filter_bounds_check
FNDA:1,_RNvNtNtCsbpfP617pxG2_4sshm3app5testss_31test_update_filter_with_numbers
FNDA:1,_RNvNtNtCsbpfP617pxG2_4sshm3app5testss_32test_fuzzy_matcher_returns_score
FNDA:1,_RNvNtNtCsbpfP617pxG2_4sshm3app5testss_32test_update_filter_partial_match
FNDA:1,_RNvNtNtCsbpfP617pxG2_4sshm3app5testss_32test_update_filter_unicode_chars
FNDA:1,_RNvNtNtCsbpfP617pxG2_4sshm3app5testss_33test_append_char_different_fields
FNDA:1,_RNvNtNtCsbpfP617pxG2_4sshm3app5testss_33test_config_connections_reference
FNDA:1,_RNvNtNtCsbpfP617pxG2_4sshm3app5testss_33test_delete_char_different_fields
FNDA:1,_RNvNtNtCsbpfP617pxG2_4sshm3app5testss_33test_delete_char_from_empty_field
FNDA:1,_RNvNtNtCsbpfP617pxG2_4sshm3app5testss_33test_delete_connection_empty_list
FNDA:1,_RNvNtNtCsbpfP617pxG2_4sshm3app5testss_33test_input_buffer_from_connection
FNDA:1,_RNvNtNtCsbpfP617pxG2_4sshm3app5testss_33test_search_query_clear_on_escape
FNDA:1,_RNvNtNtCsbpfP617pxG2_4sshm3app5testss_34test_update_filter_preserves_order
FNDA:1,_RNvNtNtCsbpfP617pxG2_4sshm3app5testss_35test_delete_connection_after_filter
FNDA:1,_RNvNtNtCsbpfP617pxG2_4sshm3app5testss_35test_delete_connection_index_bounds
FNDA:1,_RNvNtNtCsbpfP617pxG2_4sshm3app5testss_35test_delete_input_char_folder_field
FNDA:1,_RNvNtNtCsbpfP617pxG2_4sshm3app5testss_35test_filtered_indices_initial_state
FNDA:1,_RNvNtNtCsbpfP617pxG2_4sshm3app5testss_36test_save_connection_with_all_fields
FNDA:1,_RNvNtNtCsbpfP617pxG2_4sshm3app5testss_37test_delete_connection_updates_filter
FNDA:1,_RNvNtNtCsbpfP617pxG2_4sshm3app5testss_37test_delete_input_char_key_path_field
FNDA:1,_RNvNtNtCsbpfP617pxG2_4sshm3app5testss_37test_update_filter_with_special_chars
FNDA:1,_RNvNtNtCsbpfP617pxG2_4sshm3app5testss_39test_append_input_char_port_only_digits
FNDA:1,_RNvNtNtCsbpfP617pxG2_4sshm3app5testss_39test_get_current_input_field_all_fields
FNDA:1,_RNvNtNtCsbpfP617pxG2_4sshm3app5testss_40test_update_filter_with_case_insensitive
FNDA:1,_RNvNtNtCsbpfP617pxG2_4sshm3app5testss_42test_input_buffer_from_connection_defaults
FNDA:1,_RNvNtNtCsbpfP617pxG2_4sshm3app5testss_42test_update_filter_resets_index_when_empty
FNDA:1,_RNvNtNtCsbpfP617pxG2_4sshm3app5testss_43test_delete_char_advances_to_previous_field
FNDA:1,_RNvNtNtCsbpfP617pxG2_4sshm3app5testss_43test_update_filter_with_folder_not_searched
FNDA:1,_RNvNtNtCsbpfP617pxG2_4sshm3app5testss_44test_advance_input_field_does_not_exceed_max
FNDA:1,_RNvNtNtCsbpfP617pxG2_4sshm3app5testss_45test_filtered_indices_maintained_after_search
FNDA:1,_RNvNtNtCsbpfP617pxG2_4sshm3app5testss_49test_save_connection_with_empty_port_uses_default
FNDA:1,_RNvNtNtCsbpfP617pxG2_4sshm3app5testss_50test_delete_connection_updates_filter_after_delete
FNDA:67,_RNCNvMs_NtCsbpfP617pxG2_4sshm3appNtB6_3App13update_filter0B8_
FNDA:1,_RNCNvMs_NtCsbpfP617pxG2_4sshm3appNtB6_3App15save_connection0B8_
FNDA:1,_RNCNvMs_NtCsbpfP617pxG2_4sshm3appNtB6_3App15save_connections_0B8_
FNDA:7,_RNCNvMs_NtCsbpfP617pxG2_4sshm3appNtB6_3App17delete_connection0B8_
FNDA:7,_RNCNvMs_NtCsbpfP617pxG2_4sshm3appNtB6_3App17delete_connections_0B8_
FNDA:2,_RNvMNtCsbpfP617pxG2_4sshm3appNtB2_11InputBuffer15from_connection
FNDA:9,_RNvMNtCsbpfP617pxG2_4sshm3appNtB2_11InputBuffer5clear
FNDA:35,_RNvMs_NtCsbpfP617pxG2_4sshm3appNtB4_3App13update_filter
FNDA:5,_RNvMs_NtCsbpfP617pxG2_4sshm3appNtB4_3App15save_connection
FNDA:21,_RNvMs_NtCsbpfP617pxG2_4sshm3appNtB4_3App17append_input_char
FNDA:9,_RNvMs_NtCsbpfP617pxG2_4sshm3appNtB4_3App17delete_connection
FNDA:10,_RNvMs_NtCsbpfP617pxG2_4sshm3appNtB4_3App17delete_input_char
FNDA:37,_RNvMs_NtCsbpfP617pxG2_4sshm3appNtB4_3App19advance_input_field
FNDA:12,_RNvMs_NtCsbpfP617pxG2_4sshm3appNtB4_3App23get_current_input_field
FNDA:3,_RNvMs_NtCsbpfP617pxG2_4sshm3appNtB4_3App3new
FNDA:0,_RNCNvMs_NtCsb5UYoqwN7Yp_4sshm3appNtB6_3App11render_list0B8_
FNDA:0,_RNCNvMs_NtCsb5UYoqwN7Yp_4sshm3appNtB6_3App12show_message0B8_
FNDA:0,_RNCNvMs_NtCsb5UYoqwN7Yp_4sshm3appNtB6_3App13update_filter0B8_
FNDA:0,_RNCNvMs_NtCsb5UYoqwN7Yp_4sshm3appNtB6_3App15save_connection0B8_
FNDA:0,_RNCNvMs_NtCsb5UYoqwN7Yp_4sshm3appNtB6_3App15save_connections_0B8_
FNDA:0,_RNCNvMs_NtCsb5UYoqwN7Yp_4sshm3appNtB6_3App16handle_help_mode0B8_
FNDA:0,_RNCNvMs_NtCsb5UYoqwN7Yp_4sshm3appNtB6_3App17delete_connection0B8_
FNDA:0,_RNCNvMs_NtCsb5UYoqwN7Yp_4sshm3appNtB6_3App17delete_connections_0B8_
FNDA:0,_RNCNvMs_NtCsb5UYoqwN7Yp_4sshm3appNtB6_3App17handle_input_mode0B8_
FNDA:0,_RNCNvMs_NtCsb5UYoqwN7Yp_4sshm3appNtB6_3App18handle_search_mode0B8_
FNDA:0,_RNCNvMs_NtCsb5UYoqwN7Yp_4sshm3appNtB6_3App3run0B8_
FNDA:0,_RNvMNtCsb5UYoqwN7Yp_4sshm3appNtB2_11InputBuffer15from_connection
FNDA:0,_RNvMNtCsb5UYoqwN7Yp_4sshm3appNtB2_11InputBuffer5clear
FNDA:0,_RNvMs_NtCsb5UYoqwN7Yp_4sshm3appNtB4_3App11render_help
FNDA:0,_RNvMs_NtCsb5UYoqwN7Yp_4sshm3appNtB4_3App11render_list
FNDA:0,_RNvMs_NtCsb5UYoqwN7Yp_4sshm3appNtB4_3App12render_input
FNDA:0,_RNvMs_NtCsb5UYoqwN7Yp_4sshm3appNtB4_3App12render_popup
FNDA:0,_RNvMs_NtCsb5UYoqwN7Yp_4sshm3appNtB4_3App12show_message
FNDA:0,_RNvMs_NtCsb5UYoqwN7Yp_4sshm3appNtB4_3App13centered_rect
FNDA:0,_RNvMs_NtCsb5UYoqwN7Yp_4sshm3appNtB4_3App13render_footer
FNDA:0,_RNvMs_NtCsb5UYoqwN7Yp_4sshm3appNtB4_3App13render_header
FNDA:0,_RNvMs_NtCsb5UYoqwN7Yp_4sshm3appNtB4_3App13render_search
FNDA:0,_RNvMs_NtCsb5UYoqwN7Yp_4sshm3appNtB4_3App13update_filter
FNDA:0,_RNvMs_NtCsb5UYoqwN7Yp_4sshm3appNtB4_3App15save_connection
FNDA:0,_RNvMs_NtCsb5UYoqwN7Yp_4sshm3appNtB4_3App16handle_help_mode
FNDA:0,_RNvMs_NtCsb5UYoqwN7Yp_4sshm3appNtB4_3App17append_input_char
FNDA:0,_RNvMs_NtCsb5UYoqwN7Yp_4sshm3appNtB4_3App17delete_connection
FNDA:0,_RNvMs_NtCsb5UYoqwN7Yp_4sshm3appNtB4_3App17delete_input_char
FNDA:0,_RNvMs_NtCsb5UYoqwN7Yp_4sshm3appNtB4_3App17handle_input_mode
FNDA:0,_RNvMs_NtCsb5UYoqwN7Yp_4sshm3appNtB4_3App17render_search_bar
FNDA:0,_RNvMs_NtCsb5UYoqwN7Yp_4sshm3appNtB4_3App18handle_normal_mode
FNDA:0,_RNvMs_NtCsb5UYoqwN7Yp_4sshm3appNtB4_3App18handle_search_mode
FNDA:0,_RNvMs_NtCsb5UYoqwN7Yp_4sshm3appNtB4_3App18import_connections
FNDA:0,_RNvMs_NtCsb5UYoqwN7Yp_4sshm3appNtB4_3App19advance_input_field
FNDA:0,_RNvMs_NtCsb5UYoqwN7Yp_4sshm3appNtB4_3App23get_current_input_field
FNDA:0,_RNvMs_NtCsb5UYoqwN7Yp_4sshm3appNtB4_3App3new
FNDA:0,_RNvMs_NtCsb5UYoqwN7Yp_4sshm3appNtB4_3App3run
FNDA:0,_RNvMs_NtCsb5UYoqwN7Yp_4sshm3appNtB4_3App6render
FNDA:0,_RNvMs_NtCsb5UYoqwN7Yp_4sshm3appNtB4_3App7connect
FNF:119
FNH:105
DA:64,18
DA:65,18
DA:66,18
DA:67,18
DA:68,18
DA:69,18
DA:70,18
DA:71,18
DA:73,5
DA:74,5
DA:75,5
DA:76,5
DA:77,5
DA:78,5
DA:79,5
DA:80,5
DA:81,5
DA:82,5
DA:86,6
DA:87,6
DA:88,6
DA:90,6
DA:91,6
DA:92,6
DA:93,6
DA:94,6
DA:95,6
DA:96,6
DA:97,6
DA:98,6
DA:99,6
DA:100,6
DA:101,6
DA:102,6
DA:103,6
DA:105,0
DA:106,0
DA:109,0
DA:111,0
DA:112,0
DA:113,0
DA:114,0
DA:115,0
DA:116,0
DA:118,0
DA:119,0
DA:120,0
DA:121,0
DA:122,0
DA:124,0
DA:125,0
DA:126,0
DA:129,0
DA:131,0
DA:133,0
DA:134,0
DA:135,0
DA:136,0
DA:138,0
DA:140,0
DA:141,0
DA:144,0
DA:145,0
DA:146,0
DA:147,0
DA:148,0
DA:149,0
DA:150,0
DA:151,0
DA:152,0
DA:153,0
DA:155,0
DA:156,0
DA:157,0
DA:158,0
DA:160,0
DA:161,0
DA:163,5
DA:164,5
DA:165,5
DA:166,5
DA:167,5
DA:168,5
DA:169,5
DA:170,5
DA:171,5
DA:173,5
DA:174,5
DA:175,5
DA:176,5
DA:177,5
DA:178,5
DA:179,5
DA:180,5
DA:181,5
DA:183,1
DA:184,1
DA:185,1
DA:186,1
DA:187,1
DA:188,1
DA:190,1
DA:191,1
DA:192,1
DA:194,1
DA:195,1
DA:197,0
DA:198,0
DA:199,0
DA:201,0
DA:202,0
DA:203,0
DA:204,0
DA:207,0
DA:208,0
DA:209,0
DA:210,0
DA:211,0
DA:214,0
DA:215,0
DA:216,0
DA:219,0
DA:220,0
DA:221,0
DA:224,0
DA:225,0
DA:226,0
DA:227,0
DA:228,0
DA:229,0
DA:230,0
DA:233,0
DA:234,0
DA:235,0
DA:236,0
DA:237,0
DA:240,0
DA:241,0
DA:242,0
DA:243,0
DA:244,0
DA:247,0
DA:248,0
DA:249,0
DA:250,0
DA:251,0
DA:254,0
DA:255,0
DA:256,0
DA:257,0
DA:258,0
DA:260,0
DA:261,0
DA:262,0
DA:263,0
DA:264,0
DA:265,0
DA:267,0
DA:268,0
DA:269,0
DA:270,0
DA:271,0
DA:272,0
DA:273,0
DA:274,0
DA:276,0
DA:277,0
DA:278,0
DA:279,0
DA:280,0
DA:281,0
DA:282,0
DA:283,0
DA:284,0
DA:285,0
DA:286,0
DA:287,0
DA:288,0
DA:289,0
DA:290,0
DA:291,0
DA:292,0
DA:293,0
DA:294,0
DA:295,0
DA:296,0
DA:297,0
DA:298,0
DA:299,0
DA:300,0
DA:301,0
DA:302,0
DA:303,0
DA:304,0
DA:305,0
DA:306,0
DA:307,0
DA:309,0
DA:310,0
DA:311,0
DA:312,0
DA:313,0
DA:315,0
DA:316,0
DA:317,0
DA:318,0
DA:319,0
DA:320,0
DA:321,0
DA:322,0
DA:323,0
DA:325,0
DA:326,0
DA:327,0
DA:329,0
DA:331,0
DA:333,0
DA:334,0
DA:336,0
DA:337,0
DA:340,0
DA:341,0
DA:343,0
DA:344,0
DA:345,0
DA:347,0
DA:348,0
DA:349,0
DA:352,0
DA:353,0
DA:354,0
DA:356,0
DA:357,0
DA:358,0
DA:360,0
DA:361,0
DA:362,0
DA:364,0
DA:365,0
DA:366,0
DA:367,0
DA:368,0
DA:369,0
DA:370,0
DA:371,0
DA:372,0
DA:373,0
DA:375,0
DA:377,0
DA:378,0
DA:380,0
DA:382,0
DA:384,0
DA:385,0
DA:389,0
DA:390,0
DA:391,0
DA:392,0
DA:393,0
DA:394,0
DA:395,0
DA:396,0
DA:398,0
DA:399,0
DA:400,0
DA:401,0
DA:402,0
DA:403,0
DA:404,0
DA:405,0
DA:406,0
DA:408,0
DA:410,0
DA:411,0
DA:413,0
DA:415,0
DA:417,0
DA:418,0
DA:422,0
DA:423,0
DA:425,0
DA:427,0
DA:429,0
DA:430,0
DA:432,42
DA:433,42
DA:434,16
DA:435,14
DA:436,2
DA:438,10
DA:439,6
DA:440,6
DA:442,0
DA:443,0
DA:444,0
DA:446,42
DA:448,74
DA:449,74
DA:450,32
DA:451,42
DA:452,74
DA:454,20
DA:455,20
DA:456,12
DA:457,12
DA:458,12
DA:459,2
DA:460,2
DA:461,2
DA:462,2
DA:463,2
DA:464,2
DA:466,0
DA:467,0
DA:468,0
DA:470,2
DA:471,2
DA:472,2
DA:473,2
DA:474,2
DA:475,2
DA:476,0
DA:478,20
DA:480,27
DA:481,27
DA:482,6
DA:483,4
DA:484,4
DA:485,5
DA:486,4
DA:487,4
DA:488,0
DA:490,27
DA:492,10
DA:493,10
DA:495,10
DA:496,10
DA:497,2
DA:498,2
DA:499,2
DA:500,2
DA:501,2
DA:503,8
DA:505,10
DA:506,10
DA:507,10
DA:508,10
DA:509,10
DA:510,8
DA:512,2
DA:514,10
DA:515,8
DA:517,2
DA:521,10
DA:522,2
DA:523,8
DA:524,8
DA:525,8
DA:527,10
DA:528,0
DA:529,10
DA:530,10
DA:531,10
DA:532,10
DA:534,10
DA:535,10
DA:537,18
DA:538,18
DA:539,18
DA:540,18
DA:541,18
DA:542,18
DA:544,18
DA:545,14
DA:546,14
DA:547,0
DA:548,0
DA:549,14
DA:550,14
DA:551,0
DA:552,14
DA:553,14
DA:555,4
DA:556,18
DA:558,0
DA:559,0
DA:560,0
DA:561,0
DA:562,0
DA:563,0
DA:564,0
DA:565,0
DA:566,0
DA:568,0
DA:569,0
DA:570,0
DA:571,0
DA:572,0
DA:573,0
DA:574,0
DA:576,72
DA:577,72
DA:578,24
DA:579,24
DA:580,48
DA:581,48
DA:582,48
DA:583,48
DA:584,48
DA:585,140
DA:586,140
DA:587,140
DA:588,140
DA:590,140
DA:591,47
DA:593,93
DA:595,140
DA:596,48
DA:599,72
DA:600,23
DA:601,49
DA:602,72
DA:604,14
DA:605,14
DA:607,1
DA:608,1
DA:610,13
DA:613,13
DA:614,13
DA:615,13
DA:616,13
DA:617,13
DA:618,13
DA:619,13
DA:620,13
DA:621,13
DA:623,13
DA:624,13
DA:625,13
DA:626,13
DA:627,14
DA:629,13
DA:630,13
DA:631,12
DA:632,0
DA:633,0
DA:634,1
DA:635,0
DA:638,13
DA:639,13
DA:640,13
DA:641,13
DA:642,13
DA:644,13
DA:645,13
DA:646,13
DA:648,13
DA:649,13
DA:650,13
DA:653,13
DA:654,13
DA:655,13
DA:657,13
DA:658,13
DA:660,13
DA:661,13
DA:662,13
DA:663,13
DA:665,13
DA:667,13
DA:669,13
DA:670,2
DA:671,1
DA:673,1
DA:675,2
DA:676,2
DA:677,2
DA:678,2
DA:679,2
DA:680,11
DA:682,11
DA:683,11
DA:684,11
DA:685,11
DA:686,29
DA:687,29
DA:688,29
DA:690,29
DA:691,29
DA:692,8
DA:694,21
DA:697,29
DA:698,8
DA:700,21
DA:703,29
DA:705,29
DA:712,29
DA:713,11
DA:714,11
DA:715,11
DA:717,18
DA:720,29
DA:721,29
DA:722,11
DA:724,11
DA:726,11
DA:727,13
DA:729,13
DA:730,13
DA:731,12
DA:732,0
DA:733,1
DA:734,0
DA:737,13
DA:738,13
DA:739,13
DA:740,13
DA:742,13
DA:743,13
DA:744,13
DA:745,13
DA:747,13
DA:748,13
DA:750,3
DA:751,3
DA:753,3
DA:754,3
DA:755,3
DA:756,3
DA:758,3
DA:759,3
DA:760,3
DA:761,3
DA:762,3
DA:763,3
DA:764,3
DA:765,3
DA:766,3
DA:767,3
DA:768,3
DA:769,3
DA:770,3
DA:772,3
DA:774,3
DA:775,2
DA:777,1
DA:779,3
DA:780,3
DA:781,3
DA:782,3
DA:783,3
DA:784,3
DA:786,3
DA:788,3
DA:789,3
DA:790,3
DA:791,3
DA:792,3
DA:793,3
DA:794,3
DA:795,3
DA:797,18
DA:798,18
DA:799,18
DA:800,3
DA:802,15
DA:805,18
DA:806,18
DA:807,3
DA:808,3
DA:809,3
DA:811,15
DA:814,18
DA:815,18
DA:816,18
DA:817,18
DA:818,18
DA:821,3
DA:824,3
DA:825,3
DA:826,3
DA:827,3
DA:828,3
DA:830,0
DA:831,0
DA:833,0
DA:834,0
DA:835,0
DA:836,0
DA:837,0
DA:838,0
DA:840,0
DA:841,0
DA:842,0
DA:843,0
DA:844,0
DA:846,0
DA:847,0
DA:849,13
DA:850,13
DA:851,13
DA:852,13
DA:853,13
DA:854,13
DA:856,13
DA:857,10
DA:859,3
DA:861,13
DA:862,13
DA:863,10
DA:865,3
DA:869,13
DA:871,13
DA:872,13
DA:873,13
DA:874,13
DA:875,13
DA:877,13
DA:878,13
DA:880,1
DA:881,1
DA:883,1
DA:884,1
DA:885,1
DA:886,1
DA:887,1
DA:888,1
DA:889,1
DA:890,1
DA:891,1
DA:892,1
DA:893,1
DA:894,1
DA:895,1
DA:896,1
DA:897,1
DA:898,1
DA:899,1
DA:900,1
DA:901,1
DA:902,1
DA:903,1
DA:904,1
DA:906,1
DA:907,1
DA:908,1
DA:910,1
DA:911,1
DA:912,1
DA:913,1
DA:914,1
DA:915,1
DA:917,1
DA:918,1
DA:920,1
DA:921,1
DA:922,1
DA:923,1
DA:924,1
DA:927,1
DA:928,1
DA:936,122
DA:937,122
DA:938,122
DA:939,122
DA:940,122
DA:941,122
DA:942,122
DA:943,122
DA:944,122
DA:945,122
DA:946,122
DA:947,122
DA:948,122
DA:949,122
DA:950,122
DA:951,122
DA:952,122
DA:953,122
DA:954,122
DA:955,122
DA:956,122
DA:957,122
DA:958,122
DA:959,122
DA:960,122
DA:961,122
DA:962,122
DA:963,122
DA:964,122
DA:966,122
DA:967,122
DA:968,122
DA:969,122
DA:970,122
DA:971,122
DA:972,122
DA:973,122
DA:974,122
DA:975,122
DA:976,122
DA:977,122
DA:978,122
DA:979,122
DA:982,2
DA:983,2
DA:984,2
DA:985,2
DA:986,2
DA:987,2
DA:988,2
DA:991,2
DA:992,2
DA:993,2
DA:994,2
DA:995,2
DA:996,2
DA:997,2
DA:998,2
DA:999,2
DA:1001,2
DA:1003,2
DA:1004,2
DA:1005,2
DA:1006,2
DA:1007,2
DA:1008,2
DA:1009,2
DA:1012,2
DA:1013,2
DA:1014,2
DA:1015,2
DA:1016,2
DA:1017,2
DA:1018,2
DA:1019,2
DA:1020,2
DA:1021,2
DA:1023,2
DA:1025,2
DA:1026,2
DA:1027,2
DA:1028,2
DA:1029,2
DA:1030,2
DA:1031,2
DA:1034,2
DA:1035,2
DA:1036,2
DA:1037,2
DA:1038,2
DA:1039,2
DA:1040,2
DA:1041,2
DA:1042,2
DA:1043,2
DA:1045,2
DA:1047,2
DA:1048,2
DA:1049,2
DA:1050,2
DA:1051,2
DA:1052,2
DA:1053,2
DA:1056,2
DA:1057,2
DA:1059,2
DA:1060,2
DA:1061,2
DA:1063,2
DA:1064,2
DA:1066,2
DA:1067,2
DA:1068,2
DA:1070,2
DA:1071,2
DA:1072,2
DA:1073,2
DA:1076,2
DA:1077,2
DA:1078,2
DA:1080,2
DA:1082,2
DA:1083,2
DA:1085,2
DA:1086,2
DA:1088,2
DA:1089,2
DA:1091,2
DA:1092,2
DA:1094,2
DA:1095,2
DA:1096,2
DA:1099,2
DA:1100,2
DA:1102,2
DA:1103,2
DA:1104,2
DA:1105,2
DA:1107,2
DA:1108,2
DA:1109,2
DA:1112,2
DA:1113,2
DA:1115,2
DA:1117,2
DA:1118,2
DA:1120,2
DA:1121,2
DA:1123,2
DA:1124,2
DA:1126,2
DA:1127,2
DA:1129,2
DA:1130,2
DA:1132,2
DA:1133,2
DA:1134,2
DA:1137,2
DA:1138,2
DA:1140,2
DA:1141,2
DA:1143,2
DA:1144,2
DA:1146,2
DA:1147,2
DA:1149,2
DA:1150,2
DA:1152,2
DA:1153,2
DA:1155,2
DA:1156,2
DA:1157,2
DA:1160,2
DA:1161,2
DA:1162,2
DA:1164,2
DA:1166,2
DA:1167,2
DA:1170,2
DA:1171,2
DA:1172,2
DA:1174,2
DA:1176,2
DA:1177,2
DA:1180,2
DA:1181,2
DA:1182,2
DA:1184,2
DA:1186,2
DA:1187,2
DA:1190,2
DA:1191,2
DA:1192,2
DA:1194,2
DA:1196,2
DA:1197,2
DA:1200,2
DA:1201,2
DA:1202,2
DA:1204,2
DA:1206,2
DA:1207,2
DA:1210,2
DA:1211,2
DA:1212,2
DA:1214,2
DA:1216,2
DA:1217,2
DA:1220,2
DA:1221,2
DA:1222,2
DA:1223,2
DA:1225,2
DA:1227,2
DA:1228,2
DA:1231,2
DA:1232,2
DA:1233,2
DA:1234,2
DA:1235,2
DA:1236,2
DA:1237,2
DA:1238,2
DA:1239,2
DA:1240,2
DA:1242,2
DA:1244,2
DA:1245,2
DA:1248,2
DA:1249,2
DA:1250,2
DA:1252,2
DA:1254,2
DA:1255,2
DA:1258,2
DA:1259,2
DA:1260,2
DA:1261,2
DA:1262,2
DA:1264,2
DA:1265,2
DA:1267,2
DA:1268,2
DA:1271,2
DA:1272,2
DA:1273,2
DA:1274,2
DA:1275,2
DA:1276,2
DA:1279,2
DA:1280,2
DA:1282,2
DA:1283,2
DA:1284,2
DA:1286,2
DA:1287,2
DA:1289,2
DA:1290,2
DA:1293,2
DA:1294,2
DA:1296,2
DA:1297,2
DA:1298,2
DA:1299,2
DA:1300,2
DA:1301,2
DA:1303,2
DA:1304,2
DA:1305,2
DA:1306,2
DA:1307,2
DA:1308,2
DA:1310,2
DA:1311,2
DA:1312,2
DA:1315,2
DA:1316,2
DA:1318,20
DA:1319,20
DA:1320,20
DA:1321,2
DA:1322,2
DA:1325,2
DA:1326,2
DA:1327,2
DA:1329,2
DA:1330,2
DA:1331,2
DA:1332,2
DA:1335,2
DA:1336,2
DA:1337,2
DA:1338,2
DA:1340,2
DA:1341,2
DA:1342,2
DA:1343,2
DA:1346,2
DA:1347,2
DA:1348,2
DA:1349,2
DA:1351,2
DA:1352,2
DA:1353,2
DA:1354,2
DA:1357,2
DA:1358,2
DA:1359,2
DA:1361,2
DA:1363,2
DA:1364,2
DA:1367,2
DA:1368,2
DA:1369,2
DA:1371,2
DA:1373,2
DA:1374,2
DA:1377,2
DA:1378,2
DA:1379,2
DA:1380,2
DA:1382,2
DA:1384,2
DA:1385,2
DA:1388,2
DA:1389,2
DA:1390,2
DA:1391,2
DA:1393,2
DA:1394,2
DA:1396,2
DA:1397,2
DA:1400,2
DA:1401,2
DA:1403,2
DA:1405,2
DA:1406,2
DA:1408,2
DA:1409,2
DA:1411,2
DA:1412,2
DA:1413,2
DA:1416,2
DA:1417,2
DA:1418,2
DA:1419,2
DA:1422,2
DA:1423,2
DA:1424,2
DA:1425,2
DA:1428,2
DA:1429,2
DA:1431,2
DA:1432,2
DA:1434,2
DA:1435,2
DA:1436,2
DA:1439,2
DA:1440,2
DA:1441,2
DA:1443,2
DA:1444,2
DA:1445,2
DA:1446,2
DA:1447,2
DA:1448,2
DA:1449,2
DA:1450,2
DA:1451,2
DA:1453,2
DA:1455,2
DA:1456,2
DA:1459,2
DA:1460,2
DA:1461,2
DA:1463,2
DA:1464,2
DA:1465,2
DA:1466,2
DA:1467,2
DA:1468,2
DA:1469,2
DA:1470,2
DA:1471,2
DA:1472,2
DA:1474,2
DA:1476,2
DA:1477,2
DA:1480,2
DA:1481,2
DA:1482,2
DA:1484,2
DA:1485,2
DA:1487,2
DA:1488,2
DA:1491,2
DA:1492,2
DA:1493,2
DA:1495,2
DA:1496,2
DA:1498,2
DA:1499,2
DA:1502,2
DA:1503,2
DA:1504,2
DA:1505,2
DA:1507,2
DA:1508,2
DA:1511,2
DA:1512,2
DA:1514,2
DA:1515,2
DA:1517,2
DA:1518,2
DA:1519,2
DA:1522,2
DA:1523,2
DA:1525,2
DA:1526,2
DA:1527,2
DA:1528,2
DA:1529,2
DA:1530,2
DA:1532,2
DA:1533,2
DA:1534,2
DA:1535,2
DA:1536,2
DA:1537,2
DA:1538,2
DA:1541,2
DA:1542,2
DA:1543,2
DA:1545,2
DA:1547,2
DA:1548,2
DA:1549,2
DA:1552,2
DA:1553,2
DA:1554,2
DA:1556,2
DA:1558,2
DA:1559,2
DA:1562,2
DA:1563,2
DA:1565,2
DA:1566,2
DA:1567,2
DA:1568,2
DA:1571,2
DA:1572,2
DA:1573,2
DA:1575,2
DA:1577,2
DA:1578,2
DA:1581,2
DA:1582,2
DA:1584,2
DA:1585,2
DA:1588,2
DA:1589,2
DA:1590,2
DA:1592,2
DA:1593,2
DA:1596,2
DA:1597,2
DA:1598,2
DA:1600,2
DA:1602,2
DA:1603,2
DA:1606,2
DA:1607,2
DA:1608,2
DA:1610,2
DA:1611,2
DA:1613,2
DA:1614,2
DA:1617,2
DA:1618,2
DA:1620,2
DA:1621,2
DA:1622,2
DA:1623,2
DA:1624,2
DA:1625,2
DA:1626,2
DA:1627,2
DA:1628,2
DA:1630,2
DA:1632,2
DA:1633,2
DA:1634,2
DA:1635,2
DA:1636,2
DA:1637,2
DA:1638,2
DA:1639,2
DA:1642,2
DA:1643,2
DA:1645,2
DA:1646,2
DA:1647,2
DA:1648,2
DA:1649,2
DA:1650,2
DA:1651,2
DA:1652,2
DA:1653,2
DA:1655,2
DA:1657,2
DA:1658,2
DA:1659,2
DA:1662,2
DA:1663,2
DA:1665,2
DA:1666,2
DA:1668,2
DA:1669,2
DA:1672,2
DA:1673,2
DA:1675,40
DA:1676,40
DA:1677,40
DA:1679,2
DA:1680,2
DA:1683,2
DA:1684,2
DA:1685,2
DA:1687,2
DA:1688,2
DA:1690,2
DA:1691,2
DA:1693,2
DA:1694,2
DA:1696,2
DA:1697,2
DA:1698,2
DA:1699,2
DA:1702,2
DA:1703,2
DA:1704,2
DA:1706,2
DA:1707,2
DA:1708,2
DA:1710,2
DA:1711,2
DA:1713,2
DA:1714,2
DA:1716,2
DA:1717,2
DA:1719,2
DA:1720,2
DA:1721,2
DA:1722,2
DA:1725,2
DA:1726,2
DA:1727,2
DA:1728,2
DA:1729,2
DA:1731,2
DA:1733,2
DA:1734,2
DA:1737,2
DA:1738,2
DA:1739,2
DA:1741,2
DA:1742,2
DA:1745,2
DA:1746,2
DA:1748,2
DA:1750,2
DA:1751,2
DA:1752,2
DA:1753,2
DA:1756,2
DA:1757,2
DA:1760,2
DA:1761,2
DA:1762,2
DA:1764,2
DA:1765,2
DA:1768,2
DA:1769,2
DA:1770,2
DA:1772,2
DA:1773,2
DA:1776,2
DA:1777,2
DA:1779,12
DA:1780,12
DA:1781,12
DA:1782,12
DA:1783,2
DA:1786,2
DA:1787,2
DA:1788,2
DA:1790,2
DA:1791,2
DA:1793,2
DA:1795,2
DA:1796,2
DA:1799,2
DA:1800,2
DA:1801,2
DA:1803,2
DA:1804,2
DA:1806,2
DA:1808,2
DA:1809,2
DA:1812,2
DA:1813,2
DA:1815,2
DA:1816,2
DA:1817,2
DA:1818,2
DA:1819,2
DA:1820,2
DA:1821,2
DA:1824,2
DA:1825,2
DA:1826,2
DA:1828,2
DA:1829,2
DA:1832,2
DA:1833,2
DA:1835,2
DA:1837,2
DA:1838,2
DA:1841,2
DA:1842,2
DA:1844,2
DA:1845,2
DA:1847,2
DA:1848,2
DA:1851,2
DA:1852,2
DA:1854,2
DA:1855,2
DA:1857,2
DA:1858,2
DA:1861,2
DA:1862,2
DA:1864,2
DA:1865,2
DA:1867,2
DA:1868,2
DA:1871,2
DA:1872,2
DA:1874,2
DA:1876,2
DA:1877,2
DA:1880,2
DA:1881,2
DA:1883,2
DA:1885,2
DA:1886,2
DA:1889,2
DA:1890,2
DA:1892,2
DA:1893,2
DA:1895,2
DA:1896,2
DA:1899,2
DA:1900,2
DA:1902,2
DA:1904,2
DA:1905,2
DA:1908,2
DA:1909,2
DA:1911,2
DA:1913,2
DA:1914,2
DA:1917,2
DA:1918,2
DA:1920,2
DA:1922,2
DA:1923,2
DA:1926,2
DA:1927,2
DA:1929,2
DA:1931,2
DA:1932,2
DA:1935,2
DA:1936,2
DA:1938,2
DA:1940,2
DA:1941,2
DA:1944,2
DA:1945,2
DA:1947,2
DA:1949,2
DA:1950,2
DA:1953,2
DA:1954,2
DA:1956,2
DA:1958,2
DA:1959,2
BRF:0
BRH:0
LF:1370
LH:1096
end_of_record
SF:/home/rute/projgit/ssh-manager/sshm/src/config.rs
FN:77,_RNCNvMs_NtCs6VWHXxI2gH3_4sshm6configNtB6_6Config17remove_connection0B8_
FN:81,_RNCNvMs_NtCs6VWHXxI2gH3_4sshm6configNtB6_6Config17update_connection0B8_
FN:60,_RNCNvMs_NtCs6VWHXxI2gH3_4sshm6configNtB6_6Config4save0B8_
FN:63,_RNCNvMs_NtCs6VWHXxI2gH3_4sshm6configNtB6_6Config4saves0_0B8_
FN:62,_RNCNvMs_NtCs6VWHXxI2gH3_4sshm6configNtB6_6Config4saves_0B8_
FN:156,_RNCNvNtCs6VWHXxI2gH3_4sshm6config22import_from_ssh_config0B5_
FN:168,_RNCNvNtCs6VWHXxI2gH3_4sshm6config22import_from_ssh_configs_0B5_
FN:20,_RNvMNtCs6VWHXxI2gH3_4sshm6configNtB2_10Connection3new
FN:67,_RNvMs_NtCs6VWHXxI2gH3_4sshm6configNtB4_6Config11config_path
FN:72,_RNvMs_NtCs6VWHXxI2gH3_4sshm6configNtB4_6Config14add_connection
FN:76,_RNvMs_NtCs6VWHXxI2gH3_4sshm6configNtB4_6Config17remove_connection
FN:80,_RNvMs_NtCs6VWHXxI2gH3_4sshm6configNtB4_6Config17update_connection
FN:39,_RNvMs_NtCs6VWHXxI2gH3_4sshm6configNtB4_6Config3new
FN:43,_RNvMs_NtCs6VWHXxI2gH3_4sshm6configNtB4_6Config4load
FN:57,_RNvMs_NtCs6VWHXxI2gH3_4sshm6configNtB4_6Config4save
FN:96,_RNvNtCs6VWHXxI2gH3_4sshm6config16parse_ssh_config
FN:154,_RNvNtCs6VWHXxI2gH3_4sshm6config22import_from_ssh_config
FN:20,_RNvMNtCs42n7i89Q0HM_4sshm6configNtB2_10Connection3new
FN:67,_RNvMs_NtCs42n7i89Q0HM_4sshm6configNtB4_6Config11config_path
FN:72,_RNvMs_NtCs42n7i89Q0HM_4sshm6configNtB4_6Config14add_connection
FN:76,_RNvMs_NtCs42n7i89Q0HM_4sshm6configNtB4_6Config17remove_connection
FN:80,_RNvMs_NtCs42n7i89Q0HM_4sshm6configNtB4_6Config17update_connection
FN:39,_RNvMs_NtCs42n7i89Q0HM_4sshm6configNtB4_6Config3new
FN:43,_RNvMs_NtCs42n7i89Q0HM_4sshm6configNtB4_6Config4load
FN:57,_RNvMs_NtCs42n7i89Q0HM_4sshm6configNtB4_6Config4save
FN:77,_RNCNvMs_NtCs42n7i89Q0HM_4sshm6configNtB6_6Config17remove_connection0B8_
FN:81,_RNCNvMs_NtCs42n7i89Q0HM_4sshm6configNtB6_6Config17update_connection0B8_
FN:60,_RNCNvMs_NtCs42n7i89Q0HM_4sshm6configNtB6_6Config4save0B8_
FN:63,_RNCNvMs_NtCs42n7i89Q0HM_4sshm6configNtB6_6Config4saves0_0B8_
FN:62,_RNCNvMs_NtCs42n7i89Q0HM_4sshm6configNtB6_6Config4saves_0B8_
FN:222,_RNvNtNtCs42n7i89Q0HM_4sshm6config5testss_15test_config_new
FN:498,_RNvNtNtCs42n7i89Q0HM_4sshm6config5testss_17test_config_debug
FN:372,_RNvNtNtCs42n7i89Q0HM_4sshm6config5testss_18test_folder_sorted
FN:252,_RNvNtNtCs42n7i89Q0HM_4sshm6config5testss_19test_add_connection
FN:187,_RNvNtNtCs42n7i89Q0HM_4sshm6config5testss_19test_connection_new
FN:489,_RNvNtNtCs42n7i89Q0HM_4sshm6config5testss_21test_connection_debug
FN:264,_RNvNtNtCs42n7i89Q0HM_4sshm6config5testss_22test_remove_connection
FN:299,_RNvNtNtCs42n7i89Q0HM_4sshm6config5testss_22test_update_connection
FN:416,_RNvNtNtCs42n7i89Q0HM_4sshm6config5testss_23test_config_deserialize
FN:507,_RNvNtNtCs42n7i89Q0HM_4sshm6config5testss_24test_config_impl_default
FN:438,_RNvNtNtCs42n7i89Q0HM_4sshm6config5testss_27test_config_serialize_empty
FN:474,_RNvNtNtCs42n7i89Q0HM_4sshm6config5testss_27test_ssh_config_entry_debug
FN:228,_RNvNtNtCs42n7i89Q0HM_4sshm6config5testss_28test_config_from_connections
FN:363,_RNvNtNtCs42n7i89Q0HM_4sshm6config5testss_31test_connection_folder_optional
FN:202,_RNvNtNtCs42n7i89Q0HM_4sshm6config5testss_31test_connection_with_all_fields
FN:282,_RNvNtNtCs42n7i89Q0HM_4sshm6config5testss_32test_remove_connection_not_found
FN:327,_RNvNtNtCs42n7i89Q0HM_4sshm6config5testss_32test_update_connection_not_found
FN:354,_RNvNtNtCs42n7i89Q0HM_4sshm6config5testss_33test_connection_key_path_optional
FN:514,_RNvNtNtCs42n7i89Q0HM_4sshm6config5testss_39test_connection_with_key_path_serialize
FN:426,_RNvNtNtCs42n7i89Q0HM_4sshm6config5testss_43test_connection_deserialize_with_all_fields
FN:447,_RNvNtNtCs42n7i89Q0HM_4sshm6config5testss_47test_config_with_multiple_connections_serialize
FN:156,_RNCNvNtCs42n7i89Q0HM_4sshm6config22import_from_ssh_config0B5_
FN:168,_RNCNvNtCs42n7i89Q0HM_4sshm6config22import_from_ssh_configs_0B5_
FN:96,_RNvNtCs42n7i89Q0HM_4sshm6config16parse_ssh_config
FN:154,_RNvNtCs42n7i89Q0HM_4sshm6config22import_from_ssh_config
FN:406,_RNCNvNtNtCs42n7i89Q0HM_4sshm6config5testss_18test_folder_sorted0B7_
FN:156,_RNCNvNtCsbpfP617pxG2_4sshm6config22import_from_ssh_config0B5_
FN:168,_RNCNvNtCsbpfP617pxG2_4sshm6config22import_from_ssh_configs_0B5_
FN:96,_RNvNtCsbpfP617pxG2_4sshm6config16parse_ssh_config
FN:154,_RNvNtCsbpfP617pxG2_4sshm6config22import_from_ssh_config
FN:20,_RNvMNtCsbpfP617pxG2_4sshm6configNtB2_10Connection3new
FN:67,_RNvMs_NtCsbpfP617pxG2_4sshm6configNtB4_6Config11config_path
FN:72,_RNvMs_NtCsbpfP617pxG2_4sshm6configNtB4_6Config14add_connection
FN:76,_RNvMs_NtCsbpfP617pxG2_4sshm6configNtB4_6Config17remove_connection
FN:80,_RNvMs_NtCsbpfP617pxG2_4sshm6configNtB4_6Config17update_connection
FN:39,_RNvMs_NtCsbpfP617pxG2_4sshm6configNtB4_6Config3new
FN:43,_RNvMs_NtCsbpfP617pxG2_4sshm6configNtB4_6Config4load
FN:57,_RNvMs_NtCsbpfP617pxG2_4sshm6configNtB4_6Config4save
FN:406,_RNCNvNtNtCsbpfP617pxG2_4sshm6config5testss_18test_folder_sorted0B7_
FN:222,_RNvNtNtCsbpfP617pxG2_4sshm6config5testss_15test_config_new
FN:498,_RNvNtNtCsbpfP617pxG2_4sshm6config5testss_17test_config_debug
FN:372,_RNvNtNtCsbpfP617pxG2_4sshm6config5testss_18test_folder_sorted
FN:252,_RNvNtNtCsbpfP617pxG2_4sshm6config5testss_19test_add_connection
FN:187,_RNvNtNtCsbpfP617pxG2_4sshm6config5testss_19test_connection_new
FN:489,_RNvNtNtCsbpfP617pxG2_4sshm6config5testss_21test_connection_debug
FN:264,_RNvNtNtCsbpfP617pxG2_4sshm6config5testss_22test_remove_connection
FN:299,_RNvNtNtCsbpfP617pxG2_4sshm6config5testss_22test_update_connection
FN:416,_RNvNtNtCsbpfP617pxG2_4sshm6config5testss_23test_config_deserialize
FN:507,_RNvNtNtCsbpfP617pxG2_4sshm6config5testss_24test_config_impl_default
FN:438,_RNvNtNtCsbpfP617pxG2_4sshm6config5testss_27test_config_serialize_empty
FN:474,_RNvNtNtCsbpfP617pxG2_4sshm6config5testss_27test_ssh_config_entry_debug
FN:228,_RNvNtNtCsbpfP617pxG2_4sshm6config5testss_28test_config_from_connections
FN:363,_RNvNtNtCsbpfP617pxG2_4sshm6config5testss_31test_connection_folder_optional
FN:202,_RNvNtNtCsbpfP617pxG2_4sshm6config5testss_31test_connection_with_all_fields
FN:282,_RNvNtNtCsbpfP617pxG2_4sshm6config5testss_32test_remove_connection_not_found
FN:327,_RNvNtNtCsbpfP617pxG2_4sshm6config5testss_32test_update_connection_not_found
FN:354,_RNvNtNtCsbpfP617pxG2_4sshm6config5testss_33test_connection_key_path_optional
FN:514,_RNvNtNtCsbpfP617pxG2_4sshm6config5testss_39test_connection_with_key_path_serialize
FN:426,_RNvNtNtCsbpfP617pxG2_4sshm6config5testss_43test_connection_deserialize_with_all_fields
FN:447,_RNvNtNtCsbpfP617pxG2_4sshm6config5testss_47test_config_with_multiple_connections_serialize
FN:77,_RNCNvMs_NtCsbpfP617pxG2_4sshm6configNtB6_6Config17remove_connection0B8_
FN:81,_RNCNvMs_NtCsbpfP617pxG2_4sshm6configNtB6_6Config17update_connection0B8_
FN:60,_RNCNvMs_NtCsbpfP617pxG2_4sshm6configNtB6_6Config4save0B8_
FN:63,_RNCNvMs_NtCsbpfP617pxG2_4sshm6configNtB6_6Config4saves0_0B8_
FN:62,_RNCNvMs_NtCsbpfP617pxG2_4sshm6configNtB6_6Config4saves_0B8_
FN:20,_RNvMNtCsb5UYoqwN7Yp_4sshm6configNtB2_10Connection3new
FN:67,_RNvMs_NtCsb5UYoqwN7Yp_4sshm6configNtB4_6Config11config_path
FN:72,_RNvMs_NtCsb5UYoqwN7Yp_4sshm6configNtB4_6Config14add_connection
FN:76,_RNvMs_NtCsb5UYoqwN7Yp_4sshm6configNtB4_6Config17remove_connection
FN:80,_RNvMs_NtCsb5UYoqwN7Yp_4sshm6configNtB4_6Config17update_connection
FN:39,_RNvMs_NtCsb5UYoqwN7Yp_4sshm6configNtB4_6Config3new
FN:43,_RNvMs_NtCsb5UYoqwN7Yp_4sshm6configNtB4_6Config4load
FN:57,_RNvMs_NtCsb5UYoqwN7Yp_4sshm6configNtB4_6Config4save
FN:96,_RNvNtCsb5UYoqwN7Yp_4sshm6config16parse_ssh_config
FN:154,_RNvNtCsb5UYoqwN7Yp_4sshm6config22import_from_ssh_config
FN:77,_RNCNvMs_NtCsb5UYoqwN7Yp_4sshm6configNtB6_6Config17remove_connection0B8_
FN:81,_RNCNvMs_NtCsb5UYoqwN7Yp_4sshm6configNtB6_6Config17update_connection0B8_
FN:60,_RNCNvMs_NtCsb5UYoqwN7Yp_4sshm6configNtB6_6Config4save0B8_
FN:63,_RNCNvMs_NtCsb5UYoqwN7Yp_4sshm6configNtB6_6Config4saves0_0B8_
FN:62,_RNCNvMs_NtCsb5UYoqwN7Yp_4sshm6configNtB6_6Config4saves_0B8_
FN:156,_RNCNvNtCsb5UYoqwN7Yp_4sshm6config22import_from_ssh_config0B5_
FN:168,_RNCNvNtCsb5UYoqwN7Yp_4sshm6config22import_from_ssh_configs_0B5_
FNDA:0,_RNCNvMs_NtCs6VWHXxI2gH3_4sshm6configNtB6_6Config17remove_connection0B8_
FNDA:0,_RNCNvMs_NtCs6VWHXxI2gH3_4sshm6configNtB6_6Config17update_connection0B8_
FNDA:0,_RNCNvMs_NtCs6VWHXxI2gH3_4sshm6configNtB6_6Config4save0B8_
FNDA:0,_RNCNvMs_NtCs6VWHXxI2gH3_4sshm6configNtB6_6Config4saves0_0B8_
FNDA:0,_RNCNvMs_NtCs6VWHXxI2gH3_4sshm6configNtB6_6Config4saves_0B8_
FNDA:0,_RNCNvNtCs6VWHXxI2gH3_4sshm6config22import_from_ssh_config0B5_
FNDA:0,_RNCNvNtCs6VWHXxI2gH3_4sshm6config22import_from_ssh_configs_0B5_
FNDA:0,_RNvMNtCs6VWHXxI2gH3_4sshm6configNtB2_10Connection3new
FNDA:0,_RNvMs_NtCs6VWHXxI2gH3_4sshm6configNtB4_6Config11config_path
FNDA:46,_RNvMs_NtCs6VWHXxI2gH3_4sshm6configNtB4_6Config14add_connection
FNDA:0,_RNvMs_NtCs6VWHXxI2gH3_4sshm6configNtB4_6Config17remove_connection
FNDA:0,_RNvMs_NtCs6VWHXxI2gH3_4sshm6configNtB4_6Config17update_connection
FNDA:17,_RNvMs_NtCs6VWHXxI2gH3_4sshm6configNtB4_6Config3new
FNDA:0,_RNvMs_NtCs6VWHXxI2gH3_4sshm6configNtB4_6Config4load
FNDA:0,_RNvMs_NtCs6VWHXxI2gH3_4sshm6configNtB4_6Config4save
FNDA:0,_RNvNtCs6VWHXxI2gH3_4sshm6config16parse_ssh_config
FNDA:0,_RNvNtCs6VWHXxI2gH3_4sshm6config22import_from_ssh_config
FNDA:6,_RNvMNtCs42n7i89Q0HM_4sshm6configNtB2_10Connection3new
FNDA:15,_RNvMs_NtCs42n7i89Q0HM_4sshm6configNtB4_6Config11config_path
FNDA:200,_RNvMs_NtCs42n7i89Q0HM_4sshm6configNtB4_6Config14add_connection
FNDA:9,_RNvMs_NtCs42n7i89Q0HM_4sshm6configNtB4_6Config17remove_connection
FNDA:3,_RNvMs_NtCs42n7i89Q0HM_4sshm6configNtB4_6Config17update_connection
FNDA:73,_RNvMs_NtCs42n7i89Q0HM_4sshm6configNtB4_6Config3new
FNDA:3,_RNvMs_NtCs42n7i89Q0HM_4sshm6configNtB4_6Config4load
FNDA:12,_RNvMs_NtCs42n7i89Q0HM_4sshm6configNtB4_6Config4save
FNDA:23,_RNCNvMs_NtCs42n7i89Q0HM_4sshm6configNtB6_6Config17remove_connection0B8_
FNDA:3,_RNCNvMs_NtCs42n7i89Q0HM_4sshm6configNtB6_6Config17update_connection0B8_
FNDA:0,_RNCNvMs_NtCs42n7i89Q0HM_4sshm6configNtB6_6Config4save0B8_
FNDA:0,_RNCNvMs_NtCs42n7i89Q0HM_4sshm6configNtB6_6Config4saves0_0B8_
FNDA:0,_RNCNvMs_NtCs42n7i89Q0HM_4sshm6configNtB6_6Config4saves_0B8_
FNDA:1,_RNvNtNtCs42n7i89Q0HM_4sshm6config5testss_15test_config_new
FNDA:1,_RNvNtNtCs42n7i89Q0HM_4sshm6config5testss_17test_config_debug
FNDA:1,_RNvNtNtCs42n7i89Q0HM_4sshm6config5testss_18test_folder_sorted
FNDA:1,_RNvNtNtCs42n7i89Q0HM_4sshm6config5testss_19test_add_connection
FNDA:1,_RNvNtNtCs42n7i89Q0HM_4sshm6config5testss_19test_connection_new
FNDA:1,_RNvNtNtCs42n7i89Q0HM_4sshm6config5testss_21test_connection_debug
FNDA:1,_RNvNtNtCs42n7i89Q0HM_4sshm6config5testss_22test_remove_connection
FNDA:1,_RNvNtNtCs42n7i89Q0HM_4sshm6config5testss_22test_update_connection
FNDA:1,_RNvNtNtCs42n7i89Q0HM_4sshm6config5testss_23test_config_deserialize
FNDA:1,_RNvNtNtCs42n7i89Q0HM_4sshm6config5testss_24test_config_impl_default
FNDA:1,_RNvNtNtCs42n7i89Q0HM_4sshm6config5testss_27test_config_serialize_empty
FNDA:1,_RNvNtNtCs42n7i89Q0HM_4sshm6config5testss_27test_ssh_config_entry_debug
FNDA:1,_RNvNtNtCs42n7i89Q0HM_4sshm6config5testss_28test_config_from_connections
FNDA:1,_RNvNtNtCs42n7i89Q0HM_4sshm6config5testss_31test_connection_folder_optional
FNDA:1,_RNvNtNtCs42n7i89Q0HM_4sshm6config5testss_31test_connection_with_all_fields
FNDA:1,_RNvNtNtCs42n7i89Q0HM_4sshm6config5testss_32test_remove_connection_not_found
FNDA:1,_RNvNtNtCs42n7i89Q0HM_4sshm6config5testss_32test_update_connection_not_found
FNDA:1,_RNvNtNtCs42n7i89Q0HM_4sshm6config5testss_33test_connection_key_path_optional
FNDA:1,_RNvNtNtCs42n7i89Q0HM_4sshm6config5testss_39test_connection_with_key_path_serialize
FNDA:1,_RNvNtNtCs42n7i89Q0HM_4sshm6config5testss_43test_connection_deserialize_with_all_fields
FNDA:1,_RNvNtNtCs42n7i89Q0HM_4sshm6config5testss_47test_config_with_multiple_connections_serialize
FNDA:0,_RNCNvNtCs42n7i89Q0HM_4sshm6config22import_from_ssh_config0B5_
FNDA:0,_RNCNvNtCs42n7i89Q0HM_4sshm6config22import_from_ssh_configs_0B5_
FNDA:0,_RNvNtCs42n7i89Q0HM_4sshm6config16parse_ssh_config
FNDA:0,_RNvNtCs42n7i89Q0HM_4sshm6config22import_from_ssh_config
FNDA:3,_RNCNvNtNtCs42n7i89Q0HM_4sshm6config5testss_18test_folder_sorted0B7_
FNDA:0,_RNCNvNtCsbpfP617pxG2_4sshm6config22import_from_ssh_config0B5_
FNDA:0,_RNCNvNtCsbpfP617pxG2_4sshm6config22import_from_ssh_configs_0B5_
FNDA:0,_RNvNtCsbpfP617pxG2_4sshm6config16parse_ssh_config
FNDA:0,_RNvNtCsbpfP617pxG2_4sshm6config22import_from_ssh_config
FNDA:6,_RNvMNtCsbpfP617pxG2_4sshm6configNtB2_10Connection3new
FNDA:15,_RNvMs_NtCsbpfP617pxG2_4sshm6configNtB4_6Config11config_path
FNDA:200,_RNvMs_NtCsbpfP617pxG2_4sshm6configNtB4_6Config14add_connection
FNDA:9,_RNvMs_NtCsbpfP617pxG2_4sshm6configNtB4_6Config17remove_connection
FNDA:3,_RNvMs_NtCsbpfP617pxG2_4sshm6configNtB4_6Config17update_connection
FNDA:73,_RNvMs_NtCsbpfP617pxG2_4sshm6configNtB4_6Config3new
FNDA:3,_RNvMs_NtCsbpfP617pxG2_4sshm6configNtB4_6Config4load
FNDA:12,_RNvMs_NtCsbpfP617pxG2_4sshm6configNtB4_6Config4save
FNDA:3,_RNCNvNtNtCsbpfP617pxG2_4sshm6config5testss_18test_folder_sorted0B7_
FNDA:1,_RNvNtNtCsbpfP617pxG2_4sshm6config5testss_15test_config_new
FNDA:1,_RNvNtNtCsbpfP617pxG2_4sshm6config5testss_17test_config_debug
FNDA:1,_RNvNtNtCsbpfP617pxG2_4sshm6config5testss_18test_folder_sorted
FNDA:1,_RNvNtNtCsbpfP617pxG2_4sshm6config5testss_19test_add_connection
FNDA:1,_RNvNtNtCsbpfP617pxG2_4sshm6config5testss_19test_connection_new
FNDA:1,_RNvNtNtCsbpfP617pxG2_4sshm6config5testss_21test_connection_debug
FNDA:1,_RNvNtNtCsbpfP617pxG2_4sshm6config5testss_22test_remove_connection
FNDA:1,_RNvNtNtCsbpfP617pxG2_4sshm6config5testss_22test_update_connection
FNDA:1,_RNvNtNtCsbpfP617pxG2_4sshm6config5testss_23test_config_deserialize
FNDA:1,_RNvNtNtCsbpfP617pxG2_4sshm6config5testss_24test_config_impl_default
FNDA:1,_RNvNtNtCsbpfP617pxG2_4sshm6config5testss_27test_config_serialize_empty
FNDA:1,_RNvNtNtCsbpfP617pxG2_4sshm6config5testss_27test_ssh_config_entry_debug
FNDA:1,_RNvNtNtCsbpfP617pxG2_4sshm6config5testss_28test_config_from_connections
FNDA:1,_RNvNtNtCsbpfP617pxG2_4sshm6config5testss_31test_connection_folder_optional
FNDA:1,_RNvNtNtCsbpfP617pxG2_4sshm6config5testss_31test_connection_with_all_fields
FNDA:1,_RNvNtNtCsbpfP617pxG2_4sshm6config5testss_32test_remove_connection_not_found
FNDA:1,_RNvNtNtCsbpfP617pxG2_4sshm6config5testss_32test_update_connection_not_found
FNDA:1,_RNvNtNtCsbpfP617pxG2_4sshm6config5testss_33test_connection_key_path_optional
FNDA:1,_RNvNtNtCsbpfP617pxG2_4sshm6config5testss_39test_connection_with_key_path_serialize
FNDA:1,_RNvNtNtCsbpfP617pxG2_4sshm6config5testss_43test_connection_deserialize_with_all_fields
FNDA:1,_RNvNtNtCsbpfP617pxG2_4sshm6config5testss_47test_config_with_multiple_connections_serialize
FNDA:23,_RNCNvMs_NtCsbpfP617pxG2_4sshm6configNtB6_6Config17remove_connection0B8_
FNDA:3,_RNCNvMs_NtCsbpfP617pxG2_4sshm6configNtB6_6Config17update_connection0B8_
FNDA:0,_RNCNvMs_NtCsbpfP617pxG2_4sshm6configNtB6_6Config4save0B8_
FNDA:0,_RNCNvMs_NtCsbpfP617pxG2_4sshm6configNtB6_6Config4saves0_0B8_
FNDA:0,_RNCNvMs_NtCsbpfP617pxG2_4sshm6configNtB6_6Config4saves_0B8_
FNDA:0,_RNvMNtCsb5UYoqwN7Yp_4sshm6configNtB2_10Connection3new
FNDA:0,_RNvMs_NtCsb5UYoqwN7Yp_4sshm6configNtB4_6Config11config_path
FNDA:0,_RNvMs_NtCsb5UYoqwN7Yp_4sshm6configNtB4_6Config14add_connection
FNDA:0,_RNvMs_NtCsb5UYoqwN7Yp_4sshm6configNtB4_6Config17remove_connection
FNDA:0,_RNvMs_NtCsb5UYoqwN7Yp_4sshm6configNtB4_6Config17update_connection
FNDA:0,_RNvMs_NtCsb5UYoqwN7Yp_4sshm6configNtB4_6Config3new
FNDA:0,_RNvMs_NtCsb5UYoqwN7Yp_4sshm6configNtB4_6Config4load
FNDA:0,_RNvMs_NtCsb5UYoqwN7Yp_4sshm6configNtB4_6Config4save
FNDA:0,_RNvNtCsb5UYoqwN7Yp_4sshm6config16parse_ssh_config
FNDA:0,_RNvNtCsb5UYoqwN7Yp_4sshm6config22import_from_ssh_config
FNDA:0,_RNCNvMs_NtCsb5UYoqwN7Yp_4sshm6configNtB6_6Config17remove_connection0B8_
FNDA:0,_RNCNvMs_NtCsb5UYoqwN7Yp_4sshm6configNtB6_6Config17update_connection0B8_
FNDA:0,_RNCNvMs_NtCsb5UYoqwN7Yp_4sshm6configNtB6_6Config4save0B8_
FNDA:0,_RNCNvMs_NtCsb5UYoqwN7Yp_4sshm6configNtB6_6Config4saves0_0B8_
FNDA:0,_RNCNvMs_NtCsb5UYoqwN7Yp_4sshm6configNtB6_6Config4saves_0B8_
FNDA:0,_RNCNvNtCsb5UYoqwN7Yp_4sshm6config22import_from_ssh_config0B5_
FNDA:0,_RNCNvNtCsb5UYoqwN7Yp_4sshm6config22import_from_ssh_configs_0B5_
FNF:39
FNH:32
DA:20,12
DA:21,12
DA:22,12
DA:23,12
DA:24,12
DA:25,12
DA:26,12
DA:27,12
DA:28,12
DA:29,12
DA:30,12
DA:39,163
DA:40,163
DA:41,163
DA:43,6
DA:44,6
DA:45,6
DA:46,6
DA:47,6
DA:48,4
DA:49,2
DA:51,0
DA:53,0
DA:54,2
DA:55,6
DA:57,24
DA:58,24
DA:59,24
DA:60,24
DA:61,0
DA:62,24
DA:63,24
DA:64,24
DA:65,24
DA:67,30
DA:68,30
DA:69,30
DA:70,30
DA:72,446
DA:73,446
DA:74,446
DA:76,18
DA:77,46
DA:78,18
DA:80,6
DA:81,6
DA:82,4
DA:83,4
DA:84,6
DA:96,0
DA:97,0
DA:98,0
DA:99,0
DA:102,0
DA:103,0
DA:104,0
DA:105,0
DA:106,0
DA:107,0
DA:109,0
DA:110,0
DA:111,0
DA:112,0
DA:113,0
DA:115,0
DA:116,0
DA:117,0
DA:118,0
DA:120,0
DA:121,0
DA:122,0
DA:123,0
DA:124,0
DA:125,0
DA:126,0
DA:127,0
DA:128,0
DA:129,0
DA:130,0
DA:131,0
DA:133,0
DA:134,0
DA:135,0
DA:136,0
DA:137,0
DA:141,0
DA:142,0
DA:143,0
DA:144,0
DA:145,0
DA:146,0
DA:147,0
DA:148,0
DA:149,0
DA:151,0
DA:152,0
DA:154,0
DA:155,0
DA:156,0
DA:157,0
DA:159,0
DA:160,0
DA:162,0
DA:163,0
DA:165,0
DA:166,0
DA:167,0
DA:168,0
DA:169,0
DA:170,0
DA:171,0
DA:172,0
DA:173,0
DA:174,0
DA:175,0
DA:176,0
DA:179,0
DA:180,0
DA:187,2
DA:188,2
DA:189,2
DA:190,2
DA:191,2
DA:193,2
DA:194,2
DA:195,2
DA:196,2
DA:197,2
DA:198,2
DA:199,2
DA:202,2
DA:203,2
DA:204,2
DA:205,2
DA:206,2
DA:207,2
DA:208,2
DA:209,2
DA:210,2
DA:211,2
DA:212,2
DA:213,2
DA:214,2
DA:215,2
DA:216,2
DA:217,2
DA:218,2
DA:219,2
DA:222,2
DA:223,2
DA:224,2
DA:225,2
DA:228,2
DA:229,2
DA:230,2
DA:231,2
DA:232,2
DA:233,2
DA:234,2
DA:235,2
DA:236,2
DA:237,2
DA:238,2
DA:239,2
DA:240,2
DA:241,2
DA:242,2
DA:243,2
DA:244,2
DA:245,2
DA:246,2
DA:247,2
DA:248,2
DA:249,2
DA:252,2
DA:253,2
DA:254,2
DA:255,2
DA:256,2
DA:257,2
DA:259,2
DA:260,2
DA:261,2
DA:264,2
DA:265,2
DA:266,2
DA:267,2
DA:268,2
DA:269,2
DA:270,2
DA:271,2
DA:272,2
DA:273,2
DA:274,2
DA:275,2
DA:277,2
DA:278,2
DA:279,2
DA:282,2
DA:283,2
DA:284,2
DA:285,2
DA:286,2
DA:287,2
DA:288,2
DA:289,2
DA:290,2
DA:291,2
DA:292,2
DA:294,2
DA:295,2
DA:296,2
DA:299,2
DA:300,2
DA:301,2
DA:302,2
DA:303,2
DA:304,2
DA:305,2
DA:306,2
DA:307,2
DA:308,2
DA:309,2
DA:311,2
DA:312,2
DA:313,2
DA:314,2
DA:315,2
DA:316,2
DA:317,2
DA:318,2
DA:319,2
DA:321,2
DA:322,2
DA:323,2
DA:324,2
DA:327,2
DA:328,2
DA:329,2
DA:330,2
DA:331,2
DA:332,2
DA:333,2
DA:334,2
DA:335,2
DA:336,2
DA:337,2
DA:339,2
DA:340,2
DA:341,2
DA:342,2
DA:343,2
DA:344,2
DA:345,2
DA:346,2
DA:347,2
DA:349,2
DA:350,2
DA:351,2
DA:354,2
DA:355,2
DA:357,2
DA:359,2
DA:360,2
DA:363,2
DA:364,2
DA:366,2
DA:368,2
DA:369,2
DA:372,2
DA:373,2
DA:374,2
DA:375,2
DA:376,2
DA:377,2
DA:378,2
DA:379,2
DA:380,2
DA:381,2
DA:382,2
DA:383,2
DA:384,2
DA:385,2
DA:386,2
DA:387,2
DA:388,2
DA:389,2
DA:390,2
DA:391,2
DA:392,2
DA:393,2
DA:394,2
DA:395,2
DA:396,2
DA:397,2
DA:398,2
DA:399,2
DA:400,2
DA:403,2
DA:404,2
DA:405,2
DA:406,6
DA:407,2
DA:408,2
DA:409,2
DA:410,2
DA:412,2
DA:413,2
DA:416,2
DA:417,2
DA:419,2
DA:421,2
DA:422,2
DA:423,2
DA:426,2
DA:427,2
DA:429,2
DA:431,2
DA:432,2
DA:433,2
DA:434,2
DA:435,2
DA:438,2
DA:439,2
DA:441,2
DA:443,2
DA:444,2
DA:447,2
DA:448,2
DA:449,2
DA:450,2
DA:451,2
DA:452,2
DA:453,2
DA:454,2
DA:455,2
DA:456,2
DA:457,2
DA:458,2
DA:459,2
DA:460,2
DA:461,2
DA:462,2
DA:463,2
DA:464,2
DA:465,2
DA:466,2
DA:468,2
DA:470,2
DA:471,2
DA:474,2
DA:475,2
DA:476,2
DA:477,2
DA:478,2
DA:479,2
DA:480,2
DA:481,2
DA:483,2
DA:485,2
DA:486,2
DA:489,2
DA:490,2
DA:492,2
DA:494,2
DA:495,2
DA:498,2
DA:499,2
DA:501,2
DA:503,2
DA:504,2
DA:507,2
DA:508,2
DA:510,2
DA:511,2
DA:514,2
DA:515,2
DA:516,2
DA:517,2
DA:518,2
DA:519,2
DA:520,2
DA:521,2
DA:522,2
DA:523,2
DA:525,2
DA:527,2
DA:528,2
BRF:0
BRH:0
LF:396
LH:319
end_of_record
SF:/home/rute/projgit/ssh-manager/sshm/src/main.rs
FN:16,_RNvCs42n7i89Q0HM_4sshm8run_main
FN:150,_RNCNvNtCs42n7i89Q0HM_4sshm5testss_19test_run_main_logic0B5_
FN:115,_RNCNvNtCs42n7i89Q0HM_4sshm5testss_27test_main_branch_port_is_220B5_
FN:100,_RNCNvNtCs42n7i89Q0HM_4sshm5testss_28test_main_branch_port_not_220B5_
FN:166,_RNCNvNtCs42n7i89Q0HM_4sshm5testss_29test_run_main_with_connection0B5_
FN:68,_RNCNvNtCs42n7i89Q0HM_4sshm5testss_37test_main_should_connect_true_no_conn0B5_
FN:59,_RNCNvNtCs42n7i89Q0HM_4sshm5testss_39test_main_should_connect_true_with_conn0B5_
FN:42,_RNCNvNtCs42n7i89Q0HM_4sshm5testss_41test_main_should_connect_false_returns_ok0B5_
FN:85,_RNCNvNtCs42n7i89Q0HM_4sshm5testss_45test_main_branch_should_connect_true_with_key0B5_
FN:149,_RNvNtCs42n7i89Q0HM_4sshm5testss_19test_run_main_logic
FN:174,_RNvNtCs42n7i89Q0HM_4sshm5testss_21test_main_entry_point
FN:104,_RNvNtCs42n7i89Q0HM_4sshm5testss_27test_main_branch_port_is_22
FN:119,_RNvNtCs42n7i89Q0HM_4sshm5testss_27test_main_branch_user_empty
FN:89,_RNvNtCs42n7i89Q0HM_4sshm5testss_28test_main_branch_port_not_22
FN:156,_RNvNtCs42n7i89Q0HM_4sshm5testss_29test_run_main_with_connection
FN:35,_RNvNtCs42n7i89Q0HM_4sshm5testss_31test_cleanup_and_exit_with_args
FN:134,_RNvNtCs42n7i89Q0HM_4sshm5testss_31test_main_branch_user_not_empty
FN:67,_RNvNtCs42n7i89Q0HM_4sshm5testss_37test_main_should_connect_true_no_conn
FN:181,_RNvNtCs42n7i89Q0HM_4sshm5testss_38test_run_main_calls_cleanup_on_connect
FN:48,_RNvNtCs42n7i89Q0HM_4sshm5testss_39test_main_should_connect_true_with_conn
FN:41,_RNvNtCs42n7i89Q0HM_4sshm5testss_41test_main_should_connect_false_returns_ok
FN:74,_RNvNtCs42n7i89Q0HM_4sshm5testss_45test_main_branch_should_connect_true_with_key
FN:12,_RNvCs42n7i89Q0HM_4sshm4main
FN:12,_RNvCsb5UYoqwN7Yp_4sshm4main
FN:16,_RNvCsb5UYoqwN7Yp_4sshm8run_main
FNDA:3,_RNvCs42n7i89Q0HM_4sshm8run_main
FNDA:1,_RNCNvNtCs42n7i89Q0HM_4sshm5testss_19test_run_main_logic0B5_
FNDA:1,_RNCNvNtCs42n7i89Q0HM_4sshm5testss_27test_main_branch_port_is_220B5_
FNDA:1,_RNCNvNtCs42n7i89Q0HM_4sshm5testss_28test_main_branch_port_not_220B5_
FNDA:1,_RNCNvNtCs42n7i89Q0HM_4sshm5testss_29test_run_main_with_connection0B5_
FNDA:1,_RNCNvNtCs42n7i89Q0HM_4sshm5testss_37test_main_should_connect_true_no_conn0B5_
FNDA:1,_RNCNvNtCs42n7i89Q0HM_4sshm5testss_39test_main_should_connect_true_with_conn0B5_
FNDA:1,_RNCNvNtCs42n7i89Q0HM_4sshm5testss_41test_main_should_connect_false_returns_ok0B5_
FNDA:1,_RNCNvNtCs42n7i89Q0HM_4sshm5testss_45test_main_branch_should_connect_true_with_key0B5_
FNDA:1,_RNvNtCs42n7i89Q0HM_4sshm5testss_19test_run_main_logic
FNDA:1,_RNvNtCs42n7i89Q0HM_4sshm5testss_21test_main_entry_point
FNDA:1,_RNvNtCs42n7i89Q0HM_4sshm5testss_27test_main_branch_port_is_22
FNDA:1,_RNvNtCs42n7i89Q0HM_4sshm5testss_27test_main_branch_user_empty
FNDA:1,_RNvNtCs42n7i89Q0HM_4sshm5testss_28test_main_branch_port_not_22
FNDA:1,_RNvNtCs42n7i89Q0HM_4sshm5testss_29test_run_main_with_connection
FNDA:1,_RNvNtCs42n7i89Q0HM_4sshm5testss_31test_cleanup_and_exit_with_args
FNDA:1,_RNvNtCs42n7i89Q0HM_4sshm5testss_31test_main_branch_user_not_empty
FNDA:1,_RNvNtCs42n7i89Q0HM_4sshm5testss_37test_main_should_connect_true_no_conn
FNDA:1,_RNvNtCs42n7i89Q0HM_4sshm5testss_38test_run_main_calls_cleanup_on_connect
FNDA:1,_RNvNtCs42n7i89Q0HM_4sshm5testss_39test_main_should_connect_true_with_conn
FNDA:1,_RNvNtCs42n7i89Q0HM_4sshm5testss_41test_main_should_connect_false_returns_ok
FNDA:1,_RNvNtCs42n7i89Q0HM_4sshm5testss_45test_main_branch_should_connect_true_with_key
FNDA:0,_RNvCs42n7i89Q0HM_4sshm4main
FNDA:0,_RNvCsb5UYoqwN7Yp_4sshm4main
FNDA:0,_RNvCsb5UYoqwN7Yp_4sshm8run_main
FNF:23
FNH:22
DA:12,0
DA:13,0
DA:14,0
DA:16,3
DA:17,3
DA:19,3
DA:20,1
DA:21,0
DA:22,0
DA:23,1
DA:24,2
DA:26,3
DA:27,3
DA:35,1
DA:36,1
DA:37,1
DA:38,1
DA:41,1
DA:42,1
DA:43,1
DA:44,1
DA:45,1
DA:48,1
DA:49,1
DA:50,1
DA:51,1
DA:52,1
DA:53,1
DA:54,1
DA:55,1
DA:56,1
DA:57,1
DA:58,1
DA:59,1
DA:61,1
DA:62,1
DA:63,1
DA:64,1
DA:67,1
DA:68,1
DA:69,1
DA:70,1
DA:71,1
DA:74,1
DA:75,1
DA:76,1
DA:77,1
DA:78,1
DA:79,1
DA:80,1
DA:81,1
DA:82,1
DA:83,1
DA:84,1
DA:85,1
DA:86,1
DA:89,1
DA:90,1
DA:91,1
DA:92,1
DA:93,1
DA:94,1
DA:95,1
DA:96,1
DA:97,1
DA:98,1
DA:99,1
DA:100,1
DA:101,1
DA:104,1
DA:105,1
DA:106,1
DA:107,1
DA:108,1
DA:109,1
DA:110,1
DA:111,1
DA:112,1
DA:113,1
DA:114,1
DA:115,1
DA:116,1
DA:119,1
DA:120,1
DA:121,1
DA:122,1
DA:123,1
DA:124,1
DA:125,1
DA:126,1
DA:127,1
DA:128,1
DA:129,1
DA:130,1
DA:131,1
DA:134,1
DA:135,1
DA:136,1
DA:137,1
DA:138,1
DA:139,1
DA:140,1
DA:141,1
DA:142,1
DA:143,1
DA:144,1
DA:145,1
DA:146,1
DA:149,1
DA:150,1
DA:151,1
DA:152,1
DA:153,1
DA:156,1
DA:157,1
DA:158,1
DA:159,1
DA:160,1
DA:161,1
DA:162,1
DA:163,1
DA:164,1
DA:165,1
DA:166,1
DA:168,1
DA:169,1
DA:170,1
DA:171,1
DA:174,1
DA:177,1
DA:178,1
DA:181,1
DA:184,1
DA:185,1
DA:186,1
DA:187,1
DA:188,1
DA:189,1
DA:190,1
DA:191,1
DA:192,1
DA:195,1
DA:196,1
DA:197,1
BRF:0
BRH:0
LF:151
LH:146
end_of_record
SF:/home/rute/projgit/ssh-manager/sshm/src/runtime.rs
FN:10,_RNvNtCs42n7i89Q0HM_4sshm7runtime16cleanup_and_exit
FN:27,_RNvNtCs42n7i89Q0HM_4sshm7runtime13run_app_inner
FN:32,_RNvXNvNtCs42n7i89Q0HM_4sshm7runtime13run_app_innerNtB2_12RatatuiGuardNtNtNtCs4kUJL3MZFFz_4core3ops4drop4Drop4drop
FN:27,_RNvNtCsb5UYoqwN7Yp_4sshm7runtime13run_app_inner
FN:10,_RNvNtCsb5UYoqwN7Yp_4sshm7runtime16cleanup_and_exit
FN:32,_RNvXNvNtCsb5UYoqwN7Yp_4sshm7runtime13run_app_innerNtB2_12RatatuiGuardNtNtNtCs4kUJL3MZFFz_4core3ops4drop4Drop4drop
FNDA:0,_RNvNtCs42n7i89Q0HM_4sshm7runtime16cleanup_and_exit
FNDA:0,_RNvNtCs42n7i89Q0HM_4sshm7runtime13run_app_inner
FNDA:0,_RNvXNvNtCs42n7i89Q0HM_4sshm7runtime13run_app_innerNtB2_12RatatuiGuardNtNtNtCs4kUJL3MZFFz_4core3ops4drop4Drop4drop
FNDA:0,_RNvNtCsb5UYoqwN7Yp_4sshm7runtime13run_app_inner
FNDA:0,_RNvNtCsb5UYoqwN7Yp_4sshm7runtime16cleanup_and_exit
FNDA:0,_RNvXNvNtCsb5UYoqwN7Yp_4sshm7runtime13run_app_innerNtB2_12RatatuiGuardNtNtNtCs4kUJL3MZFFz_4core3ops4drop4Drop4drop
FNF:3
FNH:0
DA:10,0
DA:11,0
DA:14,0
DA:15,0
DA:16,0
DA:17,0
DA:18,0
DA:19,0
DA:20,0
DA:21,0
DA:23,0
DA:24,0
DA:27,0
DA:28,0
DA:32,0
DA:33,0
DA:34,0
DA:37,0
DA:39,0
DA:40,0
DA:42,0
DA:43,0
DA:45,0
DA:46,0
BRF:0
BRH:0
LF:24
LH:0
end_of_record
SF:/home/rute/projgit/ssh-manager/sshm/src/ssh.rs
FN:29,_RNCNvNtCs6VWHXxI2gH3_4sshm3ssh11execute_ssh0B5_
FN:27,_RNvNtCs6VWHXxI2gH3_4sshm3ssh11execute_ssh
FN:4,_RNvNtCs6VWHXxI2gH3_4sshm3ssh14build_ssh_args
FN:29,_RNCNvNtCs42n7i89Q0HM_4sshm3ssh11execute_ssh0B5_
FN:27,_RNvNtCs42n7i89Q0HM_4sshm3ssh11execute_ssh
FN:4,_RNvNtCs42n7i89Q0HM_4sshm3ssh14build_ssh_args
FN:29,_RNCNvNtCsbpfP617pxG2_4sshm3ssh11execute_ssh0B5_
FN:27,_RNvNtCsbpfP617pxG2_4sshm3ssh11execute_ssh
FN:4,_RNvNtCsbpfP617pxG2_4sshm3ssh14build_ssh_args
FN:27,_RNvNtCsb5UYoqwN7Yp_4sshm3ssh11execute_ssh
FN:4,_RNvNtCsb5UYoqwN7Yp_4sshm3ssh14build_ssh_args
FN:29,_RNCNvNtCsb5UYoqwN7Yp_4sshm3ssh11execute_ssh0B5_
FNDA:1,_RNCNvNtCs6VWHXxI2gH3_4sshm3ssh11execute_ssh0B5_
FNDA:1,_RNvNtCs6VWHXxI2gH3_4sshm3ssh11execute_ssh
FNDA:22,_RNvNtCs6VWHXxI2gH3_4sshm3ssh14build_ssh_args
FNDA:0,_RNCNvNtCs42n7i89Q0HM_4sshm3ssh11execute_ssh0B5_
FNDA:0,_RNvNtCs42n7i89Q0HM_4sshm3ssh11execute_ssh
FNDA:6,_RNvNtCs42n7i89Q0HM_4sshm3ssh14build_ssh_args
FNDA:0,_RNCNvNtCsbpfP617pxG2_4sshm3ssh11execute_ssh0B5_
FNDA:0,_RNvNtCsbpfP617pxG2_4sshm3ssh11execute_ssh
FNDA:0,_RNvNtCsbpfP617pxG2_4sshm3ssh14build_ssh_args
FNDA:0,_RNvNtCsb5UYoqwN7Yp_4sshm3ssh11execute_ssh
FNDA:0,_RNvNtCsb5UYoqwN7Yp_4sshm3ssh14build_ssh_args
FNDA:0,_RNCNvNtCsb5UYoqwN7Yp_4sshm3ssh11execute_ssh0B5_
FNF:3
FNH:3
DA:4,28
DA:5,28
DA:7,28
DA:8,7
DA:9,7
DA:10,21
DA:12,28
DA:13,8
DA:14,8
DA:15,20
DA:17,28
DA:18,4
DA:20,24
DA:22,28
DA:24,28
DA:25,28
DA:27,1
DA:28,1
DA:29,1
DA:30,1
BRF:0
BRH:0
LF:21
LH:21
end_of_record